20:49:53.615 [main                     ] DEBUG Logger               - Configured Logger
20:49:53.619 [main                     ] DEBUG GameApplication      - Logging settings
Title: Cloud Hopper
Version: 0.1
Width: 1000
Height: 800
Fullscreen: false
Intro: false
Profiling: false
Single step:false
App Mode: DEVELOPER
Menu Key: ESCAPE
Stage Style: DECORATED
Scene Factory: class com.almasb.fxgl.app.scene.SceneFactory

20:49:54.196 [JavaFX Application Thread] DEBUG FXGLApplication      - Initializing FXGL
20:49:54.199 [JavaFX Application Thread] INFO  Engine               - FXGL-11.16 (25.05.2021 08.16) on WINDOWS (J:16 FX:16)
20:49:54.200 [JavaFX Application Thread] DEBUG Engine               - JRE Vendor Name: Oracle Corporation
20:49:54.200 [JavaFX Application Thread] DEBUG Engine               - Running on OS: Windows 10 version 10.0
20:49:54.200 [JavaFX Application Thread] DEBUG Engine               - Architecture: amd64
20:49:54.201 [JavaFX Application Thread] INFO  Engine               - Source code and latest versions at: https://github.com/AlmasB/FXGL
20:49:54.201 [JavaFX Application Thread] INFO  Engine               -              Join the FXGL chat at: https://gitter.im/AlmasB/FXGL
20:49:54.363 [JavaFX Application Thread] DEBUG PrimaryStageWindow   - Creating a JavaFX scene
20:49:54.435 [JavaFX Application Thread] DEBUG PrimaryStageWindow   - Target settings size: 1000.0 x 800.0
20:49:54.435 [JavaFX Application Thread] DEBUG PrimaryStageWindow   - Scaled scene size:    1000.0 x 800.0
20:49:54.436 [JavaFX Application Thread] DEBUG PrimaryStageWindow   - Scaled ratio: (1.0, 1.0)
20:49:54.437 [JavaFX Application Thread] DEBUG PrimaryStageWindow   - Set initial scene to FXGLStartupScene
20:49:54.446 [JavaFX Application Thread] DEBUG PrimaryStageWindow   - Opening main window
20:49:54.550 [JavaFX Application Thread] DEBUG PrimaryStageWindow   - Window border size: (16.0, 39.0)
20:49:54.550 [JavaFX Application Thread] DEBUG PrimaryStageWindow   - Scaled size: 1000.0 x 800.0
20:49:54.550 [JavaFX Application Thread] DEBUG PrimaryStageWindow   - Scaled ratio: (1.0, 1.0)
20:49:54.551 [JavaFX Application Thread] DEBUG PrimaryStageWindow   - Scene size: 1000.0 x 800.0
20:49:54.551 [JavaFX Application Thread] DEBUG PrimaryStageWindow   - Stage size: 1016.0 x 839.0
20:49:54.559 [FXGL Background Thread 1 ] DEBUG Engine               - Initializing environment variables
20:49:54.609 [FXGL Background Thread 1 ] DEBUG FXGLAssetLoaderServi - User app class for loading assets: class com.cloudHopper.PlatformerApp
20:49:54.610 [FXGL Background Thread 1 ] DEBUG GameApplicationServi - Applying CSS: fxgl_dark.css
20:49:54.611 [FXGL Background Thread 1 ] DEBUG FXGLAssetLoaderServi - Loading from file system: jar:file:/C:/Users/russl/.m2/repository/com/github/almasb/fxgl/11.16/fxgl-11.16.jar!/fxglassets/ui/css/fxgl_dark.css
20:49:54.671 [FXGL Background Thread 1 ] DEBUG GameApplicationServi - Initializing application scenes
20:49:54.725 [FXGL Background Thread 1 ] DEBUG GameWorld            - Game world initialized
20:49:54.806 [FXGL Background Thread 1 ] DEBUG PhysicsWorld         - Physics world initialized: appHeight=800, physics.ppm=50.0
20:49:54.807 [FXGL Background Thread 1 ] DEBUG PhysicsWorld         - Using strategy: BRUTE_FORCE
20:49:54.810 [FXGL Background Thread 1 ] DEBUG GameScene            - Game scene initialized: 1000x800
20:49:54.826 [FXGL Background Thread 1 ] DEBUG FXGL.DefaultMenu     - createMenuBodyGameMenu()
20:49:54.851 [FXGL Background Thread 1 ] DEBUG FXGL.DefaultMenu     - createOptionsMenu()
20:49:54.865 [FXGL Background Thread 1 ] DEBUG FXGLAssetLoaderServi - Loading from file system: jar:file:/C:/Users/russl/.m2/repository/com/github/almasb/fxgl/11.16/fxgl-11.16.jar!/fxglassets/textures/particles/smoke.png
20:49:54.988 [FXGL Background Thread 1 ] DEBUG FXGLAssetLoaderServi - Loading from file system: jar:file:/C:/Users/russl/.m2/repository/com/github/almasb/fxgl/11.16/fxgl-11.16.jar!/fxglassets/textures/particles/trace_horizontal.png
20:49:55.023 [FXGL Background Thread 1 ] DEBUG GameApplicationServi - Application scenes initialized
20:49:55.034 [FXGL Background Thread 1 ] DEBUG SystemBundleService  - Loading FXGL system data
20:49:55.038 [FXGL Background Thread 1 ] DEBUG FileSystemAccess     - Reading from: C:\Users\russl\IdeaProjects\cloudHopper\system\fxgl.bundle
20:49:55.044 [FXGL Background Thread 1 ] DEBUG SystemBundleService  - Bundle FXGL: {}
20:49:55.044 [FXGL Background Thread 1 ] DEBUG UpdaterService       - Checking for updates
20:49:55.049 [FXGL Background Thread 4 ] DEBUG FXGLApplication      - Loading fonts
20:49:55.050 [FXGL Background Thread 1 ] DEBUG FXGLApplication      - Loading default localization
20:49:55.050 [FXGL Background Thread 4 ] DEBUG FXGLAssetLoaderServi - Loading from file system: jar:file:/C:/Users/russl/.m2/repository/com/github/almasb/fxgl/11.16/fxgl-11.16.jar!/fxglassets/ui/fonts/VarelaRound-Regular.ttf
20:49:55.050 [FXGL Background Thread 1 ] DEBUG FXGLAssetLoaderServi - Loading from file system: jar:file:/C:/Users/russl/.m2/repository/com/github/almasb/fxgl/11.16/fxgl-11.16.jar!/fxglassets/languages/english.lang
20:49:55.073 [FXGL Background Thread 1 ] INFO  FXGLApplication      - FXGL initialization took: 0.513 sec
20:49:55.084 [JavaFX Application Thread] DEBUG Input                - Registered new binding: action0 - A
20:49:55.085 [JavaFX Application Thread] DEBUG Input                - Registered new binding: action1 - D
20:49:55.086 [JavaFX Application Thread] DEBUG Input                - Registered new binding: action2 - Space
20:49:55.086 [JavaFX Application Thread] DEBUG Input                - Registered new binding: action3 - W
20:49:55.087 [JavaFX Application Thread] DEBUG FXGLAssetLoaderServi - Loading from file system: jar:file:/C:/Users/russl/.m2/repository/com/github/almasb/fxgl/11.16/fxgl-11.16.jar!/fxglassets/textures/fxgl_icon.png
20:49:55.098 [FXGL Background Thread 4 ] DEBUG FXGLAssetLoaderServi - Loading from file system: jar:file:/C:/Users/russl/.m2/repository/com/github/almasb/fxgl/11.16/fxgl-11.16.jar!/fxglassets/ui/fonts/Abel-Regular.ttf
20:49:55.103 [FXGL Background Thread 4 ] DEBUG FXGLAssetLoaderServi - Loading from file system: jar:file:/C:/Users/russl/.m2/repository/com/github/almasb/fxgl/11.16/fxgl-11.16.jar!/fxglassets/ui/fonts/lucida_console.ttf
20:49:55.109 [FXGL Background Thread 4 ] DEBUG FXGLAssetLoaderServi - Loading from file system: jar:file:/C:/Users/russl/.m2/repository/com/github/almasb/fxgl/11.16/fxgl-11.16.jar!/fxglassets/ui/fonts/Courier-Prime.ttf
20:49:55.121 [JavaFX Application Thread] DEBUG FXGLAssetLoaderServi - Loading from file system: jar:file:/C:/Users/russl/.m2/repository/com/github/almasb/fxgl/11.16/fxgl-11.16.jar!/fxglassets/textures/fxgl_default_cursor.png
20:49:55.124 [JavaFX Application Thread] DEBUG Input                - Registered new binding: Screenshot - CTRL+8
20:49:55.124 [JavaFX Application Thread] DEBUG Input                - Registered new binding: System info dump - CTRL+9
20:49:55.125 [JavaFX Application Thread] DEBUG Input                - Registered new binding: Restart - CTRL+R
20:49:55.126 [JavaFX Application Thread] DEBUG Input                - Registered new binding: Toggle Debug Camera - CTRL+C
20:49:55.128 [JavaFX Application Thread] DEBUG LoopRunner           - Starting loop
20:49:55.129 [JavaFX Application Thread] DEBUG LoopRunner           - Initializing JavaFX AnimationTimerLoop
20:49:55.131 [JavaFX Application Thread] DEBUG GameApplicationServi - Starting new game
20:49:55.131 [JavaFX Application Thread] DEBUG Input                - Clearing active input actions
20:49:55.144 [JavaFX Application Thread] DEBUG GameApplicationServi - Removing overlay from FXGLStartupScene and adding to FXGLLoadingScene
20:49:55.145 [JavaFX Application Thread] DEBUG PrimaryStageWindow   - FXGLStartupScene -> FXGLLoadingScene
20:49:55.145 [JavaFX Application Thread] DEBUG GameApplicationServi - Clearing previous game
20:49:55.145 [JavaFX Application Thread] DEBUG GameScene            - Clearing game scene
20:49:55.145 [JavaFX Application Thread] DEBUG GameWorld            - Clearing game world
20:49:55.146 [JavaFX Application Thread] DEBUG PhysicsWorld         - Clearing physics world
20:49:55.147 [JavaFX Application Thread] DEBUG FXGLApplication      - Registering font factories with UI factory
20:49:55.147 [FXGL Background Thread 4 ] DEBUG FXGLApplication      - Initializing game
20:49:55.198 [FXGL Background Thread 4 ] WARN  TMXLevelLoader       - TiledMap generated from 1.7.1. Supported version: 1.2.3. Some features may not be parsed fully.
20:49:55.244 [FXGL Background Thread 4 ] DEBUG TMXLevelLoader       - Parsed TiledMap: file:/C:/Users/russl/IdeaProjects/cloudHopper/target/classes/assets/levels/level1.tmx
20:49:55.245 [FXGL Background Thread 4 ] DEBUG TMXLevelLoader       - Creating tile layer entities
20:49:55.246 [FXGL Background Thread 4 ] DEBUG TilesetLoader        - Loading view for layer Tile Layer 1
20:49:55.294 [FXGL Background Thread 4 ] DEBUG TilesetLoader        - Created buffer with size 20480.0x1280.0
20:49:55.393 [FXGL Background Thread 4 ] DEBUG TMXLevelLoader       - Creating object layer entities
20:49:55.429 [FXGL Background Thread 4 ] DEBUG FXGLAssetLoaderServi - Loading from file system: file:/C:/Users/russl/IdeaProjects/cloudHopper/target/classes/assets/textures/crate.png
20:49:55.446 [FXGL Background Thread 4 ] DEBUG FXGLAssetLoaderServi - Loading from file system: file:/C:/Users/russl/IdeaProjects/cloudHopper/target/classes/assets/textures/StoneBlock.png
20:49:55.454 [FXGL Background Thread 4 ] DEBUG FXGLAssetLoaderServi - Loading from file system: file:/C:/Users/russl/IdeaProjects/cloudHopper/target/classes/assets/textures/characters_packed.png
20:49:55.487 [FXGL Background Thread 4 ] DEBUG FXGLAssetLoaderServi - Loading from file system: file:/C:/Users/russl/IdeaProjects/cloudHopper/target/classes/assets/textures/keyAnimation.png
20:49:55.513 [FXGL Background Thread 4 ] DEBUG FXGLAssetLoaderServi - Loading from file system: file:/C:/Users/russl/IdeaProjects/cloudHopper/target/classes/assets/textures/starAnimation.png
20:49:55.517 [FXGL Background Thread 4 ] DEBUG GameWorld            - Clearing removable entities
20:49:55.518 [FXGL Background Thread 4 ] DEBUG GameWorld            - Setting level: com.almasb.fxgl.entity.level.Level@309ac1d6
20:49:55.541 [FXGL Background Thread 4 ] DEBUG FXGLAssetLoaderServi - Loading from file system: file:/C:/Users/russl/IdeaProjects/cloudHopper/target/classes/assets/textures/single.png
20:49:55.544 [FXGL Background Thread 4 ] DEBUG FXGLAssetLoaderServi - Loading from file system: file:/C:/Users/russl/IdeaProjects/cloudHopper/target/classes/assets/textures/singlePushing.png
20:49:55.547 [FXGL Background Thread 4 ] DEBUG FXGLAssetLoaderServi - Loading from file system: file:/C:/Users/russl/IdeaProjects/cloudHopper/target/classes/assets/textures/z-2.png
20:49:55.584 [FXGL Background Thread 4 ] WARN  GameWorld            - Entity is already attached to world
20:49:55.585 [FXGL Background Thread 4 ] DEBUG FXGLAssetLoaderServi - Loading from file system: file:/C:/Users/russl/IdeaProjects/cloudHopper/target/classes/assets/textures/z-1.png
20:49:55.607 [FXGL Background Thread 2 ] INFO  UpdaterService       - Your current version:  11.16
20:49:55.607 [FXGL Background Thread 2 ] INFO  UpdaterService       - Latest stable version: 11.17
20:49:55.620 [FXGL Background Thread 4 ] WARN  GameWorld            - Entity is already attached to world
20:49:55.628 [FXGL Background Thread 4 ] DEBUG FXGLAssetLoaderServi - Loading from file system: file:/C:/Users/russl/IdeaProjects/cloudHopper/target/classes/assets/textures/hearts.png
20:49:55.629 [FXGL Background Thread 4 ] INFO  FXGLApplication      - Game initialization took: 0.482 sec
20:49:55.641 [JavaFX Application Thread] DEBUG Input                - Clearing active input actions
20:49:55.658 [JavaFX Application Thread] DEBUG GameApplicationServi - Removing overlay from FXGLLoadingScene and adding to GameScene
20:49:55.658 [JavaFX Application Thread] DEBUG PrimaryStageWindow   - FXGLLoadingScene -> GameScene
20:49:57.771 [JavaFX Application Thread] DEBUG FXGLApplication      - Exiting FXGL
20:49:57.772 [JavaFX Application Thread] DEBUG LoopRunner           - Stopping loop
20:49:57.772 [JavaFX Application Thread] DEBUG SystemBundleService  - Saving FXGL system data
20:49:57.774 [JavaFX Application Thread] DEBUG FileSystemAccess     - Writing to: C:\Users\russl\IdeaProjects\cloudHopper\system\fxgl.bundle
20:49:57.775 [JavaFX Application Thread] DEBUG Async                - Shutting down background threads
20:49:57.775 [JavaFX Application Thread] DEBUG PrimaryStageWindow   - Closing main window
20:49:57.785 [JavaFX Application Thread] DEBUG Logger               - Closing Logger
