13:20:28.814 [main                     ] DEBUG Logger               - Configured Logger
13:20:28.819 [main                     ] DEBUG GameApplication      - Logging settings
Title: Cloud Hopper
Version: 0.1
Width: 1000
Height: 800
Fullscreen: false
Intro: false
Profiling: false
Single step:false
App Mode: DEVELOPER
Menu Key: ESCAPE
Stage Style: DECORATED
Scene Factory: class com.almasb.fxgl.app.scene.SceneFactory

13:20:29.379 [JavaFX Application Thread] DEBUG FXGLApplication      - Initializing FXGL
13:20:29.382 [JavaFX Application Thread] INFO  Engine               - FXGL-11.16 (25.05.2021 08.16) on WINDOWS (J:16 FX:16)
13:20:29.382 [JavaFX Application Thread] DEBUG Engine               - JRE Vendor Name: Oracle Corporation
13:20:29.383 [JavaFX Application Thread] DEBUG Engine               - Running on OS: Windows 10 version 10.0
13:20:29.383 [JavaFX Application Thread] DEBUG Engine               - Architecture: amd64
13:20:29.383 [JavaFX Application Thread] INFO  Engine               - Source code and latest versions at: https://github.com/AlmasB/FXGL
13:20:29.384 [JavaFX Application Thread] INFO  Engine               -              Join the FXGL chat at: https://gitter.im/AlmasB/FXGL
13:20:29.541 [JavaFX Application Thread] DEBUG PrimaryStageWindow   - Creating a JavaFX scene
13:20:29.606 [JavaFX Application Thread] DEBUG PrimaryStageWindow   - Target settings size: 1000.0 x 800.0
13:20:29.606 [JavaFX Application Thread] DEBUG PrimaryStageWindow   - Scaled scene size:    1000.0 x 800.0
13:20:29.606 [JavaFX Application Thread] DEBUG PrimaryStageWindow   - Scaled ratio: (1.0, 1.0)
13:20:29.608 [JavaFX Application Thread] DEBUG PrimaryStageWindow   - Set initial scene to FXGLStartupScene
13:20:29.619 [JavaFX Application Thread] DEBUG PrimaryStageWindow   - Opening main window
13:20:29.727 [JavaFX Application Thread] DEBUG PrimaryStageWindow   - Window border size: (16.0, 39.0)
13:20:29.727 [JavaFX Application Thread] DEBUG PrimaryStageWindow   - Scaled size: 1000.0 x 800.0
13:20:29.728 [JavaFX Application Thread] DEBUG PrimaryStageWindow   - Scaled ratio: (1.0, 1.0)
13:20:29.728 [JavaFX Application Thread] DEBUG PrimaryStageWindow   - Scene size: 1000.0 x 800.0
13:20:29.728 [JavaFX Application Thread] DEBUG PrimaryStageWindow   - Stage size: 1016.0 x 839.0
13:20:29.739 [FXGL Background Thread 1 ] DEBUG Engine               - Initializing environment variables
13:20:29.785 [FXGL Background Thread 1 ] DEBUG FXGLAssetLoaderServi - User app class for loading assets: class com.cloudHopper.PlatformerApp
13:20:29.785 [FXGL Background Thread 1 ] DEBUG GameApplicationServi - Applying CSS: fxgl_dark.css
13:20:29.786 [FXGL Background Thread 1 ] DEBUG FXGLAssetLoaderServi - Loading from file system: jar:file:/C:/Users/russl/.m2/repository/com/github/almasb/fxgl/11.16/fxgl-11.16.jar!/fxglassets/ui/css/fxgl_dark.css
13:20:29.843 [FXGL Background Thread 1 ] DEBUG GameApplicationServi - Initializing application scenes
13:20:29.887 [FXGL Background Thread 1 ] DEBUG GameWorld            - Game world initialized
13:20:29.956 [FXGL Background Thread 1 ] DEBUG PhysicsWorld         - Physics world initialized: appHeight=800, physics.ppm=50.0
13:20:29.957 [FXGL Background Thread 1 ] DEBUG PhysicsWorld         - Using strategy: BRUTE_FORCE
13:20:29.960 [FXGL Background Thread 1 ] DEBUG GameScene            - Game scene initialized: 1000x800
13:20:29.974 [FXGL Background Thread 1 ] DEBUG FXGL.DefaultMenu     - createMenuBodyGameMenu()
13:20:29.991 [FXGL Background Thread 1 ] DEBUG FXGL.DefaultMenu     - createOptionsMenu()
13:20:30.001 [FXGL Background Thread 1 ] DEBUG FXGLAssetLoaderServi - Loading from file system: jar:file:/C:/Users/russl/.m2/repository/com/github/almasb/fxgl/11.16/fxgl-11.16.jar!/fxglassets/textures/particles/smoke.png
13:20:30.119 [FXGL Background Thread 1 ] DEBUG FXGLAssetLoaderServi - Loading from file system: jar:file:/C:/Users/russl/.m2/repository/com/github/almasb/fxgl/11.16/fxgl-11.16.jar!/fxglassets/textures/particles/trace_horizontal.png
13:20:30.156 [FXGL Background Thread 1 ] DEBUG GameApplicationServi - Application scenes initialized
13:20:30.167 [FXGL Background Thread 1 ] DEBUG SystemBundleService  - Loading FXGL system data
13:20:30.171 [FXGL Background Thread 1 ] DEBUG FileSystemAccess     - Reading from: C:\Users\russl\IdeaProjects\cloudHopper\system\fxgl.bundle
13:20:30.177 [FXGL Background Thread 1 ] DEBUG SystemBundleService  - Bundle FXGL: {}
13:20:30.177 [FXGL Background Thread 1 ] DEBUG UpdaterService       - Checking for updates
13:20:30.181 [FXGL Background Thread 4 ] DEBUG FXGLApplication      - Loading fonts
13:20:30.182 [FXGL Background Thread 4 ] DEBUG FXGLAssetLoaderServi - Loading from file system: jar:file:/C:/Users/russl/.m2/repository/com/github/almasb/fxgl/11.16/fxgl-11.16.jar!/fxglassets/ui/fonts/VarelaRound-Regular.ttf
13:20:30.182 [FXGL Background Thread 1 ] DEBUG FXGLApplication      - Loading default localization
13:20:30.183 [FXGL Background Thread 1 ] DEBUG FXGLAssetLoaderServi - Loading from file system: jar:file:/C:/Users/russl/.m2/repository/com/github/almasb/fxgl/11.16/fxgl-11.16.jar!/fxglassets/languages/english.lang
13:20:30.208 [FXGL Background Thread 1 ] INFO  FXGLApplication      - FXGL initialization took: 0.469 sec
13:20:30.221 [JavaFX Application Thread] DEBUG Input                - Registered new binding: action0 - A
13:20:30.222 [JavaFX Application Thread] DEBUG Input                - Registered new binding: action1 - D
13:20:30.223 [JavaFX Application Thread] DEBUG Input                - Registered new binding: action2 - Space
13:20:30.224 [JavaFX Application Thread] DEBUG Input                - Registered new binding: action3 - W
13:20:30.224 [JavaFX Application Thread] DEBUG FXGLAssetLoaderServi - Loading from file system: jar:file:/C:/Users/russl/.m2/repository/com/github/almasb/fxgl/11.16/fxgl-11.16.jar!/fxglassets/textures/fxgl_icon.png
13:20:30.231 [FXGL Background Thread 4 ] DEBUG FXGLAssetLoaderServi - Loading from file system: jar:file:/C:/Users/russl/.m2/repository/com/github/almasb/fxgl/11.16/fxgl-11.16.jar!/fxglassets/ui/fonts/Abel-Regular.ttf
13:20:30.235 [FXGL Background Thread 4 ] DEBUG FXGLAssetLoaderServi - Loading from file system: jar:file:/C:/Users/russl/.m2/repository/com/github/almasb/fxgl/11.16/fxgl-11.16.jar!/fxglassets/ui/fonts/lucida_console.ttf
13:20:30.240 [FXGL Background Thread 4 ] DEBUG FXGLAssetLoaderServi - Loading from file system: jar:file:/C:/Users/russl/.m2/repository/com/github/almasb/fxgl/11.16/fxgl-11.16.jar!/fxglassets/ui/fonts/Courier-Prime.ttf
13:20:30.253 [JavaFX Application Thread] DEBUG FXGLAssetLoaderServi - Loading from file system: jar:file:/C:/Users/russl/.m2/repository/com/github/almasb/fxgl/11.16/fxgl-11.16.jar!/fxglassets/textures/fxgl_default_cursor.png
13:20:30.255 [JavaFX Application Thread] DEBUG Input                - Registered new binding: Screenshot - CTRL+8
13:20:30.256 [JavaFX Application Thread] DEBUG Input                - Registered new binding: System info dump - CTRL+9
13:20:30.257 [JavaFX Application Thread] DEBUG Input                - Registered new binding: Restart - CTRL+R
13:20:30.258 [JavaFX Application Thread] DEBUG Input                - Registered new binding: Toggle Debug Camera - CTRL+C
13:20:30.261 [JavaFX Application Thread] DEBUG LoopRunner           - Starting loop
13:20:30.261 [JavaFX Application Thread] DEBUG LoopRunner           - Initializing JavaFX AnimationTimerLoop
13:20:30.264 [JavaFX Application Thread] DEBUG GameApplicationServi - Starting new game
13:20:30.264 [JavaFX Application Thread] DEBUG Input                - Clearing active input actions
13:20:30.277 [JavaFX Application Thread] DEBUG GameApplicationServi - Removing overlay from FXGLStartupScene and adding to FXGLLoadingScene
13:20:30.277 [JavaFX Application Thread] DEBUG PrimaryStageWindow   - FXGLStartupScene -> FXGLLoadingScene
13:20:30.277 [JavaFX Application Thread] DEBUG GameApplicationServi - Clearing previous game
13:20:30.278 [JavaFX Application Thread] DEBUG GameScene            - Clearing game scene
13:20:30.278 [JavaFX Application Thread] DEBUG GameWorld            - Clearing game world
13:20:30.278 [JavaFX Application Thread] DEBUG PhysicsWorld         - Clearing physics world
13:20:30.280 [FXGL Background Thread 4 ] DEBUG FXGLApplication      - Initializing game
13:20:30.284 [JavaFX Application Thread] DEBUG FXGLApplication      - Registering font factories with UI factory
13:20:30.330 [FXGL Background Thread 4 ] WARN  TMXLevelLoader       - TiledMap generated from 1.7.1. Supported version: 1.2.3. Some features may not be parsed fully.
13:20:30.381 [FXGL Background Thread 4 ] DEBUG TMXLevelLoader       - Parsed TiledMap: file:/C:/Users/russl/IdeaProjects/cloudHopper/target/classes/assets/levels/level1.tmx
13:20:30.382 [FXGL Background Thread 4 ] DEBUG TMXLevelLoader       - Creating tile layer entities
13:20:30.383 [FXGL Background Thread 4 ] DEBUG TilesetLoader        - Loading view for layer Tile Layer 1
13:20:30.436 [FXGL Background Thread 4 ] DEBUG TilesetLoader        - Created buffer with size 20480.0x1280.0
13:20:30.543 [FXGL Background Thread 4 ] DEBUG TMXLevelLoader       - Creating object layer entities
13:20:30.569 [FXGL Background Thread 4 ] DEBUG FXGLAssetLoaderServi - Loading from file system: file:/C:/Users/russl/IdeaProjects/cloudHopper/target/classes/assets/textures/crate.png
13:20:30.587 [FXGL Background Thread 4 ] DEBUG FXGLAssetLoaderServi - Loading from file system: file:/C:/Users/russl/IdeaProjects/cloudHopper/target/classes/assets/textures/StoneBlock.png
13:20:30.596 [FXGL Background Thread 4 ] DEBUG FXGLAssetLoaderServi - Loading from file system: file:/C:/Users/russl/IdeaProjects/cloudHopper/target/classes/assets/textures/characters_packed.png
13:20:30.626 [FXGL Background Thread 4 ] DEBUG FXGLAssetLoaderServi - Loading from file system: file:/C:/Users/russl/IdeaProjects/cloudHopper/target/classes/assets/textures/keyAnimation.png
13:20:30.653 [FXGL Background Thread 4 ] DEBUG FXGLAssetLoaderServi - Loading from file system: file:/C:/Users/russl/IdeaProjects/cloudHopper/target/classes/assets/textures/starAnimation.png
13:20:30.665 [FXGL Background Thread 4 ] DEBUG GameWorld            - Clearing removable entities
13:20:30.666 [FXGL Background Thread 4 ] DEBUG GameWorld            - Setting level: com.almasb.fxgl.entity.level.Level@ca8a5e1
13:20:30.669 [FXGL Background Thread 2 ] INFO  UpdaterService       - Your current version:  11.16
13:20:30.669 [FXGL Background Thread 2 ] INFO  UpdaterService       - Latest stable version: 11.17
13:20:30.685 [FXGL Background Thread 4 ] DEBUG FXGLAssetLoaderServi - Loading from file system: file:/C:/Users/russl/IdeaProjects/cloudHopper/target/classes/assets/textures/single.png
13:20:30.687 [FXGL Background Thread 4 ] DEBUG FXGLAssetLoaderServi - Loading from file system: file:/C:/Users/russl/IdeaProjects/cloudHopper/target/classes/assets/textures/singlePushing.png
13:20:30.689 [FXGL Background Thread 4 ] DEBUG FXGLAssetLoaderServi - Loading from file system: file:/C:/Users/russl/IdeaProjects/cloudHopper/target/classes/assets/textures/z-2.png
13:20:30.715 [FXGL Background Thread 4 ] WARN  GameWorld            - Entity is already attached to world
13:20:30.716 [FXGL Background Thread 4 ] DEBUG FXGLAssetLoaderServi - Loading from file system: file:/C:/Users/russl/IdeaProjects/cloudHopper/target/classes/assets/textures/z-1.png
13:20:30.741 [FXGL Background Thread 4 ] WARN  GameWorld            - Entity is already attached to world
13:20:30.750 [FXGL Background Thread 4 ] DEBUG FXGLAssetLoaderServi - Loading from file system: file:/C:/Users/russl/IdeaProjects/cloudHopper/target/classes/assets/textures/hearts.png
13:20:30.755 [FXGL Background Thread 4 ] INFO  FXGLApplication      - Game initialization took: 0.475 sec
13:20:30.755 [JavaFX Application Thread] DEBUG Input                - Clearing active input actions
13:20:30.769 [JavaFX Application Thread] DEBUG GameApplicationServi - Removing overlay from FXGLLoadingScene and adding to GameScene
13:20:30.769 [JavaFX Application Thread] DEBUG PrimaryStageWindow   - FXGLLoadingScene -> GameScene
13:20:33.158 [JavaFX Application Thread] DEBUG FXGLAssetLoaderServi - Loading from file system: file:/C:/Users/russl/IdeaProjects/cloudHopper/target/classes/assets/textures/key.png
13:20:33.181 [FXGL Background Thread 3 ] DEBUG Engine               - Logging environment variables
13:20:33.181 [FXGL Background Thread 3 ] DEBUG Engine               - achievements: []
13:20:33.181 [FXGL Background Thread 3 ] DEBUG Engine               - actualHeight: 800.0
13:20:33.181 [FXGL Background Thread 3 ] DEBUG Engine               - actualHeightProperty: ReadOnlyDoubleProperty [value: 800.0]
13:20:33.182 [FXGL Background Thread 3 ] DEBUG Engine               - actualWidth: 1000.0
13:20:33.182 [FXGL Background Thread 3 ] DEBUG Engine               - actualWidthProperty: ReadOnlyDoubleProperty [value: 1000.0]
13:20:33.182 [FXGL Background Thread 3 ] DEBUG Engine               - appIcon: fxgl_icon.png
13:20:33.182 [FXGL Background Thread 3 ] DEBUG Engine               - applicationMode: DEVELOPER
13:20:33.182 [FXGL Background Thread 3 ] DEBUG Engine               - cSSList: [fxgl_dark.css]
13:20:33.182 [FXGL Background Thread 3 ] DEBUG Engine               - collisionDetectionStrategy: BRUTE_FORCE
13:20:33.182 [FXGL Background Thread 3 ] DEBUG Engine               - configClass: Optional.empty
13:20:33.183 [FXGL Background Thread 3 ] DEBUG Engine               - credits: []
13:20:33.183 [FXGL Background Thread 3 ] DEBUG Engine               - defaultCursor: CursorInfo(imageName=fxgl_default_cursor.png, hotspotX=7.0, hotspotY=6.0)
13:20:33.183 [FXGL Background Thread 3 ] DEBUG Engine               - devBBoxColorProperty: ObjectProperty [value: 0xff0000ff]
13:20:33.183 [FXGL Background Thread 3 ] DEBUG Engine               - devEnableDebugCameraProperty: BooleanProperty [value: false]
13:20:33.183 [FXGL Background Thread 3 ] DEBUG Engine               - devSensorColorProperty: ObjectProperty [value: 0xffff00ff]
13:20:33.183 [FXGL Background Thread 3 ] DEBUG Engine               - devShowBBoxProperty: BooleanProperty [value: false]
13:20:33.183 [FXGL Background Thread 3 ] DEBUG Engine               - devShowPositionProperty: BooleanProperty [value: false]
13:20:33.184 [FXGL Background Thread 3 ] DEBUG Engine               - enabledMenuItems: []
13:20:33.184 [FXGL Background Thread 3 ] DEBUG Engine               - engineServices: [class com.almasb.fxgl.app.services.FXGLAssetLoaderService, class com.almasb.fxgl.app.FXGLApplication$GameApplicationService, class com.almasb.fxgl.app.services.FXGLDialogService, class com.almasb.fxgl.app.services.IOTaskExecutorService, class com.almasb.fxgl.io.FileSystemService, class com.almasb.fxgl.localization.LocalizationService, class com.almasb.fxgl.app.services.SystemBundleService, class com.almasb.fxgl.profile.SaveLoadService, class com.almasb.fxgl.ui.FXGLUIFactoryServiceProvider, class com.almasb.fxgl.ui.FXGLDialogFactoryServiceProvider, class com.almasb.fxgl.audio.AudioPlayer, class com.almasb.fxgl.notification.impl.NotificationServiceProvider, class com.almasb.fxgl.achievement.AchievementService, class com.almasb.fxgl.cutscene.CutsceneService, class com.almasb.fxgl.minigames.MiniGameService, class com.almasb.fxgl.net.NetService, class com.almasb.fxgl.app.services.UpdaterService, class com.almasb.fxgl.dev.DevService]
13:20:33.184 [FXGL Background Thread 3 ] DEBUG Engine               - fontGame: Abel-Regular.ttf
13:20:33.184 [FXGL Background Thread 3 ] DEBUG Engine               - fontMono: lucida_console.ttf
13:20:33.184 [FXGL Background Thread 3 ] DEBUG Engine               - fontText: Courier-Prime.ttf
13:20:33.184 [FXGL Background Thread 3 ] DEBUG Engine               - fontUI: VarelaRound-Regular.ttf
13:20:33.184 [FXGL Background Thread 3 ] DEBUG Engine               - fullScreen: BooleanProperty [value: false]
13:20:33.184 [FXGL Background Thread 3 ] DEBUG Engine               - gameDifficulty: MEDIUM
13:20:33.185 [FXGL Background Thread 3 ] DEBUG Engine               - gameDifficultyProperty: ObjectProperty [value: MEDIUM]
13:20:33.185 [FXGL Background Thread 3 ] DEBUG Engine               - globalMusicVolume: 0.5
13:20:33.185 [FXGL Background Thread 3 ] DEBUG Engine               - globalMusicVolumeProperty: DoubleProperty [value: 0.5]
13:20:33.185 [FXGL Background Thread 3 ] DEBUG Engine               - globalSoundVolume: 0.5
13:20:33.185 [FXGL Background Thread 3 ] DEBUG Engine               - globalSoundVolumeProperty: DoubleProperty [value: 0.5]
13:20:33.185 [FXGL Background Thread 3 ] DEBUG Engine               - height: 800
13:20:33.185 [FXGL Background Thread 3 ] DEBUG Engine               - is3D: false
13:20:33.186 [FXGL Background Thread 3 ] DEBUG Engine               - isAndroid: false
13:20:33.186 [FXGL Background Thread 3 ] DEBUG Engine               - isBrowser: false
13:20:33.186 [FXGL Background Thread 3 ] DEBUG Engine               - isClickFeedbackEnabled: false
13:20:33.186 [FXGL Background Thread 3 ] DEBUG Engine               - isCloseConfirmation: false
13:20:33.186 [FXGL Background Thread 3 ] DEBUG Engine               - isDesktop: true
13:20:33.186 [FXGL Background Thread 3 ] DEBUG Engine               - isDeveloperMenuEnabled: false
13:20:33.186 [FXGL Background Thread 3 ] DEBUG Engine               - isEntityPreloadEnabled: true
13:20:33.186 [FXGL Background Thread 3 ] DEBUG Engine               - isExperimentalTiledLargeMap: false
13:20:33.187 [FXGL Background Thread 3 ] DEBUG Engine               - isFileSystemWriteAllowed: true
13:20:33.187 [FXGL Background Thread 3 ] DEBUG Engine               - isFullScreenAllowed: false
13:20:33.187 [FXGL Background Thread 3 ] DEBUG Engine               - isFullScreenFromStart: false
13:20:33.187 [FXGL Background Thread 3 ] DEBUG Engine               - isGameMenuEnabled: true
13:20:33.187 [FXGL Background Thread 3 ] DEBUG Engine               - isIOS: false
13:20:33.187 [FXGL Background Thread 3 ] DEBUG Engine               - isIntroEnabled: false
13:20:33.187 [FXGL Background Thread 3 ] DEBUG Engine               - isLinux: false
13:20:33.188 [FXGL Background Thread 3 ] DEBUG Engine               - isMac: false
13:20:33.188 [FXGL Background Thread 3 ] DEBUG Engine               - isMainMenuEnabled: false
13:20:33.188 [FXGL Background Thread 3 ] DEBUG Engine               - isManualResizeEnabled: false
13:20:33.188 [FXGL Background Thread 3 ] DEBUG Engine               - isMobile: false
13:20:33.188 [FXGL Background Thread 3 ] DEBUG Engine               - isNative: false
13:20:33.188 [FXGL Background Thread 3 ] DEBUG Engine               - isPreserveResizeRatio: false
13:20:33.188 [FXGL Background Thread 3 ] DEBUG Engine               - isProfilingEnabled: false
13:20:33.188 [FXGL Background Thread 3 ] DEBUG Engine               - isScaleAffectedOnResize: true
13:20:33.190 [FXGL Background Thread 3 ] DEBUG Engine               - isSingleStep: false
13:20:33.190 [FXGL Background Thread 3 ] DEBUG Engine               - isUserProfileEnabled: false
13:20:33.190 [FXGL Background Thread 3 ] DEBUG Engine               - isWindows: true
13:20:33.190 [FXGL Background Thread 3 ] DEBUG Engine               - language: ObjectProperty [value: ENGLISH]
13:20:33.190 [FXGL Background Thread 3 ] DEBUG Engine               - menuKey: ESCAPE
13:20:33.190 [FXGL Background Thread 3 ] DEBUG Engine               - mouseSensitivity: 0.2
13:20:33.190 [FXGL Background Thread 3 ] DEBUG Engine               - notificationViewClass: class com.almasb.fxgl.notification.view.XboxNotificationView
13:20:33.190 [FXGL Background Thread 3 ] DEBUG Engine               - pixelsPerMeter: 50.0
13:20:33.191 [FXGL Background Thread 3 ] DEBUG Engine               - platform: WINDOWS
13:20:33.191 [FXGL Background Thread 3 ] DEBUG Engine               - prefHeightProperty: ReadOnlyDoubleProperty [value: 800.0]
13:20:33.191 [FXGL Background Thread 3 ] DEBUG Engine               - prefWidthProperty: ReadOnlyDoubleProperty [value: 1000.0]
13:20:33.191 [FXGL Background Thread 3 ] DEBUG Engine               - profileDir: profiles/
13:20:33.191 [FXGL Background Thread 3 ] DEBUG Engine               - profileName: StringProperty [value: DEFAULT]
13:20:33.191 [FXGL Background Thread 3 ] DEBUG Engine               - randomSeed: -1
13:20:33.191 [FXGL Background Thread 3 ] DEBUG Engine               - runtimeInfo: RuntimeInfo(platform=WINDOWS, version=11.16, build=25.05.2021 08.16)
13:20:33.191 [FXGL Background Thread 3 ] DEBUG Engine               - saveFileExt: sav
13:20:33.191 [FXGL Background Thread 3 ] DEBUG Engine               - scaledHeightProp$fxgl: DoubleProperty [bound, value: 800.0]
13:20:33.191 [FXGL Background Thread 3 ] DEBUG Engine               - scaledWidthProp$fxgl: DoubleProperty [bound, value: 1000.0]
13:20:33.192 [FXGL Background Thread 3 ] DEBUG Engine               - sceneFactory: com.almasb.fxgl.app.scene.SceneFactory@69c69dfa
13:20:33.192 [FXGL Background Thread 3 ] DEBUG Engine               - secondsIn24h: 60
13:20:33.192 [FXGL Background Thread 3 ] DEBUG Engine               - soundMenuBack: menu/back.wav
13:20:33.192 [FXGL Background Thread 3 ] DEBUG Engine               - soundMenuPress: menu/press.wav
13:20:33.192 [FXGL Background Thread 3 ] DEBUG Engine               - soundMenuSelect: menu/select.wav
13:20:33.192 [FXGL Background Thread 3 ] DEBUG Engine               - soundNotification: core/notification.wav
13:20:33.192 [FXGL Background Thread 3 ] DEBUG Engine               - stageStyle: DECORATED
13:20:33.192 [FXGL Background Thread 3 ] DEBUG Engine               - supportedLanguages: [ENGLISH, FRENCH, GERMAN, HUNGARIAN, RUSSIAN]
13:20:33.192 [FXGL Background Thread 3 ] DEBUG Engine               - ticksPerSecond: -1
13:20:33.192 [FXGL Background Thread 3 ] DEBUG Engine               - title: Cloud Hopper
13:20:33.193 [FXGL Background Thread 3 ] DEBUG Engine               - urlGithub: https://github.com/AlmasB/FXGL
13:20:33.193 [FXGL Background Thread 3 ] DEBUG Engine               - urlLeaderboard: http://fxgl-top.herokuapp.com/
13:20:33.193 [FXGL Background Thread 3 ] DEBUG Engine               - urlPOM: https://raw.githubusercontent.com/AlmasB/FXGL/release/README.md
13:20:33.193 [FXGL Background Thread 3 ] DEBUG Engine               - userAppClass: class com.cloudHopper.PlatformerApp
13:20:33.193 [FXGL Background Thread 3 ] DEBUG Engine               - version: 0.1
13:20:33.193 [FXGL Background Thread 3 ] DEBUG Engine               - versionCheckDays: 7
13:20:33.193 [FXGL Background Thread 3 ] DEBUG Engine               - width: 1000
13:20:33.193 [FXGL Background Thread 3 ] DEBUG Engine               - Logging services
13:20:33.193 [FXGL Background Thread 3 ] DEBUG Engine               - class com.almasb.fxgl.app.services.FXGLAssetLoaderService
13:20:33.194 [FXGL Background Thread 3 ] DEBUG Engine               - class com.almasb.fxgl.app.FXGLApplication$GameApplicationService
13:20:33.194 [FXGL Background Thread 3 ] DEBUG Engine               - class com.almasb.fxgl.app.services.FXGLDialogService
13:20:33.194 [FXGL Background Thread 3 ] DEBUG Engine               - class com.almasb.fxgl.app.services.IOTaskExecutorService
13:20:33.194 [FXGL Background Thread 3 ] DEBUG Engine               - class com.almasb.fxgl.io.FileSystemService
13:20:33.194 [FXGL Background Thread 3 ] DEBUG Engine               - class com.almasb.fxgl.localization.LocalizationService
13:20:33.194 [FXGL Background Thread 3 ] DEBUG Engine               - class com.almasb.fxgl.app.services.SystemBundleService
13:20:33.194 [FXGL Background Thread 3 ] DEBUG Engine               - class com.almasb.fxgl.profile.SaveLoadService
13:20:33.194 [FXGL Background Thread 3 ] DEBUG Engine               - class com.almasb.fxgl.ui.FXGLUIFactoryServiceProvider
13:20:33.194 [FXGL Background Thread 3 ] DEBUG Engine               - class com.almasb.fxgl.ui.FXGLDialogFactoryServiceProvider
13:20:33.194 [FXGL Background Thread 3 ] DEBUG Engine               - class com.almasb.fxgl.audio.AudioPlayer
13:20:33.194 [FXGL Background Thread 3 ] DEBUG Engine               - class com.almasb.fxgl.notification.impl.NotificationServiceProvider
13:20:33.195 [FXGL Background Thread 3 ] DEBUG Engine               - class com.almasb.fxgl.achievement.AchievementService
13:20:33.195 [FXGL Background Thread 3 ] DEBUG Engine               - class com.almasb.fxgl.cutscene.CutsceneService
13:20:33.195 [FXGL Background Thread 3 ] DEBUG Engine               - class com.almasb.fxgl.minigames.MiniGameService
13:20:33.195 [FXGL Background Thread 3 ] DEBUG Engine               - class com.almasb.fxgl.net.NetService
13:20:33.195 [FXGL Background Thread 3 ] DEBUG Engine               - class com.almasb.fxgl.app.services.UpdaterService
13:20:33.195 [FXGL Background Thread 3 ] DEBUG Engine               - class com.almasb.fxgl.dev.DevService
13:20:35.102 [JavaFX Application Thread] DEBUG FXGLAssetLoaderServi - Loading from file system: file:/C:/Users/russl/IdeaProjects/cloudHopper/target/classes/assets/textures/star.png
13:20:38.622 [JavaFX Application Thread] DEBUG FXGLAssetLoaderServi - Loading from file system: file:/C:/Users/russl/IdeaProjects/cloudHopper/target/classes/assets/textures/floatingPlatform.png
13:21:29.773 [JavaFX Application Thread] DEBUG FXGLAssetLoaderServi - Loading from file system: file:/C:/Users/russl/IdeaProjects/cloudHopper/target/classes/assets/textures/stone.png
13:21:29.775 [JavaFX Application Thread] WARN  Entity               - Entity already has component: com.almasb.fxgl.entity.components.CollidableComponent
13:21:30.267 [JavaFX Application Thread] WARN  Entity               - Entity already has component: com.almasb.fxgl.entity.components.CollidableComponent
13:22:18.809 [JavaFX Application Thread] WARN  Entity               - Entity already has component: com.almasb.fxgl.entity.components.CollidableComponent
13:22:30.498 [JavaFX Application Thread] DEBUG FXGLApplication      - Exiting FXGL
13:22:30.498 [JavaFX Application Thread] DEBUG LoopRunner           - Stopping loop
13:22:30.498 [JavaFX Application Thread] DEBUG SystemBundleService  - Saving FXGL system data
13:22:30.500 [JavaFX Application Thread] DEBUG FileSystemAccess     - Writing to: C:\Users\russl\IdeaProjects\cloudHopper\system\fxgl.bundle
13:22:30.501 [JavaFX Application Thread] DEBUG Async                - Shutting down background threads
13:22:30.501 [JavaFX Application Thread] DEBUG PrimaryStageWindow   - Closing main window
13:22:30.509 [JavaFX Application Thread] DEBUG Logger               - Closing Logger
