21:11:30.115 [main                     ] DEBUG Logger               - Configured Logger
21:11:30.120 [main                     ] DEBUG GameApplication      - Logging settings
Title: Cloud Hopper
Version: 0.1
Width: 1000
Height: 800
Fullscreen: false
Intro: false
Profiling: false
Single step:false
App Mode: DEVELOPER
Menu Key: ESCAPE
Stage Style: DECORATED
Scene Factory: class com.almasb.fxgl.app.scene.SceneFactory

21:11:30.675 [JavaFX Application Thread] DEBUG FXGLApplication      - Initializing FXGL
21:11:30.677 [JavaFX Application Thread] INFO  Engine               - FXGL-11.16 (25.05.2021 08.16) on WINDOWS (J:16 FX:16)
21:11:30.678 [JavaFX Application Thread] DEBUG Engine               - JRE Vendor Name: Oracle Corporation
21:11:30.678 [JavaFX Application Thread] DEBUG Engine               - Running on OS: Windows 10 version 10.0
21:11:30.678 [JavaFX Application Thread] DEBUG Engine               - Architecture: amd64
21:11:30.679 [JavaFX Application Thread] INFO  Engine               - Source code and latest versions at: https://github.com/AlmasB/FXGL
21:11:30.679 [JavaFX Application Thread] INFO  Engine               -              Join the FXGL chat at: https://gitter.im/AlmasB/FXGL
21:11:30.835 [JavaFX Application Thread] DEBUG PrimaryStageWindow   - Creating a JavaFX scene
21:11:30.902 [JavaFX Application Thread] DEBUG PrimaryStageWindow   - Target settings size: 1000.0 x 800.0
21:11:30.902 [JavaFX Application Thread] DEBUG PrimaryStageWindow   - Scaled scene size:    1000.0 x 800.0
21:11:30.902 [JavaFX Application Thread] DEBUG PrimaryStageWindow   - Scaled ratio: (1.0, 1.0)
21:11:30.903 [JavaFX Application Thread] DEBUG PrimaryStageWindow   - Set initial scene to FXGLStartupScene
21:11:30.913 [JavaFX Application Thread] DEBUG PrimaryStageWindow   - Opening main window
21:11:31.018 [JavaFX Application Thread] DEBUG PrimaryStageWindow   - Window border size: (16.0, 39.0)
21:11:31.019 [JavaFX Application Thread] DEBUG PrimaryStageWindow   - Scaled size: 1000.0 x 800.0
21:11:31.019 [JavaFX Application Thread] DEBUG PrimaryStageWindow   - Scaled ratio: (1.0, 1.0)
21:11:31.019 [JavaFX Application Thread] DEBUG PrimaryStageWindow   - Scene size: 1000.0 x 800.0
21:11:31.019 [JavaFX Application Thread] DEBUG PrimaryStageWindow   - Stage size: 1016.0 x 839.0
21:11:31.030 [FXGL Background Thread 1 ] DEBUG Engine               - Initializing environment variables
21:11:31.082 [FXGL Background Thread 1 ] DEBUG FXGLAssetLoaderServi - User app class for loading assets: class com.cloudHopper.PlatformerApp
21:11:31.082 [FXGL Background Thread 1 ] DEBUG GameApplicationServi - Applying CSS: fxgl_dark.css
21:11:31.084 [FXGL Background Thread 1 ] DEBUG FXGLAssetLoaderServi - Loading from file system: jar:file:/C:/Users/russl/.m2/repository/com/github/almasb/fxgl/11.16/fxgl-11.16.jar!/fxglassets/ui/css/fxgl_dark.css
21:11:31.141 [FXGL Background Thread 1 ] DEBUG GameApplicationServi - Initializing application scenes
21:11:31.182 [FXGL Background Thread 1 ] DEBUG GameWorld            - Game world initialized
21:11:31.256 [FXGL Background Thread 1 ] DEBUG PhysicsWorld         - Physics world initialized: appHeight=800, physics.ppm=50.0
21:11:31.256 [FXGL Background Thread 1 ] DEBUG PhysicsWorld         - Using strategy: BRUTE_FORCE
21:11:31.260 [FXGL Background Thread 1 ] DEBUG GameScene            - Game scene initialized: 1000x800
21:11:31.275 [FXGL Background Thread 1 ] DEBUG FXGL.DefaultMenu     - createMenuBodyGameMenu()
21:11:31.293 [FXGL Background Thread 1 ] DEBUG FXGL.DefaultMenu     - createOptionsMenu()
21:11:31.304 [FXGL Background Thread 1 ] DEBUG FXGLAssetLoaderServi - Loading from file system: jar:file:/C:/Users/russl/.m2/repository/com/github/almasb/fxgl/11.16/fxgl-11.16.jar!/fxglassets/textures/particles/smoke.png
21:11:31.418 [FXGL Background Thread 1 ] DEBUG FXGLAssetLoaderServi - Loading from file system: jar:file:/C:/Users/russl/.m2/repository/com/github/almasb/fxgl/11.16/fxgl-11.16.jar!/fxglassets/textures/particles/trace_horizontal.png
21:11:31.459 [FXGL Background Thread 1 ] DEBUG GameApplicationServi - Application scenes initialized
21:11:31.472 [FXGL Background Thread 1 ] DEBUG SystemBundleService  - Loading FXGL system data
21:11:31.476 [FXGL Background Thread 1 ] DEBUG FileSystemAccess     - Reading from: C:\Users\russl\IdeaProjects\cloudHopper\system\fxgl.bundle
21:11:31.482 [FXGL Background Thread 1 ] DEBUG SystemBundleService  - Bundle FXGL: {}
21:11:31.482 [FXGL Background Thread 1 ] DEBUG UpdaterService       - Checking for updates
21:11:31.487 [FXGL Background Thread 4 ] DEBUG FXGLApplication      - Loading fonts
21:11:31.487 [FXGL Background Thread 1 ] DEBUG FXGLApplication      - Loading default localization
21:11:31.487 [FXGL Background Thread 4 ] DEBUG FXGLAssetLoaderServi - Loading from file system: jar:file:/C:/Users/russl/.m2/repository/com/github/almasb/fxgl/11.16/fxgl-11.16.jar!/fxglassets/ui/fonts/VarelaRound-Regular.ttf
21:11:31.488 [FXGL Background Thread 1 ] DEBUG FXGLAssetLoaderServi - Loading from file system: jar:file:/C:/Users/russl/.m2/repository/com/github/almasb/fxgl/11.16/fxgl-11.16.jar!/fxglassets/languages/english.lang
21:11:31.511 [FXGL Background Thread 1 ] INFO  FXGLApplication      - FXGL initialization took: 0.480 sec
21:11:31.524 [JavaFX Application Thread] DEBUG Input                - Registered new binding: action0 - A
21:11:31.525 [JavaFX Application Thread] DEBUG Input                - Registered new binding: action1 - D
21:11:31.527 [JavaFX Application Thread] DEBUG Input                - Registered new binding: action2 - Space
21:11:31.527 [JavaFX Application Thread] DEBUG Input                - Registered new binding: action3 - W
21:11:31.528 [JavaFX Application Thread] DEBUG FXGLAssetLoaderServi - Loading from file system: jar:file:/C:/Users/russl/.m2/repository/com/github/almasb/fxgl/11.16/fxgl-11.16.jar!/fxglassets/textures/fxgl_icon.png
21:11:31.543 [FXGL Background Thread 4 ] DEBUG FXGLAssetLoaderServi - Loading from file system: jar:file:/C:/Users/russl/.m2/repository/com/github/almasb/fxgl/11.16/fxgl-11.16.jar!/fxglassets/ui/fonts/Abel-Regular.ttf
21:11:31.548 [FXGL Background Thread 4 ] DEBUG FXGLAssetLoaderServi - Loading from file system: jar:file:/C:/Users/russl/.m2/repository/com/github/almasb/fxgl/11.16/fxgl-11.16.jar!/fxglassets/ui/fonts/lucida_console.ttf
21:11:31.555 [FXGL Background Thread 4 ] DEBUG FXGLAssetLoaderServi - Loading from file system: jar:file:/C:/Users/russl/.m2/repository/com/github/almasb/fxgl/11.16/fxgl-11.16.jar!/fxglassets/ui/fonts/Courier-Prime.ttf
21:11:31.558 [JavaFX Application Thread] DEBUG FXGLAssetLoaderServi - Loading from file system: jar:file:/C:/Users/russl/.m2/repository/com/github/almasb/fxgl/11.16/fxgl-11.16.jar!/fxglassets/textures/fxgl_default_cursor.png
21:11:31.561 [JavaFX Application Thread] DEBUG Input                - Registered new binding: Screenshot - CTRL+8
21:11:31.561 [JavaFX Application Thread] DEBUG Input                - Registered new binding: System info dump - CTRL+9
21:11:31.562 [JavaFX Application Thread] DEBUG Input                - Registered new binding: Restart - CTRL+R
21:11:31.563 [JavaFX Application Thread] DEBUG Input                - Registered new binding: Toggle Debug Camera - CTRL+C
21:11:31.566 [JavaFX Application Thread] DEBUG LoopRunner           - Starting loop
21:11:31.567 [JavaFX Application Thread] DEBUG LoopRunner           - Initializing JavaFX AnimationTimerLoop
21:11:31.569 [JavaFX Application Thread] DEBUG GameApplicationServi - Starting new game
21:11:31.569 [JavaFX Application Thread] DEBUG Input                - Clearing active input actions
21:11:31.582 [JavaFX Application Thread] DEBUG GameApplicationServi - Removing overlay from FXGLStartupScene and adding to FXGLLoadingScene
21:11:31.583 [JavaFX Application Thread] DEBUG PrimaryStageWindow   - FXGLStartupScene -> FXGLLoadingScene
21:11:31.583 [JavaFX Application Thread] DEBUG GameApplicationServi - Clearing previous game
21:11:31.583 [JavaFX Application Thread] DEBUG GameScene            - Clearing game scene
21:11:31.583 [JavaFX Application Thread] DEBUG GameWorld            - Clearing game world
21:11:31.583 [JavaFX Application Thread] DEBUG PhysicsWorld         - Clearing physics world
21:11:31.585 [JavaFX Application Thread] DEBUG FXGLApplication      - Registering font factories with UI factory
21:11:31.585 [FXGL Background Thread 4 ] DEBUG FXGLApplication      - Initializing game
21:11:31.631 [FXGL Background Thread 4 ] WARN  TMXLevelLoader       - TiledMap generated from 1.7.1. Supported version: 1.2.3. Some features may not be parsed fully.
21:11:31.682 [FXGL Background Thread 4 ] DEBUG TMXLevelLoader       - Parsed TiledMap: file:/C:/Users/russl/IdeaProjects/cloudHopper/target/classes/assets/levels/level1.tmx
21:11:31.683 [FXGL Background Thread 4 ] DEBUG TMXLevelLoader       - Creating tile layer entities
21:11:31.684 [FXGL Background Thread 4 ] DEBUG TilesetLoader        - Loading view for layer Tile Layer 1
21:11:31.736 [FXGL Background Thread 4 ] DEBUG TilesetLoader        - Created buffer with size 20480.0x1280.0
21:11:31.832 [FXGL Background Thread 4 ] DEBUG TMXLevelLoader       - Creating object layer entities
21:11:31.862 [FXGL Background Thread 4 ] DEBUG FXGLAssetLoaderServi - Loading from file system: file:/C:/Users/russl/IdeaProjects/cloudHopper/target/classes/assets/textures/crate.png
21:11:31.879 [FXGL Background Thread 4 ] DEBUG FXGLAssetLoaderServi - Loading from file system: file:/C:/Users/russl/IdeaProjects/cloudHopper/target/classes/assets/textures/StoneBlock.png
21:11:31.888 [FXGL Background Thread 4 ] DEBUG FXGLAssetLoaderServi - Loading from file system: file:/C:/Users/russl/IdeaProjects/cloudHopper/target/classes/assets/textures/characters_packed.png
21:11:31.917 [FXGL Background Thread 4 ] DEBUG FXGLAssetLoaderServi - Loading from file system: file:/C:/Users/russl/IdeaProjects/cloudHopper/target/classes/assets/textures/keyAnimation.png
21:11:31.940 [FXGL Background Thread 4 ] DEBUG GameWorld            - Clearing removable entities
21:11:31.941 [FXGL Background Thread 4 ] DEBUG GameWorld            - Setting level: com.almasb.fxgl.entity.level.Level@38b4781e
21:11:31.966 [FXGL Background Thread 4 ] DEBUG FXGLAssetLoaderServi - Loading from file system: file:/C:/Users/russl/IdeaProjects/cloudHopper/target/classes/assets/textures/player_idle.png
21:11:31.967 [FXGL Background Thread 4 ] DEBUG FXGLAssetLoaderServi - Loading from file system: file:/C:/Users/russl/IdeaProjects/cloudHopper/target/classes/assets/textures/player_walking.png
21:11:31.971 [FXGL Background Thread 4 ] DEBUG FXGLAssetLoaderServi - Loading from file system: file:/C:/Users/russl/IdeaProjects/cloudHopper/target/classes/assets/textures/z-7.png
21:11:32.031 [FXGL Background Thread 4 ] WARN  GameWorld            - Entity is already attached to world
21:11:32.031 [FXGL Background Thread 2 ] INFO  UpdaterService       - Your current version:  11.16
21:11:32.032 [FXGL Background Thread 2 ] INFO  UpdaterService       - Latest stable version: 11.17
21:11:32.032 [FXGL Background Thread 4 ] DEBUG FXGLAssetLoaderServi - Loading from file system: file:/C:/Users/russl/IdeaProjects/cloudHopper/target/classes/assets/textures/z-5.png
21:11:32.077 [FXGL Background Thread 4 ] WARN  GameWorld            - Entity is already attached to world
21:11:32.078 [FXGL Background Thread 4 ] DEBUG FXGLAssetLoaderServi - Loading from file system: file:/C:/Users/russl/IdeaProjects/cloudHopper/target/classes/assets/textures/z-4.png
21:11:32.122 [FXGL Background Thread 4 ] WARN  GameWorld            - Entity is already attached to world
21:11:32.123 [FXGL Background Thread 4 ] DEBUG FXGLAssetLoaderServi - Loading from file system: file:/C:/Users/russl/IdeaProjects/cloudHopper/target/classes/assets/textures/z-3.png
21:11:32.164 [FXGL Background Thread 4 ] WARN  GameWorld            - Entity is already attached to world
21:11:32.165 [FXGL Background Thread 4 ] DEBUG FXGLAssetLoaderServi - Loading from file system: file:/C:/Users/russl/IdeaProjects/cloudHopper/target/classes/assets/textures/z-1.png
21:11:32.205 [FXGL Background Thread 4 ] WARN  GameWorld            - Entity is already attached to world
21:11:32.214 [FXGL Background Thread 4 ] INFO  FXGLApplication      - Game initialization took: 0.629 sec
21:11:32.219 [JavaFX Application Thread] DEBUG Input                - Clearing active input actions
21:11:32.232 [JavaFX Application Thread] DEBUG GameApplicationServi - Removing overlay from FXGLLoadingScene and adding to GameScene
21:11:32.232 [JavaFX Application Thread] DEBUG PrimaryStageWindow   - FXGLLoadingScene -> GameScene
21:11:34.487 [FXGL Background Thread 3 ] DEBUG Engine               - Logging environment variables
21:11:34.488 [FXGL Background Thread 3 ] DEBUG Engine               - achievements: []
21:11:34.488 [FXGL Background Thread 3 ] DEBUG Engine               - actualHeight: 800.0
21:11:34.488 [FXGL Background Thread 3 ] DEBUG Engine               - actualHeightProperty: ReadOnlyDoubleProperty [value: 800.0]
21:11:34.488 [FXGL Background Thread 3 ] DEBUG Engine               - actualWidth: 1000.0
21:11:34.488 [FXGL Background Thread 3 ] DEBUG Engine               - actualWidthProperty: ReadOnlyDoubleProperty [value: 1000.0]
21:11:34.488 [FXGL Background Thread 3 ] DEBUG Engine               - appIcon: fxgl_icon.png
21:11:34.488 [FXGL Background Thread 3 ] DEBUG Engine               - applicationMode: DEVELOPER
21:11:34.488 [FXGL Background Thread 3 ] DEBUG Engine               - cSSList: [fxgl_dark.css]
21:11:34.488 [FXGL Background Thread 3 ] DEBUG Engine               - collisionDetectionStrategy: BRUTE_FORCE
21:11:34.488 [FXGL Background Thread 3 ] DEBUG Engine               - configClass: Optional.empty
21:11:34.489 [FXGL Background Thread 3 ] DEBUG Engine               - credits: []
21:11:34.489 [FXGL Background Thread 3 ] DEBUG Engine               - defaultCursor: CursorInfo(imageName=fxgl_default_cursor.png, hotspotX=7.0, hotspotY=6.0)
21:11:34.489 [FXGL Background Thread 3 ] DEBUG Engine               - devBBoxColorProperty: ObjectProperty [value: 0xff0000ff]
21:11:34.489 [FXGL Background Thread 3 ] DEBUG Engine               - devEnableDebugCameraProperty: BooleanProperty [value: false]
21:11:34.489 [FXGL Background Thread 3 ] DEBUG Engine               - devSensorColorProperty: ObjectProperty [value: 0xffff00ff]
21:11:34.489 [FXGL Background Thread 3 ] DEBUG Engine               - devShowBBoxProperty: BooleanProperty [value: false]
21:11:34.490 [FXGL Background Thread 3 ] DEBUG Engine               - devShowPositionProperty: BooleanProperty [value: false]
21:11:34.490 [FXGL Background Thread 3 ] DEBUG Engine               - enabledMenuItems: []
21:11:34.490 [FXGL Background Thread 3 ] DEBUG Engine               - engineServices: [class com.almasb.fxgl.app.services.FXGLAssetLoaderService, class com.almasb.fxgl.app.FXGLApplication$GameApplicationService, class com.almasb.fxgl.app.services.FXGLDialogService, class com.almasb.fxgl.app.services.IOTaskExecutorService, class com.almasb.fxgl.io.FileSystemService, class com.almasb.fxgl.localization.LocalizationService, class com.almasb.fxgl.app.services.SystemBundleService, class com.almasb.fxgl.profile.SaveLoadService, class com.almasb.fxgl.ui.FXGLUIFactoryServiceProvider, class com.almasb.fxgl.ui.FXGLDialogFactoryServiceProvider, class com.almasb.fxgl.audio.AudioPlayer, class com.almasb.fxgl.notification.impl.NotificationServiceProvider, class com.almasb.fxgl.achievement.AchievementService, class com.almasb.fxgl.cutscene.CutsceneService, class com.almasb.fxgl.minigames.MiniGameService, class com.almasb.fxgl.net.NetService, class com.almasb.fxgl.app.services.UpdaterService, class com.almasb.fxgl.dev.DevService]
21:11:34.490 [FXGL Background Thread 3 ] DEBUG Engine               - fontGame: Abel-Regular.ttf
21:11:34.490 [FXGL Background Thread 3 ] DEBUG Engine               - fontMono: lucida_console.ttf
21:11:34.490 [FXGL Background Thread 3 ] DEBUG Engine               - fontText: Courier-Prime.ttf
21:11:34.490 [FXGL Background Thread 3 ] DEBUG Engine               - fontUI: VarelaRound-Regular.ttf
21:11:34.490 [FXGL Background Thread 3 ] DEBUG Engine               - fullScreen: BooleanProperty [value: false]
21:11:34.490 [FXGL Background Thread 3 ] DEBUG Engine               - gameDifficulty: MEDIUM
21:11:34.490 [FXGL Background Thread 3 ] DEBUG Engine               - gameDifficultyProperty: ObjectProperty [value: MEDIUM]
21:11:34.490 [FXGL Background Thread 3 ] DEBUG Engine               - globalMusicVolume: 0.5
21:11:34.491 [FXGL Background Thread 3 ] DEBUG Engine               - globalMusicVolumeProperty: DoubleProperty [value: 0.5]
21:11:34.491 [FXGL Background Thread 3 ] DEBUG Engine               - globalSoundVolume: 0.5
21:11:34.491 [FXGL Background Thread 3 ] DEBUG Engine               - globalSoundVolumeProperty: DoubleProperty [value: 0.5]
21:11:34.491 [FXGL Background Thread 3 ] DEBUG Engine               - height: 800
21:11:34.491 [FXGL Background Thread 3 ] DEBUG Engine               - is3D: false
21:11:34.491 [FXGL Background Thread 3 ] DEBUG Engine               - isAndroid: false
21:11:34.492 [FXGL Background Thread 3 ] DEBUG Engine               - isBrowser: false
21:11:34.492 [FXGL Background Thread 3 ] DEBUG Engine               - isClickFeedbackEnabled: false
21:11:34.492 [FXGL Background Thread 3 ] DEBUG Engine               - isCloseConfirmation: false
21:11:34.492 [FXGL Background Thread 3 ] DEBUG Engine               - isDesktop: true
21:11:34.492 [FXGL Background Thread 3 ] DEBUG Engine               - isDeveloperMenuEnabled: false
21:11:34.492 [FXGL Background Thread 3 ] DEBUG Engine               - isEntityPreloadEnabled: true
21:11:34.492 [FXGL Background Thread 3 ] DEBUG Engine               - isExperimentalTiledLargeMap: false
21:11:34.492 [FXGL Background Thread 3 ] DEBUG Engine               - isFileSystemWriteAllowed: true
21:11:34.492 [FXGL Background Thread 3 ] DEBUG Engine               - isFullScreenAllowed: false
21:11:34.492 [FXGL Background Thread 3 ] DEBUG Engine               - isFullScreenFromStart: false
21:11:34.492 [FXGL Background Thread 3 ] DEBUG Engine               - isGameMenuEnabled: true
21:11:34.493 [FXGL Background Thread 3 ] DEBUG Engine               - isIOS: false
21:11:34.493 [FXGL Background Thread 3 ] DEBUG Engine               - isIntroEnabled: false
21:11:34.493 [FXGL Background Thread 3 ] DEBUG Engine               - isLinux: false
21:11:34.493 [FXGL Background Thread 3 ] DEBUG Engine               - isMac: false
21:11:34.493 [FXGL Background Thread 3 ] DEBUG Engine               - isMainMenuEnabled: false
21:11:34.493 [FXGL Background Thread 3 ] DEBUG Engine               - isManualResizeEnabled: false
21:11:34.493 [FXGL Background Thread 3 ] DEBUG Engine               - isMobile: false
21:11:34.493 [FXGL Background Thread 3 ] DEBUG Engine               - isNative: false
21:11:34.493 [FXGL Background Thread 3 ] DEBUG Engine               - isPreserveResizeRatio: false
21:11:34.493 [FXGL Background Thread 3 ] DEBUG Engine               - isProfilingEnabled: false
21:11:34.493 [FXGL Background Thread 3 ] DEBUG Engine               - isScaleAffectedOnResize: true
21:11:34.493 [FXGL Background Thread 3 ] DEBUG Engine               - isSingleStep: false
21:11:34.493 [FXGL Background Thread 3 ] DEBUG Engine               - isUserProfileEnabled: false
21:11:34.493 [FXGL Background Thread 3 ] DEBUG Engine               - isWindows: true
21:11:34.494 [FXGL Background Thread 3 ] DEBUG Engine               - language: ObjectProperty [value: ENGLISH]
21:11:34.494 [FXGL Background Thread 3 ] DEBUG Engine               - menuKey: ESCAPE
21:11:34.494 [FXGL Background Thread 3 ] DEBUG Engine               - mouseSensitivity: 0.2
21:11:34.494 [FXGL Background Thread 3 ] DEBUG Engine               - notificationViewClass: class com.almasb.fxgl.notification.view.XboxNotificationView
21:11:34.494 [FXGL Background Thread 3 ] DEBUG Engine               - pixelsPerMeter: 50.0
21:11:34.494 [FXGL Background Thread 3 ] DEBUG Engine               - platform: WINDOWS
21:11:34.494 [FXGL Background Thread 3 ] DEBUG Engine               - prefHeightProperty: ReadOnlyDoubleProperty [value: 800.0]
21:11:34.494 [FXGL Background Thread 3 ] DEBUG Engine               - prefWidthProperty: ReadOnlyDoubleProperty [value: 1000.0]
21:11:34.494 [FXGL Background Thread 3 ] DEBUG Engine               - profileDir: profiles/
21:11:34.494 [FXGL Background Thread 3 ] DEBUG Engine               - profileName: StringProperty [value: DEFAULT]
21:11:34.494 [FXGL Background Thread 3 ] DEBUG Engine               - randomSeed: -1
21:11:34.495 [FXGL Background Thread 3 ] DEBUG Engine               - runtimeInfo: RuntimeInfo(platform=WINDOWS, version=11.16, build=25.05.2021 08.16)
21:11:34.495 [FXGL Background Thread 3 ] DEBUG Engine               - saveFileExt: sav
21:11:34.495 [FXGL Background Thread 3 ] DEBUG Engine               - scaledHeightProp$fxgl: DoubleProperty [bound, value: 800.0]
21:11:34.495 [FXGL Background Thread 3 ] DEBUG Engine               - scaledWidthProp$fxgl: DoubleProperty [bound, value: 1000.0]
21:11:34.495 [FXGL Background Thread 3 ] DEBUG Engine               - sceneFactory: com.almasb.fxgl.app.scene.SceneFactory@6b8e7e0a
21:11:34.495 [FXGL Background Thread 3 ] DEBUG Engine               - secondsIn24h: 60
21:11:34.495 [FXGL Background Thread 3 ] DEBUG Engine               - soundMenuBack: menu/back.wav
21:11:34.495 [FXGL Background Thread 3 ] DEBUG Engine               - soundMenuPress: menu/press.wav
21:11:34.495 [FXGL Background Thread 3 ] DEBUG Engine               - soundMenuSelect: menu/select.wav
21:11:34.495 [FXGL Background Thread 3 ] DEBUG Engine               - soundNotification: core/notification.wav
21:11:34.495 [FXGL Background Thread 3 ] DEBUG Engine               - stageStyle: DECORATED
21:11:34.495 [FXGL Background Thread 3 ] DEBUG Engine               - supportedLanguages: [ENGLISH, FRENCH, GERMAN, HUNGARIAN, RUSSIAN]
21:11:34.496 [FXGL Background Thread 3 ] DEBUG Engine               - ticksPerSecond: -1
21:11:34.496 [FXGL Background Thread 3 ] DEBUG Engine               - title: Cloud Hopper
21:11:34.496 [FXGL Background Thread 3 ] DEBUG Engine               - urlGithub: https://github.com/AlmasB/FXGL
21:11:34.496 [FXGL Background Thread 3 ] DEBUG Engine               - urlLeaderboard: http://fxgl-top.herokuapp.com/
21:11:34.496 [FXGL Background Thread 3 ] DEBUG Engine               - urlPOM: https://raw.githubusercontent.com/AlmasB/FXGL/release/README.md
21:11:34.496 [FXGL Background Thread 3 ] DEBUG Engine               - userAppClass: class com.cloudHopper.PlatformerApp
21:11:34.496 [FXGL Background Thread 3 ] DEBUG Engine               - version: 0.1
21:11:34.496 [FXGL Background Thread 3 ] DEBUG Engine               - versionCheckDays: 7
21:11:34.496 [FXGL Background Thread 3 ] DEBUG Engine               - width: 1000
21:11:34.496 [FXGL Background Thread 3 ] DEBUG Engine               - Logging services
21:11:34.496 [FXGL Background Thread 3 ] DEBUG Engine               - class com.almasb.fxgl.app.services.FXGLAssetLoaderService
21:11:34.496 [FXGL Background Thread 3 ] DEBUG Engine               - class com.almasb.fxgl.app.FXGLApplication$GameApplicationService
21:11:34.497 [FXGL Background Thread 3 ] DEBUG Engine               - class com.almasb.fxgl.app.services.FXGLDialogService
21:11:34.497 [FXGL Background Thread 3 ] DEBUG Engine               - class com.almasb.fxgl.app.services.IOTaskExecutorService
21:11:34.497 [FXGL Background Thread 3 ] DEBUG Engine               - class com.almasb.fxgl.io.FileSystemService
21:11:34.497 [FXGL Background Thread 3 ] DEBUG Engine               - class com.almasb.fxgl.localization.LocalizationService
21:11:34.497 [FXGL Background Thread 3 ] DEBUG Engine               - class com.almasb.fxgl.app.services.SystemBundleService
21:11:34.497 [FXGL Background Thread 3 ] DEBUG Engine               - class com.almasb.fxgl.profile.SaveLoadService
21:11:34.497 [FXGL Background Thread 3 ] DEBUG Engine               - class com.almasb.fxgl.ui.FXGLUIFactoryServiceProvider
21:11:34.497 [FXGL Background Thread 3 ] DEBUG Engine               - class com.almasb.fxgl.ui.FXGLDialogFactoryServiceProvider
21:11:34.497 [FXGL Background Thread 3 ] DEBUG Engine               - class com.almasb.fxgl.audio.AudioPlayer
21:11:34.497 [FXGL Background Thread 3 ] DEBUG Engine               - class com.almasb.fxgl.notification.impl.NotificationServiceProvider
21:11:34.497 [FXGL Background Thread 3 ] DEBUG Engine               - class com.almasb.fxgl.achievement.AchievementService
21:11:34.497 [FXGL Background Thread 3 ] DEBUG Engine               - class com.almasb.fxgl.cutscene.CutsceneService
21:11:34.497 [FXGL Background Thread 3 ] DEBUG Engine               - class com.almasb.fxgl.minigames.MiniGameService
21:11:34.497 [FXGL Background Thread 3 ] DEBUG Engine               - class com.almasb.fxgl.net.NetService
21:11:34.497 [FXGL Background Thread 3 ] DEBUG Engine               - class com.almasb.fxgl.app.services.UpdaterService
21:11:34.498 [FXGL Background Thread 3 ] DEBUG Engine               - class com.almasb.fxgl.dev.DevService
21:11:37.121 [JavaFX Application Thread] DEBUG PrimaryStageWindow   - Push state: DialogSubScene
21:11:37.121 [JavaFX Application Thread] DEBUG Input                - Clearing active input actions
21:11:37.125 [JavaFX Application Thread] DEBUG GameApplicationServi - Removing overlay from GameScene and adding to DialogSubScene
21:11:37.125 [JavaFX Application Thread] DEBUG PrimaryStageWindow   - GameScene -> DialogSubScene
21:11:37.126 [JavaFX Application Thread] DEBUG FXGLAssetLoaderServi - Loading from file system: file:/C:/Users/russl/IdeaProjects/cloudHopper/target/classes/assets/textures/key.png
21:11:38.599 [JavaFX Application Thread] DEBUG PrimaryStageWindow   - Pop state: DialogSubScene
21:11:38.600 [JavaFX Application Thread] DEBUG Input                - Clearing active input actions
21:11:38.600 [JavaFX Application Thread] DEBUG GameApplicationServi - Removing overlay from DialogSubScene and adding to GameScene
21:11:38.601 [JavaFX Application Thread] DEBUG PrimaryStageWindow   - GameScene <- DialogSubScene
21:11:41.600 [JavaFX Application Thread] DEBUG FXGLAssetLoaderServi - Loading from file system: file:/C:/Users/russl/IdeaProjects/cloudHopper/target/classes/assets/textures/floatingPlatform.png
21:11:41.603 [JavaFX Application Thread] DEBUG PrimaryStageWindow   - Push state: DialogSubScene
21:11:41.603 [JavaFX Application Thread] DEBUG Input                - Clearing active input actions
21:11:41.604 [JavaFX Application Thread] DEBUG GameApplicationServi - Removing overlay from GameScene and adding to DialogSubScene
21:11:41.604 [JavaFX Application Thread] DEBUG PrimaryStageWindow   - GameScene -> DialogSubScene
21:11:42.393 [JavaFX Application Thread] DEBUG PrimaryStageWindow   - Pop state: DialogSubScene
21:11:42.393 [JavaFX Application Thread] DEBUG Input                - Clearing active input actions
21:11:42.394 [JavaFX Application Thread] DEBUG GameApplicationServi - Removing overlay from DialogSubScene and adding to GameScene
21:11:42.394 [JavaFX Application Thread] DEBUG PrimaryStageWindow   - GameScene <- DialogSubScene
21:11:55.999 [JavaFX Application Thread] DEBUG PrimaryStageWindow   - Push state: DialogSubScene
21:11:56.000 [JavaFX Application Thread] DEBUG Input                - Clearing active input actions
21:11:56.000 [JavaFX Application Thread] DEBUG GameApplicationServi - Removing overlay from GameScene and adding to DialogSubScene
21:11:56.000 [JavaFX Application Thread] DEBUG PrimaryStageWindow   - GameScene -> DialogSubScene
21:11:57.183 [JavaFX Application Thread] DEBUG PrimaryStageWindow   - Pop state: DialogSubScene
21:11:57.183 [JavaFX Application Thread] DEBUG Input                - Clearing active input actions
21:11:57.184 [JavaFX Application Thread] DEBUG GameApplicationServi - Removing overlay from DialogSubScene and adding to GameScene
21:11:57.184 [JavaFX Application Thread] DEBUG PrimaryStageWindow   - GameScene <- DialogSubScene
21:11:59.632 [JavaFX Application Thread] DEBUG PrimaryStageWindow   - Push state: DialogSubScene
21:11:59.633 [JavaFX Application Thread] DEBUG Input                - Clearing active input actions
21:11:59.633 [JavaFX Application Thread] DEBUG GameApplicationServi - Removing overlay from GameScene and adding to DialogSubScene
21:11:59.633 [JavaFX Application Thread] DEBUG PrimaryStageWindow   - GameScene -> DialogSubScene
21:12:00.541 [JavaFX Application Thread] DEBUG PrimaryStageWindow   - Pop state: DialogSubScene
21:12:00.541 [JavaFX Application Thread] DEBUG Input                - Clearing active input actions
21:12:00.542 [JavaFX Application Thread] DEBUG GameApplicationServi - Removing overlay from DialogSubScene and adding to GameScene
21:12:00.542 [JavaFX Application Thread] DEBUG PrimaryStageWindow   - GameScene <- DialogSubScene
21:12:08.360 [JavaFX Application Thread] DEBUG FXGLAssetLoaderServi - Loading from file system: file:/C:/Users/russl/IdeaProjects/cloudHopper/target/classes/assets/textures/stone.png
21:12:50.253 [JavaFX Application Thread] DEBUG FXGLApplication      - Exiting FXGL
21:12:50.253 [JavaFX Application Thread] DEBUG LoopRunner           - Stopping loop
21:12:50.253 [JavaFX Application Thread] DEBUG SystemBundleService  - Saving FXGL system data
21:12:50.255 [JavaFX Application Thread] DEBUG FileSystemAccess     - Writing to: C:\Users\russl\IdeaProjects\cloudHopper\system\fxgl.bundle
21:12:50.256 [JavaFX Application Thread] DEBUG Async                - Shutting down background threads
21:12:50.257 [JavaFX Application Thread] DEBUG PrimaryStageWindow   - Closing main window
21:12:50.268 [JavaFX Application Thread] DEBUG Logger               - Closing Logger
