13:49:07.896 [main                     ] DEBUG Logger               - Configured Logger
13:49:07.902 [main                     ] DEBUG GameApplication      - Logging settings
Title: Cloud Hopper
Version: 0.1
Width: 1000
Height: 800
Fullscreen: false
Intro: false
Profiling: false
Single step:false
App Mode: DEVELOPER
Menu Key: ESCAPE
Stage Style: DECORATED
Scene Factory: class com.almasb.fxgl.app.scene.SceneFactory

13:49:08.468 [JavaFX Application Thread] DEBUG FXGLApplication      - Initializing FXGL
13:49:08.472 [JavaFX Application Thread] INFO  Engine               - FXGL-11.16 (25.05.2021 08.16) on WINDOWS (J:16 FX:16)
13:49:08.473 [JavaFX Application Thread] DEBUG Engine               - JRE Vendor Name: Oracle Corporation
13:49:08.473 [JavaFX Application Thread] DEBUG Engine               - Running on OS: Windows 10 version 10.0
13:49:08.473 [JavaFX Application Thread] DEBUG Engine               - Architecture: amd64
13:49:08.473 [JavaFX Application Thread] INFO  Engine               - Source code and latest versions at: https://github.com/AlmasB/FXGL
13:49:08.474 [JavaFX Application Thread] INFO  Engine               -              Join the FXGL chat at: https://gitter.im/AlmasB/FXGL
13:49:08.639 [JavaFX Application Thread] DEBUG PrimaryStageWindow   - Creating a JavaFX scene
13:49:08.707 [JavaFX Application Thread] DEBUG PrimaryStageWindow   - Target settings size: 1000.0 x 800.0
13:49:08.708 [JavaFX Application Thread] DEBUG PrimaryStageWindow   - Scaled scene size:    1000.0 x 800.0
13:49:08.708 [JavaFX Application Thread] DEBUG PrimaryStageWindow   - Scaled ratio: (1.0, 1.0)
13:49:08.709 [JavaFX Application Thread] DEBUG PrimaryStageWindow   - Set initial scene to FXGLStartupScene
13:49:08.719 [JavaFX Application Thread] DEBUG PrimaryStageWindow   - Opening main window
13:49:08.823 [JavaFX Application Thread] DEBUG PrimaryStageWindow   - Window border size: (16.0, 39.0)
13:49:08.823 [JavaFX Application Thread] DEBUG PrimaryStageWindow   - Scaled size: 1000.0 x 800.0
13:49:08.824 [JavaFX Application Thread] DEBUG PrimaryStageWindow   - Scaled ratio: (1.0, 1.0)
13:49:08.824 [JavaFX Application Thread] DEBUG PrimaryStageWindow   - Scene size: 1000.0 x 800.0
13:49:08.824 [JavaFX Application Thread] DEBUG PrimaryStageWindow   - Stage size: 1016.0 x 839.0
13:49:08.833 [FXGL Background Thread 1 ] DEBUG Engine               - Initializing environment variables
13:49:08.884 [FXGL Background Thread 1 ] DEBUG FXGLAssetLoaderServi - User app class for loading assets: class com.cloudHopper.PlatformerApp
13:49:08.885 [FXGL Background Thread 1 ] DEBUG GameApplicationServi - Applying CSS: fxgl_dark.css
13:49:08.886 [FXGL Background Thread 1 ] DEBUG FXGLAssetLoaderServi - Loading from file system: jar:file:/C:/Users/russl/.m2/repository/com/github/almasb/fxgl/11.16/fxgl-11.16.jar!/fxglassets/ui/css/fxgl_dark.css
13:49:08.942 [FXGL Background Thread 1 ] DEBUG GameApplicationServi - Initializing application scenes
13:49:08.986 [FXGL Background Thread 1 ] DEBUG GameWorld            - Game world initialized
13:49:09.059 [FXGL Background Thread 1 ] DEBUG PhysicsWorld         - Physics world initialized: appHeight=800, physics.ppm=50.0
13:49:09.059 [FXGL Background Thread 1 ] DEBUG PhysicsWorld         - Using strategy: BRUTE_FORCE
13:49:09.064 [FXGL Background Thread 1 ] DEBUG GameScene            - Game scene initialized: 1000x800
13:49:09.081 [FXGL Background Thread 1 ] DEBUG FXGL.DefaultMenu     - createMenuBodyGameMenu()
13:49:09.104 [FXGL Background Thread 1 ] DEBUG FXGL.DefaultMenu     - createOptionsMenu()
13:49:09.114 [FXGL Background Thread 1 ] DEBUG FXGLAssetLoaderServi - Loading from file system: jar:file:/C:/Users/russl/.m2/repository/com/github/almasb/fxgl/11.16/fxgl-11.16.jar!/fxglassets/textures/particles/smoke.png
13:49:09.222 [FXGL Background Thread 1 ] DEBUG FXGLAssetLoaderServi - Loading from file system: jar:file:/C:/Users/russl/.m2/repository/com/github/almasb/fxgl/11.16/fxgl-11.16.jar!/fxglassets/textures/particles/trace_horizontal.png
13:49:09.260 [FXGL Background Thread 1 ] DEBUG GameApplicationServi - Application scenes initialized
13:49:09.272 [FXGL Background Thread 1 ] DEBUG SystemBundleService  - Loading FXGL system data
13:49:09.276 [FXGL Background Thread 1 ] DEBUG FileSystemAccess     - Reading from: C:\Users\russl\IdeaProjects\cloudHopper\system\fxgl.bundle
13:49:09.282 [FXGL Background Thread 1 ] DEBUG SystemBundleService  - Bundle FXGL: {}
13:49:09.283 [FXGL Background Thread 1 ] DEBUG UpdaterService       - Checking for updates
13:49:09.288 [FXGL Background Thread 4 ] DEBUG FXGLApplication      - Loading fonts
13:49:09.288 [FXGL Background Thread 1 ] DEBUG FXGLApplication      - Loading default localization
13:49:09.288 [FXGL Background Thread 4 ] DEBUG FXGLAssetLoaderServi - Loading from file system: jar:file:/C:/Users/russl/.m2/repository/com/github/almasb/fxgl/11.16/fxgl-11.16.jar!/fxglassets/ui/fonts/VarelaRound-Regular.ttf
13:49:09.289 [FXGL Background Thread 1 ] DEBUG FXGLAssetLoaderServi - Loading from file system: jar:file:/C:/Users/russl/.m2/repository/com/github/almasb/fxgl/11.16/fxgl-11.16.jar!/fxglassets/languages/english.lang
13:49:09.312 [FXGL Background Thread 1 ] INFO  FXGLApplication      - FXGL initialization took: 0.478 sec
13:49:09.327 [JavaFX Application Thread] DEBUG Input                - Registered new binding: action0 - A
13:49:09.327 [JavaFX Application Thread] DEBUG Input                - Registered new binding: action1 - D
13:49:09.328 [JavaFX Application Thread] DEBUG Input                - Registered new binding: action2 - Space
13:49:09.329 [JavaFX Application Thread] DEBUG Input                - Registered new binding: action3 - W
13:49:09.330 [JavaFX Application Thread] DEBUG Input                - Registered new binding: action4 - S
13:49:09.330 [JavaFX Application Thread] DEBUG FXGLAssetLoaderServi - Loading from file system: jar:file:/C:/Users/russl/.m2/repository/com/github/almasb/fxgl/11.16/fxgl-11.16.jar!/fxglassets/textures/fxgl_icon.png
13:49:09.335 [FXGL Background Thread 4 ] DEBUG FXGLAssetLoaderServi - Loading from file system: jar:file:/C:/Users/russl/.m2/repository/com/github/almasb/fxgl/11.16/fxgl-11.16.jar!/fxglassets/ui/fonts/Abel-Regular.ttf
13:49:09.339 [FXGL Background Thread 4 ] DEBUG FXGLAssetLoaderServi - Loading from file system: jar:file:/C:/Users/russl/.m2/repository/com/github/almasb/fxgl/11.16/fxgl-11.16.jar!/fxglassets/ui/fonts/lucida_console.ttf
13:49:09.345 [FXGL Background Thread 4 ] DEBUG FXGLAssetLoaderServi - Loading from file system: jar:file:/C:/Users/russl/.m2/repository/com/github/almasb/fxgl/11.16/fxgl-11.16.jar!/fxglassets/ui/fonts/Courier-Prime.ttf
13:49:09.358 [JavaFX Application Thread] DEBUG FXGLAssetLoaderServi - Loading from file system: jar:file:/C:/Users/russl/.m2/repository/com/github/almasb/fxgl/11.16/fxgl-11.16.jar!/fxglassets/textures/fxgl_default_cursor.png
13:49:09.361 [JavaFX Application Thread] DEBUG Input                - Registered new binding: Screenshot - CTRL+8
13:49:09.362 [JavaFX Application Thread] DEBUG Input                - Registered new binding: System info dump - CTRL+9
13:49:09.362 [JavaFX Application Thread] DEBUG Input                - Registered new binding: Restart - CTRL+R
13:49:09.363 [JavaFX Application Thread] DEBUG Input                - Registered new binding: Toggle Debug Camera - CTRL+C
13:49:09.365 [JavaFX Application Thread] DEBUG LoopRunner           - Starting loop
13:49:09.366 [JavaFX Application Thread] DEBUG LoopRunner           - Initializing JavaFX AnimationTimerLoop
13:49:09.368 [JavaFX Application Thread] DEBUG GameApplicationServi - Starting new game
13:49:09.368 [JavaFX Application Thread] DEBUG Input                - Clearing active input actions
13:49:09.382 [JavaFX Application Thread] DEBUG GameApplicationServi - Removing overlay from FXGLStartupScene and adding to FXGLLoadingScene
13:49:09.383 [JavaFX Application Thread] DEBUG PrimaryStageWindow   - FXGLStartupScene -> FXGLLoadingScene
13:49:09.383 [JavaFX Application Thread] DEBUG GameApplicationServi - Clearing previous game
13:49:09.383 [JavaFX Application Thread] DEBUG GameScene            - Clearing game scene
13:49:09.383 [JavaFX Application Thread] DEBUG GameWorld            - Clearing game world
13:49:09.384 [JavaFX Application Thread] DEBUG PhysicsWorld         - Clearing physics world
13:49:09.386 [JavaFX Application Thread] DEBUG FXGLApplication      - Registering font factories with UI factory
13:49:09.385 [FXGL Background Thread 4 ] DEBUG FXGLApplication      - Initializing game
13:49:09.440 [FXGL Background Thread 4 ] WARN  TMXLevelLoader       - TiledMap generated from 1.7.1. Supported version: 1.2.3. Some features may not be parsed fully.
13:49:09.494 [FXGL Background Thread 4 ] DEBUG TMXLevelLoader       - Parsed TiledMap: file:/C:/Users/russl/IdeaProjects/cloudHopper/target/classes/assets/levels/level1.tmx
13:49:09.495 [FXGL Background Thread 4 ] DEBUG TMXLevelLoader       - Creating tile layer entities
13:49:09.496 [FXGL Background Thread 4 ] DEBUG TilesetLoader        - Loading view for layer Tile Layer 1
13:49:09.554 [FXGL Background Thread 4 ] DEBUG TilesetLoader        - Created buffer with size 20480.0x1280.0
13:49:09.647 [FXGL Background Thread 4 ] DEBUG TMXLevelLoader       - Creating object layer entities
13:49:09.673 [FXGL Background Thread 4 ] DEBUG FXGLAssetLoaderServi - Loading from file system: file:/C:/Users/russl/IdeaProjects/cloudHopper/target/classes/assets/textures/crate.png
13:49:09.688 [FXGL Background Thread 4 ] DEBUG FXGLAssetLoaderServi - Loading from file system: file:/C:/Users/russl/IdeaProjects/cloudHopper/target/classes/assets/textures/StoneBlock.png
13:49:09.694 [FXGL Background Thread 4 ] DEBUG FXGLAssetLoaderServi - Loading from file system: file:/C:/Users/russl/IdeaProjects/cloudHopper/target/classes/assets/textures/characters_packed.png
13:49:09.723 [FXGL Background Thread 4 ] DEBUG FXGLAssetLoaderServi - Loading from file system: file:/C:/Users/russl/IdeaProjects/cloudHopper/target/classes/assets/textures/keyAnimation.png
13:49:09.745 [FXGL Background Thread 4 ] DEBUG FXGLAssetLoaderServi - Loading from file system: file:/C:/Users/russl/IdeaProjects/cloudHopper/target/classes/assets/textures/starAnimation.png
13:49:09.761 [FXGL Background Thread 4 ] DEBUG FXGLAssetLoaderServi - Loading from file system: file:/C:/Users/russl/IdeaProjects/cloudHopper/target/classes/assets/textures/button_pressed.png
13:49:09.762 [FXGL Background Thread 4 ] DEBUG FXGLAssetLoaderServi - Loading from file system: file:/C:/Users/russl/IdeaProjects/cloudHopper/target/classes/assets/textures/button.png
13:49:09.772 [FXGL Background Thread 4 ] DEBUG GameWorld            - Clearing removable entities
13:49:09.772 [FXGL Background Thread 4 ] DEBUG GameWorld            - Setting level: com.almasb.fxgl.entity.level.Level@3e2f20aa
13:49:09.794 [FXGL Background Thread 4 ] DEBUG FXGLAssetLoaderServi - Loading from file system: file:/C:/Users/russl/IdeaProjects/cloudHopper/target/classes/assets/textures/single.png
13:49:09.797 [FXGL Background Thread 4 ] DEBUG FXGLAssetLoaderServi - Loading from file system: file:/C:/Users/russl/IdeaProjects/cloudHopper/target/classes/assets/textures/singlePushing.png
13:49:09.799 [FXGL Background Thread 4 ] WARN  Entity               - Entity already has component: com.almasb.fxgl.entity.components.CollidableComponent
13:49:09.800 [FXGL Background Thread 4 ] DEBUG FXGLAssetLoaderServi - Loading from file system: file:/C:/Users/russl/IdeaProjects/cloudHopper/target/classes/assets/textures/z-2.png
13:49:09.828 [FXGL Background Thread 4 ] WARN  GameWorld            - Entity is already attached to world
13:49:09.828 [FXGL Background Thread 4 ] DEBUG FXGLAssetLoaderServi - Loading from file system: file:/C:/Users/russl/IdeaProjects/cloudHopper/target/classes/assets/textures/z-1.png
13:49:09.862 [FXGL Background Thread 4 ] WARN  GameWorld            - Entity is already attached to world
13:49:09.872 [FXGL Background Thread 4 ] DEBUG FXGLAssetLoaderServi - Loading from file system: file:/C:/Users/russl/IdeaProjects/cloudHopper/target/classes/assets/textures/hearts.png
13:49:09.874 [FXGL Background Thread 4 ] INFO  FXGLApplication      - Game initialization took: 0.489 sec
13:49:09.875 [JavaFX Application Thread] DEBUG Input                - Clearing active input actions
13:49:09.892 [JavaFX Application Thread] DEBUG GameApplicationServi - Removing overlay from FXGLLoadingScene and adding to GameScene
13:49:09.892 [JavaFX Application Thread] DEBUG PrimaryStageWindow   - FXGLLoadingScene -> GameScene
13:49:10.455 [FXGL Background Thread 2 ] INFO  UpdaterService       - Your current version:  11.16
13:49:10.456 [FXGL Background Thread 2 ] INFO  UpdaterService       - Latest stable version: 11.17
13:49:12.288 [FXGL Background Thread 3 ] DEBUG Engine               - Logging environment variables
13:49:12.289 [FXGL Background Thread 3 ] DEBUG Engine               - achievements: []
13:49:12.289 [FXGL Background Thread 3 ] DEBUG Engine               - actualHeight: 800.0
13:49:12.289 [FXGL Background Thread 3 ] DEBUG Engine               - actualHeightProperty: ReadOnlyDoubleProperty [value: 800.0]
13:49:12.289 [FXGL Background Thread 3 ] DEBUG Engine               - actualWidth: 1000.0
13:49:12.290 [FXGL Background Thread 3 ] DEBUG Engine               - actualWidthProperty: ReadOnlyDoubleProperty [value: 1000.0]
13:49:12.290 [FXGL Background Thread 3 ] DEBUG Engine               - appIcon: fxgl_icon.png
13:49:12.290 [FXGL Background Thread 3 ] DEBUG Engine               - applicationMode: DEVELOPER
13:49:12.290 [FXGL Background Thread 3 ] DEBUG Engine               - cSSList: [fxgl_dark.css]
13:49:12.290 [FXGL Background Thread 3 ] DEBUG Engine               - collisionDetectionStrategy: BRUTE_FORCE
13:49:12.290 [FXGL Background Thread 3 ] DEBUG Engine               - configClass: Optional.empty
13:49:12.291 [FXGL Background Thread 3 ] DEBUG Engine               - credits: []
13:49:12.291 [FXGL Background Thread 3 ] DEBUG Engine               - defaultCursor: CursorInfo(imageName=fxgl_default_cursor.png, hotspotX=7.0, hotspotY=6.0)
13:49:12.291 [FXGL Background Thread 3 ] DEBUG Engine               - devBBoxColorProperty: ObjectProperty [value: 0xff0000ff]
13:49:12.292 [FXGL Background Thread 3 ] DEBUG Engine               - devEnableDebugCameraProperty: BooleanProperty [value: false]
13:49:12.292 [FXGL Background Thread 3 ] DEBUG Engine               - devSensorColorProperty: ObjectProperty [value: 0xffff00ff]
13:49:12.292 [FXGL Background Thread 3 ] DEBUG Engine               - devShowBBoxProperty: BooleanProperty [value: false]
13:49:12.292 [FXGL Background Thread 3 ] DEBUG Engine               - devShowPositionProperty: BooleanProperty [value: false]
13:49:12.293 [FXGL Background Thread 3 ] DEBUG Engine               - enabledMenuItems: []
13:49:12.293 [FXGL Background Thread 3 ] DEBUG Engine               - engineServices: [class com.almasb.fxgl.app.services.FXGLAssetLoaderService, class com.almasb.fxgl.app.FXGLApplication$GameApplicationService, class com.almasb.fxgl.app.services.FXGLDialogService, class com.almasb.fxgl.app.services.IOTaskExecutorService, class com.almasb.fxgl.io.FileSystemService, class com.almasb.fxgl.localization.LocalizationService, class com.almasb.fxgl.app.services.SystemBundleService, class com.almasb.fxgl.profile.SaveLoadService, class com.almasb.fxgl.ui.FXGLUIFactoryServiceProvider, class com.almasb.fxgl.ui.FXGLDialogFactoryServiceProvider, class com.almasb.fxgl.audio.AudioPlayer, class com.almasb.fxgl.notification.impl.NotificationServiceProvider, class com.almasb.fxgl.achievement.AchievementService, class com.almasb.fxgl.cutscene.CutsceneService, class com.almasb.fxgl.minigames.MiniGameService, class com.almasb.fxgl.net.NetService, class com.almasb.fxgl.app.services.UpdaterService, class com.almasb.fxgl.dev.DevService]
13:49:12.293 [FXGL Background Thread 3 ] DEBUG Engine               - fontGame: Abel-Regular.ttf
13:49:12.293 [FXGL Background Thread 3 ] DEBUG Engine               - fontMono: lucida_console.ttf
13:49:12.294 [FXGL Background Thread 3 ] DEBUG Engine               - fontText: Courier-Prime.ttf
13:49:12.294 [FXGL Background Thread 3 ] DEBUG Engine               - fontUI: VarelaRound-Regular.ttf
13:49:12.294 [FXGL Background Thread 3 ] DEBUG Engine               - fullScreen: BooleanProperty [value: false]
13:49:12.294 [FXGL Background Thread 3 ] DEBUG Engine               - gameDifficulty: MEDIUM
13:49:12.294 [FXGL Background Thread 3 ] DEBUG Engine               - gameDifficultyProperty: ObjectProperty [value: MEDIUM]
13:49:12.295 [FXGL Background Thread 3 ] DEBUG Engine               - globalMusicVolume: 0.5
13:49:12.295 [FXGL Background Thread 3 ] DEBUG Engine               - globalMusicVolumeProperty: DoubleProperty [value: 0.5]
13:49:12.295 [FXGL Background Thread 3 ] DEBUG Engine               - globalSoundVolume: 0.5
13:49:12.296 [FXGL Background Thread 3 ] DEBUG Engine               - globalSoundVolumeProperty: DoubleProperty [value: 0.5]
13:49:12.296 [FXGL Background Thread 3 ] DEBUG Engine               - height: 800
13:49:12.296 [FXGL Background Thread 3 ] DEBUG Engine               - is3D: false
13:49:12.296 [FXGL Background Thread 3 ] DEBUG Engine               - isAndroid: false
13:49:12.296 [FXGL Background Thread 3 ] DEBUG Engine               - isBrowser: false
13:49:12.296 [FXGL Background Thread 3 ] DEBUG Engine               - isClickFeedbackEnabled: false
13:49:12.297 [FXGL Background Thread 3 ] DEBUG Engine               - isCloseConfirmation: false
13:49:12.297 [FXGL Background Thread 3 ] DEBUG Engine               - isDesktop: true
13:49:12.297 [FXGL Background Thread 3 ] DEBUG Engine               - isDeveloperMenuEnabled: false
13:49:12.297 [FXGL Background Thread 3 ] DEBUG Engine               - isEntityPreloadEnabled: true
13:49:12.297 [FXGL Background Thread 3 ] DEBUG Engine               - isExperimentalTiledLargeMap: false
13:49:12.297 [FXGL Background Thread 3 ] DEBUG Engine               - isFileSystemWriteAllowed: true
13:49:12.298 [FXGL Background Thread 3 ] DEBUG Engine               - isFullScreenAllowed: false
13:49:12.298 [FXGL Background Thread 3 ] DEBUG Engine               - isFullScreenFromStart: false
13:49:12.298 [FXGL Background Thread 3 ] DEBUG Engine               - isGameMenuEnabled: true
13:49:12.298 [FXGL Background Thread 3 ] DEBUG Engine               - isIOS: false
13:49:12.298 [FXGL Background Thread 3 ] DEBUG Engine               - isIntroEnabled: false
13:49:12.299 [FXGL Background Thread 3 ] DEBUG Engine               - isLinux: false
13:49:12.299 [FXGL Background Thread 3 ] DEBUG Engine               - isMac: false
13:49:12.299 [FXGL Background Thread 3 ] DEBUG Engine               - isMainMenuEnabled: false
13:49:12.299 [FXGL Background Thread 3 ] DEBUG Engine               - isManualResizeEnabled: false
13:49:12.299 [FXGL Background Thread 3 ] DEBUG Engine               - isMobile: false
13:49:12.299 [FXGL Background Thread 3 ] DEBUG Engine               - isNative: false
13:49:12.300 [FXGL Background Thread 3 ] DEBUG Engine               - isPreserveResizeRatio: false
13:49:12.300 [FXGL Background Thread 3 ] DEBUG Engine               - isProfilingEnabled: false
13:49:12.300 [FXGL Background Thread 3 ] DEBUG Engine               - isScaleAffectedOnResize: true
13:49:12.300 [FXGL Background Thread 3 ] DEBUG Engine               - isSingleStep: false
13:49:12.300 [FXGL Background Thread 3 ] DEBUG Engine               - isUserProfileEnabled: false
13:49:12.300 [FXGL Background Thread 3 ] DEBUG Engine               - isWindows: true
13:49:12.300 [FXGL Background Thread 3 ] DEBUG Engine               - language: ObjectProperty [value: ENGLISH]
13:49:12.301 [FXGL Background Thread 3 ] DEBUG Engine               - menuKey: ESCAPE
13:49:12.301 [FXGL Background Thread 3 ] DEBUG Engine               - mouseSensitivity: 0.2
13:49:12.301 [FXGL Background Thread 3 ] DEBUG Engine               - notificationViewClass: class com.almasb.fxgl.notification.view.XboxNotificationView
13:49:12.301 [FXGL Background Thread 3 ] DEBUG Engine               - pixelsPerMeter: 50.0
13:49:12.302 [FXGL Background Thread 3 ] DEBUG Engine               - platform: WINDOWS
13:49:12.302 [FXGL Background Thread 3 ] DEBUG Engine               - prefHeightProperty: ReadOnlyDoubleProperty [value: 800.0]
13:49:12.302 [FXGL Background Thread 3 ] DEBUG Engine               - prefWidthProperty: ReadOnlyDoubleProperty [value: 1000.0]
13:49:12.302 [FXGL Background Thread 3 ] DEBUG Engine               - profileDir: profiles/
13:49:12.302 [FXGL Background Thread 3 ] DEBUG Engine               - profileName: StringProperty [value: DEFAULT]
13:49:12.303 [FXGL Background Thread 3 ] DEBUG Engine               - randomSeed: -1
13:49:12.303 [FXGL Background Thread 3 ] DEBUG Engine               - runtimeInfo: RuntimeInfo(platform=WINDOWS, version=11.16, build=25.05.2021 08.16)
13:49:12.303 [FXGL Background Thread 3 ] DEBUG Engine               - saveFileExt: sav
13:49:12.303 [FXGL Background Thread 3 ] DEBUG Engine               - scaledHeightProp$fxgl: DoubleProperty [bound, value: 800.0]
13:49:12.304 [FXGL Background Thread 3 ] DEBUG Engine               - scaledWidthProp$fxgl: DoubleProperty [bound, value: 1000.0]
13:49:12.304 [FXGL Background Thread 3 ] DEBUG Engine               - sceneFactory: com.almasb.fxgl.app.scene.SceneFactory@5e3de641
13:49:12.304 [FXGL Background Thread 3 ] DEBUG Engine               - secondsIn24h: 60
13:49:12.305 [FXGL Background Thread 3 ] DEBUG Engine               - soundMenuBack: menu/back.wav
13:49:12.305 [FXGL Background Thread 3 ] DEBUG Engine               - soundMenuPress: menu/press.wav
13:49:12.305 [FXGL Background Thread 3 ] DEBUG Engine               - soundMenuSelect: menu/select.wav
13:49:12.305 [FXGL Background Thread 3 ] DEBUG Engine               - soundNotification: core/notification.wav
13:49:12.305 [FXGL Background Thread 3 ] DEBUG Engine               - stageStyle: DECORATED
13:49:12.305 [FXGL Background Thread 3 ] DEBUG Engine               - supportedLanguages: [ENGLISH, FRENCH, GERMAN, HUNGARIAN, RUSSIAN]
13:49:12.306 [FXGL Background Thread 3 ] DEBUG Engine               - ticksPerSecond: -1
13:49:12.306 [FXGL Background Thread 3 ] DEBUG Engine               - title: Cloud Hopper
13:49:12.306 [FXGL Background Thread 3 ] DEBUG Engine               - urlGithub: https://github.com/AlmasB/FXGL
13:49:12.306 [FXGL Background Thread 3 ] DEBUG Engine               - urlLeaderboard: http://fxgl-top.herokuapp.com/
13:49:12.306 [FXGL Background Thread 3 ] DEBUG Engine               - urlPOM: https://raw.githubusercontent.com/AlmasB/FXGL/release/README.md
13:49:12.306 [FXGL Background Thread 3 ] DEBUG Engine               - userAppClass: class com.cloudHopper.PlatformerApp
13:49:12.306 [FXGL Background Thread 3 ] DEBUG Engine               - version: 0.1
13:49:12.307 [FXGL Background Thread 3 ] DEBUG Engine               - versionCheckDays: 7
13:49:12.307 [FXGL Background Thread 3 ] DEBUG Engine               - width: 1000
13:49:12.307 [FXGL Background Thread 3 ] DEBUG Engine               - Logging services
13:49:12.307 [FXGL Background Thread 3 ] DEBUG Engine               - class com.almasb.fxgl.app.services.FXGLAssetLoaderService
13:49:12.307 [FXGL Background Thread 3 ] DEBUG Engine               - class com.almasb.fxgl.app.FXGLApplication$GameApplicationService
13:49:12.308 [FXGL Background Thread 3 ] DEBUG Engine               - class com.almasb.fxgl.app.services.FXGLDialogService
13:49:12.308 [FXGL Background Thread 3 ] DEBUG Engine               - class com.almasb.fxgl.app.services.IOTaskExecutorService
13:49:12.308 [FXGL Background Thread 3 ] DEBUG Engine               - class com.almasb.fxgl.io.FileSystemService
13:49:12.308 [FXGL Background Thread 3 ] DEBUG Engine               - class com.almasb.fxgl.localization.LocalizationService
13:49:12.308 [FXGL Background Thread 3 ] DEBUG Engine               - class com.almasb.fxgl.app.services.SystemBundleService
13:49:12.308 [FXGL Background Thread 3 ] DEBUG Engine               - class com.almasb.fxgl.profile.SaveLoadService
13:49:12.309 [FXGL Background Thread 3 ] DEBUG Engine               - class com.almasb.fxgl.ui.FXGLUIFactoryServiceProvider
13:49:12.309 [FXGL Background Thread 3 ] DEBUG Engine               - class com.almasb.fxgl.ui.FXGLDialogFactoryServiceProvider
13:49:12.309 [FXGL Background Thread 3 ] DEBUG Engine               - class com.almasb.fxgl.audio.AudioPlayer
13:49:12.309 [FXGL Background Thread 3 ] DEBUG Engine               - class com.almasb.fxgl.notification.impl.NotificationServiceProvider
13:49:12.309 [FXGL Background Thread 3 ] DEBUG Engine               - class com.almasb.fxgl.achievement.AchievementService
13:49:12.309 [FXGL Background Thread 3 ] DEBUG Engine               - class com.almasb.fxgl.cutscene.CutsceneService
13:49:12.309 [FXGL Background Thread 3 ] DEBUG Engine               - class com.almasb.fxgl.minigames.MiniGameService
13:49:12.310 [FXGL Background Thread 3 ] DEBUG Engine               - class com.almasb.fxgl.net.NetService
13:49:12.310 [FXGL Background Thread 3 ] DEBUG Engine               - class com.almasb.fxgl.app.services.UpdaterService
13:49:12.310 [FXGL Background Thread 3 ] DEBUG Engine               - class com.almasb.fxgl.dev.DevService
13:49:15.197 [JavaFX Application Thread] DEBUG FXGLAssetLoaderServi - Loading from file system: file:/C:/Users/russl/IdeaProjects/cloudHopper/target/classes/assets/textures/key.png
13:49:59.821 [JavaFX Application Thread] DEBUG FXGLApplication      - Exiting FXGL
13:49:59.821 [JavaFX Application Thread] DEBUG LoopRunner           - Stopping loop
13:49:59.821 [JavaFX Application Thread] DEBUG SystemBundleService  - Saving FXGL system data
13:49:59.823 [JavaFX Application Thread] DEBUG FileSystemAccess     - Writing to: C:\Users\russl\IdeaProjects\cloudHopper\system\fxgl.bundle
13:49:59.824 [JavaFX Application Thread] DEBUG Async                - Shutting down background threads
13:49:59.824 [JavaFX Application Thread] DEBUG PrimaryStageWindow   - Closing main window
13:49:59.833 [JavaFX Application Thread] DEBUG Logger               - Closing Logger
