21:01:37.144 [main                     ] DEBUG Logger               - Configured Logger
21:01:37.153 [main                     ] DEBUG GameApplication      - Logging settings
Title: Cloud Hopper
Version: 0.1
Width: 1000
Height: 800
Fullscreen: false
Intro: false
Profiling: false
Single step:false
App Mode: DEVELOPER
Menu Key: ESCAPE
Stage Style: DECORATED
Scene Factory: class com.almasb.fxgl.app.scene.SceneFactory

21:01:37.712 [JavaFX Application Thread] DEBUG FXGLApplication      - Initializing FXGL
21:01:37.715 [JavaFX Application Thread] INFO  Engine               - FXGL-11.16 (25.05.2021 08.16) on WINDOWS (J:16 FX:16)
21:01:37.716 [JavaFX Application Thread] DEBUG Engine               - JRE Vendor Name: Oracle Corporation
21:01:37.716 [JavaFX Application Thread] DEBUG Engine               - Running on OS: Windows 10 version 10.0
21:01:37.716 [JavaFX Application Thread] DEBUG Engine               - Architecture: amd64
21:01:37.717 [JavaFX Application Thread] INFO  Engine               - Source code and latest versions at: https://github.com/AlmasB/FXGL
21:01:37.717 [JavaFX Application Thread] INFO  Engine               -              Join the FXGL chat at: https://gitter.im/AlmasB/FXGL
21:01:37.889 [JavaFX Application Thread] DEBUG PrimaryStageWindow   - Creating a JavaFX scene
21:01:37.951 [JavaFX Application Thread] DEBUG PrimaryStageWindow   - Target settings size: 1000.0 x 800.0
21:01:37.951 [JavaFX Application Thread] DEBUG PrimaryStageWindow   - Scaled scene size:    1000.0 x 800.0
21:01:37.951 [JavaFX Application Thread] DEBUG PrimaryStageWindow   - Scaled ratio: (1.0, 1.0)
21:01:37.953 [JavaFX Application Thread] DEBUG PrimaryStageWindow   - Set initial scene to FXGLStartupScene
21:01:37.963 [JavaFX Application Thread] DEBUG PrimaryStageWindow   - Opening main window
21:01:38.069 [JavaFX Application Thread] DEBUG PrimaryStageWindow   - Window border size: (16.0, 39.0)
21:01:38.070 [JavaFX Application Thread] DEBUG PrimaryStageWindow   - Scaled size: 1000.0 x 800.0
21:01:38.070 [JavaFX Application Thread] DEBUG PrimaryStageWindow   - Scaled ratio: (1.0, 1.0)
21:01:38.070 [JavaFX Application Thread] DEBUG PrimaryStageWindow   - Scene size: 1000.0 x 800.0
21:01:38.070 [JavaFX Application Thread] DEBUG PrimaryStageWindow   - Stage size: 1016.0 x 839.0
21:01:38.079 [FXGL Background Thread 1 ] DEBUG Engine               - Initializing environment variables
21:01:38.135 [FXGL Background Thread 1 ] DEBUG FXGLAssetLoaderServi - User app class for loading assets: class com.cloudHopper.PlatformerApp
21:01:38.135 [FXGL Background Thread 1 ] DEBUG GameApplicationServi - Applying CSS: fxgl_dark.css
21:01:38.136 [FXGL Background Thread 1 ] DEBUG FXGLAssetLoaderServi - Loading from file system: jar:file:/C:/Users/russl/.m2/repository/com/github/almasb/fxgl/11.16/fxgl-11.16.jar!/fxglassets/ui/css/fxgl_dark.css
21:01:38.188 [FXGL Background Thread 1 ] DEBUG GameApplicationServi - Initializing application scenes
21:01:38.236 [FXGL Background Thread 1 ] DEBUG GameWorld            - Game world initialized
21:01:38.304 [FXGL Background Thread 1 ] DEBUG PhysicsWorld         - Physics world initialized: appHeight=800, physics.ppm=50.0
21:01:38.305 [FXGL Background Thread 1 ] DEBUG PhysicsWorld         - Using strategy: BRUTE_FORCE
21:01:38.308 [FXGL Background Thread 1 ] DEBUG GameScene            - Game scene initialized: 1000x800
21:01:38.325 [FXGL Background Thread 1 ] DEBUG FXGL.DefaultMenu     - createMenuBodyGameMenu()
21:01:38.345 [FXGL Background Thread 1 ] DEBUG FXGL.DefaultMenu     - createOptionsMenu()
21:01:38.354 [FXGL Background Thread 1 ] DEBUG FXGLAssetLoaderServi - Loading from file system: jar:file:/C:/Users/russl/.m2/repository/com/github/almasb/fxgl/11.16/fxgl-11.16.jar!/fxglassets/textures/particles/smoke.png
21:01:38.463 [FXGL Background Thread 1 ] DEBUG FXGLAssetLoaderServi - Loading from file system: jar:file:/C:/Users/russl/.m2/repository/com/github/almasb/fxgl/11.16/fxgl-11.16.jar!/fxglassets/textures/particles/trace_horizontal.png
21:01:38.503 [FXGL Background Thread 1 ] DEBUG GameApplicationServi - Application scenes initialized
21:01:38.514 [FXGL Background Thread 1 ] DEBUG SystemBundleService  - Loading FXGL system data
21:01:38.517 [FXGL Background Thread 1 ] DEBUG FileSystemAccess     - Reading from: C:\Users\russl\IdeaProjects\cloudHopper\system\fxgl.bundle
21:01:38.523 [FXGL Background Thread 1 ] DEBUG SystemBundleService  - Bundle FXGL: {}
21:01:38.523 [FXGL Background Thread 1 ] DEBUG UpdaterService       - Checking for updates
21:01:38.528 [FXGL Background Thread 4 ] DEBUG FXGLApplication      - Loading fonts
21:01:38.528 [FXGL Background Thread 1 ] DEBUG FXGLApplication      - Loading default localization
21:01:38.528 [FXGL Background Thread 4 ] DEBUG FXGLAssetLoaderServi - Loading from file system: jar:file:/C:/Users/russl/.m2/repository/com/github/almasb/fxgl/11.16/fxgl-11.16.jar!/fxglassets/ui/fonts/VarelaRound-Regular.ttf
21:01:38.529 [FXGL Background Thread 1 ] DEBUG FXGLAssetLoaderServi - Loading from file system: jar:file:/C:/Users/russl/.m2/repository/com/github/almasb/fxgl/11.16/fxgl-11.16.jar!/fxglassets/languages/english.lang
21:01:38.551 [FXGL Background Thread 1 ] INFO  FXGLApplication      - FXGL initialization took: 0.472 sec
21:01:38.564 [JavaFX Application Thread] DEBUG Input                - Registered new binding: action0 - A
21:01:38.565 [JavaFX Application Thread] DEBUG Input                - Registered new binding: action1 - D
21:01:38.566 [JavaFX Application Thread] DEBUG Input                - Registered new binding: action2 - Space
21:01:38.566 [JavaFX Application Thread] DEBUG Input                - Registered new binding: action3 - W
21:01:38.567 [JavaFX Application Thread] DEBUG FXGLAssetLoaderServi - Loading from file system: jar:file:/C:/Users/russl/.m2/repository/com/github/almasb/fxgl/11.16/fxgl-11.16.jar!/fxglassets/textures/fxgl_icon.png
21:01:38.579 [FXGL Background Thread 4 ] DEBUG FXGLAssetLoaderServi - Loading from file system: jar:file:/C:/Users/russl/.m2/repository/com/github/almasb/fxgl/11.16/fxgl-11.16.jar!/fxglassets/ui/fonts/Abel-Regular.ttf
21:01:38.583 [FXGL Background Thread 4 ] DEBUG FXGLAssetLoaderServi - Loading from file system: jar:file:/C:/Users/russl/.m2/repository/com/github/almasb/fxgl/11.16/fxgl-11.16.jar!/fxglassets/ui/fonts/lucida_console.ttf
21:01:38.593 [JavaFX Application Thread] DEBUG FXGLAssetLoaderServi - Loading from file system: jar:file:/C:/Users/russl/.m2/repository/com/github/almasb/fxgl/11.16/fxgl-11.16.jar!/fxglassets/textures/fxgl_default_cursor.png
21:01:38.596 [JavaFX Application Thread] DEBUG Input                - Registered new binding: Screenshot - CTRL+8
21:01:38.596 [JavaFX Application Thread] DEBUG Input                - Registered new binding: System info dump - CTRL+9
21:01:38.597 [FXGL Background Thread 4 ] DEBUG FXGLAssetLoaderServi - Loading from file system: jar:file:/C:/Users/russl/.m2/repository/com/github/almasb/fxgl/11.16/fxgl-11.16.jar!/fxglassets/ui/fonts/Courier-Prime.ttf
21:01:38.598 [JavaFX Application Thread] DEBUG Input                - Registered new binding: Restart - CTRL+R
21:01:38.599 [JavaFX Application Thread] DEBUG Input                - Registered new binding: Toggle Debug Camera - CTRL+C
21:01:38.603 [JavaFX Application Thread] DEBUG LoopRunner           - Starting loop
21:01:38.604 [JavaFX Application Thread] DEBUG LoopRunner           - Initializing JavaFX AnimationTimerLoop
21:01:38.606 [JavaFX Application Thread] DEBUG GameApplicationServi - Starting new game
21:01:38.607 [JavaFX Application Thread] DEBUG Input                - Clearing active input actions
21:01:38.622 [JavaFX Application Thread] DEBUG GameApplicationServi - Removing overlay from FXGLStartupScene and adding to FXGLLoadingScene
21:01:38.622 [JavaFX Application Thread] DEBUG PrimaryStageWindow   - FXGLStartupScene -> FXGLLoadingScene
21:01:38.622 [JavaFX Application Thread] DEBUG GameApplicationServi - Clearing previous game
21:01:38.622 [JavaFX Application Thread] DEBUG GameScene            - Clearing game scene
21:01:38.623 [JavaFX Application Thread] DEBUG GameWorld            - Clearing game world
21:01:38.623 [JavaFX Application Thread] DEBUG PhysicsWorld         - Clearing physics world
21:01:38.625 [JavaFX Application Thread] DEBUG FXGLApplication      - Registering font factories with UI factory
21:01:38.625 [FXGL Background Thread 4 ] DEBUG FXGLApplication      - Initializing game
21:01:38.678 [FXGL Background Thread 4 ] WARN  TMXLevelLoader       - TiledMap generated from 1.7.1. Supported version: 1.2.3. Some features may not be parsed fully.
21:01:38.728 [FXGL Background Thread 4 ] DEBUG TMXLevelLoader       - Parsed TiledMap: file:/C:/Users/russl/IdeaProjects/cloudHopper/target/classes/assets/levels/level1.tmx
21:01:38.730 [FXGL Background Thread 4 ] DEBUG TMXLevelLoader       - Creating tile layer entities
21:01:38.732 [FXGL Background Thread 4 ] DEBUG TilesetLoader        - Loading view for layer Tile Layer 1
21:01:38.785 [FXGL Background Thread 4 ] DEBUG TilesetLoader        - Created buffer with size 20480.0x1280.0
21:01:38.883 [FXGL Background Thread 4 ] DEBUG TMXLevelLoader       - Creating object layer entities
21:01:38.904 [FXGL Background Thread 4 ] DEBUG FXGLAssetLoaderServi - Loading from file system: file:/C:/Users/russl/IdeaProjects/cloudHopper/target/classes/assets/textures/crate.png
21:01:38.919 [FXGL Background Thread 4 ] DEBUG FXGLAssetLoaderServi - Loading from file system: file:/C:/Users/russl/IdeaProjects/cloudHopper/target/classes/assets/textures/StoneBlock.png
21:01:38.928 [FXGL Background Thread 4 ] DEBUG FXGLAssetLoaderServi - Loading from file system: file:/C:/Users/russl/IdeaProjects/cloudHopper/target/classes/assets/textures/characters_packed.png
21:01:38.954 [FXGL Background Thread 4 ] DEBUG FXGLAssetLoaderServi - Loading from file system: file:/C:/Users/russl/IdeaProjects/cloudHopper/target/classes/assets/textures/keyAnimation.png
21:01:38.978 [FXGL Background Thread 4 ] DEBUG GameWorld            - Clearing removable entities
21:01:38.979 [FXGL Background Thread 4 ] DEBUG GameWorld            - Setting level: com.almasb.fxgl.entity.level.Level@2c83a89c
21:01:38.999 [FXGL Background Thread 4 ] DEBUG FXGLAssetLoaderServi - Loading from file system: file:/C:/Users/russl/IdeaProjects/cloudHopper/target/classes/assets/textures/player_idle.png
21:01:39.000 [FXGL Background Thread 4 ] DEBUG FXGLAssetLoaderServi - Loading from file system: file:/C:/Users/russl/IdeaProjects/cloudHopper/target/classes/assets/textures/player_walking.png
21:01:39.003 [FXGL Background Thread 4 ] DEBUG FXGLAssetLoaderServi - Loading from file system: file:/C:/Users/russl/IdeaProjects/cloudHopper/target/classes/assets/textures/z-7.png
21:01:39.046 [FXGL Background Thread 4 ] WARN  GameWorld            - Entity is already attached to world
21:01:39.047 [FXGL Background Thread 4 ] DEBUG FXGLAssetLoaderServi - Loading from file system: file:/C:/Users/russl/IdeaProjects/cloudHopper/target/classes/assets/textures/z-5.png
21:01:39.094 [FXGL Background Thread 4 ] WARN  GameWorld            - Entity is already attached to world
21:01:39.095 [FXGL Background Thread 4 ] DEBUG FXGLAssetLoaderServi - Loading from file system: file:/C:/Users/russl/IdeaProjects/cloudHopper/target/classes/assets/textures/z-4.png
21:01:39.139 [FXGL Background Thread 4 ] WARN  GameWorld            - Entity is already attached to world
21:01:39.140 [FXGL Background Thread 4 ] DEBUG FXGLAssetLoaderServi - Loading from file system: file:/C:/Users/russl/IdeaProjects/cloudHopper/target/classes/assets/textures/z-3.png
21:01:39.184 [FXGL Background Thread 4 ] WARN  GameWorld            - Entity is already attached to world
21:01:39.185 [FXGL Background Thread 4 ] DEBUG FXGLAssetLoaderServi - Loading from file system: file:/C:/Users/russl/IdeaProjects/cloudHopper/target/classes/assets/textures/z-1.png
21:01:39.229 [FXGL Background Thread 4 ] WARN  GameWorld            - Entity is already attached to world
21:01:39.236 [FXGL Background Thread 4 ] INFO  FXGLApplication      - Game initialization took: 0.611 sec
21:01:39.237 [JavaFX Application Thread] DEBUG Input                - Clearing active input actions
21:01:39.251 [JavaFX Application Thread] DEBUG GameApplicationServi - Removing overlay from FXGLLoadingScene and adding to GameScene
21:01:39.252 [JavaFX Application Thread] DEBUG PrimaryStageWindow   - FXGLLoadingScene -> GameScene
21:01:39.702 [FXGL Background Thread 2 ] INFO  UpdaterService       - Your current version:  11.16
21:01:39.703 [FXGL Background Thread 2 ] INFO  UpdaterService       - Latest stable version: 11.17
21:01:41.527 [FXGL Background Thread 3 ] DEBUG Engine               - Logging environment variables
21:01:41.527 [FXGL Background Thread 3 ] DEBUG Engine               - achievements: []
21:01:41.527 [FXGL Background Thread 3 ] DEBUG Engine               - actualHeight: 800.0
21:01:41.527 [FXGL Background Thread 3 ] DEBUG Engine               - actualHeightProperty: ReadOnlyDoubleProperty [value: 800.0]
21:01:41.527 [FXGL Background Thread 3 ] DEBUG Engine               - actualWidth: 1000.0
21:01:41.527 [FXGL Background Thread 3 ] DEBUG Engine               - actualWidthProperty: ReadOnlyDoubleProperty [value: 1000.0]
21:01:41.528 [FXGL Background Thread 3 ] DEBUG Engine               - appIcon: fxgl_icon.png
21:01:41.528 [FXGL Background Thread 3 ] DEBUG Engine               - applicationMode: DEVELOPER
21:01:41.528 [FXGL Background Thread 3 ] DEBUG Engine               - cSSList: [fxgl_dark.css]
21:01:41.528 [FXGL Background Thread 3 ] DEBUG Engine               - collisionDetectionStrategy: BRUTE_FORCE
21:01:41.528 [FXGL Background Thread 3 ] DEBUG Engine               - configClass: Optional.empty
21:01:41.528 [FXGL Background Thread 3 ] DEBUG Engine               - credits: []
21:01:41.529 [FXGL Background Thread 3 ] DEBUG Engine               - defaultCursor: CursorInfo(imageName=fxgl_default_cursor.png, hotspotX=7.0, hotspotY=6.0)
21:01:41.529 [FXGL Background Thread 3 ] DEBUG Engine               - devBBoxColorProperty: ObjectProperty [value: 0xff0000ff]
21:01:41.529 [FXGL Background Thread 3 ] DEBUG Engine               - devEnableDebugCameraProperty: BooleanProperty [value: false]
21:01:41.529 [FXGL Background Thread 3 ] DEBUG Engine               - devSensorColorProperty: ObjectProperty [value: 0xffff00ff]
21:01:41.529 [FXGL Background Thread 3 ] DEBUG Engine               - devShowBBoxProperty: BooleanProperty [value: false]
21:01:41.529 [FXGL Background Thread 3 ] DEBUG Engine               - devShowPositionProperty: BooleanProperty [value: false]
21:01:41.529 [FXGL Background Thread 3 ] DEBUG Engine               - enabledMenuItems: []
21:01:41.529 [FXGL Background Thread 3 ] DEBUG Engine               - engineServices: [class com.almasb.fxgl.app.services.FXGLAssetLoaderService, class com.almasb.fxgl.app.FXGLApplication$GameApplicationService, class com.almasb.fxgl.app.services.FXGLDialogService, class com.almasb.fxgl.app.services.IOTaskExecutorService, class com.almasb.fxgl.io.FileSystemService, class com.almasb.fxgl.localization.LocalizationService, class com.almasb.fxgl.app.services.SystemBundleService, class com.almasb.fxgl.profile.SaveLoadService, class com.almasb.fxgl.ui.FXGLUIFactoryServiceProvider, class com.almasb.fxgl.ui.FXGLDialogFactoryServiceProvider, class com.almasb.fxgl.audio.AudioPlayer, class com.almasb.fxgl.notification.impl.NotificationServiceProvider, class com.almasb.fxgl.achievement.AchievementService, class com.almasb.fxgl.cutscene.CutsceneService, class com.almasb.fxgl.minigames.MiniGameService, class com.almasb.fxgl.net.NetService, class com.almasb.fxgl.app.services.UpdaterService, class com.almasb.fxgl.dev.DevService]
21:01:41.529 [FXGL Background Thread 3 ] DEBUG Engine               - fontGame: Abel-Regular.ttf
21:01:41.529 [FXGL Background Thread 3 ] DEBUG Engine               - fontMono: lucida_console.ttf
21:01:41.530 [FXGL Background Thread 3 ] DEBUG Engine               - fontText: Courier-Prime.ttf
21:01:41.530 [FXGL Background Thread 3 ] DEBUG Engine               - fontUI: VarelaRound-Regular.ttf
21:01:41.530 [FXGL Background Thread 3 ] DEBUG Engine               - fullScreen: BooleanProperty [value: false]
21:01:41.530 [FXGL Background Thread 3 ] DEBUG Engine               - gameDifficulty: MEDIUM
21:01:41.530 [FXGL Background Thread 3 ] DEBUG Engine               - gameDifficultyProperty: ObjectProperty [value: MEDIUM]
21:01:41.530 [FXGL Background Thread 3 ] DEBUG Engine               - globalMusicVolume: 0.5
21:01:41.530 [FXGL Background Thread 3 ] DEBUG Engine               - globalMusicVolumeProperty: DoubleProperty [value: 0.5]
21:01:41.530 [FXGL Background Thread 3 ] DEBUG Engine               - globalSoundVolume: 0.5
21:01:41.530 [FXGL Background Thread 3 ] DEBUG Engine               - globalSoundVolumeProperty: DoubleProperty [value: 0.5]
21:01:41.531 [FXGL Background Thread 3 ] DEBUG Engine               - height: 800
21:01:41.531 [FXGL Background Thread 3 ] DEBUG Engine               - is3D: false
21:01:41.531 [FXGL Background Thread 3 ] DEBUG Engine               - isAndroid: false
21:01:41.531 [FXGL Background Thread 3 ] DEBUG Engine               - isBrowser: false
21:01:41.531 [FXGL Background Thread 3 ] DEBUG Engine               - isClickFeedbackEnabled: false
21:01:41.531 [FXGL Background Thread 3 ] DEBUG Engine               - isCloseConfirmation: false
21:01:41.531 [FXGL Background Thread 3 ] DEBUG Engine               - isDesktop: true
21:01:41.531 [FXGL Background Thread 3 ] DEBUG Engine               - isDeveloperMenuEnabled: false
21:01:41.531 [FXGL Background Thread 3 ] DEBUG Engine               - isEntityPreloadEnabled: true
21:01:41.531 [FXGL Background Thread 3 ] DEBUG Engine               - isExperimentalTiledLargeMap: false
21:01:41.532 [FXGL Background Thread 3 ] DEBUG Engine               - isFileSystemWriteAllowed: true
21:01:41.532 [FXGL Background Thread 3 ] DEBUG Engine               - isFullScreenAllowed: false
21:01:41.532 [FXGL Background Thread 3 ] DEBUG Engine               - isFullScreenFromStart: false
21:01:41.532 [FXGL Background Thread 3 ] DEBUG Engine               - isGameMenuEnabled: true
21:01:41.532 [FXGL Background Thread 3 ] DEBUG Engine               - isIOS: false
21:01:41.532 [FXGL Background Thread 3 ] DEBUG Engine               - isIntroEnabled: false
21:01:41.532 [FXGL Background Thread 3 ] DEBUG Engine               - isLinux: false
21:01:41.532 [FXGL Background Thread 3 ] DEBUG Engine               - isMac: false
21:01:41.532 [FXGL Background Thread 3 ] DEBUG Engine               - isMainMenuEnabled: false
21:01:41.532 [FXGL Background Thread 3 ] DEBUG Engine               - isManualResizeEnabled: false
21:01:41.532 [FXGL Background Thread 3 ] DEBUG Engine               - isMobile: false
21:01:41.532 [FXGL Background Thread 3 ] DEBUG Engine               - isNative: false
21:01:41.532 [FXGL Background Thread 3 ] DEBUG Engine               - isPreserveResizeRatio: false
21:01:41.533 [FXGL Background Thread 3 ] DEBUG Engine               - isProfilingEnabled: false
21:01:41.533 [FXGL Background Thread 3 ] DEBUG Engine               - isScaleAffectedOnResize: true
21:01:41.533 [FXGL Background Thread 3 ] DEBUG Engine               - isSingleStep: false
21:01:41.533 [FXGL Background Thread 3 ] DEBUG Engine               - isUserProfileEnabled: false
21:01:41.533 [FXGL Background Thread 3 ] DEBUG Engine               - isWindows: true
21:01:41.533 [FXGL Background Thread 3 ] DEBUG Engine               - language: ObjectProperty [value: ENGLISH]
21:01:41.533 [FXGL Background Thread 3 ] DEBUG Engine               - menuKey: ESCAPE
21:01:41.533 [FXGL Background Thread 3 ] DEBUG Engine               - mouseSensitivity: 0.2
21:01:41.533 [FXGL Background Thread 3 ] DEBUG Engine               - notificationViewClass: class com.almasb.fxgl.notification.view.XboxNotificationView
21:01:41.533 [FXGL Background Thread 3 ] DEBUG Engine               - pixelsPerMeter: 50.0
21:01:41.534 [FXGL Background Thread 3 ] DEBUG Engine               - platform: WINDOWS
21:01:41.534 [FXGL Background Thread 3 ] DEBUG Engine               - prefHeightProperty: ReadOnlyDoubleProperty [value: 800.0]
21:01:41.534 [FXGL Background Thread 3 ] DEBUG Engine               - prefWidthProperty: ReadOnlyDoubleProperty [value: 1000.0]
21:01:41.534 [FXGL Background Thread 3 ] DEBUG Engine               - profileDir: profiles/
21:01:41.534 [FXGL Background Thread 3 ] DEBUG Engine               - profileName: StringProperty [value: DEFAULT]
21:01:41.534 [FXGL Background Thread 3 ] DEBUG Engine               - randomSeed: -1
21:01:41.534 [FXGL Background Thread 3 ] DEBUG Engine               - runtimeInfo: RuntimeInfo(platform=WINDOWS, version=11.16, build=25.05.2021 08.16)
21:01:41.534 [FXGL Background Thread 3 ] DEBUG Engine               - saveFileExt: sav
21:01:41.534 [FXGL Background Thread 3 ] DEBUG Engine               - scaledHeightProp$fxgl: DoubleProperty [bound, value: 800.0]
21:01:41.535 [FXGL Background Thread 3 ] DEBUG Engine               - scaledWidthProp$fxgl: DoubleProperty [bound, value: 1000.0]
21:01:41.535 [FXGL Background Thread 3 ] DEBUG Engine               - sceneFactory: com.almasb.fxgl.app.scene.SceneFactory@79f2ce81
21:01:41.535 [FXGL Background Thread 3 ] DEBUG Engine               - secondsIn24h: 60
21:01:41.535 [FXGL Background Thread 3 ] DEBUG Engine               - soundMenuBack: menu/back.wav
21:01:41.535 [FXGL Background Thread 3 ] DEBUG Engine               - soundMenuPress: menu/press.wav
21:01:41.535 [FXGL Background Thread 3 ] DEBUG Engine               - soundMenuSelect: menu/select.wav
21:01:41.535 [FXGL Background Thread 3 ] DEBUG Engine               - soundNotification: core/notification.wav
21:01:41.535 [FXGL Background Thread 3 ] DEBUG Engine               - stageStyle: DECORATED
21:01:41.535 [FXGL Background Thread 3 ] DEBUG Engine               - supportedLanguages: [ENGLISH, FRENCH, GERMAN, HUNGARIAN, RUSSIAN]
21:01:41.535 [FXGL Background Thread 3 ] DEBUG Engine               - ticksPerSecond: -1
21:01:41.535 [FXGL Background Thread 3 ] DEBUG Engine               - title: Cloud Hopper
21:01:41.535 [FXGL Background Thread 3 ] DEBUG Engine               - urlGithub: https://github.com/AlmasB/FXGL
21:01:41.536 [FXGL Background Thread 3 ] DEBUG Engine               - urlLeaderboard: http://fxgl-top.herokuapp.com/
21:01:41.536 [FXGL Background Thread 3 ] DEBUG Engine               - urlPOM: https://raw.githubusercontent.com/AlmasB/FXGL/release/README.md
21:01:41.536 [FXGL Background Thread 3 ] DEBUG Engine               - userAppClass: class com.cloudHopper.PlatformerApp
21:01:41.536 [FXGL Background Thread 3 ] DEBUG Engine               - version: 0.1
21:01:41.536 [FXGL Background Thread 3 ] DEBUG Engine               - versionCheckDays: 7
21:01:41.536 [FXGL Background Thread 3 ] DEBUG Engine               - width: 1000
21:01:41.536 [FXGL Background Thread 3 ] DEBUG Engine               - Logging services
21:01:41.536 [FXGL Background Thread 3 ] DEBUG Engine               - class com.almasb.fxgl.app.services.FXGLAssetLoaderService
21:01:41.536 [FXGL Background Thread 3 ] DEBUG Engine               - class com.almasb.fxgl.app.FXGLApplication$GameApplicationService
21:01:41.536 [FXGL Background Thread 3 ] DEBUG Engine               - class com.almasb.fxgl.app.services.FXGLDialogService
21:01:41.536 [FXGL Background Thread 3 ] DEBUG Engine               - class com.almasb.fxgl.app.services.IOTaskExecutorService
21:01:41.536 [FXGL Background Thread 3 ] DEBUG Engine               - class com.almasb.fxgl.io.FileSystemService
21:01:41.537 [FXGL Background Thread 3 ] DEBUG Engine               - class com.almasb.fxgl.localization.LocalizationService
21:01:41.537 [FXGL Background Thread 3 ] DEBUG Engine               - class com.almasb.fxgl.app.services.SystemBundleService
21:01:41.537 [FXGL Background Thread 3 ] DEBUG Engine               - class com.almasb.fxgl.profile.SaveLoadService
21:01:41.537 [FXGL Background Thread 3 ] DEBUG Engine               - class com.almasb.fxgl.ui.FXGLUIFactoryServiceProvider
21:01:41.537 [FXGL Background Thread 3 ] DEBUG Engine               - class com.almasb.fxgl.ui.FXGLDialogFactoryServiceProvider
21:01:41.537 [FXGL Background Thread 3 ] DEBUG Engine               - class com.almasb.fxgl.audio.AudioPlayer
21:01:41.537 [FXGL Background Thread 3 ] DEBUG Engine               - class com.almasb.fxgl.notification.impl.NotificationServiceProvider
21:01:41.537 [FXGL Background Thread 3 ] DEBUG Engine               - class com.almasb.fxgl.achievement.AchievementService
21:01:41.538 [FXGL Background Thread 3 ] DEBUG Engine               - class com.almasb.fxgl.cutscene.CutsceneService
21:01:41.538 [FXGL Background Thread 3 ] DEBUG Engine               - class com.almasb.fxgl.minigames.MiniGameService
21:01:41.538 [FXGL Background Thread 3 ] DEBUG Engine               - class com.almasb.fxgl.net.NetService
21:01:41.538 [FXGL Background Thread 3 ] DEBUG Engine               - class com.almasb.fxgl.app.services.UpdaterService
21:01:41.538 [FXGL Background Thread 3 ] DEBUG Engine               - class com.almasb.fxgl.dev.DevService
21:01:46.232 [JavaFX Application Thread] DEBUG PrimaryStageWindow   - Push state: DialogSubScene
21:01:46.232 [JavaFX Application Thread] DEBUG Input                - Clearing active input actions
21:01:46.236 [JavaFX Application Thread] DEBUG GameApplicationServi - Removing overlay from GameScene and adding to DialogSubScene
21:01:46.236 [JavaFX Application Thread] DEBUG PrimaryStageWindow   - GameScene -> DialogSubScene
21:01:46.237 [JavaFX Application Thread] DEBUG FXGLAssetLoaderServi - Loading from file system: file:/C:/Users/russl/IdeaProjects/cloudHopper/target/classes/assets/textures/key.png
21:01:48.455 [JavaFX Application Thread] DEBUG PrimaryStageWindow   - Pop state: DialogSubScene
21:01:48.455 [JavaFX Application Thread] DEBUG Input                - Clearing active input actions
21:01:48.456 [JavaFX Application Thread] DEBUG GameApplicationServi - Removing overlay from DialogSubScene and adding to GameScene
21:01:48.456 [JavaFX Application Thread] DEBUG PrimaryStageWindow   - GameScene <- DialogSubScene
21:01:51.352 [JavaFX Application Thread] DEBUG FXGLAssetLoaderServi - Loading from file system: file:/C:/Users/russl/IdeaProjects/cloudHopper/target/classes/assets/textures/floatingPlatform.png
21:01:51.355 [JavaFX Application Thread] DEBUG PrimaryStageWindow   - Push state: DialogSubScene
21:01:51.355 [JavaFX Application Thread] DEBUG Input                - Clearing active input actions
21:01:51.356 [JavaFX Application Thread] DEBUG GameApplicationServi - Removing overlay from GameScene and adding to DialogSubScene
21:01:51.356 [JavaFX Application Thread] DEBUG PrimaryStageWindow   - GameScene -> DialogSubScene
21:01:52.472 [JavaFX Application Thread] DEBUG PrimaryStageWindow   - Pop state: DialogSubScene
21:01:52.472 [JavaFX Application Thread] DEBUG Input                - Clearing active input actions
21:01:52.473 [JavaFX Application Thread] DEBUG GameApplicationServi - Removing overlay from DialogSubScene and adding to GameScene
21:01:52.473 [JavaFX Application Thread] DEBUG PrimaryStageWindow   - GameScene <- DialogSubScene
21:02:04.567 [JavaFX Application Thread] DEBUG PrimaryStageWindow   - Push state: DialogSubScene
21:02:04.568 [JavaFX Application Thread] DEBUG Input                - Clearing active input actions
21:02:04.568 [JavaFX Application Thread] DEBUG GameApplicationServi - Removing overlay from GameScene and adding to DialogSubScene
21:02:04.568 [JavaFX Application Thread] DEBUG PrimaryStageWindow   - GameScene -> DialogSubScene
21:02:06.234 [JavaFX Application Thread] DEBUG PrimaryStageWindow   - Pop state: DialogSubScene
21:02:06.234 [JavaFX Application Thread] DEBUG Input                - Clearing active input actions
21:02:06.235 [JavaFX Application Thread] DEBUG GameApplicationServi - Removing overlay from DialogSubScene and adding to GameScene
21:02:06.235 [JavaFX Application Thread] DEBUG PrimaryStageWindow   - GameScene <- DialogSubScene
21:02:09.623 [JavaFX Application Thread] DEBUG PrimaryStageWindow   - Push state: DialogSubScene
21:02:09.624 [JavaFX Application Thread] DEBUG Input                - Clearing active input actions
21:02:09.624 [JavaFX Application Thread] DEBUG GameApplicationServi - Removing overlay from GameScene and adding to DialogSubScene
21:02:09.624 [JavaFX Application Thread] DEBUG PrimaryStageWindow   - GameScene -> DialogSubScene
21:02:10.699 [JavaFX Application Thread] DEBUG PrimaryStageWindow   - Pop state: DialogSubScene
21:02:10.699 [JavaFX Application Thread] DEBUG Input                - Clearing active input actions
21:02:10.700 [JavaFX Application Thread] DEBUG GameApplicationServi - Removing overlay from DialogSubScene and adding to GameScene
21:02:10.700 [JavaFX Application Thread] DEBUG PrimaryStageWindow   - GameScene <- DialogSubScene
21:02:17.330 [JavaFX Application Thread] DEBUG FXGLAssetLoaderServi - Loading from file system: file:/C:/Users/russl/IdeaProjects/cloudHopper/target/classes/assets/textures/stone.png
21:02:37.672 [JavaFX Application Thread] DEBUG FXGLApplication      - Exiting FXGL
21:02:37.672 [JavaFX Application Thread] DEBUG LoopRunner           - Stopping loop
21:02:37.672 [JavaFX Application Thread] DEBUG SystemBundleService  - Saving FXGL system data
21:02:37.674 [JavaFX Application Thread] DEBUG FileSystemAccess     - Writing to: C:\Users\russl\IdeaProjects\cloudHopper\system\fxgl.bundle
21:02:37.675 [JavaFX Application Thread] DEBUG Async                - Shutting down background threads
21:02:37.676 [JavaFX Application Thread] DEBUG PrimaryStageWindow   - Closing main window
21:02:37.687 [JavaFX Application Thread] DEBUG Logger               - Closing Logger
