21:13:14.478 [main                     ] DEBUG Logger               - Configured Logger
21:13:14.482 [main                     ] DEBUG GameApplication      - Logging settings
Title: Cloud Hopper
Version: 0.1
Width: 1000
Height: 800
Fullscreen: false
Intro: false
Profiling: false
Single step:false
App Mode: DEVELOPER
Menu Key: ESCAPE
Stage Style: DECORATED
Scene Factory: class com.almasb.fxgl.app.scene.SceneFactory

21:13:15.069 [JavaFX Application Thread] DEBUG FXGLApplication      - Initializing FXGL
21:13:15.074 [JavaFX Application Thread] INFO  Engine               - FXGL-11.16 (25.05.2021 08.16) on WINDOWS (J:16 FX:16)
21:13:15.074 [JavaFX Application Thread] DEBUG Engine               - JRE Vendor Name: Oracle Corporation
21:13:15.075 [JavaFX Application Thread] DEBUG Engine               - Running on OS: Windows 10 version 10.0
21:13:15.075 [JavaFX Application Thread] DEBUG Engine               - Architecture: amd64
21:13:15.076 [JavaFX Application Thread] INFO  Engine               - Source code and latest versions at: https://github.com/AlmasB/FXGL
21:13:15.076 [JavaFX Application Thread] INFO  Engine               -              Join the FXGL chat at: https://gitter.im/AlmasB/FXGL
21:13:15.243 [JavaFX Application Thread] DEBUG PrimaryStageWindow   - Creating a JavaFX scene
21:13:15.306 [JavaFX Application Thread] DEBUG PrimaryStageWindow   - Target settings size: 1000.0 x 800.0
21:13:15.307 [JavaFX Application Thread] DEBUG PrimaryStageWindow   - Scaled scene size:    1000.0 x 800.0
21:13:15.307 [JavaFX Application Thread] DEBUG PrimaryStageWindow   - Scaled ratio: (1.0, 1.0)
21:13:15.309 [JavaFX Application Thread] DEBUG PrimaryStageWindow   - Set initial scene to FXGLStartupScene
21:13:15.319 [JavaFX Application Thread] DEBUG PrimaryStageWindow   - Opening main window
21:13:15.443 [JavaFX Application Thread] DEBUG PrimaryStageWindow   - Window border size: (16.0, 39.0)
21:13:15.443 [JavaFX Application Thread] DEBUG PrimaryStageWindow   - Scaled size: 1000.0 x 800.0
21:13:15.444 [JavaFX Application Thread] DEBUG PrimaryStageWindow   - Scaled ratio: (1.0, 1.0)
21:13:15.444 [JavaFX Application Thread] DEBUG PrimaryStageWindow   - Scene size: 1000.0 x 800.0
21:13:15.444 [JavaFX Application Thread] DEBUG PrimaryStageWindow   - Stage size: 1016.0 x 839.0
21:13:15.452 [FXGL Background Thread 1 ] DEBUG Engine               - Initializing environment variables
21:13:15.504 [FXGL Background Thread 1 ] DEBUG FXGLAssetLoaderServi - User app class for loading assets: class com.cloudHopper.PlatformerApp
21:13:15.504 [FXGL Background Thread 1 ] DEBUG GameApplicationServi - Applying CSS: fxgl_dark.css
21:13:15.505 [FXGL Background Thread 1 ] DEBUG FXGLAssetLoaderServi - Loading from file system: jar:file:/C:/Users/russl/.m2/repository/com/github/almasb/fxgl/11.16/fxgl-11.16.jar!/fxglassets/ui/css/fxgl_dark.css
21:13:15.557 [FXGL Background Thread 1 ] DEBUG GameApplicationServi - Initializing application scenes
21:13:15.610 [FXGL Background Thread 1 ] DEBUG GameWorld            - Game world initialized
21:13:15.682 [FXGL Background Thread 1 ] DEBUG PhysicsWorld         - Physics world initialized: appHeight=800, physics.ppm=50.0
21:13:15.683 [FXGL Background Thread 1 ] DEBUG PhysicsWorld         - Using strategy: BRUTE_FORCE
21:13:15.687 [FXGL Background Thread 1 ] DEBUG GameScene            - Game scene initialized: 1000x800
21:13:15.700 [FXGL Background Thread 1 ] DEBUG FXGL.DefaultMenu     - createMenuBodyGameMenu()
21:13:15.721 [FXGL Background Thread 1 ] DEBUG FXGL.DefaultMenu     - createOptionsMenu()
21:13:15.734 [FXGL Background Thread 1 ] DEBUG FXGLAssetLoaderServi - Loading from file system: jar:file:/C:/Users/russl/.m2/repository/com/github/almasb/fxgl/11.16/fxgl-11.16.jar!/fxglassets/textures/particles/smoke.png
21:13:15.846 [FXGL Background Thread 1 ] DEBUG FXGLAssetLoaderServi - Loading from file system: jar:file:/C:/Users/russl/.m2/repository/com/github/almasb/fxgl/11.16/fxgl-11.16.jar!/fxglassets/textures/particles/trace_horizontal.png
21:13:15.884 [FXGL Background Thread 1 ] DEBUG GameApplicationServi - Application scenes initialized
21:13:15.895 [FXGL Background Thread 1 ] DEBUG SystemBundleService  - Loading FXGL system data
21:13:15.899 [FXGL Background Thread 1 ] DEBUG FileSystemAccess     - Reading from: C:\Users\russl\IdeaProjects\cloudHopper\system\fxgl.bundle
21:13:15.905 [FXGL Background Thread 1 ] DEBUG SystemBundleService  - Bundle FXGL: {}
21:13:15.905 [FXGL Background Thread 1 ] DEBUG UpdaterService       - Checking for updates
21:13:15.910 [FXGL Background Thread 4 ] DEBUG FXGLApplication      - Loading fonts
21:13:15.910 [FXGL Background Thread 1 ] DEBUG FXGLApplication      - Loading default localization
21:13:15.911 [FXGL Background Thread 4 ] DEBUG FXGLAssetLoaderServi - Loading from file system: jar:file:/C:/Users/russl/.m2/repository/com/github/almasb/fxgl/11.16/fxgl-11.16.jar!/fxglassets/ui/fonts/VarelaRound-Regular.ttf
21:13:15.911 [FXGL Background Thread 1 ] DEBUG FXGLAssetLoaderServi - Loading from file system: jar:file:/C:/Users/russl/.m2/repository/com/github/almasb/fxgl/11.16/fxgl-11.16.jar!/fxglassets/languages/english.lang
21:13:15.937 [FXGL Background Thread 1 ] INFO  FXGLApplication      - FXGL initialization took: 0.484 sec
21:13:15.951 [JavaFX Application Thread] DEBUG Input                - Registered new binding: action0 - A
21:13:15.952 [JavaFX Application Thread] DEBUG Input                - Registered new binding: action1 - D
21:13:15.953 [JavaFX Application Thread] DEBUG Input                - Registered new binding: action2 - Space
21:13:15.953 [JavaFX Application Thread] DEBUG Input                - Registered new binding: action3 - W
21:13:15.954 [JavaFX Application Thread] DEBUG FXGLAssetLoaderServi - Loading from file system: jar:file:/C:/Users/russl/.m2/repository/com/github/almasb/fxgl/11.16/fxgl-11.16.jar!/fxglassets/textures/fxgl_icon.png
21:13:15.963 [FXGL Background Thread 4 ] DEBUG FXGLAssetLoaderServi - Loading from file system: jar:file:/C:/Users/russl/.m2/repository/com/github/almasb/fxgl/11.16/fxgl-11.16.jar!/fxglassets/ui/fonts/Abel-Regular.ttf
21:13:15.966 [FXGL Background Thread 4 ] DEBUG FXGLAssetLoaderServi - Loading from file system: jar:file:/C:/Users/russl/.m2/repository/com/github/almasb/fxgl/11.16/fxgl-11.16.jar!/fxglassets/ui/fonts/lucida_console.ttf
21:13:15.972 [FXGL Background Thread 4 ] DEBUG FXGLAssetLoaderServi - Loading from file system: jar:file:/C:/Users/russl/.m2/repository/com/github/almasb/fxgl/11.16/fxgl-11.16.jar!/fxglassets/ui/fonts/Courier-Prime.ttf
21:13:15.985 [JavaFX Application Thread] DEBUG FXGLAssetLoaderServi - Loading from file system: jar:file:/C:/Users/russl/.m2/repository/com/github/almasb/fxgl/11.16/fxgl-11.16.jar!/fxglassets/textures/fxgl_default_cursor.png
21:13:15.988 [JavaFX Application Thread] DEBUG Input                - Registered new binding: Screenshot - CTRL+8
21:13:15.988 [JavaFX Application Thread] DEBUG Input                - Registered new binding: System info dump - CTRL+9
21:13:15.989 [JavaFX Application Thread] DEBUG Input                - Registered new binding: Restart - CTRL+R
21:13:15.990 [JavaFX Application Thread] DEBUG Input                - Registered new binding: Toggle Debug Camera - CTRL+C
21:13:15.993 [JavaFX Application Thread] DEBUG LoopRunner           - Starting loop
21:13:15.994 [JavaFX Application Thread] DEBUG LoopRunner           - Initializing JavaFX AnimationTimerLoop
21:13:15.996 [JavaFX Application Thread] DEBUG GameApplicationServi - Starting new game
21:13:15.996 [JavaFX Application Thread] DEBUG Input                - Clearing active input actions
21:13:16.009 [JavaFX Application Thread] DEBUG GameApplicationServi - Removing overlay from FXGLStartupScene and adding to FXGLLoadingScene
21:13:16.010 [JavaFX Application Thread] DEBUG PrimaryStageWindow   - FXGLStartupScene -> FXGLLoadingScene
21:13:16.010 [JavaFX Application Thread] DEBUG GameApplicationServi - Clearing previous game
21:13:16.010 [JavaFX Application Thread] DEBUG GameScene            - Clearing game scene
21:13:16.011 [JavaFX Application Thread] DEBUG GameWorld            - Clearing game world
21:13:16.011 [JavaFX Application Thread] DEBUG PhysicsWorld         - Clearing physics world
21:13:16.013 [FXGL Background Thread 4 ] DEBUG FXGLApplication      - Initializing game
21:13:16.013 [JavaFX Application Thread] DEBUG FXGLApplication      - Registering font factories with UI factory
21:13:16.065 [FXGL Background Thread 4 ] WARN  TMXLevelLoader       - TiledMap generated from 1.7.1. Supported version: 1.2.3. Some features may not be parsed fully.
21:13:16.116 [FXGL Background Thread 4 ] DEBUG TMXLevelLoader       - Parsed TiledMap: file:/C:/Users/russl/IdeaProjects/cloudHopper/target/classes/assets/levels/level1.tmx
21:13:16.117 [FXGL Background Thread 4 ] DEBUG TMXLevelLoader       - Creating tile layer entities
21:13:16.118 [FXGL Background Thread 4 ] DEBUG TilesetLoader        - Loading view for layer Tile Layer 1
21:13:16.167 [FXGL Background Thread 4 ] DEBUG TilesetLoader        - Created buffer with size 20480.0x1280.0
21:13:16.279 [FXGL Background Thread 4 ] DEBUG TMXLevelLoader       - Creating object layer entities
21:13:16.308 [FXGL Background Thread 4 ] DEBUG FXGLAssetLoaderServi - Loading from file system: file:/C:/Users/russl/IdeaProjects/cloudHopper/target/classes/assets/textures/crate.png
21:13:16.324 [FXGL Background Thread 4 ] DEBUG FXGLAssetLoaderServi - Loading from file system: file:/C:/Users/russl/IdeaProjects/cloudHopper/target/classes/assets/textures/StoneBlock.png
21:13:16.333 [FXGL Background Thread 4 ] DEBUG FXGLAssetLoaderServi - Loading from file system: file:/C:/Users/russl/IdeaProjects/cloudHopper/target/classes/assets/textures/characters_packed.png
21:13:16.368 [FXGL Background Thread 4 ] DEBUG FXGLAssetLoaderServi - Loading from file system: file:/C:/Users/russl/IdeaProjects/cloudHopper/target/classes/assets/textures/keyAnimation.png
21:13:16.391 [FXGL Background Thread 4 ] DEBUG FXGLAssetLoaderServi - Loading from file system: file:/C:/Users/russl/IdeaProjects/cloudHopper/target/classes/assets/textures/starAnimation.png
21:13:16.398 [FXGL Background Thread 4 ] DEBUG GameWorld            - Clearing removable entities
21:13:16.398 [FXGL Background Thread 4 ] DEBUG GameWorld            - Setting level: com.almasb.fxgl.entity.level.Level@72c7d6f7
21:13:16.405 [FXGL Background Thread 2 ] INFO  UpdaterService       - Your current version:  11.16
21:13:16.405 [FXGL Background Thread 2 ] INFO  UpdaterService       - Latest stable version: 11.17
21:13:16.420 [FXGL Background Thread 4 ] DEBUG FXGLAssetLoaderServi - Loading from file system: file:/C:/Users/russl/IdeaProjects/cloudHopper/target/classes/assets/textures/single.png
21:13:16.423 [FXGL Background Thread 4 ] DEBUG FXGLAssetLoaderServi - Loading from file system: file:/C:/Users/russl/IdeaProjects/cloudHopper/target/classes/assets/textures/singlePushing.png
21:13:16.426 [FXGL Background Thread 4 ] DEBUG FXGLAssetLoaderServi - Loading from file system: file:/C:/Users/russl/IdeaProjects/cloudHopper/target/classes/assets/textures/z-2.png
21:13:16.454 [FXGL Background Thread 4 ] WARN  GameWorld            - Entity is already attached to world
21:13:16.454 [FXGL Background Thread 4 ] DEBUG FXGLAssetLoaderServi - Loading from file system: file:/C:/Users/russl/IdeaProjects/cloudHopper/target/classes/assets/textures/z-1.png
21:13:16.480 [FXGL Background Thread 4 ] WARN  GameWorld            - Entity is already attached to world
21:13:16.488 [FXGL Background Thread 4 ] DEBUG FXGLAssetLoaderServi - Loading from file system: file:/C:/Users/russl/IdeaProjects/cloudHopper/target/classes/assets/textures/hearts.png
21:13:16.492 [FXGL Background Thread 4 ] INFO  FXGLApplication      - Game initialization took: 0.480 sec
21:13:16.493 [JavaFX Application Thread] DEBUG Input                - Clearing active input actions
21:13:16.506 [JavaFX Application Thread] DEBUG GameApplicationServi - Removing overlay from FXGLLoadingScene and adding to GameScene
21:13:16.506 [JavaFX Application Thread] DEBUG PrimaryStageWindow   - FXGLLoadingScene -> GameScene
21:13:18.176 [JavaFX Application Thread] DEBUG FXGLApplication      - Exiting FXGL
21:13:18.176 [JavaFX Application Thread] DEBUG LoopRunner           - Stopping loop
21:13:18.177 [JavaFX Application Thread] DEBUG SystemBundleService  - Saving FXGL system data
21:13:18.178 [JavaFX Application Thread] DEBUG FileSystemAccess     - Writing to: C:\Users\russl\IdeaProjects\cloudHopper\system\fxgl.bundle
21:13:18.180 [JavaFX Application Thread] DEBUG Async                - Shutting down background threads
21:13:18.180 [JavaFX Application Thread] DEBUG PrimaryStageWindow   - Closing main window
21:13:18.189 [JavaFX Application Thread] DEBUG Logger               - Closing Logger
