14:26:12.863 [main                     ] DEBUG Logger               - Configured Logger
14:26:12.868 [main                     ] DEBUG GameApplication      - Logging settings
Title: Cloud Hopper
Version: 0.1
Width: 1000
Height: 800
Fullscreen: false
Intro: false
Profiling: false
Single step:false
App Mode: DEVELOPER
Menu Key: ESCAPE
Stage Style: DECORATED
Scene Factory: class com.almasb.fxgl.app.scene.SceneFactory

14:26:13.409 [JavaFX Application Thread] DEBUG FXGLApplication      - Initializing FXGL
14:26:13.412 [JavaFX Application Thread] INFO  Engine               - FXGL-11.16 (25.05.2021 08.16) on WINDOWS (J:16 FX:16)
14:26:13.412 [JavaFX Application Thread] DEBUG Engine               - JRE Vendor Name: Oracle Corporation
14:26:13.412 [JavaFX Application Thread] DEBUG Engine               - Running on OS: Windows 10 version 10.0
14:26:13.413 [JavaFX Application Thread] DEBUG Engine               - Architecture: amd64
14:26:13.413 [JavaFX Application Thread] INFO  Engine               - Source code and latest versions at: https://github.com/AlmasB/FXGL
14:26:13.413 [JavaFX Application Thread] INFO  Engine               -              Join the FXGL chat at: https://gitter.im/AlmasB/FXGL
14:26:13.566 [JavaFX Application Thread] DEBUG PrimaryStageWindow   - Creating a JavaFX scene
14:26:13.633 [JavaFX Application Thread] DEBUG PrimaryStageWindow   - Target settings size: 1000.0 x 800.0
14:26:13.633 [JavaFX Application Thread] DEBUG PrimaryStageWindow   - Scaled scene size:    1000.0 x 800.0
14:26:13.633 [JavaFX Application Thread] DEBUG PrimaryStageWindow   - Scaled ratio: (1.0, 1.0)
14:26:13.634 [JavaFX Application Thread] DEBUG PrimaryStageWindow   - Set initial scene to FXGLStartupScene
14:26:13.645 [JavaFX Application Thread] DEBUG PrimaryStageWindow   - Opening main window
14:26:13.747 [JavaFX Application Thread] DEBUG PrimaryStageWindow   - Window border size: (16.0, 39.0)
14:26:13.747 [JavaFX Application Thread] DEBUG PrimaryStageWindow   - Scaled size: 1000.0 x 800.0
14:26:13.748 [JavaFX Application Thread] DEBUG PrimaryStageWindow   - Scaled ratio: (1.0, 1.0)
14:26:13.748 [JavaFX Application Thread] DEBUG PrimaryStageWindow   - Scene size: 1000.0 x 800.0
14:26:13.748 [JavaFX Application Thread] DEBUG PrimaryStageWindow   - Stage size: 1016.0 x 839.0
14:26:13.757 [FXGL Background Thread 1 ] DEBUG Engine               - Initializing environment variables
14:26:13.808 [FXGL Background Thread 1 ] DEBUG FXGLAssetLoaderServi - User app class for loading assets: class com.cloudHopper.PlatformerApp
14:26:13.808 [FXGL Background Thread 1 ] DEBUG GameApplicationServi - Applying CSS: fxgl_dark.css
14:26:13.809 [FXGL Background Thread 1 ] DEBUG FXGLAssetLoaderServi - Loading from file system: jar:file:/C:/Users/russl/.m2/repository/com/github/almasb/fxgl/11.16/fxgl-11.16.jar!/fxglassets/ui/css/fxgl_dark.css
14:26:13.862 [FXGL Background Thread 1 ] DEBUG GameApplicationServi - Initializing application scenes
14:26:13.912 [FXGL Background Thread 1 ] DEBUG GameWorld            - Game world initialized
14:26:13.981 [FXGL Background Thread 1 ] DEBUG PhysicsWorld         - Physics world initialized: appHeight=800, physics.ppm=50.0
14:26:13.981 [FXGL Background Thread 1 ] DEBUG PhysicsWorld         - Using strategy: BRUTE_FORCE
14:26:13.984 [FXGL Background Thread 1 ] DEBUG GameScene            - Game scene initialized: 1000x800
14:26:14.000 [FXGL Background Thread 1 ] DEBUG FXGL.DefaultMenu     - createMenuBodyGameMenu()
14:26:14.021 [FXGL Background Thread 1 ] DEBUG FXGL.DefaultMenu     - createOptionsMenu()
14:26:14.033 [FXGL Background Thread 1 ] DEBUG FXGLAssetLoaderServi - Loading from file system: jar:file:/C:/Users/russl/.m2/repository/com/github/almasb/fxgl/11.16/fxgl-11.16.jar!/fxglassets/textures/particles/smoke.png
14:26:14.159 [FXGL Background Thread 1 ] DEBUG FXGLAssetLoaderServi - Loading from file system: jar:file:/C:/Users/russl/.m2/repository/com/github/almasb/fxgl/11.16/fxgl-11.16.jar!/fxglassets/textures/particles/trace_horizontal.png
14:26:14.201 [FXGL Background Thread 1 ] DEBUG GameApplicationServi - Application scenes initialized
14:26:14.213 [FXGL Background Thread 1 ] DEBUG SystemBundleService  - Loading FXGL system data
14:26:14.218 [FXGL Background Thread 1 ] DEBUG FileSystemAccess     - Reading from: C:\Users\russl\IdeaProjects\cloudHopper\system\fxgl.bundle
14:26:14.224 [FXGL Background Thread 1 ] DEBUG SystemBundleService  - Bundle FXGL: {}
14:26:14.224 [FXGL Background Thread 1 ] DEBUG UpdaterService       - Checking for updates
14:26:14.228 [FXGL Background Thread 4 ] DEBUG FXGLApplication      - Loading fonts
14:26:14.229 [FXGL Background Thread 1 ] DEBUG FXGLApplication      - Loading default localization
14:26:14.230 [FXGL Background Thread 4 ] DEBUG FXGLAssetLoaderServi - Loading from file system: jar:file:/C:/Users/russl/.m2/repository/com/github/almasb/fxgl/11.16/fxgl-11.16.jar!/fxglassets/ui/fonts/VarelaRound-Regular.ttf
14:26:14.230 [FXGL Background Thread 1 ] DEBUG FXGLAssetLoaderServi - Loading from file system: jar:file:/C:/Users/russl/.m2/repository/com/github/almasb/fxgl/11.16/fxgl-11.16.jar!/fxglassets/languages/english.lang
14:26:14.253 [FXGL Background Thread 1 ] INFO  FXGLApplication      - FXGL initialization took: 0.495 sec
14:26:14.266 [JavaFX Application Thread] DEBUG Input                - Registered new binding: action0 - A
14:26:14.267 [JavaFX Application Thread] DEBUG Input                - Registered new binding: action1 - D
14:26:14.268 [JavaFX Application Thread] DEBUG Input                - Registered new binding: action2 - Space
14:26:14.269 [JavaFX Application Thread] DEBUG Input                - Registered new binding: action3 - W
14:26:14.269 [JavaFX Application Thread] DEBUG Input                - Registered new binding: action4 - S
14:26:14.270 [JavaFX Application Thread] DEBUG FXGLAssetLoaderServi - Loading from file system: jar:file:/C:/Users/russl/.m2/repository/com/github/almasb/fxgl/11.16/fxgl-11.16.jar!/fxglassets/textures/fxgl_icon.png
14:26:14.281 [FXGL Background Thread 4 ] DEBUG FXGLAssetLoaderServi - Loading from file system: jar:file:/C:/Users/russl/.m2/repository/com/github/almasb/fxgl/11.16/fxgl-11.16.jar!/fxglassets/ui/fonts/Abel-Regular.ttf
14:26:14.284 [FXGL Background Thread 4 ] DEBUG FXGLAssetLoaderServi - Loading from file system: jar:file:/C:/Users/russl/.m2/repository/com/github/almasb/fxgl/11.16/fxgl-11.16.jar!/fxglassets/ui/fonts/lucida_console.ttf
14:26:14.290 [FXGL Background Thread 4 ] DEBUG FXGLAssetLoaderServi - Loading from file system: jar:file:/C:/Users/russl/.m2/repository/com/github/almasb/fxgl/11.16/fxgl-11.16.jar!/fxglassets/ui/fonts/Courier-Prime.ttf
14:26:14.298 [JavaFX Application Thread] DEBUG FXGLAssetLoaderServi - Loading from file system: jar:file:/C:/Users/russl/.m2/repository/com/github/almasb/fxgl/11.16/fxgl-11.16.jar!/fxglassets/textures/fxgl_default_cursor.png
14:26:14.300 [JavaFX Application Thread] DEBUG Input                - Registered new binding: Screenshot - CTRL+8
14:26:14.301 [JavaFX Application Thread] DEBUG Input                - Registered new binding: System info dump - CTRL+9
14:26:14.302 [JavaFX Application Thread] DEBUG Input                - Registered new binding: Restart - CTRL+R
14:26:14.303 [JavaFX Application Thread] DEBUG Input                - Registered new binding: Toggle Debug Camera - CTRL+C
14:26:14.306 [JavaFX Application Thread] DEBUG LoopRunner           - Starting loop
14:26:14.306 [JavaFX Application Thread] DEBUG LoopRunner           - Initializing JavaFX AnimationTimerLoop
14:26:14.309 [JavaFX Application Thread] DEBUG GameApplicationServi - Starting new game
14:26:14.309 [JavaFX Application Thread] DEBUG Input                - Clearing active input actions
14:26:14.325 [JavaFX Application Thread] DEBUG GameApplicationServi - Removing overlay from FXGLStartupScene and adding to FXGLLoadingScene
14:26:14.325 [JavaFX Application Thread] DEBUG PrimaryStageWindow   - FXGLStartupScene -> FXGLLoadingScene
14:26:14.326 [JavaFX Application Thread] DEBUG GameApplicationServi - Clearing previous game
14:26:14.326 [JavaFX Application Thread] DEBUG GameScene            - Clearing game scene
14:26:14.326 [JavaFX Application Thread] DEBUG GameWorld            - Clearing game world
14:26:14.326 [JavaFX Application Thread] DEBUG PhysicsWorld         - Clearing physics world
14:26:14.328 [JavaFX Application Thread] DEBUG FXGLApplication      - Registering font factories with UI factory
14:26:14.328 [FXGL Background Thread 4 ] DEBUG FXGLApplication      - Initializing game
14:26:14.373 [FXGL Background Thread 4 ] WARN  TMXLevelLoader       - TiledMap generated from 1.7.1. Supported version: 1.2.3. Some features may not be parsed fully.
14:26:14.429 [FXGL Background Thread 4 ] DEBUG TMXLevelLoader       - Parsed TiledMap: file:/C:/Users/russl/IdeaProjects/cloudHopper/target/classes/assets/levels/level1.tmx
14:26:14.430 [FXGL Background Thread 4 ] DEBUG TMXLevelLoader       - Creating tile layer entities
14:26:14.431 [FXGL Background Thread 4 ] DEBUG TilesetLoader        - Loading view for layer Tile Layer 1
14:26:14.484 [FXGL Background Thread 4 ] DEBUG TilesetLoader        - Created buffer with size 20480.0x1280.0
14:26:14.597 [FXGL Background Thread 4 ] DEBUG TMXLevelLoader       - Creating object layer entities
14:26:14.623 [FXGL Background Thread 4 ] DEBUG FXGLAssetLoaderServi - Loading from file system: file:/C:/Users/russl/IdeaProjects/cloudHopper/target/classes/assets/textures/crate.png
14:26:14.641 [FXGL Background Thread 4 ] DEBUG FXGLAssetLoaderServi - Loading from file system: file:/C:/Users/russl/IdeaProjects/cloudHopper/target/classes/assets/textures/StoneBlock.png
14:26:14.652 [FXGL Background Thread 4 ] DEBUG FXGLAssetLoaderServi - Loading from file system: file:/C:/Users/russl/IdeaProjects/cloudHopper/target/classes/assets/textures/characters_packed.png
14:26:14.688 [FXGL Background Thread 4 ] DEBUG FXGLAssetLoaderServi - Loading from file system: file:/C:/Users/russl/IdeaProjects/cloudHopper/target/classes/assets/textures/keyAnimation.png
14:26:14.713 [FXGL Background Thread 4 ] DEBUG FXGLAssetLoaderServi - Loading from file system: file:/C:/Users/russl/IdeaProjects/cloudHopper/target/classes/assets/textures/starAnimation.png
14:26:14.730 [FXGL Background Thread 4 ] DEBUG FXGLAssetLoaderServi - Loading from file system: file:/C:/Users/russl/IdeaProjects/cloudHopper/target/classes/assets/textures/button_pressed.png
14:26:14.730 [FXGL Background Thread 4 ] DEBUG FXGLAssetLoaderServi - Loading from file system: file:/C:/Users/russl/IdeaProjects/cloudHopper/target/classes/assets/textures/button.png
14:26:14.738 [FXGL Background Thread 4 ] DEBUG GameWorld            - Clearing removable entities
14:26:14.738 [FXGL Background Thread 4 ] DEBUG GameWorld            - Setting level: com.almasb.fxgl.entity.level.Level@4d3d1af5
14:26:14.760 [FXGL Background Thread 4 ] DEBUG FXGLAssetLoaderServi - Loading from file system: file:/C:/Users/russl/IdeaProjects/cloudHopper/target/classes/assets/textures/single.png
14:26:14.762 [FXGL Background Thread 4 ] DEBUG FXGLAssetLoaderServi - Loading from file system: file:/C:/Users/russl/IdeaProjects/cloudHopper/target/classes/assets/textures/singlePushing.png
14:26:14.764 [FXGL Background Thread 4 ] WARN  Entity               - Entity already has component: com.almasb.fxgl.entity.components.CollidableComponent
14:26:14.765 [FXGL Background Thread 4 ] DEBUG FXGLAssetLoaderServi - Loading from file system: file:/C:/Users/russl/IdeaProjects/cloudHopper/target/classes/assets/textures/z-2.png
14:26:14.797 [FXGL Background Thread 4 ] WARN  GameWorld            - Entity is already attached to world
14:26:14.797 [FXGL Background Thread 4 ] DEBUG FXGLAssetLoaderServi - Loading from file system: file:/C:/Users/russl/IdeaProjects/cloudHopper/target/classes/assets/textures/z-1.png
14:26:14.826 [FXGL Background Thread 4 ] WARN  GameWorld            - Entity is already attached to world
14:26:14.832 [FXGL Background Thread 2 ] INFO  UpdaterService       - Your current version:  11.16
14:26:14.832 [FXGL Background Thread 2 ] INFO  UpdaterService       - Latest stable version: 11.17
14:26:14.837 [FXGL Background Thread 4 ] DEBUG FXGLAssetLoaderServi - Loading from file system: file:/C:/Users/russl/IdeaProjects/cloudHopper/target/classes/assets/textures/hearts.png
14:26:14.840 [FXGL Background Thread 4 ] INFO  FXGLApplication      - Game initialization took: 0.511 sec
14:26:14.840 [JavaFX Application Thread] DEBUG Input                - Clearing active input actions
14:26:14.859 [JavaFX Application Thread] DEBUG GameApplicationServi - Removing overlay from FXGLLoadingScene and adding to GameScene
14:26:14.860 [JavaFX Application Thread] DEBUG PrimaryStageWindow   - FXGLLoadingScene -> GameScene
14:26:17.227 [FXGL Background Thread 3 ] DEBUG Engine               - Logging environment variables
14:26:17.227 [FXGL Background Thread 3 ] DEBUG Engine               - achievements: []
14:26:17.227 [FXGL Background Thread 3 ] DEBUG Engine               - actualHeight: 800.0
14:26:17.227 [FXGL Background Thread 3 ] DEBUG Engine               - actualHeightProperty: ReadOnlyDoubleProperty [value: 800.0]
14:26:17.228 [FXGL Background Thread 3 ] DEBUG Engine               - actualWidth: 1000.0
14:26:17.228 [FXGL Background Thread 3 ] DEBUG Engine               - actualWidthProperty: ReadOnlyDoubleProperty [value: 1000.0]
14:26:17.228 [FXGL Background Thread 3 ] DEBUG Engine               - appIcon: fxgl_icon.png
14:26:17.228 [FXGL Background Thread 3 ] DEBUG Engine               - applicationMode: DEVELOPER
14:26:17.228 [FXGL Background Thread 3 ] DEBUG Engine               - cSSList: [fxgl_dark.css]
14:26:17.228 [FXGL Background Thread 3 ] DEBUG Engine               - collisionDetectionStrategy: BRUTE_FORCE
14:26:17.228 [FXGL Background Thread 3 ] DEBUG Engine               - configClass: Optional.empty
14:26:17.228 [FXGL Background Thread 3 ] DEBUG Engine               - credits: []
14:26:17.228 [FXGL Background Thread 3 ] DEBUG Engine               - defaultCursor: CursorInfo(imageName=fxgl_default_cursor.png, hotspotX=7.0, hotspotY=6.0)
14:26:17.229 [FXGL Background Thread 3 ] DEBUG Engine               - devBBoxColorProperty: ObjectProperty [value: 0xff0000ff]
14:26:17.229 [FXGL Background Thread 3 ] DEBUG Engine               - devEnableDebugCameraProperty: BooleanProperty [value: false]
14:26:17.229 [FXGL Background Thread 3 ] DEBUG Engine               - devSensorColorProperty: ObjectProperty [value: 0xffff00ff]
14:26:17.229 [FXGL Background Thread 3 ] DEBUG Engine               - devShowBBoxProperty: BooleanProperty [value: false]
14:26:17.229 [FXGL Background Thread 3 ] DEBUG Engine               - devShowPositionProperty: BooleanProperty [value: false]
14:26:17.229 [FXGL Background Thread 3 ] DEBUG Engine               - enabledMenuItems: []
14:26:17.229 [FXGL Background Thread 3 ] DEBUG Engine               - engineServices: [class com.almasb.fxgl.app.services.FXGLAssetLoaderService, class com.almasb.fxgl.app.FXGLApplication$GameApplicationService, class com.almasb.fxgl.app.services.FXGLDialogService, class com.almasb.fxgl.app.services.IOTaskExecutorService, class com.almasb.fxgl.io.FileSystemService, class com.almasb.fxgl.localization.LocalizationService, class com.almasb.fxgl.app.services.SystemBundleService, class com.almasb.fxgl.profile.SaveLoadService, class com.almasb.fxgl.ui.FXGLUIFactoryServiceProvider, class com.almasb.fxgl.ui.FXGLDialogFactoryServiceProvider, class com.almasb.fxgl.audio.AudioPlayer, class com.almasb.fxgl.notification.impl.NotificationServiceProvider, class com.almasb.fxgl.achievement.AchievementService, class com.almasb.fxgl.cutscene.CutsceneService, class com.almasb.fxgl.minigames.MiniGameService, class com.almasb.fxgl.net.NetService, class com.almasb.fxgl.app.services.UpdaterService, class com.almasb.fxgl.dev.DevService]
14:26:17.229 [FXGL Background Thread 3 ] DEBUG Engine               - fontGame: Abel-Regular.ttf
14:26:17.230 [FXGL Background Thread 3 ] DEBUG Engine               - fontMono: lucida_console.ttf
14:26:17.230 [FXGL Background Thread 3 ] DEBUG Engine               - fontText: Courier-Prime.ttf
14:26:17.230 [FXGL Background Thread 3 ] DEBUG Engine               - fontUI: VarelaRound-Regular.ttf
14:26:17.230 [FXGL Background Thread 3 ] DEBUG Engine               - fullScreen: BooleanProperty [value: false]
14:26:17.230 [FXGL Background Thread 3 ] DEBUG Engine               - gameDifficulty: MEDIUM
14:26:17.230 [FXGL Background Thread 3 ] DEBUG Engine               - gameDifficultyProperty: ObjectProperty [value: MEDIUM]
14:26:17.230 [FXGL Background Thread 3 ] DEBUG Engine               - globalMusicVolume: 0.5
14:26:17.230 [FXGL Background Thread 3 ] DEBUG Engine               - globalMusicVolumeProperty: DoubleProperty [value: 0.5]
14:26:17.230 [FXGL Background Thread 3 ] DEBUG Engine               - globalSoundVolume: 0.5
14:26:17.230 [FXGL Background Thread 3 ] DEBUG Engine               - globalSoundVolumeProperty: DoubleProperty [value: 0.5]
14:26:17.231 [FXGL Background Thread 3 ] DEBUG Engine               - height: 800
14:26:17.231 [FXGL Background Thread 3 ] DEBUG Engine               - is3D: false
14:26:17.231 [FXGL Background Thread 3 ] DEBUG Engine               - isAndroid: false
14:26:17.231 [FXGL Background Thread 3 ] DEBUG Engine               - isBrowser: false
14:26:17.231 [FXGL Background Thread 3 ] DEBUG Engine               - isClickFeedbackEnabled: false
14:26:17.231 [FXGL Background Thread 3 ] DEBUG Engine               - isCloseConfirmation: false
14:26:17.231 [FXGL Background Thread 3 ] DEBUG Engine               - isDesktop: true
14:26:17.231 [FXGL Background Thread 3 ] DEBUG Engine               - isDeveloperMenuEnabled: false
14:26:17.231 [FXGL Background Thread 3 ] DEBUG Engine               - isEntityPreloadEnabled: true
14:26:17.231 [FXGL Background Thread 3 ] DEBUG Engine               - isExperimentalTiledLargeMap: false
14:26:17.231 [FXGL Background Thread 3 ] DEBUG Engine               - isFileSystemWriteAllowed: true
14:26:17.231 [FXGL Background Thread 3 ] DEBUG Engine               - isFullScreenAllowed: false
14:26:17.232 [FXGL Background Thread 3 ] DEBUG Engine               - isFullScreenFromStart: false
14:26:17.232 [FXGL Background Thread 3 ] DEBUG Engine               - isGameMenuEnabled: true
14:26:17.232 [FXGL Background Thread 3 ] DEBUG Engine               - isIOS: false
14:26:17.232 [FXGL Background Thread 3 ] DEBUG Engine               - isIntroEnabled: false
14:26:17.232 [FXGL Background Thread 3 ] DEBUG Engine               - isLinux: false
14:26:17.232 [FXGL Background Thread 3 ] DEBUG Engine               - isMac: false
14:26:17.232 [FXGL Background Thread 3 ] DEBUG Engine               - isMainMenuEnabled: false
14:26:17.232 [FXGL Background Thread 3 ] DEBUG Engine               - isManualResizeEnabled: false
14:26:17.232 [FXGL Background Thread 3 ] DEBUG Engine               - isMobile: false
14:26:17.232 [FXGL Background Thread 3 ] DEBUG Engine               - isNative: false
14:26:17.232 [FXGL Background Thread 3 ] DEBUG Engine               - isPreserveResizeRatio: false
14:26:17.232 [FXGL Background Thread 3 ] DEBUG Engine               - isProfilingEnabled: false
14:26:17.232 [FXGL Background Thread 3 ] DEBUG Engine               - isScaleAffectedOnResize: true
14:26:17.232 [FXGL Background Thread 3 ] DEBUG Engine               - isSingleStep: false
14:26:17.232 [FXGL Background Thread 3 ] DEBUG Engine               - isUserProfileEnabled: false
14:26:17.233 [FXGL Background Thread 3 ] DEBUG Engine               - isWindows: true
14:26:17.233 [FXGL Background Thread 3 ] DEBUG Engine               - language: ObjectProperty [value: ENGLISH]
14:26:17.233 [FXGL Background Thread 3 ] DEBUG Engine               - menuKey: ESCAPE
14:26:17.233 [FXGL Background Thread 3 ] DEBUG Engine               - mouseSensitivity: 0.2
14:26:17.233 [FXGL Background Thread 3 ] DEBUG Engine               - notificationViewClass: class com.almasb.fxgl.notification.view.XboxNotificationView
14:26:17.233 [FXGL Background Thread 3 ] DEBUG Engine               - pixelsPerMeter: 50.0
14:26:17.233 [FXGL Background Thread 3 ] DEBUG Engine               - platform: WINDOWS
14:26:17.233 [FXGL Background Thread 3 ] DEBUG Engine               - prefHeightProperty: ReadOnlyDoubleProperty [value: 800.0]
14:26:17.233 [FXGL Background Thread 3 ] DEBUG Engine               - prefWidthProperty: ReadOnlyDoubleProperty [value: 1000.0]
14:26:17.233 [FXGL Background Thread 3 ] DEBUG Engine               - profileDir: profiles/
14:26:17.234 [FXGL Background Thread 3 ] DEBUG Engine               - profileName: StringProperty [value: DEFAULT]
14:26:17.234 [FXGL Background Thread 3 ] DEBUG Engine               - randomSeed: -1
14:26:17.234 [FXGL Background Thread 3 ] DEBUG Engine               - runtimeInfo: RuntimeInfo(platform=WINDOWS, version=11.16, build=25.05.2021 08.16)
14:26:17.234 [FXGL Background Thread 3 ] DEBUG Engine               - saveFileExt: sav
14:26:17.234 [FXGL Background Thread 3 ] DEBUG Engine               - scaledHeightProp$fxgl: DoubleProperty [bound, value: 800.0]
14:26:17.234 [FXGL Background Thread 3 ] DEBUG Engine               - scaledWidthProp$fxgl: DoubleProperty [bound, value: 1000.0]
14:26:17.234 [FXGL Background Thread 3 ] DEBUG Engine               - sceneFactory: com.almasb.fxgl.app.scene.SceneFactory@337dede1
14:26:17.234 [FXGL Background Thread 3 ] DEBUG Engine               - secondsIn24h: 60
14:26:17.234 [FXGL Background Thread 3 ] DEBUG Engine               - soundMenuBack: menu/back.wav
14:26:17.234 [FXGL Background Thread 3 ] DEBUG Engine               - soundMenuPress: menu/press.wav
14:26:17.234 [FXGL Background Thread 3 ] DEBUG Engine               - soundMenuSelect: menu/select.wav
14:26:17.235 [FXGL Background Thread 3 ] DEBUG Engine               - soundNotification: core/notification.wav
14:26:17.235 [FXGL Background Thread 3 ] DEBUG Engine               - stageStyle: DECORATED
14:26:17.235 [FXGL Background Thread 3 ] DEBUG Engine               - supportedLanguages: [ENGLISH, FRENCH, GERMAN, HUNGARIAN, RUSSIAN]
14:26:17.235 [FXGL Background Thread 3 ] DEBUG Engine               - ticksPerSecond: -1
14:26:17.235 [FXGL Background Thread 3 ] DEBUG Engine               - title: Cloud Hopper
14:26:17.235 [FXGL Background Thread 3 ] DEBUG Engine               - urlGithub: https://github.com/AlmasB/FXGL
14:26:17.235 [FXGL Background Thread 3 ] DEBUG Engine               - urlLeaderboard: http://fxgl-top.herokuapp.com/
14:26:17.235 [FXGL Background Thread 3 ] DEBUG Engine               - urlPOM: https://raw.githubusercontent.com/AlmasB/FXGL/release/README.md
14:26:17.235 [FXGL Background Thread 3 ] DEBUG Engine               - userAppClass: class com.cloudHopper.PlatformerApp
14:26:17.235 [FXGL Background Thread 3 ] DEBUG Engine               - version: 0.1
14:26:17.235 [FXGL Background Thread 3 ] DEBUG Engine               - versionCheckDays: 7
14:26:17.235 [FXGL Background Thread 3 ] DEBUG Engine               - width: 1000
14:26:17.236 [FXGL Background Thread 3 ] DEBUG Engine               - Logging services
14:26:17.236 [FXGL Background Thread 3 ] DEBUG Engine               - class com.almasb.fxgl.app.services.FXGLAssetLoaderService
14:26:17.236 [FXGL Background Thread 3 ] DEBUG Engine               - class com.almasb.fxgl.app.FXGLApplication$GameApplicationService
14:26:17.236 [FXGL Background Thread 3 ] DEBUG Engine               - class com.almasb.fxgl.app.services.FXGLDialogService
14:26:17.236 [FXGL Background Thread 3 ] DEBUG Engine               - class com.almasb.fxgl.app.services.IOTaskExecutorService
14:26:17.236 [FXGL Background Thread 3 ] DEBUG Engine               - class com.almasb.fxgl.io.FileSystemService
14:26:17.236 [FXGL Background Thread 3 ] DEBUG Engine               - class com.almasb.fxgl.localization.LocalizationService
14:26:17.236 [FXGL Background Thread 3 ] DEBUG Engine               - class com.almasb.fxgl.app.services.SystemBundleService
14:26:17.236 [FXGL Background Thread 3 ] DEBUG Engine               - class com.almasb.fxgl.profile.SaveLoadService
14:26:17.236 [FXGL Background Thread 3 ] DEBUG Engine               - class com.almasb.fxgl.ui.FXGLUIFactoryServiceProvider
14:26:17.236 [FXGL Background Thread 3 ] DEBUG Engine               - class com.almasb.fxgl.ui.FXGLDialogFactoryServiceProvider
14:26:17.236 [FXGL Background Thread 3 ] DEBUG Engine               - class com.almasb.fxgl.audio.AudioPlayer
14:26:17.237 [FXGL Background Thread 3 ] DEBUG Engine               - class com.almasb.fxgl.notification.impl.NotificationServiceProvider
14:26:17.237 [FXGL Background Thread 3 ] DEBUG Engine               - class com.almasb.fxgl.achievement.AchievementService
14:26:17.237 [FXGL Background Thread 3 ] DEBUG Engine               - class com.almasb.fxgl.cutscene.CutsceneService
14:26:17.237 [FXGL Background Thread 3 ] DEBUG Engine               - class com.almasb.fxgl.minigames.MiniGameService
14:26:17.237 [FXGL Background Thread 3 ] DEBUG Engine               - class com.almasb.fxgl.net.NetService
14:26:17.237 [FXGL Background Thread 3 ] DEBUG Engine               - class com.almasb.fxgl.app.services.UpdaterService
14:26:17.237 [FXGL Background Thread 3 ] DEBUG Engine               - class com.almasb.fxgl.dev.DevService
14:26:18.013 [JavaFX Application Thread] DEBUG FXGLAssetLoaderServi - Loading from file system: file:/C:/Users/russl/IdeaProjects/cloudHopper/target/classes/assets/textures/key.png
14:26:24.816 [JavaFX Application Thread] DEBUG FXGLApplication      - Exiting FXGL
14:26:24.816 [JavaFX Application Thread] DEBUG LoopRunner           - Stopping loop
14:26:24.816 [JavaFX Application Thread] DEBUG SystemBundleService  - Saving FXGL system data
14:26:24.818 [JavaFX Application Thread] DEBUG FileSystemAccess     - Writing to: C:\Users\russl\IdeaProjects\cloudHopper\system\fxgl.bundle
14:26:24.820 [JavaFX Application Thread] DEBUG Async                - Shutting down background threads
14:26:24.820 [JavaFX Application Thread] DEBUG PrimaryStageWindow   - Closing main window
14:26:24.828 [JavaFX Application Thread] DEBUG Logger               - Closing Logger
