15:11:09.103 [main                     ] DEBUG Logger               - Configured Logger
15:11:09.109 [main                     ] DEBUG GameApplication      - Logging settings
Title: Cloud Hopper
Version: 0.1
Width: 1000
Height: 800
Fullscreen: false
Intro: false
Profiling: false
Single step:false
App Mode: DEVELOPER
Menu Key: ESCAPE
Stage Style: DECORATED
Scene Factory: class com.almasb.fxgl.app.scene.SceneFactory

15:11:09.686 [JavaFX Application Thread] DEBUG FXGLApplication      - Initializing FXGL
15:11:09.690 [JavaFX Application Thread] INFO  Engine               - FXGL-11.16 (25.05.2021 08.16) on WINDOWS (J:16 FX:16)
15:11:09.690 [JavaFX Application Thread] DEBUG Engine               - JRE Vendor Name: Oracle Corporation
15:11:09.690 [JavaFX Application Thread] DEBUG Engine               - Running on OS: Windows 10 version 10.0
15:11:09.691 [JavaFX Application Thread] DEBUG Engine               - Architecture: amd64
15:11:09.691 [JavaFX Application Thread] INFO  Engine               - Source code and latest versions at: https://github.com/AlmasB/FXGL
15:11:09.691 [JavaFX Application Thread] INFO  Engine               -              Join the FXGL chat at: https://gitter.im/AlmasB/FXGL
15:11:09.856 [JavaFX Application Thread] DEBUG PrimaryStageWindow   - Creating a JavaFX scene
15:11:09.922 [JavaFX Application Thread] DEBUG PrimaryStageWindow   - Target settings size: 1000.0 x 800.0
15:11:09.923 [JavaFX Application Thread] DEBUG PrimaryStageWindow   - Scaled scene size:    1000.0 x 800.0
15:11:09.923 [JavaFX Application Thread] DEBUG PrimaryStageWindow   - Scaled ratio: (1.0, 1.0)
15:11:09.925 [JavaFX Application Thread] DEBUG PrimaryStageWindow   - Set initial scene to FXGLStartupScene
15:11:09.936 [JavaFX Application Thread] DEBUG PrimaryStageWindow   - Opening main window
15:11:10.079 [JavaFX Application Thread] DEBUG PrimaryStageWindow   - Window border size: (16.0, 39.0)
15:11:10.079 [JavaFX Application Thread] DEBUG PrimaryStageWindow   - Scaled size: 1000.0 x 800.0
15:11:10.079 [JavaFX Application Thread] DEBUG PrimaryStageWindow   - Scaled ratio: (1.0, 1.0)
15:11:10.080 [JavaFX Application Thread] DEBUG PrimaryStageWindow   - Scene size: 1000.0 x 800.0
15:11:10.080 [JavaFX Application Thread] DEBUG PrimaryStageWindow   - Stage size: 1016.0 x 839.0
15:11:10.087 [FXGL Background Thread 1 ] DEBUG Engine               - Initializing environment variables
15:11:10.128 [FXGL Background Thread 1 ] DEBUG FXGLAssetLoaderServi - User app class for loading assets: class com.cloudHopper.PlatformerApp
15:11:10.128 [FXGL Background Thread 1 ] DEBUG GameApplicationServi - Applying CSS: fxgl_dark.css
15:11:10.130 [FXGL Background Thread 1 ] DEBUG FXGLAssetLoaderServi - Loading from file system: jar:file:/C:/Users/russl/.m2/repository/com/github/almasb/fxgl/11.16/fxgl-11.16.jar!/fxglassets/ui/css/fxgl_dark.css
15:11:10.183 [FXGL Background Thread 1 ] DEBUG GameApplicationServi - Initializing application scenes
15:11:10.235 [FXGL Background Thread 1 ] DEBUG GameWorld            - Game world initialized
15:11:10.305 [FXGL Background Thread 1 ] DEBUG PhysicsWorld         - Physics world initialized: appHeight=800, physics.ppm=50.0
15:11:10.306 [FXGL Background Thread 1 ] DEBUG PhysicsWorld         - Using strategy: BRUTE_FORCE
15:11:10.309 [FXGL Background Thread 1 ] DEBUG GameScene            - Game scene initialized: 1000x800
15:11:10.323 [FXGL Background Thread 1 ] DEBUG FXGL.DefaultMenu     - createMenuBodyGameMenu()
15:11:10.355 [FXGL Background Thread 1 ] DEBUG FXGL.DefaultMenu     - createOptionsMenu()
15:11:10.365 [FXGL Background Thread 1 ] DEBUG FXGLAssetLoaderServi - Loading from file system: jar:file:/C:/Users/russl/.m2/repository/com/github/almasb/fxgl/11.16/fxgl-11.16.jar!/fxglassets/textures/particles/smoke.png
15:11:10.474 [FXGL Background Thread 1 ] DEBUG FXGLAssetLoaderServi - Loading from file system: jar:file:/C:/Users/russl/.m2/repository/com/github/almasb/fxgl/11.16/fxgl-11.16.jar!/fxglassets/textures/particles/trace_horizontal.png
15:11:10.508 [FXGL Background Thread 1 ] DEBUG GameApplicationServi - Application scenes initialized
15:11:10.519 [FXGL Background Thread 1 ] DEBUG SystemBundleService  - Loading FXGL system data
15:11:10.523 [FXGL Background Thread 1 ] DEBUG FileSystemAccess     - Reading from: C:\Users\russl\IdeaProjects\cloudHopper\system\fxgl.bundle
15:11:10.529 [FXGL Background Thread 1 ] DEBUG SystemBundleService  - Bundle FXGL: {}
15:11:10.529 [FXGL Background Thread 1 ] DEBUG UpdaterService       - Checking for updates
15:11:10.533 [FXGL Background Thread 4 ] DEBUG FXGLApplication      - Loading fonts
15:11:10.534 [FXGL Background Thread 4 ] DEBUG FXGLAssetLoaderServi - Loading from file system: jar:file:/C:/Users/russl/.m2/repository/com/github/almasb/fxgl/11.16/fxgl-11.16.jar!/fxglassets/ui/fonts/VarelaRound-Regular.ttf
15:11:10.534 [FXGL Background Thread 1 ] DEBUG FXGLApplication      - Loading default localization
15:11:10.535 [FXGL Background Thread 1 ] DEBUG FXGLAssetLoaderServi - Loading from file system: jar:file:/C:/Users/russl/.m2/repository/com/github/almasb/fxgl/11.16/fxgl-11.16.jar!/fxglassets/languages/english.lang
15:11:10.561 [FXGL Background Thread 1 ] INFO  FXGLApplication      - FXGL initialization took: 0.474 sec
15:11:10.577 [JavaFX Application Thread] DEBUG Input                - Registered new binding: action0 - A
15:11:10.578 [JavaFX Application Thread] DEBUG Input                - Registered new binding: action1 - D
15:11:10.579 [JavaFX Application Thread] DEBUG Input                - Registered new binding: action2 - Space
15:11:10.579 [JavaFX Application Thread] DEBUG Input                - Registered new binding: action3 - W
15:11:10.580 [JavaFX Application Thread] DEBUG FXGLAssetLoaderServi - Loading from file system: jar:file:/C:/Users/russl/.m2/repository/com/github/almasb/fxgl/11.16/fxgl-11.16.jar!/fxglassets/textures/fxgl_icon.png
15:11:10.584 [FXGL Background Thread 4 ] DEBUG FXGLAssetLoaderServi - Loading from file system: jar:file:/C:/Users/russl/.m2/repository/com/github/almasb/fxgl/11.16/fxgl-11.16.jar!/fxglassets/ui/fonts/Abel-Regular.ttf
15:11:10.588 [FXGL Background Thread 4 ] DEBUG FXGLAssetLoaderServi - Loading from file system: jar:file:/C:/Users/russl/.m2/repository/com/github/almasb/fxgl/11.16/fxgl-11.16.jar!/fxglassets/ui/fonts/lucida_console.ttf
15:11:10.593 [FXGL Background Thread 4 ] DEBUG FXGLAssetLoaderServi - Loading from file system: jar:file:/C:/Users/russl/.m2/repository/com/github/almasb/fxgl/11.16/fxgl-11.16.jar!/fxglassets/ui/fonts/Courier-Prime.ttf
15:11:10.603 [JavaFX Application Thread] DEBUG FXGLAssetLoaderServi - Loading from file system: jar:file:/C:/Users/russl/.m2/repository/com/github/almasb/fxgl/11.16/fxgl-11.16.jar!/fxglassets/textures/fxgl_default_cursor.png
15:11:10.606 [JavaFX Application Thread] DEBUG Input                - Registered new binding: Screenshot - CTRL+8
15:11:10.607 [JavaFX Application Thread] DEBUG Input                - Registered new binding: System info dump - CTRL+9
15:11:10.607 [JavaFX Application Thread] DEBUG Input                - Registered new binding: Restart - CTRL+R
15:11:10.608 [JavaFX Application Thread] DEBUG Input                - Registered new binding: Toggle Debug Camera - CTRL+C
15:11:10.611 [JavaFX Application Thread] DEBUG LoopRunner           - Starting loop
15:11:10.612 [JavaFX Application Thread] DEBUG LoopRunner           - Initializing JavaFX AnimationTimerLoop
15:11:10.614 [JavaFX Application Thread] DEBUG GameApplicationServi - Starting new game
15:11:10.615 [JavaFX Application Thread] DEBUG Input                - Clearing active input actions
15:11:10.628 [JavaFX Application Thread] DEBUG GameApplicationServi - Removing overlay from FXGLStartupScene and adding to FXGLLoadingScene
15:11:10.629 [JavaFX Application Thread] DEBUG PrimaryStageWindow   - FXGLStartupScene -> FXGLLoadingScene
15:11:10.629 [JavaFX Application Thread] DEBUG GameApplicationServi - Clearing previous game
15:11:10.629 [JavaFX Application Thread] DEBUG GameScene            - Clearing game scene
15:11:10.629 [JavaFX Application Thread] DEBUG GameWorld            - Clearing game world
15:11:10.629 [JavaFX Application Thread] DEBUG PhysicsWorld         - Clearing physics world
15:11:10.631 [FXGL Background Thread 4 ] DEBUG FXGLApplication      - Initializing game
15:11:10.633 [JavaFX Application Thread] DEBUG FXGLApplication      - Registering font factories with UI factory
15:11:10.678 [FXGL Background Thread 4 ] WARN  TMXLevelLoader       - TiledMap generated from 1.7.1. Supported version: 1.2.3. Some features may not be parsed fully.
15:11:10.731 [FXGL Background Thread 4 ] DEBUG TMXLevelLoader       - Parsed TiledMap: file:/C:/Users/russl/IdeaProjects/cloudHopper/target/classes/assets/levels/level1.tmx
15:11:10.732 [FXGL Background Thread 4 ] DEBUG TMXLevelLoader       - Creating tile layer entities
15:11:10.733 [FXGL Background Thread 4 ] DEBUG TilesetLoader        - Loading view for layer Tile Layer 1
15:11:10.782 [FXGL Background Thread 4 ] DEBUG TilesetLoader        - Created buffer with size 20480.0x1280.0
15:11:10.879 [FXGL Background Thread 4 ] DEBUG TMXLevelLoader       - Creating object layer entities
15:11:10.905 [FXGL Background Thread 4 ] DEBUG FXGLAssetLoaderServi - Loading from file system: file:/C:/Users/russl/IdeaProjects/cloudHopper/target/classes/assets/textures/crate.png
15:11:10.922 [FXGL Background Thread 4 ] DEBUG FXGLAssetLoaderServi - Loading from file system: file:/C:/Users/russl/IdeaProjects/cloudHopper/target/classes/assets/textures/StoneBlock.png
15:11:10.930 [FXGL Background Thread 4 ] DEBUG FXGLAssetLoaderServi - Loading from file system: file:/C:/Users/russl/IdeaProjects/cloudHopper/target/classes/assets/textures/characters_packed.png
15:11:10.963 [FXGL Background Thread 4 ] DEBUG FXGLAssetLoaderServi - Loading from file system: file:/C:/Users/russl/IdeaProjects/cloudHopper/target/classes/assets/textures/keyAnimation.png
15:11:10.991 [FXGL Background Thread 4 ] DEBUG FXGLAssetLoaderServi - Loading from file system: file:/C:/Users/russl/IdeaProjects/cloudHopper/target/classes/assets/textures/starAnimation.png
15:11:11.008 [FXGL Background Thread 4 ] DEBUG GameWorld            - Clearing removable entities
15:11:11.008 [FXGL Background Thread 4 ] DEBUG GameWorld            - Setting level: com.almasb.fxgl.entity.level.Level@703c99c3
15:11:11.032 [FXGL Background Thread 4 ] DEBUG FXGLAssetLoaderServi - Loading from file system: file:/C:/Users/russl/IdeaProjects/cloudHopper/target/classes/assets/textures/single.png
15:11:11.038 [FXGL Background Thread 4 ] DEBUG FXGLAssetLoaderServi - Loading from file system: file:/C:/Users/russl/IdeaProjects/cloudHopper/target/classes/assets/textures/singlePushing.png
15:11:11.040 [FXGL Background Thread 4 ] DEBUG FXGLAssetLoaderServi - Loading from file system: file:/C:/Users/russl/IdeaProjects/cloudHopper/target/classes/assets/textures/z-2.png
15:11:11.070 [FXGL Background Thread 4 ] WARN  GameWorld            - Entity is already attached to world
15:11:11.071 [FXGL Background Thread 4 ] DEBUG FXGLAssetLoaderServi - Loading from file system: file:/C:/Users/russl/IdeaProjects/cloudHopper/target/classes/assets/textures/z-1.png
15:11:11.091 [FXGL Background Thread 2 ] INFO  UpdaterService       - Your current version:  11.16
15:11:11.091 [FXGL Background Thread 2 ] INFO  UpdaterService       - Latest stable version: 11.17
15:11:11.105 [FXGL Background Thread 4 ] WARN  GameWorld            - Entity is already attached to world
15:11:11.113 [FXGL Background Thread 4 ] DEBUG FXGLAssetLoaderServi - Loading from file system: file:/C:/Users/russl/IdeaProjects/cloudHopper/target/classes/assets/textures/hearts.png
15:11:11.118 [FXGL Background Thread 4 ] INFO  FXGLApplication      - Game initialization took: 0.486 sec
15:11:11.118 [JavaFX Application Thread] DEBUG Input                - Clearing active input actions
15:11:11.134 [JavaFX Application Thread] DEBUG GameApplicationServi - Removing overlay from FXGLLoadingScene and adding to GameScene
15:11:11.135 [JavaFX Application Thread] DEBUG PrimaryStageWindow   - FXGLLoadingScene -> GameScene
15:11:12.858 [JavaFX Application Thread] DEBUG FXGLAssetLoaderServi - Loading from file system: file:/C:/Users/russl/IdeaProjects/cloudHopper/target/classes/assets/textures/key.png
15:11:13.534 [FXGL Background Thread 3 ] DEBUG Engine               - Logging environment variables
15:11:13.534 [FXGL Background Thread 3 ] DEBUG Engine               - achievements: []
15:11:13.535 [FXGL Background Thread 3 ] DEBUG Engine               - actualHeight: 800.0
15:11:13.535 [FXGL Background Thread 3 ] DEBUG Engine               - actualHeightProperty: ReadOnlyDoubleProperty [value: 800.0]
15:11:13.535 [FXGL Background Thread 3 ] DEBUG Engine               - actualWidth: 1000.0
15:11:13.535 [FXGL Background Thread 3 ] DEBUG Engine               - actualWidthProperty: ReadOnlyDoubleProperty [value: 1000.0]
15:11:13.535 [FXGL Background Thread 3 ] DEBUG Engine               - appIcon: fxgl_icon.png
15:11:13.535 [FXGL Background Thread 3 ] DEBUG Engine               - applicationMode: DEVELOPER
15:11:13.536 [FXGL Background Thread 3 ] DEBUG Engine               - cSSList: [fxgl_dark.css]
15:11:13.536 [FXGL Background Thread 3 ] DEBUG Engine               - collisionDetectionStrategy: BRUTE_FORCE
15:11:13.536 [FXGL Background Thread 3 ] DEBUG Engine               - configClass: Optional.empty
15:11:13.536 [FXGL Background Thread 3 ] DEBUG Engine               - credits: []
15:11:13.536 [FXGL Background Thread 3 ] DEBUG Engine               - defaultCursor: CursorInfo(imageName=fxgl_default_cursor.png, hotspotX=7.0, hotspotY=6.0)
15:11:13.536 [FXGL Background Thread 3 ] DEBUG Engine               - devBBoxColorProperty: ObjectProperty [value: 0xff0000ff]
15:11:13.536 [FXGL Background Thread 3 ] DEBUG Engine               - devEnableDebugCameraProperty: BooleanProperty [value: false]
15:11:13.537 [FXGL Background Thread 3 ] DEBUG Engine               - devSensorColorProperty: ObjectProperty [value: 0xffff00ff]
15:11:13.537 [FXGL Background Thread 3 ] DEBUG Engine               - devShowBBoxProperty: BooleanProperty [value: false]
15:11:13.537 [FXGL Background Thread 3 ] DEBUG Engine               - devShowPositionProperty: BooleanProperty [value: false]
15:11:13.537 [FXGL Background Thread 3 ] DEBUG Engine               - enabledMenuItems: []
15:11:13.537 [FXGL Background Thread 3 ] DEBUG Engine               - engineServices: [class com.almasb.fxgl.app.services.FXGLAssetLoaderService, class com.almasb.fxgl.app.FXGLApplication$GameApplicationService, class com.almasb.fxgl.app.services.FXGLDialogService, class com.almasb.fxgl.app.services.IOTaskExecutorService, class com.almasb.fxgl.io.FileSystemService, class com.almasb.fxgl.localization.LocalizationService, class com.almasb.fxgl.app.services.SystemBundleService, class com.almasb.fxgl.profile.SaveLoadService, class com.almasb.fxgl.ui.FXGLUIFactoryServiceProvider, class com.almasb.fxgl.ui.FXGLDialogFactoryServiceProvider, class com.almasb.fxgl.audio.AudioPlayer, class com.almasb.fxgl.notification.impl.NotificationServiceProvider, class com.almasb.fxgl.achievement.AchievementService, class com.almasb.fxgl.cutscene.CutsceneService, class com.almasb.fxgl.minigames.MiniGameService, class com.almasb.fxgl.net.NetService, class com.almasb.fxgl.app.services.UpdaterService, class com.almasb.fxgl.dev.DevService]
15:11:13.537 [FXGL Background Thread 3 ] DEBUG Engine               - fontGame: Abel-Regular.ttf
15:11:13.537 [FXGL Background Thread 3 ] DEBUG Engine               - fontMono: lucida_console.ttf
15:11:13.537 [FXGL Background Thread 3 ] DEBUG Engine               - fontText: Courier-Prime.ttf
15:11:13.537 [FXGL Background Thread 3 ] DEBUG Engine               - fontUI: VarelaRound-Regular.ttf
15:11:13.537 [FXGL Background Thread 3 ] DEBUG Engine               - fullScreen: BooleanProperty [value: false]
15:11:13.538 [FXGL Background Thread 3 ] DEBUG Engine               - gameDifficulty: MEDIUM
15:11:13.538 [FXGL Background Thread 3 ] DEBUG Engine               - gameDifficultyProperty: ObjectProperty [value: MEDIUM]
15:11:13.538 [FXGL Background Thread 3 ] DEBUG Engine               - globalMusicVolume: 0.5
15:11:13.538 [FXGL Background Thread 3 ] DEBUG Engine               - globalMusicVolumeProperty: DoubleProperty [value: 0.5]
15:11:13.538 [FXGL Background Thread 3 ] DEBUG Engine               - globalSoundVolume: 0.5
15:11:13.538 [FXGL Background Thread 3 ] DEBUG Engine               - globalSoundVolumeProperty: DoubleProperty [value: 0.5]
15:11:13.538 [FXGL Background Thread 3 ] DEBUG Engine               - height: 800
15:11:13.538 [FXGL Background Thread 3 ] DEBUG Engine               - is3D: false
15:11:13.538 [FXGL Background Thread 3 ] DEBUG Engine               - isAndroid: false
15:11:13.539 [FXGL Background Thread 3 ] DEBUG Engine               - isBrowser: false
15:11:13.539 [FXGL Background Thread 3 ] DEBUG Engine               - isClickFeedbackEnabled: false
15:11:13.539 [FXGL Background Thread 3 ] DEBUG Engine               - isCloseConfirmation: false
15:11:13.539 [FXGL Background Thread 3 ] DEBUG Engine               - isDesktop: true
15:11:13.539 [FXGL Background Thread 3 ] DEBUG Engine               - isDeveloperMenuEnabled: false
15:11:13.539 [FXGL Background Thread 3 ] DEBUG Engine               - isEntityPreloadEnabled: true
15:11:13.539 [FXGL Background Thread 3 ] DEBUG Engine               - isExperimentalTiledLargeMap: false
15:11:13.539 [FXGL Background Thread 3 ] DEBUG Engine               - isFileSystemWriteAllowed: true
15:11:13.539 [FXGL Background Thread 3 ] DEBUG Engine               - isFullScreenAllowed: false
15:11:13.539 [FXGL Background Thread 3 ] DEBUG Engine               - isFullScreenFromStart: false
15:11:13.539 [FXGL Background Thread 3 ] DEBUG Engine               - isGameMenuEnabled: true
15:11:13.539 [FXGL Background Thread 3 ] DEBUG Engine               - isIOS: false
15:11:13.539 [FXGL Background Thread 3 ] DEBUG Engine               - isIntroEnabled: false
15:11:13.540 [FXGL Background Thread 3 ] DEBUG Engine               - isLinux: false
15:11:13.540 [FXGL Background Thread 3 ] DEBUG Engine               - isMac: false
15:11:13.540 [FXGL Background Thread 3 ] DEBUG Engine               - isMainMenuEnabled: false
15:11:13.540 [FXGL Background Thread 3 ] DEBUG Engine               - isManualResizeEnabled: false
15:11:13.540 [FXGL Background Thread 3 ] DEBUG Engine               - isMobile: false
15:11:13.540 [FXGL Background Thread 3 ] DEBUG Engine               - isNative: false
15:11:13.540 [FXGL Background Thread 3 ] DEBUG Engine               - isPreserveResizeRatio: false
15:11:13.540 [FXGL Background Thread 3 ] DEBUG Engine               - isProfilingEnabled: false
15:11:13.540 [FXGL Background Thread 3 ] DEBUG Engine               - isScaleAffectedOnResize: true
15:11:13.540 [FXGL Background Thread 3 ] DEBUG Engine               - isSingleStep: false
15:11:13.540 [FXGL Background Thread 3 ] DEBUG Engine               - isUserProfileEnabled: false
15:11:13.541 [FXGL Background Thread 3 ] DEBUG Engine               - isWindows: true
15:11:13.541 [FXGL Background Thread 3 ] DEBUG Engine               - language: ObjectProperty [value: ENGLISH]
15:11:13.541 [FXGL Background Thread 3 ] DEBUG Engine               - menuKey: ESCAPE
15:11:13.541 [FXGL Background Thread 3 ] DEBUG Engine               - mouseSensitivity: 0.2
15:11:13.541 [FXGL Background Thread 3 ] DEBUG Engine               - notificationViewClass: class com.almasb.fxgl.notification.view.XboxNotificationView
15:11:13.541 [FXGL Background Thread 3 ] DEBUG Engine               - pixelsPerMeter: 50.0
15:11:13.541 [FXGL Background Thread 3 ] DEBUG Engine               - platform: WINDOWS
15:11:13.541 [FXGL Background Thread 3 ] DEBUG Engine               - prefHeightProperty: ReadOnlyDoubleProperty [value: 800.0]
15:11:13.541 [FXGL Background Thread 3 ] DEBUG Engine               - prefWidthProperty: ReadOnlyDoubleProperty [value: 1000.0]
15:11:13.541 [FXGL Background Thread 3 ] DEBUG Engine               - profileDir: profiles/
15:11:13.542 [FXGL Background Thread 3 ] DEBUG Engine               - profileName: StringProperty [value: DEFAULT]
15:11:13.542 [FXGL Background Thread 3 ] DEBUG Engine               - randomSeed: -1
15:11:13.542 [FXGL Background Thread 3 ] DEBUG Engine               - runtimeInfo: RuntimeInfo(platform=WINDOWS, version=11.16, build=25.05.2021 08.16)
15:11:13.542 [FXGL Background Thread 3 ] DEBUG Engine               - saveFileExt: sav
15:11:13.542 [FXGL Background Thread 3 ] DEBUG Engine               - scaledHeightProp$fxgl: DoubleProperty [bound, value: 800.0]
15:11:13.542 [FXGL Background Thread 3 ] DEBUG Engine               - scaledWidthProp$fxgl: DoubleProperty [bound, value: 1000.0]
15:11:13.542 [FXGL Background Thread 3 ] DEBUG Engine               - sceneFactory: com.almasb.fxgl.app.scene.SceneFactory@5e3de641
15:11:13.542 [FXGL Background Thread 3 ] DEBUG Engine               - secondsIn24h: 60
15:11:13.542 [FXGL Background Thread 3 ] DEBUG Engine               - soundMenuBack: menu/back.wav
15:11:13.542 [FXGL Background Thread 3 ] DEBUG Engine               - soundMenuPress: menu/press.wav
15:11:13.542 [FXGL Background Thread 3 ] DEBUG Engine               - soundMenuSelect: menu/select.wav
15:11:13.542 [FXGL Background Thread 3 ] DEBUG Engine               - soundNotification: core/notification.wav
15:11:13.542 [FXGL Background Thread 3 ] DEBUG Engine               - stageStyle: DECORATED
15:11:13.542 [FXGL Background Thread 3 ] DEBUG Engine               - supportedLanguages: [ENGLISH, FRENCH, GERMAN, HUNGARIAN, RUSSIAN]
15:11:13.543 [FXGL Background Thread 3 ] DEBUG Engine               - ticksPerSecond: -1
15:11:13.543 [FXGL Background Thread 3 ] DEBUG Engine               - title: Cloud Hopper
15:11:13.543 [FXGL Background Thread 3 ] DEBUG Engine               - urlGithub: https://github.com/AlmasB/FXGL
15:11:13.543 [FXGL Background Thread 3 ] DEBUG Engine               - urlLeaderboard: http://fxgl-top.herokuapp.com/
15:11:13.543 [FXGL Background Thread 3 ] DEBUG Engine               - urlPOM: https://raw.githubusercontent.com/AlmasB/FXGL/release/README.md
15:11:13.543 [FXGL Background Thread 3 ] DEBUG Engine               - userAppClass: class com.cloudHopper.PlatformerApp
15:11:13.543 [FXGL Background Thread 3 ] DEBUG Engine               - version: 0.1
15:11:13.543 [FXGL Background Thread 3 ] DEBUG Engine               - versionCheckDays: 7
15:11:13.543 [FXGL Background Thread 3 ] DEBUG Engine               - width: 1000
15:11:13.543 [FXGL Background Thread 3 ] DEBUG Engine               - Logging services
15:11:13.543 [FXGL Background Thread 3 ] DEBUG Engine               - class com.almasb.fxgl.app.services.FXGLAssetLoaderService
15:11:13.543 [FXGL Background Thread 3 ] DEBUG Engine               - class com.almasb.fxgl.app.FXGLApplication$GameApplicationService
15:11:13.543 [FXGL Background Thread 3 ] DEBUG Engine               - class com.almasb.fxgl.app.services.FXGLDialogService
15:11:13.544 [FXGL Background Thread 3 ] DEBUG Engine               - class com.almasb.fxgl.app.services.IOTaskExecutorService
15:11:13.544 [FXGL Background Thread 3 ] DEBUG Engine               - class com.almasb.fxgl.io.FileSystemService
15:11:13.544 [FXGL Background Thread 3 ] DEBUG Engine               - class com.almasb.fxgl.localization.LocalizationService
15:11:13.544 [FXGL Background Thread 3 ] DEBUG Engine               - class com.almasb.fxgl.app.services.SystemBundleService
15:11:13.544 [FXGL Background Thread 3 ] DEBUG Engine               - class com.almasb.fxgl.profile.SaveLoadService
15:11:13.544 [FXGL Background Thread 3 ] DEBUG Engine               - class com.almasb.fxgl.ui.FXGLUIFactoryServiceProvider
15:11:13.544 [FXGL Background Thread 3 ] DEBUG Engine               - class com.almasb.fxgl.ui.FXGLDialogFactoryServiceProvider
15:11:13.544 [FXGL Background Thread 3 ] DEBUG Engine               - class com.almasb.fxgl.audio.AudioPlayer
15:11:13.544 [FXGL Background Thread 3 ] DEBUG Engine               - class com.almasb.fxgl.notification.impl.NotificationServiceProvider
15:11:13.544 [FXGL Background Thread 3 ] DEBUG Engine               - class com.almasb.fxgl.achievement.AchievementService
15:11:13.544 [FXGL Background Thread 3 ] DEBUG Engine               - class com.almasb.fxgl.cutscene.CutsceneService
15:11:13.544 [FXGL Background Thread 3 ] DEBUG Engine               - class com.almasb.fxgl.minigames.MiniGameService
15:11:13.545 [FXGL Background Thread 3 ] DEBUG Engine               - class com.almasb.fxgl.net.NetService
15:11:13.545 [FXGL Background Thread 3 ] DEBUG Engine               - class com.almasb.fxgl.app.services.UpdaterService
15:11:13.545 [FXGL Background Thread 3 ] DEBUG Engine               - class com.almasb.fxgl.dev.DevService
15:11:14.578 [JavaFX Application Thread] DEBUG FXGLAssetLoaderServi - Loading from file system: file:/C:/Users/russl/IdeaProjects/cloudHopper/target/classes/assets/textures/star.png
15:11:17.986 [JavaFX Application Thread] DEBUG FXGLAssetLoaderServi - Loading from file system: file:/C:/Users/russl/IdeaProjects/cloudHopper/target/classes/assets/textures/floatingPlatform.png
15:12:25.604 [JavaFX Application Thread] DEBUG FXGLApplication      - Exiting FXGL
15:12:25.604 [JavaFX Application Thread] DEBUG LoopRunner           - Stopping loop
15:12:25.604 [JavaFX Application Thread] DEBUG SystemBundleService  - Saving FXGL system data
15:12:25.606 [JavaFX Application Thread] DEBUG FileSystemAccess     - Writing to: C:\Users\russl\IdeaProjects\cloudHopper\system\fxgl.bundle
15:12:25.607 [JavaFX Application Thread] DEBUG Async                - Shutting down background threads
15:12:25.608 [JavaFX Application Thread] DEBUG PrimaryStageWindow   - Closing main window
15:12:25.617 [JavaFX Application Thread] DEBUG Logger               - Closing Logger
