14:03:26.987 [main                     ] DEBUG Logger               - Configured Logger
14:03:26.993 [main                     ] DEBUG GameApplication      - Logging settings
Title: Cloud Hopper
Version: 0.1
Width: 1000
Height: 800
Fullscreen: false
Intro: false
Profiling: false
Single step:false
App Mode: DEVELOPER
Menu Key: ESCAPE
Stage Style: DECORATED
Scene Factory: class com.almasb.fxgl.app.scene.SceneFactory

14:03:27.580 [JavaFX Application Thread] DEBUG FXGLApplication      - Initializing FXGL
14:03:27.583 [JavaFX Application Thread] INFO  Engine               - FXGL-11.16 (25.05.2021 08.16) on WINDOWS (J:16 FX:16)
14:03:27.584 [JavaFX Application Thread] DEBUG Engine               - JRE Vendor Name: Oracle Corporation
14:03:27.584 [JavaFX Application Thread] DEBUG Engine               - Running on OS: Windows 10 version 10.0
14:03:27.584 [JavaFX Application Thread] DEBUG Engine               - Architecture: amd64
14:03:27.584 [JavaFX Application Thread] INFO  Engine               - Source code and latest versions at: https://github.com/AlmasB/FXGL
14:03:27.584 [JavaFX Application Thread] INFO  Engine               -              Join the FXGL chat at: https://gitter.im/AlmasB/FXGL
14:03:27.756 [JavaFX Application Thread] DEBUG PrimaryStageWindow   - Creating a JavaFX scene
14:03:27.820 [JavaFX Application Thread] DEBUG PrimaryStageWindow   - Target settings size: 1000.0 x 800.0
14:03:27.820 [JavaFX Application Thread] DEBUG PrimaryStageWindow   - Scaled scene size:    1000.0 x 800.0
14:03:27.821 [JavaFX Application Thread] DEBUG PrimaryStageWindow   - Scaled ratio: (1.0, 1.0)
14:03:27.822 [JavaFX Application Thread] DEBUG PrimaryStageWindow   - Set initial scene to FXGLStartupScene
14:03:27.830 [JavaFX Application Thread] DEBUG PrimaryStageWindow   - Opening main window
14:03:27.936 [JavaFX Application Thread] DEBUG PrimaryStageWindow   - Window border size: (16.0, 39.0)
14:03:27.936 [JavaFX Application Thread] DEBUG PrimaryStageWindow   - Scaled size: 1000.0 x 800.0
14:03:27.937 [JavaFX Application Thread] DEBUG PrimaryStageWindow   - Scaled ratio: (1.0, 1.0)
14:03:27.937 [JavaFX Application Thread] DEBUG PrimaryStageWindow   - Scene size: 1000.0 x 800.0
14:03:27.937 [JavaFX Application Thread] DEBUG PrimaryStageWindow   - Stage size: 1016.0 x 839.0
14:03:27.946 [FXGL Background Thread 1 ] DEBUG Engine               - Initializing environment variables
14:03:27.995 [FXGL Background Thread 1 ] DEBUG FXGLAssetLoaderServi - User app class for loading assets: class com.cloudHopper.PlatformerApp
14:03:27.995 [FXGL Background Thread 1 ] DEBUG GameApplicationServi - Applying CSS: fxgl_dark.css
14:03:27.997 [FXGL Background Thread 1 ] DEBUG FXGLAssetLoaderServi - Loading from file system: jar:file:/C:/Users/russl/.m2/repository/com/github/almasb/fxgl/11.16/fxgl-11.16.jar!/fxglassets/ui/css/fxgl_dark.css
14:03:28.050 [FXGL Background Thread 1 ] DEBUG GameApplicationServi - Initializing application scenes
14:03:28.096 [FXGL Background Thread 1 ] DEBUG GameWorld            - Game world initialized
14:03:28.163 [FXGL Background Thread 1 ] DEBUG PhysicsWorld         - Physics world initialized: appHeight=800, physics.ppm=50.0
14:03:28.164 [FXGL Background Thread 1 ] DEBUG PhysicsWorld         - Using strategy: BRUTE_FORCE
14:03:28.167 [FXGL Background Thread 1 ] DEBUG GameScene            - Game scene initialized: 1000x800
14:03:28.182 [FXGL Background Thread 1 ] DEBUG FXGL.DefaultMenu     - createMenuBodyGameMenu()
14:03:28.201 [FXGL Background Thread 1 ] DEBUG FXGL.DefaultMenu     - createOptionsMenu()
14:03:28.211 [FXGL Background Thread 1 ] DEBUG FXGLAssetLoaderServi - Loading from file system: jar:file:/C:/Users/russl/.m2/repository/com/github/almasb/fxgl/11.16/fxgl-11.16.jar!/fxglassets/textures/particles/smoke.png
14:03:28.318 [FXGL Background Thread 1 ] DEBUG FXGLAssetLoaderServi - Loading from file system: jar:file:/C:/Users/russl/.m2/repository/com/github/almasb/fxgl/11.16/fxgl-11.16.jar!/fxglassets/textures/particles/trace_horizontal.png
14:03:28.360 [FXGL Background Thread 1 ] DEBUG GameApplicationServi - Application scenes initialized
14:03:28.370 [FXGL Background Thread 1 ] DEBUG SystemBundleService  - Loading FXGL system data
14:03:28.374 [FXGL Background Thread 1 ] DEBUG FileSystemAccess     - Reading from: C:\Users\russl\IdeaProjects\cloudHopper\system\fxgl.bundle
14:03:28.380 [FXGL Background Thread 1 ] DEBUG SystemBundleService  - Bundle FXGL: {}
14:03:28.380 [FXGL Background Thread 1 ] DEBUG UpdaterService       - Checking for updates
14:03:28.384 [FXGL Background Thread 4 ] DEBUG FXGLApplication      - Loading fonts
14:03:28.384 [FXGL Background Thread 1 ] DEBUG FXGLApplication      - Loading default localization
14:03:28.385 [FXGL Background Thread 4 ] DEBUG FXGLAssetLoaderServi - Loading from file system: jar:file:/C:/Users/russl/.m2/repository/com/github/almasb/fxgl/11.16/fxgl-11.16.jar!/fxglassets/ui/fonts/VarelaRound-Regular.ttf
14:03:28.385 [FXGL Background Thread 1 ] DEBUG FXGLAssetLoaderServi - Loading from file system: jar:file:/C:/Users/russl/.m2/repository/com/github/almasb/fxgl/11.16/fxgl-11.16.jar!/fxglassets/languages/english.lang
14:03:28.408 [FXGL Background Thread 1 ] INFO  FXGLApplication      - FXGL initialization took: 0.461 sec
14:03:28.423 [JavaFX Application Thread] DEBUG Input                - Registered new binding: action0 - A
14:03:28.424 [JavaFX Application Thread] DEBUG Input                - Registered new binding: action1 - D
14:03:28.425 [JavaFX Application Thread] DEBUG Input                - Registered new binding: action2 - Space
14:03:28.426 [JavaFX Application Thread] DEBUG Input                - Registered new binding: action3 - W
14:03:28.427 [JavaFX Application Thread] DEBUG Input                - Registered new binding: action4 - S
14:03:28.427 [JavaFX Application Thread] DEBUG FXGLAssetLoaderServi - Loading from file system: jar:file:/C:/Users/russl/.m2/repository/com/github/almasb/fxgl/11.16/fxgl-11.16.jar!/fxglassets/textures/fxgl_icon.png
14:03:28.435 [FXGL Background Thread 4 ] DEBUG FXGLAssetLoaderServi - Loading from file system: jar:file:/C:/Users/russl/.m2/repository/com/github/almasb/fxgl/11.16/fxgl-11.16.jar!/fxglassets/ui/fonts/Abel-Regular.ttf
14:03:28.439 [FXGL Background Thread 4 ] DEBUG FXGLAssetLoaderServi - Loading from file system: jar:file:/C:/Users/russl/.m2/repository/com/github/almasb/fxgl/11.16/fxgl-11.16.jar!/fxglassets/ui/fonts/lucida_console.ttf
14:03:28.445 [FXGL Background Thread 4 ] DEBUG FXGLAssetLoaderServi - Loading from file system: jar:file:/C:/Users/russl/.m2/repository/com/github/almasb/fxgl/11.16/fxgl-11.16.jar!/fxglassets/ui/fonts/Courier-Prime.ttf
14:03:28.456 [JavaFX Application Thread] DEBUG FXGLAssetLoaderServi - Loading from file system: jar:file:/C:/Users/russl/.m2/repository/com/github/almasb/fxgl/11.16/fxgl-11.16.jar!/fxglassets/textures/fxgl_default_cursor.png
14:03:28.458 [JavaFX Application Thread] DEBUG Input                - Registered new binding: Screenshot - CTRL+8
14:03:28.459 [JavaFX Application Thread] DEBUG Input                - Registered new binding: System info dump - CTRL+9
14:03:28.460 [JavaFX Application Thread] DEBUG Input                - Registered new binding: Restart - CTRL+R
14:03:28.461 [JavaFX Application Thread] DEBUG Input                - Registered new binding: Toggle Debug Camera - CTRL+C
14:03:28.464 [JavaFX Application Thread] DEBUG LoopRunner           - Starting loop
14:03:28.464 [JavaFX Application Thread] DEBUG LoopRunner           - Initializing JavaFX AnimationTimerLoop
14:03:28.466 [JavaFX Application Thread] DEBUG GameApplicationServi - Starting new game
14:03:28.467 [JavaFX Application Thread] DEBUG Input                - Clearing active input actions
14:03:28.481 [JavaFX Application Thread] DEBUG GameApplicationServi - Removing overlay from FXGLStartupScene and adding to FXGLLoadingScene
14:03:28.481 [JavaFX Application Thread] DEBUG PrimaryStageWindow   - FXGLStartupScene -> FXGLLoadingScene
14:03:28.481 [JavaFX Application Thread] DEBUG GameApplicationServi - Clearing previous game
14:03:28.482 [JavaFX Application Thread] DEBUG GameScene            - Clearing game scene
14:03:28.482 [JavaFX Application Thread] DEBUG GameWorld            - Clearing game world
14:03:28.482 [JavaFX Application Thread] DEBUG PhysicsWorld         - Clearing physics world
14:03:28.484 [JavaFX Application Thread] DEBUG FXGLApplication      - Registering font factories with UI factory
14:03:28.484 [FXGL Background Thread 4 ] DEBUG FXGLApplication      - Initializing game
14:03:28.532 [FXGL Background Thread 4 ] WARN  TMXLevelLoader       - TiledMap generated from 1.7.1. Supported version: 1.2.3. Some features may not be parsed fully.
14:03:28.583 [FXGL Background Thread 4 ] DEBUG TMXLevelLoader       - Parsed TiledMap: file:/C:/Users/russl/IdeaProjects/cloudHopper/target/classes/assets/levels/level1.tmx
14:03:28.584 [FXGL Background Thread 4 ] DEBUG TMXLevelLoader       - Creating tile layer entities
14:03:28.585 [FXGL Background Thread 4 ] DEBUG TilesetLoader        - Loading view for layer Tile Layer 1
14:03:28.637 [FXGL Background Thread 4 ] DEBUG TilesetLoader        - Created buffer with size 20480.0x1280.0
14:03:28.744 [FXGL Background Thread 4 ] DEBUG TMXLevelLoader       - Creating object layer entities
14:03:28.777 [FXGL Background Thread 4 ] DEBUG FXGLAssetLoaderServi - Loading from file system: file:/C:/Users/russl/IdeaProjects/cloudHopper/target/classes/assets/textures/crate.png
14:03:28.793 [FXGL Background Thread 4 ] DEBUG FXGLAssetLoaderServi - Loading from file system: file:/C:/Users/russl/IdeaProjects/cloudHopper/target/classes/assets/textures/StoneBlock.png
14:03:28.802 [FXGL Background Thread 4 ] DEBUG FXGLAssetLoaderServi - Loading from file system: file:/C:/Users/russl/IdeaProjects/cloudHopper/target/classes/assets/textures/characters_packed.png
14:03:28.832 [FXGL Background Thread 4 ] DEBUG FXGLAssetLoaderServi - Loading from file system: file:/C:/Users/russl/IdeaProjects/cloudHopper/target/classes/assets/textures/keyAnimation.png
14:03:28.862 [FXGL Background Thread 4 ] DEBUG FXGLAssetLoaderServi - Loading from file system: file:/C:/Users/russl/IdeaProjects/cloudHopper/target/classes/assets/textures/starAnimation.png
14:03:28.886 [FXGL Background Thread 4 ] DEBUG FXGLAssetLoaderServi - Loading from file system: file:/C:/Users/russl/IdeaProjects/cloudHopper/target/classes/assets/textures/button_pressed.png
14:03:28.887 [FXGL Background Thread 4 ] DEBUG FXGLAssetLoaderServi - Loading from file system: file:/C:/Users/russl/IdeaProjects/cloudHopper/target/classes/assets/textures/button.png
14:03:28.900 [FXGL Background Thread 4 ] DEBUG GameWorld            - Clearing removable entities
14:03:28.900 [FXGL Background Thread 4 ] DEBUG GameWorld            - Setting level: com.almasb.fxgl.entity.level.Level@3ae3aa17
14:03:28.927 [FXGL Background Thread 4 ] DEBUG FXGLAssetLoaderServi - Loading from file system: file:/C:/Users/russl/IdeaProjects/cloudHopper/target/classes/assets/textures/single.png
14:03:28.930 [FXGL Background Thread 4 ] DEBUG FXGLAssetLoaderServi - Loading from file system: file:/C:/Users/russl/IdeaProjects/cloudHopper/target/classes/assets/textures/singlePushing.png
14:03:28.933 [FXGL Background Thread 4 ] WARN  Entity               - Entity already has component: com.almasb.fxgl.entity.components.CollidableComponent
14:03:28.935 [FXGL Background Thread 4 ] DEBUG FXGLAssetLoaderServi - Loading from file system: file:/C:/Users/russl/IdeaProjects/cloudHopper/target/classes/assets/textures/z-2.png
14:03:28.943 [FXGL Background Thread 2 ] INFO  UpdaterService       - Your current version:  11.16
14:03:28.943 [FXGL Background Thread 2 ] INFO  UpdaterService       - Latest stable version: 11.17
14:03:28.967 [FXGL Background Thread 4 ] WARN  GameWorld            - Entity is already attached to world
14:03:28.968 [FXGL Background Thread 4 ] DEBUG FXGLAssetLoaderServi - Loading from file system: file:/C:/Users/russl/IdeaProjects/cloudHopper/target/classes/assets/textures/z-1.png
14:03:29.003 [FXGL Background Thread 4 ] WARN  GameWorld            - Entity is already attached to world
14:03:29.012 [FXGL Background Thread 4 ] DEBUG FXGLAssetLoaderServi - Loading from file system: file:/C:/Users/russl/IdeaProjects/cloudHopper/target/classes/assets/textures/hearts.png
14:03:29.015 [FXGL Background Thread 4 ] INFO  FXGLApplication      - Game initialization took: 0.531 sec
14:03:29.015 [JavaFX Application Thread] DEBUG Input                - Clearing active input actions
14:03:29.033 [JavaFX Application Thread] DEBUG GameApplicationServi - Removing overlay from FXGLLoadingScene and adding to GameScene
14:03:29.033 [JavaFX Application Thread] DEBUG PrimaryStageWindow   - FXGLLoadingScene -> GameScene
14:03:31.384 [FXGL Background Thread 3 ] DEBUG Engine               - Logging environment variables
14:03:31.384 [FXGL Background Thread 3 ] DEBUG Engine               - achievements: []
14:03:31.384 [FXGL Background Thread 3 ] DEBUG Engine               - actualHeight: 800.0
14:03:31.384 [FXGL Background Thread 3 ] DEBUG Engine               - actualHeightProperty: ReadOnlyDoubleProperty [value: 800.0]
14:03:31.385 [FXGL Background Thread 3 ] DEBUG Engine               - actualWidth: 1000.0
14:03:31.385 [FXGL Background Thread 3 ] DEBUG Engine               - actualWidthProperty: ReadOnlyDoubleProperty [value: 1000.0]
14:03:31.385 [FXGL Background Thread 3 ] DEBUG Engine               - appIcon: fxgl_icon.png
14:03:31.385 [FXGL Background Thread 3 ] DEBUG Engine               - applicationMode: DEVELOPER
14:03:31.385 [FXGL Background Thread 3 ] DEBUG Engine               - cSSList: [fxgl_dark.css]
14:03:31.385 [FXGL Background Thread 3 ] DEBUG Engine               - collisionDetectionStrategy: BRUTE_FORCE
14:03:31.385 [FXGL Background Thread 3 ] DEBUG Engine               - configClass: Optional.empty
14:03:31.385 [FXGL Background Thread 3 ] DEBUG Engine               - credits: []
14:03:31.386 [FXGL Background Thread 3 ] DEBUG Engine               - defaultCursor: CursorInfo(imageName=fxgl_default_cursor.png, hotspotX=7.0, hotspotY=6.0)
14:03:31.386 [FXGL Background Thread 3 ] DEBUG Engine               - devBBoxColorProperty: ObjectProperty [value: 0xff0000ff]
14:03:31.386 [FXGL Background Thread 3 ] DEBUG Engine               - devEnableDebugCameraProperty: BooleanProperty [value: false]
14:03:31.386 [FXGL Background Thread 3 ] DEBUG Engine               - devSensorColorProperty: ObjectProperty [value: 0xffff00ff]
14:03:31.386 [FXGL Background Thread 3 ] DEBUG Engine               - devShowBBoxProperty: BooleanProperty [value: false]
14:03:31.386 [FXGL Background Thread 3 ] DEBUG Engine               - devShowPositionProperty: BooleanProperty [value: false]
14:03:31.386 [FXGL Background Thread 3 ] DEBUG Engine               - enabledMenuItems: []
14:03:31.387 [FXGL Background Thread 3 ] DEBUG Engine               - engineServices: [class com.almasb.fxgl.app.services.FXGLAssetLoaderService, class com.almasb.fxgl.app.FXGLApplication$GameApplicationService, class com.almasb.fxgl.app.services.FXGLDialogService, class com.almasb.fxgl.app.services.IOTaskExecutorService, class com.almasb.fxgl.io.FileSystemService, class com.almasb.fxgl.localization.LocalizationService, class com.almasb.fxgl.app.services.SystemBundleService, class com.almasb.fxgl.profile.SaveLoadService, class com.almasb.fxgl.ui.FXGLUIFactoryServiceProvider, class com.almasb.fxgl.ui.FXGLDialogFactoryServiceProvider, class com.almasb.fxgl.audio.AudioPlayer, class com.almasb.fxgl.notification.impl.NotificationServiceProvider, class com.almasb.fxgl.achievement.AchievementService, class com.almasb.fxgl.cutscene.CutsceneService, class com.almasb.fxgl.minigames.MiniGameService, class com.almasb.fxgl.net.NetService, class com.almasb.fxgl.app.services.UpdaterService, class com.almasb.fxgl.dev.DevService]
14:03:31.387 [FXGL Background Thread 3 ] DEBUG Engine               - fontGame: Abel-Regular.ttf
14:03:31.387 [FXGL Background Thread 3 ] DEBUG Engine               - fontMono: lucida_console.ttf
14:03:31.387 [FXGL Background Thread 3 ] DEBUG Engine               - fontText: Courier-Prime.ttf
14:03:31.387 [FXGL Background Thread 3 ] DEBUG Engine               - fontUI: VarelaRound-Regular.ttf
14:03:31.387 [FXGL Background Thread 3 ] DEBUG Engine               - fullScreen: BooleanProperty [value: false]
14:03:31.387 [FXGL Background Thread 3 ] DEBUG Engine               - gameDifficulty: MEDIUM
14:03:31.387 [FXGL Background Thread 3 ] DEBUG Engine               - gameDifficultyProperty: ObjectProperty [value: MEDIUM]
14:03:31.387 [FXGL Background Thread 3 ] DEBUG Engine               - globalMusicVolume: 0.5
14:03:31.387 [FXGL Background Thread 3 ] DEBUG Engine               - globalMusicVolumeProperty: DoubleProperty [value: 0.5]
14:03:31.388 [FXGL Background Thread 3 ] DEBUG Engine               - globalSoundVolume: 0.5
14:03:31.388 [FXGL Background Thread 3 ] DEBUG Engine               - globalSoundVolumeProperty: DoubleProperty [value: 0.5]
14:03:31.388 [FXGL Background Thread 3 ] DEBUG Engine               - height: 800
14:03:31.388 [FXGL Background Thread 3 ] DEBUG Engine               - is3D: false
14:03:31.388 [FXGL Background Thread 3 ] DEBUG Engine               - isAndroid: false
14:03:31.388 [FXGL Background Thread 3 ] DEBUG Engine               - isBrowser: false
14:03:31.388 [FXGL Background Thread 3 ] DEBUG Engine               - isClickFeedbackEnabled: false
14:03:31.388 [FXGL Background Thread 3 ] DEBUG Engine               - isCloseConfirmation: false
14:03:31.388 [FXGL Background Thread 3 ] DEBUG Engine               - isDesktop: true
14:03:31.388 [FXGL Background Thread 3 ] DEBUG Engine               - isDeveloperMenuEnabled: false
14:03:31.388 [FXGL Background Thread 3 ] DEBUG Engine               - isEntityPreloadEnabled: true
14:03:31.389 [FXGL Background Thread 3 ] DEBUG Engine               - isExperimentalTiledLargeMap: false
14:03:31.389 [FXGL Background Thread 3 ] DEBUG Engine               - isFileSystemWriteAllowed: true
14:03:31.389 [FXGL Background Thread 3 ] DEBUG Engine               - isFullScreenAllowed: false
14:03:31.389 [FXGL Background Thread 3 ] DEBUG Engine               - isFullScreenFromStart: false
14:03:31.389 [FXGL Background Thread 3 ] DEBUG Engine               - isGameMenuEnabled: true
14:03:31.389 [FXGL Background Thread 3 ] DEBUG Engine               - isIOS: false
14:03:31.389 [FXGL Background Thread 3 ] DEBUG Engine               - isIntroEnabled: false
14:03:31.389 [FXGL Background Thread 3 ] DEBUG Engine               - isLinux: false
14:03:31.389 [FXGL Background Thread 3 ] DEBUG Engine               - isMac: false
14:03:31.389 [FXGL Background Thread 3 ] DEBUG Engine               - isMainMenuEnabled: false
14:03:31.389 [FXGL Background Thread 3 ] DEBUG Engine               - isManualResizeEnabled: false
14:03:31.390 [FXGL Background Thread 3 ] DEBUG Engine               - isMobile: false
14:03:31.390 [FXGL Background Thread 3 ] DEBUG Engine               - isNative: false
14:03:31.390 [FXGL Background Thread 3 ] DEBUG Engine               - isPreserveResizeRatio: false
14:03:31.390 [FXGL Background Thread 3 ] DEBUG Engine               - isProfilingEnabled: false
14:03:31.390 [FXGL Background Thread 3 ] DEBUG Engine               - isScaleAffectedOnResize: true
14:03:31.390 [FXGL Background Thread 3 ] DEBUG Engine               - isSingleStep: false
14:03:31.390 [FXGL Background Thread 3 ] DEBUG Engine               - isUserProfileEnabled: false
14:03:31.390 [FXGL Background Thread 3 ] DEBUG Engine               - isWindows: true
14:03:31.390 [FXGL Background Thread 3 ] DEBUG Engine               - language: ObjectProperty [value: ENGLISH]
14:03:31.390 [FXGL Background Thread 3 ] DEBUG Engine               - menuKey: ESCAPE
14:03:31.390 [FXGL Background Thread 3 ] DEBUG Engine               - mouseSensitivity: 0.2
14:03:31.390 [FXGL Background Thread 3 ] DEBUG Engine               - notificationViewClass: class com.almasb.fxgl.notification.view.XboxNotificationView
14:03:31.390 [FXGL Background Thread 3 ] DEBUG Engine               - pixelsPerMeter: 50.0
14:03:31.390 [FXGL Background Thread 3 ] DEBUG Engine               - platform: WINDOWS
14:03:31.391 [FXGL Background Thread 3 ] DEBUG Engine               - prefHeightProperty: ReadOnlyDoubleProperty [value: 800.0]
14:03:31.391 [FXGL Background Thread 3 ] DEBUG Engine               - prefWidthProperty: ReadOnlyDoubleProperty [value: 1000.0]
14:03:31.391 [FXGL Background Thread 3 ] DEBUG Engine               - profileDir: profiles/
14:03:31.391 [FXGL Background Thread 3 ] DEBUG Engine               - profileName: StringProperty [value: DEFAULT]
14:03:31.391 [FXGL Background Thread 3 ] DEBUG Engine               - randomSeed: -1
14:03:31.391 [FXGL Background Thread 3 ] DEBUG Engine               - runtimeInfo: RuntimeInfo(platform=WINDOWS, version=11.16, build=25.05.2021 08.16)
14:03:31.391 [FXGL Background Thread 3 ] DEBUG Engine               - saveFileExt: sav
14:03:31.391 [FXGL Background Thread 3 ] DEBUG Engine               - scaledHeightProp$fxgl: DoubleProperty [bound, value: 800.0]
14:03:31.391 [FXGL Background Thread 3 ] DEBUG Engine               - scaledWidthProp$fxgl: DoubleProperty [bound, value: 1000.0]
14:03:31.392 [FXGL Background Thread 3 ] DEBUG Engine               - sceneFactory: com.almasb.fxgl.app.scene.SceneFactory@f5eec87
14:03:31.392 [FXGL Background Thread 3 ] DEBUG Engine               - secondsIn24h: 60
14:03:31.392 [FXGL Background Thread 3 ] DEBUG Engine               - soundMenuBack: menu/back.wav
14:03:31.392 [FXGL Background Thread 3 ] DEBUG Engine               - soundMenuPress: menu/press.wav
14:03:31.392 [FXGL Background Thread 3 ] DEBUG Engine               - soundMenuSelect: menu/select.wav
14:03:31.392 [FXGL Background Thread 3 ] DEBUG Engine               - soundNotification: core/notification.wav
14:03:31.392 [FXGL Background Thread 3 ] DEBUG Engine               - stageStyle: DECORATED
14:03:31.392 [FXGL Background Thread 3 ] DEBUG Engine               - supportedLanguages: [ENGLISH, FRENCH, GERMAN, HUNGARIAN, RUSSIAN]
14:03:31.392 [FXGL Background Thread 3 ] DEBUG Engine               - ticksPerSecond: -1
14:03:31.392 [FXGL Background Thread 3 ] DEBUG Engine               - title: Cloud Hopper
14:03:31.392 [FXGL Background Thread 3 ] DEBUG Engine               - urlGithub: https://github.com/AlmasB/FXGL
14:03:31.392 [FXGL Background Thread 3 ] DEBUG Engine               - urlLeaderboard: http://fxgl-top.herokuapp.com/
14:03:31.392 [FXGL Background Thread 3 ] DEBUG Engine               - urlPOM: https://raw.githubusercontent.com/AlmasB/FXGL/release/README.md
14:03:31.393 [FXGL Background Thread 3 ] DEBUG Engine               - userAppClass: class com.cloudHopper.PlatformerApp
14:03:31.393 [FXGL Background Thread 3 ] DEBUG Engine               - version: 0.1
14:03:31.393 [FXGL Background Thread 3 ] DEBUG Engine               - versionCheckDays: 7
14:03:31.393 [FXGL Background Thread 3 ] DEBUG Engine               - width: 1000
14:03:31.393 [FXGL Background Thread 3 ] DEBUG Engine               - Logging services
14:03:31.393 [FXGL Background Thread 3 ] DEBUG Engine               - class com.almasb.fxgl.app.services.FXGLAssetLoaderService
14:03:31.393 [FXGL Background Thread 3 ] DEBUG Engine               - class com.almasb.fxgl.app.FXGLApplication$GameApplicationService
14:03:31.393 [FXGL Background Thread 3 ] DEBUG Engine               - class com.almasb.fxgl.app.services.FXGLDialogService
14:03:31.393 [FXGL Background Thread 3 ] DEBUG Engine               - class com.almasb.fxgl.app.services.IOTaskExecutorService
14:03:31.393 [FXGL Background Thread 3 ] DEBUG Engine               - class com.almasb.fxgl.io.FileSystemService
14:03:31.393 [FXGL Background Thread 3 ] DEBUG Engine               - class com.almasb.fxgl.localization.LocalizationService
14:03:31.394 [FXGL Background Thread 3 ] DEBUG Engine               - class com.almasb.fxgl.app.services.SystemBundleService
14:03:31.394 [FXGL Background Thread 3 ] DEBUG Engine               - class com.almasb.fxgl.profile.SaveLoadService
14:03:31.394 [FXGL Background Thread 3 ] DEBUG Engine               - class com.almasb.fxgl.ui.FXGLUIFactoryServiceProvider
14:03:31.394 [FXGL Background Thread 3 ] DEBUG Engine               - class com.almasb.fxgl.ui.FXGLDialogFactoryServiceProvider
14:03:31.394 [FXGL Background Thread 3 ] DEBUG Engine               - class com.almasb.fxgl.audio.AudioPlayer
14:03:31.394 [FXGL Background Thread 3 ] DEBUG Engine               - class com.almasb.fxgl.notification.impl.NotificationServiceProvider
14:03:31.394 [FXGL Background Thread 3 ] DEBUG Engine               - class com.almasb.fxgl.achievement.AchievementService
14:03:31.394 [FXGL Background Thread 3 ] DEBUG Engine               - class com.almasb.fxgl.cutscene.CutsceneService
14:03:31.394 [FXGL Background Thread 3 ] DEBUG Engine               - class com.almasb.fxgl.minigames.MiniGameService
14:03:31.394 [FXGL Background Thread 3 ] DEBUG Engine               - class com.almasb.fxgl.net.NetService
14:03:31.394 [FXGL Background Thread 3 ] DEBUG Engine               - class com.almasb.fxgl.app.services.UpdaterService
14:03:31.394 [FXGL Background Thread 3 ] DEBUG Engine               - class com.almasb.fxgl.dev.DevService
14:03:34.742 [JavaFX Application Thread] DEBUG FXGLAssetLoaderServi - Loading from file system: file:/C:/Users/russl/IdeaProjects/cloudHopper/target/classes/assets/textures/key.png
14:03:40.634 [JavaFX Application Thread] DEBUG FXGLApplication      - Exiting FXGL
14:03:40.634 [JavaFX Application Thread] DEBUG LoopRunner           - Stopping loop
14:03:40.634 [JavaFX Application Thread] DEBUG SystemBundleService  - Saving FXGL system data
14:03:40.636 [JavaFX Application Thread] DEBUG FileSystemAccess     - Writing to: C:\Users\russl\IdeaProjects\cloudHopper\system\fxgl.bundle
14:03:40.637 [JavaFX Application Thread] DEBUG Async                - Shutting down background threads
14:03:40.638 [JavaFX Application Thread] DEBUG PrimaryStageWindow   - Closing main window
14:03:40.648 [JavaFX Application Thread] DEBUG Logger               - Closing Logger
