15:11:16.880 [main                     ] DEBUG Logger               - Configured Logger
15:11:16.886 [main                     ] DEBUG GameApplication      - Logging settings
Title: Cloud Hopper
Version: 0.1
Width: 1000
Height: 800
Fullscreen: false
Intro: false
Profiling: false
Single step:false
App Mode: DEVELOPER
Menu Key: ESCAPE
Stage Style: DECORATED
Scene Factory: class com.almasb.fxgl.app.scene.SceneFactory

15:11:17.434 [JavaFX Application Thread] DEBUG FXGLApplication      - Initializing FXGL
15:11:17.437 [JavaFX Application Thread] INFO  Engine               - FXGL-11.16 (25.05.2021 08.16) on WINDOWS (J:16 FX:16)
15:11:17.438 [JavaFX Application Thread] DEBUG Engine               - JRE Vendor Name: Oracle Corporation
15:11:17.438 [JavaFX Application Thread] DEBUG Engine               - Running on OS: Windows 10 version 10.0
15:11:17.438 [JavaFX Application Thread] DEBUG Engine               - Architecture: amd64
15:11:17.439 [JavaFX Application Thread] INFO  Engine               - Source code and latest versions at: https://github.com/AlmasB/FXGL
15:11:17.439 [JavaFX Application Thread] INFO  Engine               -              Join the FXGL chat at: https://gitter.im/AlmasB/FXGL
15:11:17.599 [JavaFX Application Thread] DEBUG PrimaryStageWindow   - Creating a JavaFX scene
15:11:17.666 [JavaFX Application Thread] DEBUG PrimaryStageWindow   - Target settings size: 1000.0 x 800.0
15:11:17.666 [JavaFX Application Thread] DEBUG PrimaryStageWindow   - Scaled scene size:    1000.0 x 800.0
15:11:17.666 [JavaFX Application Thread] DEBUG PrimaryStageWindow   - Scaled ratio: (1.0, 1.0)
15:11:17.668 [JavaFX Application Thread] DEBUG PrimaryStageWindow   - Set initial scene to FXGLStartupScene
15:11:17.677 [JavaFX Application Thread] DEBUG PrimaryStageWindow   - Opening main window
15:11:17.783 [JavaFX Application Thread] DEBUG PrimaryStageWindow   - Window border size: (16.0, 39.0)
15:11:17.784 [JavaFX Application Thread] DEBUG PrimaryStageWindow   - Scaled size: 1000.0 x 800.0
15:11:17.784 [JavaFX Application Thread] DEBUG PrimaryStageWindow   - Scaled ratio: (1.0, 1.0)
15:11:17.784 [JavaFX Application Thread] DEBUG PrimaryStageWindow   - Scene size: 1000.0 x 800.0
15:11:17.784 [JavaFX Application Thread] DEBUG PrimaryStageWindow   - Stage size: 1016.0 x 839.0
15:11:17.794 [FXGL Background Thread 1 ] DEBUG Engine               - Initializing environment variables
15:11:17.845 [FXGL Background Thread 1 ] DEBUG FXGLAssetLoaderServi - User app class for loading assets: class com.cloudHopper.PlatformerApp
15:11:17.846 [FXGL Background Thread 1 ] DEBUG GameApplicationServi - Applying CSS: fxgl_dark.css
15:11:17.847 [FXGL Background Thread 1 ] DEBUG FXGLAssetLoaderServi - Loading from file system: jar:file:/C:/Users/russl/.m2/repository/com/github/almasb/fxgl/11.16/fxgl-11.16.jar!/fxglassets/ui/css/fxgl_dark.css
15:11:17.907 [FXGL Background Thread 1 ] DEBUG GameApplicationServi - Initializing application scenes
15:11:17.950 [FXGL Background Thread 1 ] DEBUG GameWorld            - Game world initialized
15:11:18.018 [FXGL Background Thread 1 ] DEBUG PhysicsWorld         - Physics world initialized: appHeight=800, physics.ppm=50.0
15:11:18.018 [FXGL Background Thread 1 ] DEBUG PhysicsWorld         - Using strategy: BRUTE_FORCE
15:11:18.021 [FXGL Background Thread 1 ] DEBUG GameScene            - Game scene initialized: 1000x800
15:11:18.037 [FXGL Background Thread 1 ] DEBUG FXGL.DefaultMenu     - createMenuBodyGameMenu()
15:11:18.057 [FXGL Background Thread 1 ] DEBUG FXGL.DefaultMenu     - createOptionsMenu()
15:11:18.070 [FXGL Background Thread 1 ] DEBUG FXGLAssetLoaderServi - Loading from file system: jar:file:/C:/Users/russl/.m2/repository/com/github/almasb/fxgl/11.16/fxgl-11.16.jar!/fxglassets/textures/particles/smoke.png
15:11:18.180 [FXGL Background Thread 1 ] DEBUG FXGLAssetLoaderServi - Loading from file system: jar:file:/C:/Users/russl/.m2/repository/com/github/almasb/fxgl/11.16/fxgl-11.16.jar!/fxglassets/textures/particles/trace_horizontal.png
15:11:18.221 [FXGL Background Thread 1 ] DEBUG GameApplicationServi - Application scenes initialized
15:11:18.233 [FXGL Background Thread 1 ] DEBUG SystemBundleService  - Loading FXGL system data
15:11:18.237 [FXGL Background Thread 1 ] DEBUG FileSystemAccess     - Reading from: C:\Users\russl\IdeaProjects\cloudHopper\system\fxgl.bundle
15:11:18.242 [FXGL Background Thread 1 ] DEBUG SystemBundleService  - Bundle FXGL: {}
15:11:18.243 [FXGL Background Thread 1 ] DEBUG UpdaterService       - Checking for updates
15:11:18.247 [FXGL Background Thread 4 ] DEBUG FXGLApplication      - Loading fonts
15:11:18.248 [FXGL Background Thread 1 ] DEBUG FXGLApplication      - Loading default localization
15:11:18.249 [FXGL Background Thread 1 ] DEBUG FXGLAssetLoaderServi - Loading from file system: jar:file:/C:/Users/russl/.m2/repository/com/github/almasb/fxgl/11.16/fxgl-11.16.jar!/fxglassets/languages/english.lang
15:11:18.271 [FXGL Background Thread 1 ] INFO  FXGLApplication      - FXGL initialization took: 0.476 sec
15:11:18.286 [JavaFX Application Thread] DEBUG Input                - Registered new binding: action0 - A
15:11:18.287 [JavaFX Application Thread] DEBUG Input                - Registered new binding: action1 - D
15:11:18.287 [JavaFX Application Thread] DEBUG Input                - Registered new binding: action2 - Space
15:11:18.288 [JavaFX Application Thread] DEBUG Input                - Registered new binding: action3 - W
15:11:18.288 [JavaFX Application Thread] DEBUG Input                - Registered new binding: action4 - S
15:11:18.289 [JavaFX Application Thread] DEBUG Input                - Registered new binding: action5 - E
15:11:18.289 [JavaFX Application Thread] DEBUG FXGLAssetLoaderServi - Loading from file system: jar:file:/C:/Users/russl/.m2/repository/com/github/almasb/fxgl/11.16/fxgl-11.16.jar!/fxglassets/textures/fxgl_icon.png
15:11:18.299 [FXGL Background Thread 4 ] DEBUG FXGLAssetLoaderServi - Loading from file system: jar:file:/C:/Users/russl/.m2/repository/com/github/almasb/fxgl/11.16/fxgl-11.16.jar!/fxglassets/ui/fonts/Abel-Regular.ttf
15:11:18.302 [FXGL Background Thread 4 ] DEBUG FXGLAssetLoaderServi - Loading from file system: jar:file:/C:/Users/russl/.m2/repository/com/github/almasb/fxgl/11.16/fxgl-11.16.jar!/fxglassets/ui/fonts/lucida_console.ttf
15:11:18.308 [FXGL Background Thread 4 ] DEBUG FXGLAssetLoaderServi - Loading from file system: jar:file:/C:/Users/russl/.m2/repository/com/github/almasb/fxgl/11.16/fxgl-11.16.jar!/fxglassets/ui/fonts/Courier-Prime.ttf
15:11:18.326 [JavaFX Application Thread] DEBUG FXGLAssetLoaderServi - Loading from file system: jar:file:/C:/Users/russl/.m2/repository/com/github/almasb/fxgl/11.16/fxgl-11.16.jar!/fxglassets/textures/fxgl_default_cursor.png
15:11:18.329 [JavaFX Application Thread] DEBUG Input                - Registered new binding: Screenshot - CTRL+8
15:11:18.330 [JavaFX Application Thread] DEBUG Input                - Registered new binding: System info dump - CTRL+9
15:11:18.331 [JavaFX Application Thread] DEBUG Input                - Registered new binding: Restart - CTRL+R
15:11:18.332 [JavaFX Application Thread] DEBUG Input                - Registered new binding: Toggle Debug Camera - CTRL+C
15:11:18.334 [JavaFX Application Thread] DEBUG LoopRunner           - Starting loop
15:11:18.334 [JavaFX Application Thread] DEBUG LoopRunner           - Initializing JavaFX AnimationTimerLoop
15:11:18.336 [JavaFX Application Thread] DEBUG GameApplicationServi - Starting new game
15:11:18.337 [JavaFX Application Thread] DEBUG Input                - Clearing active input actions
15:11:18.350 [JavaFX Application Thread] DEBUG GameApplicationServi - Removing overlay from FXGLStartupScene and adding to FXGLLoadingScene
15:11:18.350 [JavaFX Application Thread] DEBUG PrimaryStageWindow   - FXGLStartupScene -> FXGLLoadingScene
15:11:18.350 [JavaFX Application Thread] DEBUG GameApplicationServi - Clearing previous game
15:11:18.350 [JavaFX Application Thread] DEBUG GameScene            - Clearing game scene
15:11:18.350 [JavaFX Application Thread] DEBUG GameWorld            - Clearing game world
15:11:18.351 [JavaFX Application Thread] DEBUG PhysicsWorld         - Clearing physics world
15:11:18.353 [JavaFX Application Thread] DEBUG FXGLApplication      - Registering font factories with UI factory
15:11:18.353 [FXGL Background Thread 4 ] DEBUG FXGLApplication      - Initializing game
15:11:18.399 [FXGL Background Thread 4 ] WARN  TMXLevelLoader       - TiledMap generated from 1.7.1. Supported version: 1.2.3. Some features may not be parsed fully.
15:11:18.452 [FXGL Background Thread 4 ] DEBUG TMXLevelLoader       - Parsed TiledMap: file:/C:/Users/russl/IdeaProjects/cloudHopper/target/classes/assets/levels/level1.tmx
15:11:18.454 [FXGL Background Thread 4 ] DEBUG TMXLevelLoader       - Creating tile layer entities
15:11:18.454 [FXGL Background Thread 4 ] DEBUG TilesetLoader        - Loading view for layer Tile Layer 1
15:11:18.511 [FXGL Background Thread 4 ] DEBUG TilesetLoader        - Created buffer with size 20480.0x1280.0
15:11:18.613 [FXGL Background Thread 4 ] DEBUG TMXLevelLoader       - Creating object layer entities
15:11:18.635 [FXGL Background Thread 4 ] DEBUG FXGLAssetLoaderServi - Loading from file system: file:/C:/Users/russl/IdeaProjects/cloudHopper/target/classes/assets/textures/crate.png
15:11:18.654 [FXGL Background Thread 4 ] DEBUG FXGLAssetLoaderServi - Loading from file system: file:/C:/Users/russl/IdeaProjects/cloudHopper/target/classes/assets/textures/StoneBlock.png
15:11:18.662 [FXGL Background Thread 4 ] DEBUG FXGLAssetLoaderServi - Loading from file system: file:/C:/Users/russl/IdeaProjects/cloudHopper/target/classes/assets/textures/characters_packed.png
15:11:18.697 [FXGL Background Thread 4 ] DEBUG FXGLAssetLoaderServi - Loading from file system: file:/C:/Users/russl/IdeaProjects/cloudHopper/target/classes/assets/textures/keyAnimation.png
15:11:18.727 [FXGL Background Thread 4 ] DEBUG FXGLAssetLoaderServi - Loading from file system: file:/C:/Users/russl/IdeaProjects/cloudHopper/target/classes/assets/textures/starAnimation.png
15:11:18.747 [FXGL Background Thread 4 ] DEBUG FXGLAssetLoaderServi - Loading from file system: file:/C:/Users/russl/IdeaProjects/cloudHopper/target/classes/assets/textures/button_pressed.png
15:11:18.748 [FXGL Background Thread 4 ] DEBUG FXGLAssetLoaderServi - Loading from file system: file:/C:/Users/russl/IdeaProjects/cloudHopper/target/classes/assets/textures/button.png
15:11:18.762 [FXGL Background Thread 4 ] WARN  TMXLevelLoader       - Parse error
java.lang.NullPointerException: Cannot invoke "com.almasb.fxgl.texture.AnimatedTexture.getAnimationChannel()" because "this.this$0.texture" is null
	at com.cloudHopper.LeverControl$1.onEntering(LeverControl.java:52)
	at com.almasb.fxgl.entity.state.EntityState.onCreate(EntityState.java:42)
	at com.almasb.fxgl.core.fsm.StateMachine.changeState(StateMachine.kt:90)
	at com.almasb.fxgl.entity.state.StateComponent.changeState(StateComponent.java:67)
	at com.cloudHopper.LeverControl.onAdded(LeverControl.java:45)
	at com.almasb.fxgl.entity.Entity.addComponentNoChecks(Entity.java:400)
	at com.almasb.fxgl.entity.Entity.addComponent(Entity.java:393)
	at com.almasb.fxgl.dsl.EntityBuilder.with(EntityBuilder.kt:195)
	at com.cloudHopper.GameEntityFactory.newLever(GameEntityFactory.java:276)
	at java.base/jdk.internal.reflect.NativeMethodAccessorImpl.invoke0(Native Method)
	at java.base/jdk.internal.reflect.NativeMethodAccessorImpl.invoke(NativeMethodAccessorImpl.java:78)
	at java.base/jdk.internal.reflect.DelegatingMethodAccessorImpl.invoke(DelegatingMethodAccessorImpl.java:43)
	at java.base/java.lang.reflect.Method.invoke(Method.java:567)
	at com.almasb.fxgl.core.reflect.ReflectionUtils.call(ReflectionUtils.java:104)
	at com.almasb.fxgl.core.reflect.ReflectionUtils.lambda$mapToFunction$3(ReflectionUtils.java:111)
	at com.almasb.fxgl.entity.GameWorld$create$2.invoke(GameWorld.kt:430)
	at com.almasb.fxgl.entity.GameWorld$create$2.invoke(GameWorld.kt:35)
	at com.almasb.fxgl.core.util.DSLKt.tryCatchRoot(DSL.kt:34)
	at com.almasb.fxgl.entity.GameWorld.create(GameWorld.kt:430)
	at com.almasb.fxgl.entity.level.tiled.TMXLevelLoader.createObjectLayerEntities(TMXLevelLoader.kt:132)
	at com.almasb.fxgl.entity.level.tiled.TMXLevelLoader.load(TMXLevelLoader.kt:50)
	at com.almasb.fxgl.app.services.FXGLAssetLoaderService.loadLevel(FXGLAssetLoaderService.kt:446)
	at com.almasb.fxgl.dsl.FXGL$Companion.setLevelFromMap(FXGL.kt:521)
	at com.almasb.fxgl.dsl.FXGL.setLevelFromMap(FXGL.kt)
	at com.cloudHopper.PlatformerApp.initGame(PlatformerApp.java:84)
	at com.almasb.fxgl.app.FXGLApplication$InitAppTask.initGame(FXGLApplication.kt:339)
	at com.almasb.fxgl.app.FXGLApplication$InitAppTask.call(FXGLApplication.kt:319)
	at com.almasb.fxgl.app.FXGLApplication$InitAppTask.call(FXGLApplication.kt:311)
	at javafx.concurrent.Task$TaskCallable.call(Task.java:1425)
	at java.base/java.util.concurrent.FutureTask.run(FutureTask.java:264)
	at java.base/java.util.concurrent.Executors$RunnableAdapter.call(Executors.java:515)
	at java.base/java.util.concurrent.FutureTask.run(FutureTask.java:264)
	at java.base/java.util.concurrent.ThreadPoolExecutor.runWorker(ThreadPoolExecutor.java:1130)
	at java.base/java.util.concurrent.ThreadPoolExecutor$Worker.run(ThreadPoolExecutor.java:630)
	at java.base/java.lang.Thread.run(Thread.java:831)

15:11:18.764 [JavaFX Application Thread] DEBUG LoopRunner           - Stopping loop
15:11:18.765 [JavaFX Application Thread] FATAL FXGLApplication      - Uncaught Exception:
java.lang.RuntimeException: Initialization failed
	at com.almasb.fxgl.app.FXGLApplication$InitAppTask.failed(FXGLApplication.kt:343)
	at javafx.concurrent.Task.setState(Task.java:710)
	at javafx.concurrent.Task$TaskCallable.lambda$call$2(Task.java:1455)
	at com.sun.javafx.application.PlatformImpl.lambda$runLater$10(PlatformImpl.java:447)
	at java.base/java.security.AccessController.doPrivileged(AccessController.java:391)
	at com.sun.javafx.application.PlatformImpl.lambda$runLater$11(PlatformImpl.java:446)
	at com.sun.glass.ui.InvokeLaterDispatcher$Future.run(InvokeLaterDispatcher.java:96)
	at com.sun.glass.ui.win.WinApplication._runLoop(Native Method)
	at com.sun.glass.ui.win.WinApplication.lambda$runLoop$3(WinApplication.java:174)
	at java.base/java.lang.Thread.run(Thread.java:831)
Caused by: com.almasb.fxgl.entity.level.LevelLoadingException: Cannot invoke "com.almasb.fxgl.texture.AnimatedTexture.getAnimationChannel()" because "this.this$0.texture" is null
	at com.almasb.fxgl.entity.level.tiled.TMXLevelLoader.load(TMXLevelLoader.kt:68)
	at com.almasb.fxgl.app.services.FXGLAssetLoaderService.loadLevel(FXGLAssetLoaderService.kt:446)
	at com.almasb.fxgl.dsl.FXGL$Companion.setLevelFromMap(FXGL.kt:521)
	at com.almasb.fxgl.dsl.FXGL.setLevelFromMap(FXGL.kt)
	at com.cloudHopper.PlatformerApp.initGame(PlatformerApp.java:84)
	at com.almasb.fxgl.app.FXGLApplication$InitAppTask.initGame(FXGLApplication.kt:339)
	at com.almasb.fxgl.app.FXGLApplication$InitAppTask.call(FXGLApplication.kt:319)
	at com.almasb.fxgl.app.FXGLApplication$InitAppTask.call(FXGLApplication.kt:311)
	at javafx.concurrent.Task$TaskCallable.call(Task.java:1425)
	at java.base/java.util.concurrent.FutureTask.run(FutureTask.java:264)
	at java.base/java.util.concurrent.Executors$RunnableAdapter.call(Executors.java:515)
	at java.base/java.util.concurrent.FutureTask.run(FutureTask.java:264)
	at java.base/java.util.concurrent.ThreadPoolExecutor.runWorker(ThreadPoolExecutor.java:1130)
	at java.base/java.util.concurrent.ThreadPoolExecutor$Worker.run(ThreadPoolExecutor.java:630)
	... 1 more
Caused by: java.lang.NullPointerException: Cannot invoke "com.almasb.fxgl.texture.AnimatedTexture.getAnimationChannel()" because "this.this$0.texture" is null
	at com.cloudHopper.LeverControl$1.onEntering(LeverControl.java:52)
	at com.almasb.fxgl.entity.state.EntityState.onCreate(EntityState.java:42)
	at com.almasb.fxgl.core.fsm.StateMachine.changeState(StateMachine.kt:90)
	at com.almasb.fxgl.entity.state.StateComponent.changeState(StateComponent.java:67)
	at com.cloudHopper.LeverControl.onAdded(LeverControl.java:45)
	at com.almasb.fxgl.entity.Entity.addComponentNoChecks(Entity.java:400)
	at com.almasb.fxgl.entity.Entity.addComponent(Entity.java:393)
	at com.almasb.fxgl.dsl.EntityBuilder.with(EntityBuilder.kt:195)
	at com.cloudHopper.GameEntityFactory.newLever(GameEntityFactory.java:276)
	at java.base/jdk.internal.reflect.NativeMethodAccessorImpl.invoke0(Native Method)
	at java.base/jdk.internal.reflect.NativeMethodAccessorImpl.invoke(NativeMethodAccessorImpl.java:78)
	at java.base/jdk.internal.reflect.DelegatingMethodAccessorImpl.invoke(DelegatingMethodAccessorImpl.java:43)
	at java.base/java.lang.reflect.Method.invoke(Method.java:567)
	at com.almasb.fxgl.core.reflect.ReflectionUtils.call(ReflectionUtils.java:104)
	at com.almasb.fxgl.core.reflect.ReflectionUtils.lambda$mapToFunction$3(ReflectionUtils.java:111)
	at com.almasb.fxgl.entity.GameWorld$create$2.invoke(GameWorld.kt:430)
	at com.almasb.fxgl.entity.GameWorld$create$2.invoke(GameWorld.kt:35)
	at com.almasb.fxgl.core.util.DSLKt.tryCatchRoot(DSL.kt:34)
	at com.almasb.fxgl.entity.GameWorld.create(GameWorld.kt:430)
	at com.almasb.fxgl.entity.level.tiled.TMXLevelLoader.createObjectLayerEntities(TMXLevelLoader.kt:132)
	at com.almasb.fxgl.entity.level.tiled.TMXLevelLoader.load(TMXLevelLoader.kt:50)
	... 14 more

15:11:18.765 [JavaFX Application Thread] FATAL FXGLApplication      - Application will now exit
15:11:18.781 [JavaFX Application Thread] DEBUG PrimaryStageWindow   - Push state: ErrorSubScene
15:11:18.781 [JavaFX Application Thread] DEBUG Input                - Clearing active input actions
15:11:18.787 [JavaFX Application Thread] DEBUG GameApplicationServi - Removing overlay from FXGLLoadingScene and adding to ErrorSubScene
15:11:18.787 [JavaFX Application Thread] DEBUG PrimaryStageWindow   - FXGLLoadingScene -> ErrorSubScene
15:11:19.039 [FXGL Background Thread 2 ] INFO  UpdaterService       - Your current version:  11.16
15:11:19.039 [FXGL Background Thread 2 ] INFO  UpdaterService       - Latest stable version: 11.17
15:11:20.607 [JavaFX Application Thread] DEBUG FXGLApplication      - Exiting FXGL
15:11:20.608 [JavaFX Application Thread] DEBUG Async                - Shutting down background threads
15:11:20.608 [JavaFX Application Thread] DEBUG PrimaryStageWindow   - Closing main window
15:11:20.617 [JavaFX Application Thread] DEBUG Logger               - Closing Logger
