10:47:04.152 [main                     ] DEBUG Logger               - Configured Logger
10:47:04.158 [main                     ] DEBUG GameApplication      - Logging settings
Title: Cloud Hopper
Version: 0.1
Width: 1000
Height: 800
Fullscreen: false
Intro: false
Profiling: false
Single step:false
App Mode: DEVELOPER
Menu Key: ESCAPE
Stage Style: DECORATED
Scene Factory: class com.almasb.fxgl.app.scene.SceneFactory

10:47:04.722 [JavaFX Application Thread] DEBUG FXGLApplication      - Initializing FXGL
10:47:04.725 [JavaFX Application Thread] INFO  Engine               - FXGL-11.16 (25.05.2021 08.16) on WINDOWS (J:16 FX:16)
10:47:04.726 [JavaFX Application Thread] DEBUG Engine               - JRE Vendor Name: Oracle Corporation
10:47:04.726 [JavaFX Application Thread] DEBUG Engine               - Running on OS: Windows 10 version 10.0
10:47:04.726 [JavaFX Application Thread] DEBUG Engine               - Architecture: amd64
10:47:04.727 [JavaFX Application Thread] INFO  Engine               - Source code and latest versions at: https://github.com/AlmasB/FXGL
10:47:04.727 [JavaFX Application Thread] INFO  Engine               -              Join the FXGL chat at: https://gitter.im/AlmasB/FXGL
10:47:04.894 [JavaFX Application Thread] DEBUG PrimaryStageWindow   - Creating a JavaFX scene
10:47:04.954 [JavaFX Application Thread] DEBUG PrimaryStageWindow   - Target settings size: 1000.0 x 800.0
10:47:04.955 [JavaFX Application Thread] DEBUG PrimaryStageWindow   - Scaled scene size:    1000.0 x 800.0
10:47:04.955 [JavaFX Application Thread] DEBUG PrimaryStageWindow   - Scaled ratio: (1.0, 1.0)
10:47:04.957 [JavaFX Application Thread] DEBUG PrimaryStageWindow   - Set initial scene to FXGLStartupScene
10:47:04.966 [JavaFX Application Thread] DEBUG PrimaryStageWindow   - Opening main window
10:47:05.070 [JavaFX Application Thread] DEBUG PrimaryStageWindow   - Window border size: (16.0, 39.0)
10:47:05.070 [JavaFX Application Thread] DEBUG PrimaryStageWindow   - Scaled size: 1000.0 x 800.0
10:47:05.070 [JavaFX Application Thread] DEBUG PrimaryStageWindow   - Scaled ratio: (1.0, 1.0)
10:47:05.070 [JavaFX Application Thread] DEBUG PrimaryStageWindow   - Scene size: 1000.0 x 800.0
10:47:05.071 [JavaFX Application Thread] DEBUG PrimaryStageWindow   - Stage size: 1016.0 x 839.0
10:47:05.081 [FXGL Background Thread 1 ] DEBUG Engine               - Initializing environment variables
10:47:05.134 [FXGL Background Thread 1 ] DEBUG FXGLAssetLoaderServi - User app class for loading assets: class com.cloudHopper.PlatformerApp
10:47:05.135 [FXGL Background Thread 1 ] DEBUG GameApplicationServi - Applying CSS: fxgl_dark.css
10:47:05.136 [FXGL Background Thread 1 ] DEBUG FXGLAssetLoaderServi - Loading from file system: jar:file:/C:/Users/russl/.m2/repository/com/github/almasb/fxgl/11.16/fxgl-11.16.jar!/fxglassets/ui/css/fxgl_dark.css
10:47:05.189 [FXGL Background Thread 1 ] DEBUG GameApplicationServi - Initializing application scenes
10:47:05.235 [FXGL Background Thread 1 ] DEBUG GameWorld            - Game world initialized
10:47:05.308 [FXGL Background Thread 1 ] DEBUG PhysicsWorld         - Physics world initialized: appHeight=800, physics.ppm=50.0
10:47:05.309 [FXGL Background Thread 1 ] DEBUG PhysicsWorld         - Using strategy: BRUTE_FORCE
10:47:05.312 [FXGL Background Thread 1 ] DEBUG GameScene            - Game scene initialized: 1000x800
10:47:05.327 [FXGL Background Thread 1 ] DEBUG FXGL.DefaultMenu     - createMenuBodyGameMenu()
10:47:05.348 [FXGL Background Thread 1 ] DEBUG FXGL.DefaultMenu     - createOptionsMenu()
10:47:05.360 [FXGL Background Thread 1 ] DEBUG FXGLAssetLoaderServi - Loading from file system: jar:file:/C:/Users/russl/.m2/repository/com/github/almasb/fxgl/11.16/fxgl-11.16.jar!/fxglassets/textures/particles/smoke.png
10:47:05.477 [FXGL Background Thread 1 ] DEBUG FXGLAssetLoaderServi - Loading from file system: jar:file:/C:/Users/russl/.m2/repository/com/github/almasb/fxgl/11.16/fxgl-11.16.jar!/fxglassets/textures/particles/trace_horizontal.png
10:47:05.516 [FXGL Background Thread 1 ] DEBUG GameApplicationServi - Application scenes initialized
10:47:05.527 [FXGL Background Thread 1 ] DEBUG SystemBundleService  - Loading FXGL system data
10:47:05.531 [FXGL Background Thread 1 ] DEBUG FileSystemAccess     - Reading from: C:\Users\russl\IdeaProjects\cloudHopper\system\fxgl.bundle
10:47:05.536 [FXGL Background Thread 1 ] DEBUG SystemBundleService  - Bundle FXGL: {}
10:47:05.536 [FXGL Background Thread 1 ] DEBUG UpdaterService       - Checking for updates
10:47:05.541 [FXGL Background Thread 4 ] DEBUG FXGLApplication      - Loading fonts
10:47:05.541 [FXGL Background Thread 1 ] DEBUG FXGLApplication      - Loading default localization
10:47:05.541 [FXGL Background Thread 4 ] DEBUG FXGLAssetLoaderServi - Loading from file system: jar:file:/C:/Users/russl/.m2/repository/com/github/almasb/fxgl/11.16/fxgl-11.16.jar!/fxglassets/ui/fonts/VarelaRound-Regular.ttf
10:47:05.542 [FXGL Background Thread 1 ] DEBUG FXGLAssetLoaderServi - Loading from file system: jar:file:/C:/Users/russl/.m2/repository/com/github/almasb/fxgl/11.16/fxgl-11.16.jar!/fxglassets/languages/english.lang
10:47:05.567 [FXGL Background Thread 1 ] INFO  FXGLApplication      - FXGL initialization took: 0.486 sec
10:47:05.580 [JavaFX Application Thread] DEBUG Input                - Registered new binding: action0 - A
10:47:05.581 [JavaFX Application Thread] DEBUG Input                - Registered new binding: action1 - D
10:47:05.582 [JavaFX Application Thread] DEBUG Input                - Registered new binding: action2 - Space
10:47:05.582 [JavaFX Application Thread] DEBUG Input                - Registered new binding: action3 - W
10:47:05.582 [JavaFX Application Thread] DEBUG FXGLAssetLoaderServi - Loading from file system: jar:file:/C:/Users/russl/.m2/repository/com/github/almasb/fxgl/11.16/fxgl-11.16.jar!/fxglassets/textures/fxgl_icon.png
10:47:05.594 [FXGL Background Thread 4 ] DEBUG FXGLAssetLoaderServi - Loading from file system: jar:file:/C:/Users/russl/.m2/repository/com/github/almasb/fxgl/11.16/fxgl-11.16.jar!/fxglassets/ui/fonts/Abel-Regular.ttf
10:47:05.598 [FXGL Background Thread 4 ] DEBUG FXGLAssetLoaderServi - Loading from file system: jar:file:/C:/Users/russl/.m2/repository/com/github/almasb/fxgl/11.16/fxgl-11.16.jar!/fxglassets/ui/fonts/lucida_console.ttf
10:47:05.604 [FXGL Background Thread 4 ] DEBUG FXGLAssetLoaderServi - Loading from file system: jar:file:/C:/Users/russl/.m2/repository/com/github/almasb/fxgl/11.16/fxgl-11.16.jar!/fxglassets/ui/fonts/Courier-Prime.ttf
10:47:05.613 [JavaFX Application Thread] DEBUG FXGLAssetLoaderServi - Loading from file system: jar:file:/C:/Users/russl/.m2/repository/com/github/almasb/fxgl/11.16/fxgl-11.16.jar!/fxglassets/textures/fxgl_default_cursor.png
10:47:05.617 [JavaFX Application Thread] DEBUG Input                - Registered new binding: Screenshot - CTRL+8
10:47:05.618 [JavaFX Application Thread] DEBUG Input                - Registered new binding: System info dump - CTRL+9
10:47:05.619 [JavaFX Application Thread] DEBUG Input                - Registered new binding: Restart - CTRL+R
10:47:05.619 [JavaFX Application Thread] DEBUG Input                - Registered new binding: Toggle Debug Camera - CTRL+C
10:47:05.622 [JavaFX Application Thread] DEBUG LoopRunner           - Starting loop
10:47:05.622 [JavaFX Application Thread] DEBUG LoopRunner           - Initializing JavaFX AnimationTimerLoop
10:47:05.625 [JavaFX Application Thread] DEBUG GameApplicationServi - Starting new game
10:47:05.625 [JavaFX Application Thread] DEBUG Input                - Clearing active input actions
10:47:05.638 [JavaFX Application Thread] DEBUG GameApplicationServi - Removing overlay from FXGLStartupScene and adding to FXGLLoadingScene
10:47:05.639 [JavaFX Application Thread] DEBUG PrimaryStageWindow   - FXGLStartupScene -> FXGLLoadingScene
10:47:05.640 [JavaFX Application Thread] DEBUG GameApplicationServi - Clearing previous game
10:47:05.640 [JavaFX Application Thread] DEBUG GameScene            - Clearing game scene
10:47:05.640 [JavaFX Application Thread] DEBUG GameWorld            - Clearing game world
10:47:05.640 [JavaFX Application Thread] DEBUG PhysicsWorld         - Clearing physics world
10:47:05.642 [JavaFX Application Thread] DEBUG FXGLApplication      - Registering font factories with UI factory
10:47:05.642 [FXGL Background Thread 4 ] DEBUG FXGLApplication      - Initializing game
10:47:05.691 [FXGL Background Thread 4 ] WARN  TMXLevelLoader       - TiledMap generated from 1.7.1. Supported version: 1.2.3. Some features may not be parsed fully.
10:47:05.743 [FXGL Background Thread 4 ] DEBUG TMXLevelLoader       - Parsed TiledMap: file:/C:/Users/russl/IdeaProjects/cloudHopper/target/classes/assets/levels/level1.tmx
10:47:05.745 [FXGL Background Thread 4 ] DEBUG TMXLevelLoader       - Creating tile layer entities
10:47:05.746 [FXGL Background Thread 4 ] DEBUG TilesetLoader        - Loading view for layer Tile Layer 1
10:47:05.802 [FXGL Background Thread 4 ] DEBUG TilesetLoader        - Created buffer with size 20480.0x1280.0
10:47:05.903 [FXGL Background Thread 4 ] DEBUG TMXLevelLoader       - Creating object layer entities
10:47:05.929 [FXGL Background Thread 4 ] DEBUG FXGLAssetLoaderServi - Loading from file system: file:/C:/Users/russl/IdeaProjects/cloudHopper/target/classes/assets/textures/crate.png
10:47:05.945 [FXGL Background Thread 4 ] DEBUG FXGLAssetLoaderServi - Loading from file system: file:/C:/Users/russl/IdeaProjects/cloudHopper/target/classes/assets/textures/StoneBlock.png
10:47:05.954 [FXGL Background Thread 4 ] DEBUG FXGLAssetLoaderServi - Loading from file system: file:/C:/Users/russl/IdeaProjects/cloudHopper/target/classes/assets/textures/characters_packed.png
10:47:05.987 [FXGL Background Thread 4 ] DEBUG FXGLAssetLoaderServi - Loading from file system: file:/C:/Users/russl/IdeaProjects/cloudHopper/target/classes/assets/textures/keyAnimation.png
10:47:06.016 [FXGL Background Thread 4 ] DEBUG FXGLAssetLoaderServi - Loading from file system: file:/C:/Users/russl/IdeaProjects/cloudHopper/target/classes/assets/textures/starAnimation.png
10:47:06.020 [FXGL Background Thread 4 ] DEBUG GameWorld            - Clearing removable entities
10:47:06.020 [FXGL Background Thread 4 ] DEBUG GameWorld            - Setting level: com.almasb.fxgl.entity.level.Level@462add58
10:47:06.047 [FXGL Background Thread 4 ] DEBUG FXGLAssetLoaderServi - Loading from file system: file:/C:/Users/russl/IdeaProjects/cloudHopper/target/classes/assets/textures/single.png
10:47:06.050 [FXGL Background Thread 4 ] DEBUG FXGLAssetLoaderServi - Loading from file system: file:/C:/Users/russl/IdeaProjects/cloudHopper/target/classes/assets/textures/singlePushing.png
10:47:06.053 [FXGL Background Thread 4 ] DEBUG FXGLAssetLoaderServi - Loading from file system: file:/C:/Users/russl/IdeaProjects/cloudHopper/target/classes/assets/textures/z-2.png
10:47:06.074 [FXGL Background Thread 2 ] INFO  UpdaterService       - Your current version:  11.16
10:47:06.074 [FXGL Background Thread 2 ] INFO  UpdaterService       - Latest stable version: 11.17
10:47:06.078 [FXGL Background Thread 4 ] WARN  GameWorld            - Entity is already attached to world
10:47:06.079 [FXGL Background Thread 4 ] DEBUG FXGLAssetLoaderServi - Loading from file system: file:/C:/Users/russl/IdeaProjects/cloudHopper/target/classes/assets/textures/z-1.png
10:47:06.105 [FXGL Background Thread 4 ] WARN  GameWorld            - Entity is already attached to world
10:47:06.113 [FXGL Background Thread 4 ] INFO  FXGLApplication      - Game initialization took: 0.470 sec
10:47:06.118 [JavaFX Application Thread] DEBUG Input                - Clearing active input actions
10:47:06.131 [JavaFX Application Thread] DEBUG GameApplicationServi - Removing overlay from FXGLLoadingScene and adding to GameScene
10:47:06.131 [JavaFX Application Thread] DEBUG PrimaryStageWindow   - FXGLLoadingScene -> GameScene
10:47:08.541 [FXGL Background Thread 3 ] DEBUG Engine               - Logging environment variables
10:47:08.541 [FXGL Background Thread 3 ] DEBUG Engine               - achievements: []
10:47:08.541 [FXGL Background Thread 3 ] DEBUG Engine               - actualHeight: 800.0
10:47:08.541 [FXGL Background Thread 3 ] DEBUG Engine               - actualHeightProperty: ReadOnlyDoubleProperty [value: 800.0]
10:47:08.541 [FXGL Background Thread 3 ] DEBUG Engine               - actualWidth: 1000.0
10:47:08.542 [FXGL Background Thread 3 ] DEBUG Engine               - actualWidthProperty: ReadOnlyDoubleProperty [value: 1000.0]
10:47:08.542 [FXGL Background Thread 3 ] DEBUG Engine               - appIcon: fxgl_icon.png
10:47:08.542 [FXGL Background Thread 3 ] DEBUG Engine               - applicationMode: DEVELOPER
10:47:08.542 [FXGL Background Thread 3 ] DEBUG Engine               - cSSList: [fxgl_dark.css]
10:47:08.542 [FXGL Background Thread 3 ] DEBUG Engine               - collisionDetectionStrategy: BRUTE_FORCE
10:47:08.542 [FXGL Background Thread 3 ] DEBUG Engine               - configClass: Optional.empty
10:47:08.542 [FXGL Background Thread 3 ] DEBUG Engine               - credits: []
10:47:08.542 [FXGL Background Thread 3 ] DEBUG Engine               - defaultCursor: CursorInfo(imageName=fxgl_default_cursor.png, hotspotX=7.0, hotspotY=6.0)
10:47:08.543 [FXGL Background Thread 3 ] DEBUG Engine               - devBBoxColorProperty: ObjectProperty [value: 0xff0000ff]
10:47:08.543 [FXGL Background Thread 3 ] DEBUG Engine               - devEnableDebugCameraProperty: BooleanProperty [value: false]
10:47:08.543 [FXGL Background Thread 3 ] DEBUG Engine               - devSensorColorProperty: ObjectProperty [value: 0xffff00ff]
10:47:08.543 [FXGL Background Thread 3 ] DEBUG Engine               - devShowBBoxProperty: BooleanProperty [value: false]
10:47:08.543 [FXGL Background Thread 3 ] DEBUG Engine               - devShowPositionProperty: BooleanProperty [value: false]
10:47:08.543 [FXGL Background Thread 3 ] DEBUG Engine               - enabledMenuItems: []
10:47:08.543 [FXGL Background Thread 3 ] DEBUG Engine               - engineServices: [class com.almasb.fxgl.app.services.FXGLAssetLoaderService, class com.almasb.fxgl.app.FXGLApplication$GameApplicationService, class com.almasb.fxgl.app.services.FXGLDialogService, class com.almasb.fxgl.app.services.IOTaskExecutorService, class com.almasb.fxgl.io.FileSystemService, class com.almasb.fxgl.localization.LocalizationService, class com.almasb.fxgl.app.services.SystemBundleService, class com.almasb.fxgl.profile.SaveLoadService, class com.almasb.fxgl.ui.FXGLUIFactoryServiceProvider, class com.almasb.fxgl.ui.FXGLDialogFactoryServiceProvider, class com.almasb.fxgl.audio.AudioPlayer, class com.almasb.fxgl.notification.impl.NotificationServiceProvider, class com.almasb.fxgl.achievement.AchievementService, class com.almasb.fxgl.cutscene.CutsceneService, class com.almasb.fxgl.minigames.MiniGameService, class com.almasb.fxgl.net.NetService, class com.almasb.fxgl.app.services.UpdaterService, class com.almasb.fxgl.dev.DevService]
10:47:08.543 [FXGL Background Thread 3 ] DEBUG Engine               - fontGame: Abel-Regular.ttf
10:47:08.543 [FXGL Background Thread 3 ] DEBUG Engine               - fontMono: lucida_console.ttf
10:47:08.544 [FXGL Background Thread 3 ] DEBUG Engine               - fontText: Courier-Prime.ttf
10:47:08.544 [FXGL Background Thread 3 ] DEBUG Engine               - fontUI: VarelaRound-Regular.ttf
10:47:08.544 [FXGL Background Thread 3 ] DEBUG Engine               - fullScreen: BooleanProperty [value: false]
10:47:08.544 [FXGL Background Thread 3 ] DEBUG Engine               - gameDifficulty: MEDIUM
10:47:08.544 [FXGL Background Thread 3 ] DEBUG Engine               - gameDifficultyProperty: ObjectProperty [value: MEDIUM]
10:47:08.544 [FXGL Background Thread 3 ] DEBUG Engine               - globalMusicVolume: 0.5
10:47:08.544 [FXGL Background Thread 3 ] DEBUG Engine               - globalMusicVolumeProperty: DoubleProperty [value: 0.5]
10:47:08.544 [FXGL Background Thread 3 ] DEBUG Engine               - globalSoundVolume: 0.5
10:47:08.545 [FXGL Background Thread 3 ] DEBUG Engine               - globalSoundVolumeProperty: DoubleProperty [value: 0.5]
10:47:08.545 [FXGL Background Thread 3 ] DEBUG Engine               - height: 800
10:47:08.545 [FXGL Background Thread 3 ] DEBUG Engine               - is3D: false
10:47:08.545 [FXGL Background Thread 3 ] DEBUG Engine               - isAndroid: false
10:47:08.545 [FXGL Background Thread 3 ] DEBUG Engine               - isBrowser: false
10:47:08.545 [FXGL Background Thread 3 ] DEBUG Engine               - isClickFeedbackEnabled: false
10:47:08.545 [FXGL Background Thread 3 ] DEBUG Engine               - isCloseConfirmation: false
10:47:08.545 [FXGL Background Thread 3 ] DEBUG Engine               - isDesktop: true
10:47:08.545 [FXGL Background Thread 3 ] DEBUG Engine               - isDeveloperMenuEnabled: false
10:47:08.545 [FXGL Background Thread 3 ] DEBUG Engine               - isEntityPreloadEnabled: true
10:47:08.545 [FXGL Background Thread 3 ] DEBUG Engine               - isExperimentalTiledLargeMap: false
10:47:08.546 [FXGL Background Thread 3 ] DEBUG Engine               - isFileSystemWriteAllowed: true
10:47:08.546 [FXGL Background Thread 3 ] DEBUG Engine               - isFullScreenAllowed: false
10:47:08.546 [FXGL Background Thread 3 ] DEBUG Engine               - isFullScreenFromStart: false
10:47:08.546 [FXGL Background Thread 3 ] DEBUG Engine               - isGameMenuEnabled: true
10:47:08.546 [FXGL Background Thread 3 ] DEBUG Engine               - isIOS: false
10:47:08.546 [FXGL Background Thread 3 ] DEBUG Engine               - isIntroEnabled: false
10:47:08.546 [FXGL Background Thread 3 ] DEBUG Engine               - isLinux: false
10:47:08.546 [FXGL Background Thread 3 ] DEBUG Engine               - isMac: false
10:47:08.546 [FXGL Background Thread 3 ] DEBUG Engine               - isMainMenuEnabled: false
10:47:08.546 [FXGL Background Thread 3 ] DEBUG Engine               - isManualResizeEnabled: false
10:47:08.546 [FXGL Background Thread 3 ] DEBUG Engine               - isMobile: false
10:47:08.547 [FXGL Background Thread 3 ] DEBUG Engine               - isNative: false
10:47:08.547 [FXGL Background Thread 3 ] DEBUG Engine               - isPreserveResizeRatio: false
10:47:08.547 [FXGL Background Thread 3 ] DEBUG Engine               - isProfilingEnabled: false
10:47:08.547 [FXGL Background Thread 3 ] DEBUG Engine               - isScaleAffectedOnResize: true
10:47:08.547 [FXGL Background Thread 3 ] DEBUG Engine               - isSingleStep: false
10:47:08.547 [FXGL Background Thread 3 ] DEBUG Engine               - isUserProfileEnabled: false
10:47:08.547 [FXGL Background Thread 3 ] DEBUG Engine               - isWindows: true
10:47:08.547 [FXGL Background Thread 3 ] DEBUG Engine               - language: ObjectProperty [value: ENGLISH]
10:47:08.547 [FXGL Background Thread 3 ] DEBUG Engine               - menuKey: ESCAPE
10:47:08.547 [FXGL Background Thread 3 ] DEBUG Engine               - mouseSensitivity: 0.2
10:47:08.548 [FXGL Background Thread 3 ] DEBUG Engine               - notificationViewClass: class com.almasb.fxgl.notification.view.XboxNotificationView
10:47:08.548 [FXGL Background Thread 3 ] DEBUG Engine               - pixelsPerMeter: 50.0
10:47:08.548 [FXGL Background Thread 3 ] DEBUG Engine               - platform: WINDOWS
10:47:08.548 [FXGL Background Thread 3 ] DEBUG Engine               - prefHeightProperty: ReadOnlyDoubleProperty [value: 800.0]
10:47:08.548 [FXGL Background Thread 3 ] DEBUG Engine               - prefWidthProperty: ReadOnlyDoubleProperty [value: 1000.0]
10:47:08.548 [FXGL Background Thread 3 ] DEBUG Engine               - profileDir: profiles/
10:47:08.548 [FXGL Background Thread 3 ] DEBUG Engine               - profileName: StringProperty [value: DEFAULT]
10:47:08.548 [FXGL Background Thread 3 ] DEBUG Engine               - randomSeed: -1
10:47:08.548 [FXGL Background Thread 3 ] DEBUG Engine               - runtimeInfo: RuntimeInfo(platform=WINDOWS, version=11.16, build=25.05.2021 08.16)
10:47:08.548 [FXGL Background Thread 3 ] DEBUG Engine               - saveFileExt: sav
10:47:08.548 [FXGL Background Thread 3 ] DEBUG Engine               - scaledHeightProp$fxgl: DoubleProperty [bound, value: 800.0]
10:47:08.548 [FXGL Background Thread 3 ] DEBUG Engine               - scaledWidthProp$fxgl: DoubleProperty [bound, value: 1000.0]
10:47:08.549 [FXGL Background Thread 3 ] DEBUG Engine               - sceneFactory: com.almasb.fxgl.app.scene.SceneFactory@73d3b711
10:47:08.549 [FXGL Background Thread 3 ] DEBUG Engine               - secondsIn24h: 60
10:47:08.549 [FXGL Background Thread 3 ] DEBUG Engine               - soundMenuBack: menu/back.wav
10:47:08.549 [FXGL Background Thread 3 ] DEBUG Engine               - soundMenuPress: menu/press.wav
10:47:08.549 [FXGL Background Thread 3 ] DEBUG Engine               - soundMenuSelect: menu/select.wav
10:47:08.549 [FXGL Background Thread 3 ] DEBUG Engine               - soundNotification: core/notification.wav
10:47:08.549 [FXGL Background Thread 3 ] DEBUG Engine               - stageStyle: DECORATED
10:47:08.549 [FXGL Background Thread 3 ] DEBUG Engine               - supportedLanguages: [ENGLISH, FRENCH, GERMAN, HUNGARIAN, RUSSIAN]
10:47:08.549 [FXGL Background Thread 3 ] DEBUG Engine               - ticksPerSecond: -1
10:47:08.549 [FXGL Background Thread 3 ] DEBUG Engine               - title: Cloud Hopper
10:47:08.549 [FXGL Background Thread 3 ] DEBUG Engine               - urlGithub: https://github.com/AlmasB/FXGL
10:47:08.549 [FXGL Background Thread 3 ] DEBUG Engine               - urlLeaderboard: http://fxgl-top.herokuapp.com/
10:47:08.549 [FXGL Background Thread 3 ] DEBUG Engine               - urlPOM: https://raw.githubusercontent.com/AlmasB/FXGL/release/README.md
10:47:08.549 [FXGL Background Thread 3 ] DEBUG Engine               - userAppClass: class com.cloudHopper.PlatformerApp
10:47:08.550 [FXGL Background Thread 3 ] DEBUG Engine               - version: 0.1
10:47:08.550 [FXGL Background Thread 3 ] DEBUG Engine               - versionCheckDays: 7
10:47:08.550 [FXGL Background Thread 3 ] DEBUG Engine               - width: 1000
10:47:08.550 [FXGL Background Thread 3 ] DEBUG Engine               - Logging services
10:47:08.550 [FXGL Background Thread 3 ] DEBUG Engine               - class com.almasb.fxgl.app.services.FXGLAssetLoaderService
10:47:08.550 [FXGL Background Thread 3 ] DEBUG Engine               - class com.almasb.fxgl.app.FXGLApplication$GameApplicationService
10:47:08.550 [FXGL Background Thread 3 ] DEBUG Engine               - class com.almasb.fxgl.app.services.FXGLDialogService
10:47:08.550 [FXGL Background Thread 3 ] DEBUG Engine               - class com.almasb.fxgl.app.services.IOTaskExecutorService
10:47:08.551 [FXGL Background Thread 3 ] DEBUG Engine               - class com.almasb.fxgl.io.FileSystemService
10:47:08.551 [FXGL Background Thread 3 ] DEBUG Engine               - class com.almasb.fxgl.localization.LocalizationService
10:47:08.551 [FXGL Background Thread 3 ] DEBUG Engine               - class com.almasb.fxgl.app.services.SystemBundleService
10:47:08.551 [FXGL Background Thread 3 ] DEBUG Engine               - class com.almasb.fxgl.profile.SaveLoadService
10:47:08.551 [FXGL Background Thread 3 ] DEBUG Engine               - class com.almasb.fxgl.ui.FXGLUIFactoryServiceProvider
10:47:08.551 [FXGL Background Thread 3 ] DEBUG Engine               - class com.almasb.fxgl.ui.FXGLDialogFactoryServiceProvider
10:47:08.551 [FXGL Background Thread 3 ] DEBUG Engine               - class com.almasb.fxgl.audio.AudioPlayer
10:47:08.551 [FXGL Background Thread 3 ] DEBUG Engine               - class com.almasb.fxgl.notification.impl.NotificationServiceProvider
10:47:08.551 [FXGL Background Thread 3 ] DEBUG Engine               - class com.almasb.fxgl.achievement.AchievementService
10:47:08.551 [FXGL Background Thread 3 ] DEBUG Engine               - class com.almasb.fxgl.cutscene.CutsceneService
10:47:08.551 [FXGL Background Thread 3 ] DEBUG Engine               - class com.almasb.fxgl.minigames.MiniGameService
10:47:08.551 [FXGL Background Thread 3 ] DEBUG Engine               - class com.almasb.fxgl.net.NetService
10:47:08.551 [FXGL Background Thread 3 ] DEBUG Engine               - class com.almasb.fxgl.app.services.UpdaterService
10:47:08.552 [FXGL Background Thread 3 ] DEBUG Engine               - class com.almasb.fxgl.dev.DevService
10:47:11.440 [JavaFX Application Thread] DEBUG FXGLAssetLoaderServi - Loading from file system: file:/C:/Users/russl/IdeaProjects/cloudHopper/target/classes/assets/textures/key.png
10:47:17.448 [JavaFX Application Thread] DEBUG FXGLAssetLoaderServi - Loading from file system: file:/C:/Users/russl/IdeaProjects/cloudHopper/target/classes/assets/textures/floatingPlatform.png
10:47:19.487 [JavaFX Application Thread] DEBUG FXGLApplication      - Exiting FXGL
10:47:19.487 [JavaFX Application Thread] DEBUG LoopRunner           - Stopping loop
10:47:19.487 [JavaFX Application Thread] DEBUG SystemBundleService  - Saving FXGL system data
10:47:19.489 [JavaFX Application Thread] DEBUG FileSystemAccess     - Writing to: C:\Users\russl\IdeaProjects\cloudHopper\system\fxgl.bundle
10:47:19.491 [JavaFX Application Thread] DEBUG Async                - Shutting down background threads
10:47:19.491 [JavaFX Application Thread] DEBUG PrimaryStageWindow   - Closing main window
10:47:19.503 [JavaFX Application Thread] DEBUG Logger               - Closing Logger
