07:58:40.307 [main                     ] DEBUG Logger               - Configured Logger
07:58:40.314 [main                     ] DEBUG GameApplication      - Logging settings
Title: Cloud Hopper
Version: 0.1
Width: 1000
Height: 800
Fullscreen: false
Intro: false
Profiling: false
Single step:false
App Mode: DEVELOPER
Menu Key: ESCAPE
Stage Style: DECORATED
Scene Factory: class com.almasb.fxgl.app.scene.SceneFactory

07:58:40.909 [JavaFX Application Thread] DEBUG FXGLApplication      - Initializing FXGL
07:58:40.912 [JavaFX Application Thread] INFO  Engine               - FXGL-11.16 (25.05.2021 08.16) on WINDOWS (J:16 FX:16)
07:58:40.912 [JavaFX Application Thread] DEBUG Engine               - JRE Vendor Name: Oracle Corporation
07:58:40.913 [JavaFX Application Thread] DEBUG Engine               - Running on OS: Windows 10 version 10.0
07:58:40.913 [JavaFX Application Thread] DEBUG Engine               - Architecture: amd64
07:58:40.913 [JavaFX Application Thread] INFO  Engine               - Source code and latest versions at: https://github.com/AlmasB/FXGL
07:58:40.913 [JavaFX Application Thread] INFO  Engine               -              Join the FXGL chat at: https://gitter.im/AlmasB/FXGL
07:58:41.087 [JavaFX Application Thread] DEBUG PrimaryStageWindow   - Creating a JavaFX scene
07:58:41.149 [JavaFX Application Thread] DEBUG PrimaryStageWindow   - Target settings size: 1000.0 x 800.0
07:58:41.149 [JavaFX Application Thread] DEBUG PrimaryStageWindow   - Scaled scene size:    1000.0 x 800.0
07:58:41.149 [JavaFX Application Thread] DEBUG PrimaryStageWindow   - Scaled ratio: (1.0, 1.0)
07:58:41.151 [JavaFX Application Thread] DEBUG PrimaryStageWindow   - Set initial scene to FXGLStartupScene
07:58:41.159 [JavaFX Application Thread] DEBUG PrimaryStageWindow   - Opening main window
07:58:41.269 [JavaFX Application Thread] DEBUG PrimaryStageWindow   - Window border size: (16.0, 39.0)
07:58:41.269 [JavaFX Application Thread] DEBUG PrimaryStageWindow   - Scaled size: 1000.0 x 800.0
07:58:41.269 [JavaFX Application Thread] DEBUG PrimaryStageWindow   - Scaled ratio: (1.0, 1.0)
07:58:41.269 [JavaFX Application Thread] DEBUG PrimaryStageWindow   - Scene size: 1000.0 x 800.0
07:58:41.269 [JavaFX Application Thread] DEBUG PrimaryStageWindow   - Stage size: 1016.0 x 839.0
07:58:41.278 [FXGL Background Thread 1 ] DEBUG Engine               - Initializing environment variables
07:58:41.329 [FXGL Background Thread 1 ] DEBUG FXGLAssetLoaderServi - User app class for loading assets: class com.cloudHopper.PlatformerApp
07:58:41.329 [FXGL Background Thread 1 ] DEBUG GameApplicationServi - Applying CSS: fxgl_dark.css
07:58:41.331 [FXGL Background Thread 1 ] DEBUG FXGLAssetLoaderServi - Loading from file system: jar:file:/C:/Users/russl/.m2/repository/com/github/almasb/fxgl/11.16/fxgl-11.16.jar!/fxglassets/ui/css/fxgl_dark.css
07:58:41.378 [FXGL Background Thread 1 ] DEBUG GameApplicationServi - Initializing application scenes
07:58:41.427 [FXGL Background Thread 1 ] DEBUG GameWorld            - Game world initialized
07:58:41.513 [FXGL Background Thread 1 ] DEBUG PhysicsWorld         - Physics world initialized: appHeight=800, physics.ppm=50.0
07:58:41.514 [FXGL Background Thread 1 ] DEBUG PhysicsWorld         - Using strategy: BRUTE_FORCE
07:58:41.518 [FXGL Background Thread 1 ] DEBUG GameScene            - Game scene initialized: 1000x800
07:58:41.535 [FXGL Background Thread 1 ] DEBUG FXGL.DefaultMenu     - createMenuBodyGameMenu()
07:58:41.561 [FXGL Background Thread 1 ] DEBUG FXGL.DefaultMenu     - createOptionsMenu()
07:58:41.575 [FXGL Background Thread 1 ] DEBUG FXGLAssetLoaderServi - Loading from file system: jar:file:/C:/Users/russl/.m2/repository/com/github/almasb/fxgl/11.16/fxgl-11.16.jar!/fxglassets/textures/particles/smoke.png
07:58:41.693 [FXGL Background Thread 1 ] DEBUG FXGLAssetLoaderServi - Loading from file system: jar:file:/C:/Users/russl/.m2/repository/com/github/almasb/fxgl/11.16/fxgl-11.16.jar!/fxglassets/textures/particles/trace_horizontal.png
07:58:41.727 [FXGL Background Thread 1 ] DEBUG GameApplicationServi - Application scenes initialized
07:58:41.740 [FXGL Background Thread 1 ] DEBUG SystemBundleService  - Loading FXGL system data
07:58:41.744 [FXGL Background Thread 1 ] DEBUG FileSystemAccess     - Reading from: C:\Users\russl\IdeaProjects\cloudHopper\system\fxgl.bundle
07:58:41.751 [FXGL Background Thread 1 ] DEBUG SystemBundleService  - Bundle FXGL: {}
07:58:41.751 [FXGL Background Thread 1 ] DEBUG UpdaterService       - Checking for updates
07:58:41.757 [FXGL Background Thread 4 ] DEBUG FXGLApplication      - Loading fonts
07:58:41.757 [FXGL Background Thread 1 ] DEBUG FXGLApplication      - Loading default localization
07:58:41.757 [FXGL Background Thread 4 ] DEBUG FXGLAssetLoaderServi - Loading from file system: jar:file:/C:/Users/russl/.m2/repository/com/github/almasb/fxgl/11.16/fxgl-11.16.jar!/fxglassets/ui/fonts/VarelaRound-Regular.ttf
07:58:41.758 [FXGL Background Thread 1 ] DEBUG FXGLAssetLoaderServi - Loading from file system: jar:file:/C:/Users/russl/.m2/repository/com/github/almasb/fxgl/11.16/fxgl-11.16.jar!/fxglassets/languages/english.lang
07:58:41.780 [FXGL Background Thread 1 ] INFO  FXGLApplication      - FXGL initialization took: 0.502 sec
07:58:41.795 [JavaFX Application Thread] DEBUG Input                - Registered new binding: action0 - A
07:58:41.795 [JavaFX Application Thread] DEBUG Input                - Registered new binding: action1 - D
07:58:41.797 [JavaFX Application Thread] DEBUG Input                - Registered new binding: action2 - Space
07:58:41.797 [JavaFX Application Thread] DEBUG Input                - Registered new binding: action3 - W
07:58:41.798 [JavaFX Application Thread] DEBUG FXGLAssetLoaderServi - Loading from file system: jar:file:/C:/Users/russl/.m2/repository/com/github/almasb/fxgl/11.16/fxgl-11.16.jar!/fxglassets/textures/fxgl_icon.png
07:58:41.812 [FXGL Background Thread 4 ] DEBUG FXGLAssetLoaderServi - Loading from file system: jar:file:/C:/Users/russl/.m2/repository/com/github/almasb/fxgl/11.16/fxgl-11.16.jar!/fxglassets/ui/fonts/Abel-Regular.ttf
07:58:41.816 [FXGL Background Thread 4 ] DEBUG FXGLAssetLoaderServi - Loading from file system: jar:file:/C:/Users/russl/.m2/repository/com/github/almasb/fxgl/11.16/fxgl-11.16.jar!/fxglassets/ui/fonts/lucida_console.ttf
07:58:41.822 [FXGL Background Thread 4 ] DEBUG FXGLAssetLoaderServi - Loading from file system: jar:file:/C:/Users/russl/.m2/repository/com/github/almasb/fxgl/11.16/fxgl-11.16.jar!/fxglassets/ui/fonts/Courier-Prime.ttf
07:58:41.824 [JavaFX Application Thread] DEBUG FXGLAssetLoaderServi - Loading from file system: jar:file:/C:/Users/russl/.m2/repository/com/github/almasb/fxgl/11.16/fxgl-11.16.jar!/fxglassets/textures/fxgl_default_cursor.png
07:58:41.828 [JavaFX Application Thread] DEBUG Input                - Registered new binding: Screenshot - CTRL+8
07:58:41.828 [JavaFX Application Thread] DEBUG Input                - Registered new binding: System info dump - CTRL+9
07:58:41.829 [JavaFX Application Thread] DEBUG Input                - Registered new binding: Restart - CTRL+R
07:58:41.830 [JavaFX Application Thread] DEBUG Input                - Registered new binding: Toggle Debug Camera - CTRL+C
07:58:41.832 [JavaFX Application Thread] DEBUG LoopRunner           - Starting loop
07:58:41.832 [JavaFX Application Thread] DEBUG LoopRunner           - Initializing JavaFX AnimationTimerLoop
07:58:41.834 [JavaFX Application Thread] DEBUG GameApplicationServi - Starting new game
07:58:41.835 [JavaFX Application Thread] DEBUG Input                - Clearing active input actions
07:58:41.849 [JavaFX Application Thread] DEBUG GameApplicationServi - Removing overlay from FXGLStartupScene and adding to FXGLLoadingScene
07:58:41.849 [JavaFX Application Thread] DEBUG PrimaryStageWindow   - FXGLStartupScene -> FXGLLoadingScene
07:58:41.850 [JavaFX Application Thread] DEBUG GameApplicationServi - Clearing previous game
07:58:41.850 [JavaFX Application Thread] DEBUG GameScene            - Clearing game scene
07:58:41.850 [JavaFX Application Thread] DEBUG GameWorld            - Clearing game world
07:58:41.850 [JavaFX Application Thread] DEBUG PhysicsWorld         - Clearing physics world
07:58:41.853 [JavaFX Application Thread] DEBUG FXGLApplication      - Registering font factories with UI factory
07:58:41.853 [FXGL Background Thread 4 ] DEBUG FXGLApplication      - Initializing game
07:58:41.904 [FXGL Background Thread 4 ] WARN  TMXLevelLoader       - TiledMap generated from 1.7.1. Supported version: 1.2.3. Some features may not be parsed fully.
07:58:41.960 [FXGL Background Thread 4 ] DEBUG TMXLevelLoader       - Parsed TiledMap: file:/C:/Users/russl/IdeaProjects/cloudHopper/target/classes/assets/levels/level1.tmx
07:58:41.961 [FXGL Background Thread 4 ] DEBUG TMXLevelLoader       - Creating tile layer entities
07:58:41.962 [FXGL Background Thread 4 ] DEBUG TilesetLoader        - Loading view for layer Tile Layer 1
07:58:42.015 [FXGL Background Thread 4 ] DEBUG TilesetLoader        - Created buffer with size 20480.0x1280.0
07:58:42.123 [FXGL Background Thread 4 ] DEBUG TMXLevelLoader       - Creating object layer entities
07:58:42.150 [FXGL Background Thread 4 ] DEBUG FXGLAssetLoaderServi - Loading from file system: file:/C:/Users/russl/IdeaProjects/cloudHopper/target/classes/assets/textures/crate.png
07:58:42.168 [FXGL Background Thread 4 ] DEBUG FXGLAssetLoaderServi - Loading from file system: file:/C:/Users/russl/IdeaProjects/cloudHopper/target/classes/assets/textures/StoneBlock.png
07:58:42.178 [FXGL Background Thread 4 ] DEBUG FXGLAssetLoaderServi - Loading from file system: file:/C:/Users/russl/IdeaProjects/cloudHopper/target/classes/assets/textures/characters_packed.png
07:58:42.213 [FXGL Background Thread 4 ] DEBUG FXGLAssetLoaderServi - Loading from file system: file:/C:/Users/russl/IdeaProjects/cloudHopper/target/classes/assets/textures/keyAnimation.png
07:58:42.238 [FXGL Background Thread 4 ] DEBUG GameWorld            - Clearing removable entities
07:58:42.239 [FXGL Background Thread 4 ] DEBUG GameWorld            - Setting level: com.almasb.fxgl.entity.level.Level@5f196d99
07:58:42.280 [FXGL Background Thread 4 ] DEBUG FXGLAssetLoaderServi - Loading from file system: file:/C:/Users/russl/IdeaProjects/cloudHopper/target/classes/assets/textures/single.png
07:58:42.283 [FXGL Background Thread 4 ] DEBUG FXGLAssetLoaderServi - Loading from file system: file:/C:/Users/russl/IdeaProjects/cloudHopper/target/classes/assets/textures/singlePushing.png
07:58:42.286 [FXGL Background Thread 4 ] DEBUG FXGLAssetLoaderServi - Loading from file system: file:/C:/Users/russl/IdeaProjects/cloudHopper/target/classes/assets/textures/z-2.png
07:58:42.314 [FXGL Background Thread 4 ] WARN  GameWorld            - Entity is already attached to world
07:58:42.315 [FXGL Background Thread 4 ] DEBUG FXGLAssetLoaderServi - Loading from file system: file:/C:/Users/russl/IdeaProjects/cloudHopper/target/classes/assets/textures/z-1.png
07:58:42.325 [FXGL Background Thread 2 ] INFO  UpdaterService       - Your current version:  11.16
07:58:42.325 [FXGL Background Thread 2 ] INFO  UpdaterService       - Latest stable version: 11.17
07:58:42.348 [FXGL Background Thread 4 ] WARN  GameWorld            - Entity is already attached to world
07:58:42.355 [FXGL Background Thread 4 ] INFO  FXGLApplication      - Game initialization took: 0.501 sec
07:58:42.356 [JavaFX Application Thread] DEBUG Input                - Clearing active input actions
07:58:42.372 [JavaFX Application Thread] DEBUG GameApplicationServi - Removing overlay from FXGLLoadingScene and adding to GameScene
07:58:42.372 [JavaFX Application Thread] DEBUG PrimaryStageWindow   - FXGLLoadingScene -> GameScene
07:58:43.318 [JavaFX Application Thread] DEBUG FXGLAssetLoaderServi - Loading from file system: file:/C:/Users/russl/IdeaProjects/cloudHopper/target/classes/assets/textures/stone.png
07:58:44.757 [FXGL Background Thread 3 ] DEBUG Engine               - Logging environment variables
07:58:44.757 [FXGL Background Thread 3 ] DEBUG Engine               - achievements: []
07:58:44.757 [FXGL Background Thread 3 ] DEBUG Engine               - actualHeight: 800.0
07:58:44.757 [FXGL Background Thread 3 ] DEBUG Engine               - actualHeightProperty: ReadOnlyDoubleProperty [value: 800.0]
07:58:44.757 [FXGL Background Thread 3 ] DEBUG Engine               - actualWidth: 1000.0
07:58:44.758 [FXGL Background Thread 3 ] DEBUG Engine               - actualWidthProperty: ReadOnlyDoubleProperty [value: 1000.0]
07:58:44.758 [FXGL Background Thread 3 ] DEBUG Engine               - appIcon: fxgl_icon.png
07:58:44.758 [FXGL Background Thread 3 ] DEBUG Engine               - applicationMode: DEVELOPER
07:58:44.758 [FXGL Background Thread 3 ] DEBUG Engine               - cSSList: [fxgl_dark.css]
07:58:44.758 [FXGL Background Thread 3 ] DEBUG Engine               - collisionDetectionStrategy: BRUTE_FORCE
07:58:44.758 [FXGL Background Thread 3 ] DEBUG Engine               - configClass: Optional.empty
07:58:44.758 [FXGL Background Thread 3 ] DEBUG Engine               - credits: []
07:58:44.758 [FXGL Background Thread 3 ] DEBUG Engine               - defaultCursor: CursorInfo(imageName=fxgl_default_cursor.png, hotspotX=7.0, hotspotY=6.0)
07:58:44.758 [FXGL Background Thread 3 ] DEBUG Engine               - devBBoxColorProperty: ObjectProperty [value: 0xff0000ff]
07:58:44.758 [FXGL Background Thread 3 ] DEBUG Engine               - devEnableDebugCameraProperty: BooleanProperty [value: false]
07:58:44.759 [FXGL Background Thread 3 ] DEBUG Engine               - devSensorColorProperty: ObjectProperty [value: 0xffff00ff]
07:58:44.759 [FXGL Background Thread 3 ] DEBUG Engine               - devShowBBoxProperty: BooleanProperty [value: false]
07:58:44.759 [FXGL Background Thread 3 ] DEBUG Engine               - devShowPositionProperty: BooleanProperty [value: false]
07:58:44.759 [FXGL Background Thread 3 ] DEBUG Engine               - enabledMenuItems: []
07:58:44.759 [FXGL Background Thread 3 ] DEBUG Engine               - engineServices: [class com.almasb.fxgl.app.services.FXGLAssetLoaderService, class com.almasb.fxgl.app.FXGLApplication$GameApplicationService, class com.almasb.fxgl.app.services.FXGLDialogService, class com.almasb.fxgl.app.services.IOTaskExecutorService, class com.almasb.fxgl.io.FileSystemService, class com.almasb.fxgl.localization.LocalizationService, class com.almasb.fxgl.app.services.SystemBundleService, class com.almasb.fxgl.profile.SaveLoadService, class com.almasb.fxgl.ui.FXGLUIFactoryServiceProvider, class com.almasb.fxgl.ui.FXGLDialogFactoryServiceProvider, class com.almasb.fxgl.audio.AudioPlayer, class com.almasb.fxgl.notification.impl.NotificationServiceProvider, class com.almasb.fxgl.achievement.AchievementService, class com.almasb.fxgl.cutscene.CutsceneService, class com.almasb.fxgl.minigames.MiniGameService, class com.almasb.fxgl.net.NetService, class com.almasb.fxgl.app.services.UpdaterService, class com.almasb.fxgl.dev.DevService]
07:58:44.759 [FXGL Background Thread 3 ] DEBUG Engine               - fontGame: Abel-Regular.ttf
07:58:44.759 [FXGL Background Thread 3 ] DEBUG Engine               - fontMono: lucida_console.ttf
07:58:44.759 [FXGL Background Thread 3 ] DEBUG Engine               - fontText: Courier-Prime.ttf
07:58:44.760 [FXGL Background Thread 3 ] DEBUG Engine               - fontUI: VarelaRound-Regular.ttf
07:58:44.760 [FXGL Background Thread 3 ] DEBUG Engine               - fullScreen: BooleanProperty [value: false]
07:58:44.760 [FXGL Background Thread 3 ] DEBUG Engine               - gameDifficulty: MEDIUM
07:58:44.760 [FXGL Background Thread 3 ] DEBUG Engine               - gameDifficultyProperty: ObjectProperty [value: MEDIUM]
07:58:44.760 [FXGL Background Thread 3 ] DEBUG Engine               - globalMusicVolume: 0.5
07:58:44.760 [FXGL Background Thread 3 ] DEBUG Engine               - globalMusicVolumeProperty: DoubleProperty [value: 0.5]
07:58:44.760 [FXGL Background Thread 3 ] DEBUG Engine               - globalSoundVolume: 0.5
07:58:44.760 [FXGL Background Thread 3 ] DEBUG Engine               - globalSoundVolumeProperty: DoubleProperty [value: 0.5]
07:58:44.760 [FXGL Background Thread 3 ] DEBUG Engine               - height: 800
07:58:44.761 [FXGL Background Thread 3 ] DEBUG Engine               - is3D: false
07:58:44.761 [FXGL Background Thread 3 ] DEBUG Engine               - isAndroid: false
07:58:44.761 [FXGL Background Thread 3 ] DEBUG Engine               - isBrowser: false
07:58:44.761 [FXGL Background Thread 3 ] DEBUG Engine               - isClickFeedbackEnabled: false
07:58:44.761 [FXGL Background Thread 3 ] DEBUG Engine               - isCloseConfirmation: false
07:58:44.761 [FXGL Background Thread 3 ] DEBUG Engine               - isDesktop: true
07:58:44.761 [FXGL Background Thread 3 ] DEBUG Engine               - isDeveloperMenuEnabled: false
07:58:44.761 [FXGL Background Thread 3 ] DEBUG Engine               - isEntityPreloadEnabled: true
07:58:44.761 [FXGL Background Thread 3 ] DEBUG Engine               - isExperimentalTiledLargeMap: false
07:58:44.761 [FXGL Background Thread 3 ] DEBUG Engine               - isFileSystemWriteAllowed: true
07:58:44.762 [FXGL Background Thread 3 ] DEBUG Engine               - isFullScreenAllowed: false
07:58:44.762 [FXGL Background Thread 3 ] DEBUG Engine               - isFullScreenFromStart: false
07:58:44.762 [FXGL Background Thread 3 ] DEBUG Engine               - isGameMenuEnabled: true
07:58:44.762 [FXGL Background Thread 3 ] DEBUG Engine               - isIOS: false
07:58:44.762 [FXGL Background Thread 3 ] DEBUG Engine               - isIntroEnabled: false
07:58:44.762 [FXGL Background Thread 3 ] DEBUG Engine               - isLinux: false
07:58:44.762 [FXGL Background Thread 3 ] DEBUG Engine               - isMac: false
07:58:44.762 [FXGL Background Thread 3 ] DEBUG Engine               - isMainMenuEnabled: false
07:58:44.762 [FXGL Background Thread 3 ] DEBUG Engine               - isManualResizeEnabled: false
07:58:44.762 [FXGL Background Thread 3 ] DEBUG Engine               - isMobile: false
07:58:44.763 [FXGL Background Thread 3 ] DEBUG Engine               - isNative: false
07:58:44.763 [FXGL Background Thread 3 ] DEBUG Engine               - isPreserveResizeRatio: false
07:58:44.763 [FXGL Background Thread 3 ] DEBUG Engine               - isProfilingEnabled: false
07:58:44.763 [FXGL Background Thread 3 ] DEBUG Engine               - isScaleAffectedOnResize: true
07:58:44.763 [FXGL Background Thread 3 ] DEBUG Engine               - isSingleStep: false
07:58:44.763 [FXGL Background Thread 3 ] DEBUG Engine               - isUserProfileEnabled: false
07:58:44.763 [FXGL Background Thread 3 ] DEBUG Engine               - isWindows: true
07:58:44.763 [FXGL Background Thread 3 ] DEBUG Engine               - language: ObjectProperty [value: ENGLISH]
07:58:44.763 [FXGL Background Thread 3 ] DEBUG Engine               - menuKey: ESCAPE
07:58:44.763 [FXGL Background Thread 3 ] DEBUG Engine               - mouseSensitivity: 0.2
07:58:44.763 [FXGL Background Thread 3 ] DEBUG Engine               - notificationViewClass: class com.almasb.fxgl.notification.view.XboxNotificationView
07:58:44.764 [FXGL Background Thread 3 ] DEBUG Engine               - pixelsPerMeter: 50.0
07:58:44.764 [FXGL Background Thread 3 ] DEBUG Engine               - platform: WINDOWS
07:58:44.764 [FXGL Background Thread 3 ] DEBUG Engine               - prefHeightProperty: ReadOnlyDoubleProperty [value: 800.0]
07:58:44.764 [FXGL Background Thread 3 ] DEBUG Engine               - prefWidthProperty: ReadOnlyDoubleProperty [value: 1000.0]
07:58:44.764 [FXGL Background Thread 3 ] DEBUG Engine               - profileDir: profiles/
07:58:44.764 [FXGL Background Thread 3 ] DEBUG Engine               - profileName: StringProperty [value: DEFAULT]
07:58:44.764 [FXGL Background Thread 3 ] DEBUG Engine               - randomSeed: -1
07:58:44.764 [FXGL Background Thread 3 ] DEBUG Engine               - runtimeInfo: RuntimeInfo(platform=WINDOWS, version=11.16, build=25.05.2021 08.16)
07:58:44.764 [FXGL Background Thread 3 ] DEBUG Engine               - saveFileExt: sav
07:58:44.764 [FXGL Background Thread 3 ] DEBUG Engine               - scaledHeightProp$fxgl: DoubleProperty [bound, value: 800.0]
07:58:44.764 [FXGL Background Thread 3 ] DEBUG Engine               - scaledWidthProp$fxgl: DoubleProperty [bound, value: 1000.0]
07:58:44.765 [FXGL Background Thread 3 ] DEBUG Engine               - sceneFactory: com.almasb.fxgl.app.scene.SceneFactory@68963f76
07:58:44.765 [FXGL Background Thread 3 ] DEBUG Engine               - secondsIn24h: 60
07:58:44.765 [FXGL Background Thread 3 ] DEBUG Engine               - soundMenuBack: menu/back.wav
07:58:44.765 [FXGL Background Thread 3 ] DEBUG Engine               - soundMenuPress: menu/press.wav
07:58:44.765 [FXGL Background Thread 3 ] DEBUG Engine               - soundMenuSelect: menu/select.wav
07:58:44.765 [FXGL Background Thread 3 ] DEBUG Engine               - soundNotification: core/notification.wav
07:58:44.765 [FXGL Background Thread 3 ] DEBUG Engine               - stageStyle: DECORATED
07:58:44.765 [FXGL Background Thread 3 ] DEBUG Engine               - supportedLanguages: [ENGLISH, FRENCH, GERMAN, HUNGARIAN, RUSSIAN]
07:58:44.765 [FXGL Background Thread 3 ] DEBUG Engine               - ticksPerSecond: -1
07:58:44.765 [FXGL Background Thread 3 ] DEBUG Engine               - title: Cloud Hopper
07:58:44.766 [FXGL Background Thread 3 ] DEBUG Engine               - urlGithub: https://github.com/AlmasB/FXGL
07:58:44.766 [FXGL Background Thread 3 ] DEBUG Engine               - urlLeaderboard: http://fxgl-top.herokuapp.com/
07:58:44.766 [FXGL Background Thread 3 ] DEBUG Engine               - urlPOM: https://raw.githubusercontent.com/AlmasB/FXGL/release/README.md
07:58:44.766 [FXGL Background Thread 3 ] DEBUG Engine               - userAppClass: class com.cloudHopper.PlatformerApp
07:58:44.766 [FXGL Background Thread 3 ] DEBUG Engine               - version: 0.1
07:58:44.766 [FXGL Background Thread 3 ] DEBUG Engine               - versionCheckDays: 7
07:58:44.766 [FXGL Background Thread 3 ] DEBUG Engine               - width: 1000
07:58:44.766 [FXGL Background Thread 3 ] DEBUG Engine               - Logging services
07:58:44.766 [FXGL Background Thread 3 ] DEBUG Engine               - class com.almasb.fxgl.app.services.FXGLAssetLoaderService
07:58:44.766 [FXGL Background Thread 3 ] DEBUG Engine               - class com.almasb.fxgl.app.FXGLApplication$GameApplicationService
07:58:44.767 [FXGL Background Thread 3 ] DEBUG Engine               - class com.almasb.fxgl.app.services.FXGLDialogService
07:58:44.767 [FXGL Background Thread 3 ] DEBUG Engine               - class com.almasb.fxgl.app.services.IOTaskExecutorService
07:58:44.767 [FXGL Background Thread 3 ] DEBUG Engine               - class com.almasb.fxgl.io.FileSystemService
07:58:44.767 [FXGL Background Thread 3 ] DEBUG Engine               - class com.almasb.fxgl.localization.LocalizationService
07:58:44.767 [FXGL Background Thread 3 ] DEBUG Engine               - class com.almasb.fxgl.app.services.SystemBundleService
07:58:44.767 [FXGL Background Thread 3 ] DEBUG Engine               - class com.almasb.fxgl.profile.SaveLoadService
07:58:44.767 [FXGL Background Thread 3 ] DEBUG Engine               - class com.almasb.fxgl.ui.FXGLUIFactoryServiceProvider
07:58:44.767 [FXGL Background Thread 3 ] DEBUG Engine               - class com.almasb.fxgl.ui.FXGLDialogFactoryServiceProvider
07:58:44.767 [FXGL Background Thread 3 ] DEBUG Engine               - class com.almasb.fxgl.audio.AudioPlayer
07:58:44.767 [FXGL Background Thread 3 ] DEBUG Engine               - class com.almasb.fxgl.notification.impl.NotificationServiceProvider
07:58:44.767 [FXGL Background Thread 3 ] DEBUG Engine               - class com.almasb.fxgl.achievement.AchievementService
07:58:44.767 [FXGL Background Thread 3 ] DEBUG Engine               - class com.almasb.fxgl.cutscene.CutsceneService
07:58:44.767 [FXGL Background Thread 3 ] DEBUG Engine               - class com.almasb.fxgl.minigames.MiniGameService
07:58:44.767 [FXGL Background Thread 3 ] DEBUG Engine               - class com.almasb.fxgl.net.NetService
07:58:44.768 [FXGL Background Thread 3 ] DEBUG Engine               - class com.almasb.fxgl.app.services.UpdaterService
07:58:44.768 [FXGL Background Thread 3 ] DEBUG Engine               - class com.almasb.fxgl.dev.DevService
07:58:51.240 [JavaFX Application Thread] DEBUG FXGLApplication      - Exiting FXGL
07:58:51.240 [JavaFX Application Thread] DEBUG LoopRunner           - Stopping loop
07:58:51.241 [JavaFX Application Thread] DEBUG SystemBundleService  - Saving FXGL system data
07:58:51.242 [JavaFX Application Thread] DEBUG FileSystemAccess     - Writing to: C:\Users\russl\IdeaProjects\cloudHopper\system\fxgl.bundle
07:58:51.244 [JavaFX Application Thread] DEBUG Async                - Shutting down background threads
07:58:51.247 [JavaFX Application Thread] DEBUG PrimaryStageWindow   - Closing main window
07:58:51.254 [JavaFX Application Thread] DEBUG Logger               - Closing Logger
