21:14:05.088 [main                     ] DEBUG Logger               - Configured Logger
21:14:05.093 [main                     ] DEBUG GameApplication      - Logging settings
Title: Cloud Hopper
Version: 0.1
Width: 1000
Height: 800
Fullscreen: false
Intro: false
Profiling: false
Single step:false
App Mode: DEVELOPER
Menu Key: ESCAPE
Stage Style: DECORATED
Scene Factory: class com.almasb.fxgl.app.scene.SceneFactory

21:14:05.660 [JavaFX Application Thread] DEBUG FXGLApplication      - Initializing FXGL
21:14:05.663 [JavaFX Application Thread] INFO  Engine               - FXGL-11.16 (25.05.2021 08.16) on WINDOWS (J:16 FX:16)
21:14:05.663 [JavaFX Application Thread] DEBUG Engine               - JRE Vendor Name: Oracle Corporation
21:14:05.664 [JavaFX Application Thread] DEBUG Engine               - Running on OS: Windows 10 version 10.0
21:14:05.664 [JavaFX Application Thread] DEBUG Engine               - Architecture: amd64
21:14:05.664 [JavaFX Application Thread] INFO  Engine               - Source code and latest versions at: https://github.com/AlmasB/FXGL
21:14:05.664 [JavaFX Application Thread] INFO  Engine               -              Join the FXGL chat at: https://gitter.im/AlmasB/FXGL
21:14:05.825 [JavaFX Application Thread] DEBUG PrimaryStageWindow   - Creating a JavaFX scene
21:14:05.886 [JavaFX Application Thread] DEBUG PrimaryStageWindow   - Target settings size: 1000.0 x 800.0
21:14:05.886 [JavaFX Application Thread] DEBUG PrimaryStageWindow   - Scaled scene size:    1000.0 x 800.0
21:14:05.886 [JavaFX Application Thread] DEBUG PrimaryStageWindow   - Scaled ratio: (1.0, 1.0)
21:14:05.888 [JavaFX Application Thread] DEBUG PrimaryStageWindow   - Set initial scene to FXGLStartupScene
21:14:05.896 [JavaFX Application Thread] DEBUG PrimaryStageWindow   - Opening main window
21:14:06.019 [JavaFX Application Thread] DEBUG PrimaryStageWindow   - Window border size: (16.0, 39.0)
21:14:06.020 [JavaFX Application Thread] DEBUG PrimaryStageWindow   - Scaled size: 1000.0 x 800.0
21:14:06.020 [JavaFX Application Thread] DEBUG PrimaryStageWindow   - Scaled ratio: (1.0, 1.0)
21:14:06.020 [JavaFX Application Thread] DEBUG PrimaryStageWindow   - Scene size: 1000.0 x 800.0
21:14:06.020 [JavaFX Application Thread] DEBUG PrimaryStageWindow   - Stage size: 1016.0 x 839.0
21:14:06.029 [FXGL Background Thread 1 ] DEBUG Engine               - Initializing environment variables
21:14:06.074 [FXGL Background Thread 1 ] DEBUG FXGLAssetLoaderServi - User app class for loading assets: class com.cloudHopper.PlatformerApp
21:14:06.074 [FXGL Background Thread 1 ] DEBUG GameApplicationServi - Applying CSS: fxgl_dark.css
21:14:06.075 [FXGL Background Thread 1 ] DEBUG FXGLAssetLoaderServi - Loading from file system: jar:file:/C:/Users/russl/.m2/repository/com/github/almasb/fxgl/11.16/fxgl-11.16.jar!/fxglassets/ui/css/fxgl_dark.css
21:14:06.132 [FXGL Background Thread 1 ] DEBUG GameApplicationServi - Initializing application scenes
21:14:06.184 [FXGL Background Thread 1 ] DEBUG GameWorld            - Game world initialized
21:14:06.256 [FXGL Background Thread 1 ] DEBUG PhysicsWorld         - Physics world initialized: appHeight=800, physics.ppm=50.0
21:14:06.257 [FXGL Background Thread 1 ] DEBUG PhysicsWorld         - Using strategy: BRUTE_FORCE
21:14:06.260 [FXGL Background Thread 1 ] DEBUG GameScene            - Game scene initialized: 1000x800
21:14:06.278 [FXGL Background Thread 1 ] DEBUG FXGL.DefaultMenu     - createMenuBodyGameMenu()
21:14:06.302 [FXGL Background Thread 1 ] DEBUG FXGL.DefaultMenu     - createOptionsMenu()
21:14:06.314 [FXGL Background Thread 1 ] DEBUG FXGLAssetLoaderServi - Loading from file system: jar:file:/C:/Users/russl/.m2/repository/com/github/almasb/fxgl/11.16/fxgl-11.16.jar!/fxglassets/textures/particles/smoke.png
21:14:06.426 [FXGL Background Thread 1 ] DEBUG FXGLAssetLoaderServi - Loading from file system: jar:file:/C:/Users/russl/.m2/repository/com/github/almasb/fxgl/11.16/fxgl-11.16.jar!/fxglassets/textures/particles/trace_horizontal.png
21:14:06.462 [FXGL Background Thread 1 ] DEBUG GameApplicationServi - Application scenes initialized
21:14:06.472 [FXGL Background Thread 1 ] DEBUG SystemBundleService  - Loading FXGL system data
21:14:06.476 [FXGL Background Thread 1 ] DEBUG FileSystemAccess     - Reading from: C:\Users\russl\IdeaProjects\cloudHopper\system\fxgl.bundle
21:14:06.482 [FXGL Background Thread 1 ] DEBUG SystemBundleService  - Bundle FXGL: {}
21:14:06.482 [FXGL Background Thread 1 ] DEBUG UpdaterService       - Checking for updates
21:14:06.487 [FXGL Background Thread 4 ] DEBUG FXGLApplication      - Loading fonts
21:14:06.488 [FXGL Background Thread 1 ] DEBUG FXGLApplication      - Loading default localization
21:14:06.488 [FXGL Background Thread 4 ] DEBUG FXGLAssetLoaderServi - Loading from file system: jar:file:/C:/Users/russl/.m2/repository/com/github/almasb/fxgl/11.16/fxgl-11.16.jar!/fxglassets/ui/fonts/VarelaRound-Regular.ttf
21:14:06.489 [FXGL Background Thread 1 ] DEBUG FXGLAssetLoaderServi - Loading from file system: jar:file:/C:/Users/russl/.m2/repository/com/github/almasb/fxgl/11.16/fxgl-11.16.jar!/fxglassets/languages/english.lang
21:14:06.509 [FXGL Background Thread 1 ] INFO  FXGLApplication      - FXGL initialization took: 0.480 sec
21:14:06.524 [JavaFX Application Thread] DEBUG Input                - Registered new binding: action0 - A
21:14:06.527 [JavaFX Application Thread] DEBUG Input                - Registered new binding: action1 - D
21:14:06.528 [JavaFX Application Thread] DEBUG Input                - Registered new binding: action2 - Space
21:14:06.529 [JavaFX Application Thread] DEBUG Input                - Registered new binding: action3 - W
21:14:06.530 [JavaFX Application Thread] DEBUG FXGLAssetLoaderServi - Loading from file system: jar:file:/C:/Users/russl/.m2/repository/com/github/almasb/fxgl/11.16/fxgl-11.16.jar!/fxglassets/textures/fxgl_icon.png
21:14:06.536 [FXGL Background Thread 4 ] DEBUG FXGLAssetLoaderServi - Loading from file system: jar:file:/C:/Users/russl/.m2/repository/com/github/almasb/fxgl/11.16/fxgl-11.16.jar!/fxglassets/ui/fonts/Abel-Regular.ttf
21:14:06.540 [FXGL Background Thread 4 ] DEBUG FXGLAssetLoaderServi - Loading from file system: jar:file:/C:/Users/russl/.m2/repository/com/github/almasb/fxgl/11.16/fxgl-11.16.jar!/fxglassets/ui/fonts/lucida_console.ttf
21:14:06.545 [FXGL Background Thread 4 ] DEBUG FXGLAssetLoaderServi - Loading from file system: jar:file:/C:/Users/russl/.m2/repository/com/github/almasb/fxgl/11.16/fxgl-11.16.jar!/fxglassets/ui/fonts/Courier-Prime.ttf
21:14:06.558 [JavaFX Application Thread] DEBUG FXGLAssetLoaderServi - Loading from file system: jar:file:/C:/Users/russl/.m2/repository/com/github/almasb/fxgl/11.16/fxgl-11.16.jar!/fxglassets/textures/fxgl_default_cursor.png
21:14:06.561 [JavaFX Application Thread] DEBUG Input                - Registered new binding: Screenshot - CTRL+8
21:14:06.562 [JavaFX Application Thread] DEBUG Input                - Registered new binding: System info dump - CTRL+9
21:14:06.562 [JavaFX Application Thread] DEBUG Input                - Registered new binding: Restart - CTRL+R
21:14:06.563 [JavaFX Application Thread] DEBUG Input                - Registered new binding: Toggle Debug Camera - CTRL+C
21:14:06.566 [JavaFX Application Thread] DEBUG LoopRunner           - Starting loop
21:14:06.567 [JavaFX Application Thread] DEBUG LoopRunner           - Initializing JavaFX AnimationTimerLoop
21:14:06.569 [JavaFX Application Thread] DEBUG GameApplicationServi - Starting new game
21:14:06.569 [JavaFX Application Thread] DEBUG Input                - Clearing active input actions
21:14:06.583 [JavaFX Application Thread] DEBUG GameApplicationServi - Removing overlay from FXGLStartupScene and adding to FXGLLoadingScene
21:14:06.583 [JavaFX Application Thread] DEBUG PrimaryStageWindow   - FXGLStartupScene -> FXGLLoadingScene
21:14:06.584 [JavaFX Application Thread] DEBUG GameApplicationServi - Clearing previous game
21:14:06.584 [JavaFX Application Thread] DEBUG GameScene            - Clearing game scene
21:14:06.584 [JavaFX Application Thread] DEBUG GameWorld            - Clearing game world
21:14:06.584 [JavaFX Application Thread] DEBUG PhysicsWorld         - Clearing physics world
21:14:06.585 [JavaFX Application Thread] DEBUG FXGLApplication      - Registering font factories with UI factory
21:14:06.632 [FXGL Background Thread 4 ] WARN  TMXLevelLoader       - TiledMap generated from 1.7.1. Supported version: 1.2.3. Some features may not be parsed fully.
21:14:06.689 [FXGL Background Thread 4 ] DEBUG TMXLevelLoader       - Parsed TiledMap: file:/C:/Users/russl/IdeaProjects/cloudHopper/target/classes/assets/levels/level1.tmx
21:14:06.690 [FXGL Background Thread 4 ] DEBUG TMXLevelLoader       - Creating tile layer entities
21:14:06.690 [FXGL Background Thread 4 ] DEBUG TilesetLoader        - Loading view for layer Tile Layer 1
21:14:06.738 [FXGL Background Thread 4 ] DEBUG TilesetLoader        - Created buffer with size 20480.0x1280.0
21:14:06.842 [FXGL Background Thread 4 ] DEBUG TMXLevelLoader       - Creating object layer entities
21:14:06.872 [FXGL Background Thread 4 ] DEBUG FXGLAssetLoaderServi - Loading from file system: file:/C:/Users/russl/IdeaProjects/cloudHopper/target/classes/assets/textures/crate.png
21:14:06.889 [FXGL Background Thread 4 ] DEBUG FXGLAssetLoaderServi - Loading from file system: file:/C:/Users/russl/IdeaProjects/cloudHopper/target/classes/assets/textures/StoneBlock.png
21:14:06.897 [FXGL Background Thread 4 ] DEBUG FXGLAssetLoaderServi - Loading from file system: file:/C:/Users/russl/IdeaProjects/cloudHopper/target/classes/assets/textures/characters_packed.png
21:14:06.928 [FXGL Background Thread 4 ] DEBUG FXGLAssetLoaderServi - Loading from file system: file:/C:/Users/russl/IdeaProjects/cloudHopper/target/classes/assets/textures/keyAnimation.png
21:14:06.953 [FXGL Background Thread 4 ] DEBUG FXGLAssetLoaderServi - Loading from file system: file:/C:/Users/russl/IdeaProjects/cloudHopper/target/classes/assets/textures/starAnimation.png
21:14:06.961 [FXGL Background Thread 4 ] DEBUG GameWorld            - Clearing removable entities
21:14:06.961 [FXGL Background Thread 4 ] DEBUG GameWorld            - Setting level: com.almasb.fxgl.entity.level.Level@3db66d05
21:14:06.988 [FXGL Background Thread 4 ] DEBUG FXGLAssetLoaderServi - Loading from file system: file:/C:/Users/russl/IdeaProjects/cloudHopper/target/classes/assets/textures/single.png
21:14:06.992 [FXGL Background Thread 4 ] DEBUG FXGLAssetLoaderServi - Loading from file system: file:/C:/Users/russl/IdeaProjects/cloudHopper/target/classes/assets/textures/singlePushing.png
21:14:06.996 [FXGL Background Thread 4 ] DEBUG FXGLAssetLoaderServi - Loading from file system: file:/C:/Users/russl/IdeaProjects/cloudHopper/target/classes/assets/textures/z-2.png
21:14:07.028 [FXGL Background Thread 4 ] WARN  GameWorld            - Entity is already attached to world
21:14:07.029 [FXGL Background Thread 4 ] DEBUG FXGLAssetLoaderServi - Loading from file system: file:/C:/Users/russl/IdeaProjects/cloudHopper/target/classes/assets/textures/z-1.png
21:14:07.062 [FXGL Background Thread 4 ] WARN  GameWorld            - Entity is already attached to world
21:14:07.070 [FXGL Background Thread 4 ] DEBUG FXGLAssetLoaderServi - Loading from file system: file:/C:/Users/russl/IdeaProjects/cloudHopper/target/classes/assets/textures/hearts.png
21:14:07.074 [FXGL Background Thread 4 ] INFO  FXGLApplication      - Game initialization took: 0.488 sec
21:14:07.075 [JavaFX Application Thread] DEBUG Input                - Clearing active input actions
21:14:07.075 [FXGL Background Thread 2 ] INFO  UpdaterService       - Your current version:  11.16
21:14:07.076 [FXGL Background Thread 2 ] INFO  UpdaterService       - Latest stable version: 11.17
21:14:07.092 [JavaFX Application Thread] DEBUG GameApplicationServi - Removing overlay from FXGLLoadingScene and adding to GameScene
21:14:07.092 [JavaFX Application Thread] DEBUG PrimaryStageWindow   - FXGLLoadingScene -> GameScene
21:14:08.786 [JavaFX Application Thread] DEBUG FXGLApplication      - Exiting FXGL
21:14:08.786 [JavaFX Application Thread] DEBUG LoopRunner           - Stopping loop
21:14:08.787 [JavaFX Application Thread] DEBUG SystemBundleService  - Saving FXGL system data
21:14:08.788 [JavaFX Application Thread] DEBUG FileSystemAccess     - Writing to: C:\Users\russl\IdeaProjects\cloudHopper\system\fxgl.bundle
21:14:08.790 [JavaFX Application Thread] DEBUG Async                - Shutting down background threads
21:14:08.790 [JavaFX Application Thread] DEBUG PrimaryStageWindow   - Closing main window
21:14:08.800 [JavaFX Application Thread] DEBUG Logger               - Closing Logger
