20:58:12.837 [main                     ] DEBUG Logger               - Configured Logger
20:58:12.847 [main                     ] DEBUG GameApplication      - Logging settings
Title: Cloud Hopper
Version: 0.1
Width: 1000
Height: 800
Fullscreen: false
Intro: false
Profiling: false
Single step:false
App Mode: DEVELOPER
Menu Key: ESCAPE
Stage Style: DECORATED
Scene Factory: class com.almasb.fxgl.app.scene.SceneFactory

20:58:13.444 [JavaFX Application Thread] DEBUG FXGLApplication      - Initializing FXGL
20:58:13.447 [JavaFX Application Thread] INFO  Engine               - FXGL-11.16 (25.05.2021 08.16) on WINDOWS (J:16 FX:16)
20:58:13.448 [JavaFX Application Thread] DEBUG Engine               - JRE Vendor Name: Oracle Corporation
20:58:13.448 [JavaFX Application Thread] DEBUG Engine               - Running on OS: Windows 10 version 10.0
20:58:13.448 [JavaFX Application Thread] DEBUG Engine               - Architecture: amd64
20:58:13.448 [JavaFX Application Thread] INFO  Engine               - Source code and latest versions at: https://github.com/AlmasB/FXGL
20:58:13.449 [JavaFX Application Thread] INFO  Engine               -              Join the FXGL chat at: https://gitter.im/AlmasB/FXGL
20:58:13.624 [JavaFX Application Thread] DEBUG PrimaryStageWindow   - Creating a JavaFX scene
20:58:13.692 [JavaFX Application Thread] DEBUG PrimaryStageWindow   - Target settings size: 1000.0 x 800.0
20:58:13.692 [JavaFX Application Thread] DEBUG PrimaryStageWindow   - Scaled scene size:    1000.0 x 800.0
20:58:13.692 [JavaFX Application Thread] DEBUG PrimaryStageWindow   - Scaled ratio: (1.0, 1.0)
20:58:13.693 [JavaFX Application Thread] DEBUG PrimaryStageWindow   - Set initial scene to FXGLStartupScene
20:58:13.703 [JavaFX Application Thread] DEBUG PrimaryStageWindow   - Opening main window
20:58:13.814 [JavaFX Application Thread] DEBUG PrimaryStageWindow   - Window border size: (16.0, 39.0)
20:58:13.814 [JavaFX Application Thread] DEBUG PrimaryStageWindow   - Scaled size: 1000.0 x 800.0
20:58:13.814 [JavaFX Application Thread] DEBUG PrimaryStageWindow   - Scaled ratio: (1.0, 1.0)
20:58:13.814 [JavaFX Application Thread] DEBUG PrimaryStageWindow   - Scene size: 1000.0 x 800.0
20:58:13.814 [JavaFX Application Thread] DEBUG PrimaryStageWindow   - Stage size: 1016.0 x 839.0
20:58:13.824 [FXGL Background Thread 1 ] DEBUG Engine               - Initializing environment variables
20:58:13.876 [FXGL Background Thread 1 ] DEBUG FXGLAssetLoaderServi - User app class for loading assets: class com.cloudHopper.PlatformerApp
20:58:13.876 [FXGL Background Thread 1 ] DEBUG GameApplicationServi - Applying CSS: fxgl_dark.css
20:58:13.877 [FXGL Background Thread 1 ] DEBUG FXGLAssetLoaderServi - Loading from file system: jar:file:/C:/Users/russl/.m2/repository/com/github/almasb/fxgl/11.16/fxgl-11.16.jar!/fxglassets/ui/css/fxgl_dark.css
20:58:13.933 [FXGL Background Thread 1 ] DEBUG GameApplicationServi - Initializing application scenes
20:58:13.976 [FXGL Background Thread 1 ] DEBUG GameWorld            - Game world initialized
20:58:14.056 [FXGL Background Thread 1 ] DEBUG PhysicsWorld         - Physics world initialized: appHeight=800, physics.ppm=50.0
20:58:14.056 [FXGL Background Thread 1 ] DEBUG PhysicsWorld         - Using strategy: BRUTE_FORCE
20:58:14.059 [FXGL Background Thread 1 ] DEBUG GameScene            - Game scene initialized: 1000x800
20:58:14.073 [FXGL Background Thread 1 ] DEBUG FXGL.DefaultMenu     - createMenuBodyGameMenu()
20:58:14.093 [FXGL Background Thread 1 ] DEBUG FXGL.DefaultMenu     - createOptionsMenu()
20:58:14.111 [FXGL Background Thread 1 ] DEBUG FXGLAssetLoaderServi - Loading from file system: jar:file:/C:/Users/russl/.m2/repository/com/github/almasb/fxgl/11.16/fxgl-11.16.jar!/fxglassets/textures/particles/smoke.png
20:58:14.223 [FXGL Background Thread 1 ] DEBUG FXGLAssetLoaderServi - Loading from file system: jar:file:/C:/Users/russl/.m2/repository/com/github/almasb/fxgl/11.16/fxgl-11.16.jar!/fxglassets/textures/particles/trace_horizontal.png
20:58:14.266 [FXGL Background Thread 1 ] DEBUG GameApplicationServi - Application scenes initialized
20:58:14.278 [FXGL Background Thread 1 ] DEBUG SystemBundleService  - Loading FXGL system data
20:58:14.282 [FXGL Background Thread 1 ] DEBUG FileSystemAccess     - Reading from: C:\Users\russl\IdeaProjects\cloudHopper\system\fxgl.bundle
20:58:14.287 [FXGL Background Thread 1 ] DEBUG SystemBundleService  - Bundle FXGL: {}
20:58:14.288 [FXGL Background Thread 1 ] DEBUG UpdaterService       - Checking for updates
20:58:14.292 [FXGL Background Thread 4 ] DEBUG FXGLApplication      - Loading fonts
20:58:14.292 [FXGL Background Thread 1 ] DEBUG FXGLApplication      - Loading default localization
20:58:14.292 [FXGL Background Thread 4 ] DEBUG FXGLAssetLoaderServi - Loading from file system: jar:file:/C:/Users/russl/.m2/repository/com/github/almasb/fxgl/11.16/fxgl-11.16.jar!/fxglassets/ui/fonts/VarelaRound-Regular.ttf
20:58:14.293 [FXGL Background Thread 1 ] DEBUG FXGLAssetLoaderServi - Loading from file system: jar:file:/C:/Users/russl/.m2/repository/com/github/almasb/fxgl/11.16/fxgl-11.16.jar!/fxglassets/languages/english.lang
20:58:14.317 [FXGL Background Thread 1 ] INFO  FXGLApplication      - FXGL initialization took: 0.494 sec
20:58:14.332 [JavaFX Application Thread] DEBUG Input                - Registered new binding: action0 - A
20:58:14.333 [JavaFX Application Thread] DEBUG Input                - Registered new binding: action1 - D
20:58:14.334 [JavaFX Application Thread] DEBUG Input                - Registered new binding: action2 - Space
20:58:14.335 [JavaFX Application Thread] DEBUG Input                - Registered new binding: action3 - W
20:58:14.335 [JavaFX Application Thread] DEBUG FXGLAssetLoaderServi - Loading from file system: jar:file:/C:/Users/russl/.m2/repository/com/github/almasb/fxgl/11.16/fxgl-11.16.jar!/fxglassets/textures/fxgl_icon.png
20:58:14.346 [FXGL Background Thread 4 ] DEBUG FXGLAssetLoaderServi - Loading from file system: jar:file:/C:/Users/russl/.m2/repository/com/github/almasb/fxgl/11.16/fxgl-11.16.jar!/fxglassets/ui/fonts/Abel-Regular.ttf
20:58:14.350 [FXGL Background Thread 4 ] DEBUG FXGLAssetLoaderServi - Loading from file system: jar:file:/C:/Users/russl/.m2/repository/com/github/almasb/fxgl/11.16/fxgl-11.16.jar!/fxglassets/ui/fonts/lucida_console.ttf
20:58:14.356 [FXGL Background Thread 4 ] DEBUG FXGLAssetLoaderServi - Loading from file system: jar:file:/C:/Users/russl/.m2/repository/com/github/almasb/fxgl/11.16/fxgl-11.16.jar!/fxglassets/ui/fonts/Courier-Prime.ttf
20:58:14.367 [JavaFX Application Thread] DEBUG FXGLAssetLoaderServi - Loading from file system: jar:file:/C:/Users/russl/.m2/repository/com/github/almasb/fxgl/11.16/fxgl-11.16.jar!/fxglassets/textures/fxgl_default_cursor.png
20:58:14.370 [JavaFX Application Thread] DEBUG Input                - Registered new binding: Screenshot - CTRL+8
20:58:14.371 [JavaFX Application Thread] DEBUG Input                - Registered new binding: System info dump - CTRL+9
20:58:14.372 [JavaFX Application Thread] DEBUG Input                - Registered new binding: Restart - CTRL+R
20:58:14.373 [JavaFX Application Thread] DEBUG Input                - Registered new binding: Toggle Debug Camera - CTRL+C
20:58:14.376 [JavaFX Application Thread] DEBUG LoopRunner           - Starting loop
20:58:14.376 [JavaFX Application Thread] DEBUG LoopRunner           - Initializing JavaFX AnimationTimerLoop
20:58:14.378 [JavaFX Application Thread] DEBUG GameApplicationServi - Starting new game
20:58:14.379 [JavaFX Application Thread] DEBUG Input                - Clearing active input actions
20:58:14.392 [JavaFX Application Thread] DEBUG GameApplicationServi - Removing overlay from FXGLStartupScene and adding to FXGLLoadingScene
20:58:14.393 [JavaFX Application Thread] DEBUG PrimaryStageWindow   - FXGLStartupScene -> FXGLLoadingScene
20:58:14.393 [JavaFX Application Thread] DEBUG GameApplicationServi - Clearing previous game
20:58:14.393 [JavaFX Application Thread] DEBUG GameScene            - Clearing game scene
20:58:14.393 [JavaFX Application Thread] DEBUG GameWorld            - Clearing game world
20:58:14.394 [JavaFX Application Thread] DEBUG PhysicsWorld         - Clearing physics world
20:58:14.396 [FXGL Background Thread 1 ] DEBUG FXGLApplication      - Initializing game
20:58:14.453 [FXGL Background Thread 1 ] WARN  TMXLevelLoader       - TiledMap generated from 1.7.1. Supported version: 1.2.3. Some features may not be parsed fully.
20:58:14.503 [FXGL Background Thread 1 ] DEBUG TMXLevelLoader       - Parsed TiledMap: file:/C:/Users/russl/IdeaProjects/cloudHopper/target/classes/assets/levels/level1.tmx
20:58:14.505 [FXGL Background Thread 1 ] DEBUG TMXLevelLoader       - Creating tile layer entities
20:58:14.506 [FXGL Background Thread 1 ] DEBUG TilesetLoader        - Loading view for layer Tile Layer 1
20:58:14.549 [JavaFX Application Thread] DEBUG FXGLApplication      - Registering font factories with UI factory
20:58:14.565 [FXGL Background Thread 1 ] DEBUG TilesetLoader        - Created buffer with size 20480.0x1280.0
20:58:14.669 [FXGL Background Thread 1 ] DEBUG TMXLevelLoader       - Creating object layer entities
20:58:14.695 [FXGL Background Thread 1 ] DEBUG FXGLAssetLoaderServi - Loading from file system: file:/C:/Users/russl/IdeaProjects/cloudHopper/target/classes/assets/textures/crate.png
20:58:14.711 [FXGL Background Thread 1 ] DEBUG FXGLAssetLoaderServi - Loading from file system: file:/C:/Users/russl/IdeaProjects/cloudHopper/target/classes/assets/textures/StoneBlock.png
20:58:14.721 [FXGL Background Thread 1 ] DEBUG FXGLAssetLoaderServi - Loading from file system: file:/C:/Users/russl/IdeaProjects/cloudHopper/target/classes/assets/textures/characters_packed.png
20:58:14.753 [FXGL Background Thread 1 ] DEBUG FXGLAssetLoaderServi - Loading from file system: file:/C:/Users/russl/IdeaProjects/cloudHopper/target/classes/assets/textures/keyAnimation.png
20:58:14.781 [FXGL Background Thread 1 ] DEBUG GameWorld            - Clearing removable entities
20:58:14.782 [FXGL Background Thread 1 ] DEBUG GameWorld            - Setting level: com.almasb.fxgl.entity.level.Level@38ac69a7
20:58:14.808 [FXGL Background Thread 1 ] DEBUG FXGLAssetLoaderServi - Loading from file system: file:/C:/Users/russl/IdeaProjects/cloudHopper/target/classes/assets/textures/player_idle.png
20:58:14.809 [FXGL Background Thread 1 ] DEBUG FXGLAssetLoaderServi - Loading from file system: file:/C:/Users/russl/IdeaProjects/cloudHopper/target/classes/assets/textures/player_walking.png
20:58:14.809 [FXGL Background Thread 2 ] INFO  UpdaterService       - Your current version:  11.16
20:58:14.810 [FXGL Background Thread 2 ] INFO  UpdaterService       - Latest stable version: 11.17
20:58:14.813 [FXGL Background Thread 1 ] DEBUG FXGLAssetLoaderServi - Loading from file system: file:/C:/Users/russl/IdeaProjects/cloudHopper/target/classes/assets/textures/z-7.png
20:58:14.861 [FXGL Background Thread 1 ] WARN  GameWorld            - Entity is already attached to world
20:58:14.862 [FXGL Background Thread 1 ] DEBUG FXGLAssetLoaderServi - Loading from file system: file:/C:/Users/russl/IdeaProjects/cloudHopper/target/classes/assets/textures/z-6.png
20:58:14.907 [FXGL Background Thread 1 ] WARN  GameWorld            - Entity is already attached to world
20:58:14.908 [FXGL Background Thread 1 ] DEBUG FXGLAssetLoaderServi - Loading from file system: file:/C:/Users/russl/IdeaProjects/cloudHopper/target/classes/assets/textures/z-5.png
20:58:14.952 [FXGL Background Thread 1 ] WARN  GameWorld            - Entity is already attached to world
20:58:14.953 [FXGL Background Thread 1 ] DEBUG FXGLAssetLoaderServi - Loading from file system: file:/C:/Users/russl/IdeaProjects/cloudHopper/target/classes/assets/textures/z-4.png
20:58:14.996 [FXGL Background Thread 1 ] WARN  GameWorld            - Entity is already attached to world
20:58:14.997 [FXGL Background Thread 1 ] DEBUG FXGLAssetLoaderServi - Loading from file system: file:/C:/Users/russl/IdeaProjects/cloudHopper/target/classes/assets/textures/z-3.png
20:58:15.041 [FXGL Background Thread 1 ] WARN  GameWorld            - Entity is already attached to world
20:58:15.042 [FXGL Background Thread 1 ] DEBUG FXGLAssetLoaderServi - Loading from file system: file:/C:/Users/russl/IdeaProjects/cloudHopper/target/classes/assets/textures/z-2.png
20:58:15.086 [FXGL Background Thread 1 ] WARN  GameWorld            - Entity is already attached to world
20:58:15.087 [FXGL Background Thread 1 ] DEBUG FXGLAssetLoaderServi - Loading from file system: file:/C:/Users/russl/IdeaProjects/cloudHopper/target/classes/assets/textures/z-1.png
20:58:15.131 [FXGL Background Thread 1 ] WARN  GameWorld            - Entity is already attached to world
20:58:15.139 [FXGL Background Thread 1 ] INFO  FXGLApplication      - Game initialization took: 0.744 sec
20:58:15.153 [JavaFX Application Thread] DEBUG Input                - Clearing active input actions
20:58:15.164 [JavaFX Application Thread] DEBUG GameApplicationServi - Removing overlay from FXGLLoadingScene and adding to GameScene
20:58:15.164 [JavaFX Application Thread] DEBUG PrimaryStageWindow   - FXGLLoadingScene -> GameScene
20:58:17.291 [FXGL Background Thread 3 ] DEBUG Engine               - Logging environment variables
20:58:17.291 [FXGL Background Thread 3 ] DEBUG Engine               - achievements: []
20:58:17.291 [FXGL Background Thread 3 ] DEBUG Engine               - actualHeight: 800.0
20:58:17.291 [FXGL Background Thread 3 ] DEBUG Engine               - actualHeightProperty: ReadOnlyDoubleProperty [value: 800.0]
20:58:17.291 [FXGL Background Thread 3 ] DEBUG Engine               - actualWidth: 1000.0
20:58:17.292 [FXGL Background Thread 3 ] DEBUG Engine               - actualWidthProperty: ReadOnlyDoubleProperty [value: 1000.0]
20:58:17.292 [FXGL Background Thread 3 ] DEBUG Engine               - appIcon: fxgl_icon.png
20:58:17.292 [FXGL Background Thread 3 ] DEBUG Engine               - applicationMode: DEVELOPER
20:58:17.292 [FXGL Background Thread 3 ] DEBUG Engine               - cSSList: [fxgl_dark.css]
20:58:17.292 [FXGL Background Thread 3 ] DEBUG Engine               - collisionDetectionStrategy: BRUTE_FORCE
20:58:17.292 [FXGL Background Thread 3 ] DEBUG Engine               - configClass: Optional.empty
20:58:17.292 [FXGL Background Thread 3 ] DEBUG Engine               - credits: []
20:58:17.292 [FXGL Background Thread 3 ] DEBUG Engine               - defaultCursor: CursorInfo(imageName=fxgl_default_cursor.png, hotspotX=7.0, hotspotY=6.0)
20:58:17.292 [FXGL Background Thread 3 ] DEBUG Engine               - devBBoxColorProperty: ObjectProperty [value: 0xff0000ff]
20:58:17.292 [FXGL Background Thread 3 ] DEBUG Engine               - devEnableDebugCameraProperty: BooleanProperty [value: false]
20:58:17.293 [FXGL Background Thread 3 ] DEBUG Engine               - devSensorColorProperty: ObjectProperty [value: 0xffff00ff]
20:58:17.293 [FXGL Background Thread 3 ] DEBUG Engine               - devShowBBoxProperty: BooleanProperty [value: false]
20:58:17.293 [FXGL Background Thread 3 ] DEBUG Engine               - devShowPositionProperty: BooleanProperty [value: false]
20:58:17.293 [FXGL Background Thread 3 ] DEBUG Engine               - enabledMenuItems: []
20:58:17.293 [FXGL Background Thread 3 ] DEBUG Engine               - engineServices: [class com.almasb.fxgl.app.services.FXGLAssetLoaderService, class com.almasb.fxgl.app.FXGLApplication$GameApplicationService, class com.almasb.fxgl.app.services.FXGLDialogService, class com.almasb.fxgl.app.services.IOTaskExecutorService, class com.almasb.fxgl.io.FileSystemService, class com.almasb.fxgl.localization.LocalizationService, class com.almasb.fxgl.app.services.SystemBundleService, class com.almasb.fxgl.profile.SaveLoadService, class com.almasb.fxgl.ui.FXGLUIFactoryServiceProvider, class com.almasb.fxgl.ui.FXGLDialogFactoryServiceProvider, class com.almasb.fxgl.audio.AudioPlayer, class com.almasb.fxgl.notification.impl.NotificationServiceProvider, class com.almasb.fxgl.achievement.AchievementService, class com.almasb.fxgl.cutscene.CutsceneService, class com.almasb.fxgl.minigames.MiniGameService, class com.almasb.fxgl.net.NetService, class com.almasb.fxgl.app.services.UpdaterService, class com.almasb.fxgl.dev.DevService]
20:58:17.293 [FXGL Background Thread 3 ] DEBUG Engine               - fontGame: Abel-Regular.ttf
20:58:17.293 [FXGL Background Thread 3 ] DEBUG Engine               - fontMono: lucida_console.ttf
20:58:17.293 [FXGL Background Thread 3 ] DEBUG Engine               - fontText: Courier-Prime.ttf
20:58:17.293 [FXGL Background Thread 3 ] DEBUG Engine               - fontUI: VarelaRound-Regular.ttf
20:58:17.294 [FXGL Background Thread 3 ] DEBUG Engine               - fullScreen: BooleanProperty [value: false]
20:58:17.294 [FXGL Background Thread 3 ] DEBUG Engine               - gameDifficulty: MEDIUM
20:58:17.294 [FXGL Background Thread 3 ] DEBUG Engine               - gameDifficultyProperty: ObjectProperty [value: MEDIUM]
20:58:17.294 [FXGL Background Thread 3 ] DEBUG Engine               - globalMusicVolume: 0.5
20:58:17.294 [FXGL Background Thread 3 ] DEBUG Engine               - globalMusicVolumeProperty: DoubleProperty [value: 0.5]
20:58:17.294 [FXGL Background Thread 3 ] DEBUG Engine               - globalSoundVolume: 0.5
20:58:17.294 [FXGL Background Thread 3 ] DEBUG Engine               - globalSoundVolumeProperty: DoubleProperty [value: 0.5]
20:58:17.294 [FXGL Background Thread 3 ] DEBUG Engine               - height: 800
20:58:17.295 [FXGL Background Thread 3 ] DEBUG Engine               - is3D: false
20:58:17.295 [FXGL Background Thread 3 ] DEBUG Engine               - isAndroid: false
20:58:17.295 [FXGL Background Thread 3 ] DEBUG Engine               - isBrowser: false
20:58:17.295 [FXGL Background Thread 3 ] DEBUG Engine               - isClickFeedbackEnabled: false
20:58:17.295 [FXGL Background Thread 3 ] DEBUG Engine               - isCloseConfirmation: false
20:58:17.295 [FXGL Background Thread 3 ] DEBUG Engine               - isDesktop: true
20:58:17.295 [FXGL Background Thread 3 ] DEBUG Engine               - isDeveloperMenuEnabled: false
20:58:17.295 [FXGL Background Thread 3 ] DEBUG Engine               - isEntityPreloadEnabled: true
20:58:17.295 [FXGL Background Thread 3 ] DEBUG Engine               - isExperimentalTiledLargeMap: false
20:58:17.296 [FXGL Background Thread 3 ] DEBUG Engine               - isFileSystemWriteAllowed: true
20:58:17.296 [FXGL Background Thread 3 ] DEBUG Engine               - isFullScreenAllowed: false
20:58:17.296 [FXGL Background Thread 3 ] DEBUG Engine               - isFullScreenFromStart: false
20:58:17.296 [FXGL Background Thread 3 ] DEBUG Engine               - isGameMenuEnabled: true
20:58:17.296 [FXGL Background Thread 3 ] DEBUG Engine               - isIOS: false
20:58:17.296 [FXGL Background Thread 3 ] DEBUG Engine               - isIntroEnabled: false
20:58:17.296 [FXGL Background Thread 3 ] DEBUG Engine               - isLinux: false
20:58:17.296 [FXGL Background Thread 3 ] DEBUG Engine               - isMac: false
20:58:17.296 [FXGL Background Thread 3 ] DEBUG Engine               - isMainMenuEnabled: false
20:58:17.296 [FXGL Background Thread 3 ] DEBUG Engine               - isManualResizeEnabled: false
20:58:17.297 [FXGL Background Thread 3 ] DEBUG Engine               - isMobile: false
20:58:17.297 [FXGL Background Thread 3 ] DEBUG Engine               - isNative: false
20:58:17.297 [FXGL Background Thread 3 ] DEBUG Engine               - isPreserveResizeRatio: false
20:58:17.297 [FXGL Background Thread 3 ] DEBUG Engine               - isProfilingEnabled: false
20:58:17.297 [FXGL Background Thread 3 ] DEBUG Engine               - isScaleAffectedOnResize: true
20:58:17.297 [FXGL Background Thread 3 ] DEBUG Engine               - isSingleStep: false
20:58:17.297 [FXGL Background Thread 3 ] DEBUG Engine               - isUserProfileEnabled: false
20:58:17.297 [FXGL Background Thread 3 ] DEBUG Engine               - isWindows: true
20:58:17.297 [FXGL Background Thread 3 ] DEBUG Engine               - language: ObjectProperty [value: ENGLISH]
20:58:17.297 [FXGL Background Thread 3 ] DEBUG Engine               - menuKey: ESCAPE
20:58:17.297 [FXGL Background Thread 3 ] DEBUG Engine               - mouseSensitivity: 0.2
20:58:17.297 [FXGL Background Thread 3 ] DEBUG Engine               - notificationViewClass: class com.almasb.fxgl.notification.view.XboxNotificationView
20:58:17.297 [FXGL Background Thread 3 ] DEBUG Engine               - pixelsPerMeter: 50.0
20:58:17.297 [FXGL Background Thread 3 ] DEBUG Engine               - platform: WINDOWS
20:58:17.298 [FXGL Background Thread 3 ] DEBUG Engine               - prefHeightProperty: ReadOnlyDoubleProperty [value: 800.0]
20:58:17.298 [FXGL Background Thread 3 ] DEBUG Engine               - prefWidthProperty: ReadOnlyDoubleProperty [value: 1000.0]
20:58:17.298 [FXGL Background Thread 3 ] DEBUG Engine               - profileDir: profiles/
20:58:17.298 [FXGL Background Thread 3 ] DEBUG Engine               - profileName: StringProperty [value: DEFAULT]
20:58:17.298 [FXGL Background Thread 3 ] DEBUG Engine               - randomSeed: -1
20:58:17.298 [FXGL Background Thread 3 ] DEBUG Engine               - runtimeInfo: RuntimeInfo(platform=WINDOWS, version=11.16, build=25.05.2021 08.16)
20:58:17.298 [FXGL Background Thread 3 ] DEBUG Engine               - saveFileExt: sav
20:58:17.298 [FXGL Background Thread 3 ] DEBUG Engine               - scaledHeightProp$fxgl: DoubleProperty [bound, value: 800.0]
20:58:17.298 [FXGL Background Thread 3 ] DEBUG Engine               - scaledWidthProp$fxgl: DoubleProperty [bound, value: 1000.0]
20:58:17.298 [FXGL Background Thread 3 ] DEBUG Engine               - sceneFactory: com.almasb.fxgl.app.scene.SceneFactory@47522b62
20:58:17.298 [FXGL Background Thread 3 ] DEBUG Engine               - secondsIn24h: 60
20:58:17.298 [FXGL Background Thread 3 ] DEBUG Engine               - soundMenuBack: menu/back.wav
20:58:17.299 [FXGL Background Thread 3 ] DEBUG Engine               - soundMenuPress: menu/press.wav
20:58:17.299 [FXGL Background Thread 3 ] DEBUG Engine               - soundMenuSelect: menu/select.wav
20:58:17.299 [FXGL Background Thread 3 ] DEBUG Engine               - soundNotification: core/notification.wav
20:58:17.299 [FXGL Background Thread 3 ] DEBUG Engine               - stageStyle: DECORATED
20:58:17.299 [FXGL Background Thread 3 ] DEBUG Engine               - supportedLanguages: [ENGLISH, FRENCH, GERMAN, HUNGARIAN, RUSSIAN]
20:58:17.299 [FXGL Background Thread 3 ] DEBUG Engine               - ticksPerSecond: -1
20:58:17.299 [FXGL Background Thread 3 ] DEBUG Engine               - title: Cloud Hopper
20:58:17.299 [FXGL Background Thread 3 ] DEBUG Engine               - urlGithub: https://github.com/AlmasB/FXGL
20:58:17.299 [FXGL Background Thread 3 ] DEBUG Engine               - urlLeaderboard: http://fxgl-top.herokuapp.com/
20:58:17.299 [FXGL Background Thread 3 ] DEBUG Engine               - urlPOM: https://raw.githubusercontent.com/AlmasB/FXGL/release/README.md
20:58:17.299 [FXGL Background Thread 3 ] DEBUG Engine               - userAppClass: class com.cloudHopper.PlatformerApp
20:58:17.299 [FXGL Background Thread 3 ] DEBUG Engine               - version: 0.1
20:58:17.299 [FXGL Background Thread 3 ] DEBUG Engine               - versionCheckDays: 7
20:58:17.299 [FXGL Background Thread 3 ] DEBUG Engine               - width: 1000
20:58:17.300 [FXGL Background Thread 3 ] DEBUG Engine               - Logging services
20:58:17.300 [FXGL Background Thread 3 ] DEBUG Engine               - class com.almasb.fxgl.app.services.FXGLAssetLoaderService
20:58:17.300 [FXGL Background Thread 3 ] DEBUG Engine               - class com.almasb.fxgl.app.FXGLApplication$GameApplicationService
20:58:17.300 [FXGL Background Thread 3 ] DEBUG Engine               - class com.almasb.fxgl.app.services.FXGLDialogService
20:58:17.300 [FXGL Background Thread 3 ] DEBUG Engine               - class com.almasb.fxgl.app.services.IOTaskExecutorService
20:58:17.300 [FXGL Background Thread 3 ] DEBUG Engine               - class com.almasb.fxgl.io.FileSystemService
20:58:17.300 [FXGL Background Thread 3 ] DEBUG Engine               - class com.almasb.fxgl.localization.LocalizationService
20:58:17.300 [FXGL Background Thread 3 ] DEBUG Engine               - class com.almasb.fxgl.app.services.SystemBundleService
20:58:17.300 [FXGL Background Thread 3 ] DEBUG Engine               - class com.almasb.fxgl.profile.SaveLoadService
20:58:17.300 [FXGL Background Thread 3 ] DEBUG Engine               - class com.almasb.fxgl.ui.FXGLUIFactoryServiceProvider
20:58:17.300 [FXGL Background Thread 3 ] DEBUG Engine               - class com.almasb.fxgl.ui.FXGLDialogFactoryServiceProvider
20:58:17.300 [FXGL Background Thread 3 ] DEBUG Engine               - class com.almasb.fxgl.audio.AudioPlayer
20:58:17.300 [FXGL Background Thread 3 ] DEBUG Engine               - class com.almasb.fxgl.notification.impl.NotificationServiceProvider
20:58:17.301 [FXGL Background Thread 3 ] DEBUG Engine               - class com.almasb.fxgl.achievement.AchievementService
20:58:17.301 [FXGL Background Thread 3 ] DEBUG Engine               - class com.almasb.fxgl.cutscene.CutsceneService
20:58:17.301 [FXGL Background Thread 3 ] DEBUG Engine               - class com.almasb.fxgl.minigames.MiniGameService
20:58:17.301 [FXGL Background Thread 3 ] DEBUG Engine               - class com.almasb.fxgl.net.NetService
20:58:17.301 [FXGL Background Thread 3 ] DEBUG Engine               - class com.almasb.fxgl.app.services.UpdaterService
20:58:17.301 [FXGL Background Thread 3 ] DEBUG Engine               - class com.almasb.fxgl.dev.DevService
20:58:19.733 [JavaFX Application Thread] DEBUG PrimaryStageWindow   - Push state: DialogSubScene
20:58:19.733 [JavaFX Application Thread] DEBUG Input                - Clearing active input actions
20:58:19.737 [JavaFX Application Thread] DEBUG GameApplicationServi - Removing overlay from GameScene and adding to DialogSubScene
20:58:19.738 [JavaFX Application Thread] DEBUG PrimaryStageWindow   - GameScene -> DialogSubScene
20:58:19.738 [JavaFX Application Thread] DEBUG FXGLAssetLoaderServi - Loading from file system: file:/C:/Users/russl/IdeaProjects/cloudHopper/target/classes/assets/textures/key.png
20:58:21.202 [JavaFX Application Thread] DEBUG PrimaryStageWindow   - Pop state: DialogSubScene
20:58:21.203 [JavaFX Application Thread] DEBUG Input                - Clearing active input actions
20:58:21.203 [JavaFX Application Thread] DEBUG GameApplicationServi - Removing overlay from DialogSubScene and adding to GameScene
20:58:21.204 [JavaFX Application Thread] DEBUG PrimaryStageWindow   - GameScene <- DialogSubScene
20:58:23.972 [JavaFX Application Thread] DEBUG FXGLAssetLoaderServi - Loading from file system: file:/C:/Users/russl/IdeaProjects/cloudHopper/target/classes/assets/textures/floatingPlatform.png
20:58:23.975 [JavaFX Application Thread] DEBUG PrimaryStageWindow   - Push state: DialogSubScene
20:58:23.975 [JavaFX Application Thread] DEBUG Input                - Clearing active input actions
20:58:23.976 [JavaFX Application Thread] DEBUG GameApplicationServi - Removing overlay from GameScene and adding to DialogSubScene
20:58:23.976 [JavaFX Application Thread] DEBUG PrimaryStageWindow   - GameScene -> DialogSubScene
20:58:25.056 [JavaFX Application Thread] DEBUG PrimaryStageWindow   - Pop state: DialogSubScene
20:58:25.056 [JavaFX Application Thread] DEBUG Input                - Clearing active input actions
20:58:25.056 [JavaFX Application Thread] DEBUG GameApplicationServi - Removing overlay from DialogSubScene and adding to GameScene
20:58:25.057 [JavaFX Application Thread] DEBUG PrimaryStageWindow   - GameScene <- DialogSubScene
20:58:38.243 [JavaFX Application Thread] DEBUG PrimaryStageWindow   - Push state: DialogSubScene
20:58:38.243 [JavaFX Application Thread] DEBUG Input                - Clearing active input actions
20:58:38.244 [JavaFX Application Thread] DEBUG GameApplicationServi - Removing overlay from GameScene and adding to DialogSubScene
20:58:38.245 [JavaFX Application Thread] DEBUG PrimaryStageWindow   - GameScene -> DialogSubScene
20:58:39.868 [JavaFX Application Thread] DEBUG PrimaryStageWindow   - Pop state: DialogSubScene
20:58:39.868 [JavaFX Application Thread] DEBUG Input                - Clearing active input actions
20:58:39.869 [JavaFX Application Thread] DEBUG GameApplicationServi - Removing overlay from DialogSubScene and adding to GameScene
20:58:39.869 [JavaFX Application Thread] DEBUG PrimaryStageWindow   - GameScene <- DialogSubScene
20:58:42.083 [JavaFX Application Thread] DEBUG PrimaryStageWindow   - Push state: DialogSubScene
20:58:42.084 [JavaFX Application Thread] DEBUG Input                - Clearing active input actions
20:58:42.084 [JavaFX Application Thread] DEBUG GameApplicationServi - Removing overlay from GameScene and adding to DialogSubScene
20:58:42.084 [JavaFX Application Thread] DEBUG PrimaryStageWindow   - GameScene -> DialogSubScene
20:58:42.842 [JavaFX Application Thread] DEBUG PrimaryStageWindow   - Pop state: DialogSubScene
20:58:42.842 [JavaFX Application Thread] DEBUG Input                - Clearing active input actions
20:58:42.843 [JavaFX Application Thread] DEBUG GameApplicationServi - Removing overlay from DialogSubScene and adding to GameScene
20:58:42.843 [JavaFX Application Thread] DEBUG PrimaryStageWindow   - GameScene <- DialogSubScene
20:58:50.771 [JavaFX Application Thread] DEBUG FXGLAssetLoaderServi - Loading from file system: file:/C:/Users/russl/IdeaProjects/cloudHopper/target/classes/assets/textures/stone.png
20:59:14.576 [JavaFX Application Thread] DEBUG FXGLApplication      - Exiting FXGL
20:59:14.576 [JavaFX Application Thread] DEBUG LoopRunner           - Stopping loop
20:59:14.576 [JavaFX Application Thread] DEBUG SystemBundleService  - Saving FXGL system data
20:59:14.578 [JavaFX Application Thread] DEBUG FileSystemAccess     - Writing to: C:\Users\russl\IdeaProjects\cloudHopper\system\fxgl.bundle
20:59:14.579 [JavaFX Application Thread] DEBUG Async                - Shutting down background threads
20:59:14.579 [JavaFX Application Thread] DEBUG PrimaryStageWindow   - Closing main window
20:59:14.591 [JavaFX Application Thread] DEBUG Logger               - Closing Logger
