10:58:48.958 [main                     ] DEBUG Logger               - Configured Logger
10:58:48.963 [main                     ] DEBUG GameApplication      - Logging settings
Title: Cloud Hopper
Version: 0.1
Width: 1000
Height: 800
Fullscreen: false
Intro: false
Profiling: false
Single step:false
App Mode: DEVELOPER
Menu Key: ESCAPE
Stage Style: DECORATED
Scene Factory: class com.almasb.fxgl.app.scene.SceneFactory

10:58:49.512 [JavaFX Application Thread] DEBUG FXGLApplication      - Initializing FXGL
10:58:49.517 [JavaFX Application Thread] INFO  Engine               - FXGL-11.16 (25.05.2021 08.16) on WINDOWS (J:16 FX:16)
10:58:49.517 [JavaFX Application Thread] DEBUG Engine               - JRE Vendor Name: Oracle Corporation
10:58:49.517 [JavaFX Application Thread] DEBUG Engine               - Running on OS: Windows 10 version 10.0
10:58:49.518 [JavaFX Application Thread] DEBUG Engine               - Architecture: amd64
10:58:49.518 [JavaFX Application Thread] INFO  Engine               - Source code and latest versions at: https://github.com/AlmasB/FXGL
10:58:49.518 [JavaFX Application Thread] INFO  Engine               -              Join the FXGL chat at: https://gitter.im/AlmasB/FXGL
10:58:49.677 [JavaFX Application Thread] DEBUG PrimaryStageWindow   - Creating a JavaFX scene
10:58:49.743 [JavaFX Application Thread] DEBUG PrimaryStageWindow   - Target settings size: 1000.0 x 800.0
10:58:49.743 [JavaFX Application Thread] DEBUG PrimaryStageWindow   - Scaled scene size:    1000.0 x 800.0
10:58:49.743 [JavaFX Application Thread] DEBUG PrimaryStageWindow   - Scaled ratio: (1.0, 1.0)
10:58:49.745 [JavaFX Application Thread] DEBUG PrimaryStageWindow   - Set initial scene to FXGLStartupScene
10:58:49.753 [JavaFX Application Thread] DEBUG PrimaryStageWindow   - Opening main window
10:58:49.858 [JavaFX Application Thread] DEBUG PrimaryStageWindow   - Window border size: (16.0, 39.0)
10:58:49.858 [JavaFX Application Thread] DEBUG PrimaryStageWindow   - Scaled size: 1000.0 x 800.0
10:58:49.859 [JavaFX Application Thread] DEBUG PrimaryStageWindow   - Scaled ratio: (1.0, 1.0)
10:58:49.859 [JavaFX Application Thread] DEBUG PrimaryStageWindow   - Scene size: 1000.0 x 800.0
10:58:49.859 [JavaFX Application Thread] DEBUG PrimaryStageWindow   - Stage size: 1016.0 x 839.0
10:58:49.868 [FXGL Background Thread 1 ] DEBUG Engine               - Initializing environment variables
10:58:49.924 [FXGL Background Thread 1 ] DEBUG FXGLAssetLoaderServi - User app class for loading assets: class com.cloudHopper.PlatformerApp
10:58:49.924 [FXGL Background Thread 1 ] DEBUG GameApplicationServi - Applying CSS: fxgl_dark.css
10:58:49.924 [FXGL Background Thread 1 ] DEBUG FXGLAssetLoaderServi - Loading from file system: jar:file:/C:/Users/russl/.m2/repository/com/github/almasb/fxgl/11.16/fxgl-11.16.jar!/fxglassets/ui/css/fxgl_dark.css
10:58:49.981 [FXGL Background Thread 1 ] DEBUG GameApplicationServi - Initializing application scenes
10:58:50.024 [FXGL Background Thread 1 ] DEBUG GameWorld            - Game world initialized
10:58:50.101 [FXGL Background Thread 1 ] DEBUG PhysicsWorld         - Physics world initialized: appHeight=800, physics.ppm=50.0
10:58:50.102 [FXGL Background Thread 1 ] DEBUG PhysicsWorld         - Using strategy: BRUTE_FORCE
10:58:50.105 [FXGL Background Thread 1 ] DEBUG GameScene            - Game scene initialized: 1000x800
10:58:50.120 [FXGL Background Thread 1 ] DEBUG FXGL.DefaultMenu     - createMenuBodyGameMenu()
10:58:50.138 [FXGL Background Thread 1 ] DEBUG FXGL.DefaultMenu     - createOptionsMenu()
10:58:50.151 [FXGL Background Thread 1 ] DEBUG FXGLAssetLoaderServi - Loading from file system: jar:file:/C:/Users/russl/.m2/repository/com/github/almasb/fxgl/11.16/fxgl-11.16.jar!/fxglassets/textures/particles/smoke.png
10:58:50.270 [FXGL Background Thread 1 ] DEBUG FXGLAssetLoaderServi - Loading from file system: jar:file:/C:/Users/russl/.m2/repository/com/github/almasb/fxgl/11.16/fxgl-11.16.jar!/fxglassets/textures/particles/trace_horizontal.png
10:58:50.312 [FXGL Background Thread 1 ] DEBUG GameApplicationServi - Application scenes initialized
10:58:50.322 [FXGL Background Thread 1 ] DEBUG SystemBundleService  - Loading FXGL system data
10:58:50.326 [FXGL Background Thread 1 ] DEBUG FileSystemAccess     - Reading from: C:\Users\russl\IdeaProjects\cloudHopper\system\fxgl.bundle
10:58:50.332 [FXGL Background Thread 1 ] DEBUG SystemBundleService  - Bundle FXGL: {}
10:58:50.332 [FXGL Background Thread 1 ] DEBUG UpdaterService       - Checking for updates
10:58:50.337 [FXGL Background Thread 4 ] DEBUG FXGLApplication      - Loading fonts
10:58:50.337 [FXGL Background Thread 1 ] DEBUG FXGLApplication      - Loading default localization
10:58:50.338 [FXGL Background Thread 1 ] DEBUG FXGLAssetLoaderServi - Loading from file system: jar:file:/C:/Users/russl/.m2/repository/com/github/almasb/fxgl/11.16/fxgl-11.16.jar!/fxglassets/languages/english.lang
10:58:50.338 [FXGL Background Thread 4 ] DEBUG FXGLAssetLoaderServi - Loading from file system: jar:file:/C:/Users/russl/.m2/repository/com/github/almasb/fxgl/11.16/fxgl-11.16.jar!/fxglassets/ui/fonts/VarelaRound-Regular.ttf
10:58:50.359 [FXGL Background Thread 1 ] INFO  FXGLApplication      - FXGL initialization took: 0.491 sec
10:58:50.373 [JavaFX Application Thread] DEBUG Input                - Registered new binding: action0 - A
10:58:50.373 [JavaFX Application Thread] DEBUG Input                - Registered new binding: action1 - D
10:58:50.374 [JavaFX Application Thread] DEBUG Input                - Registered new binding: action2 - Space
10:58:50.375 [JavaFX Application Thread] DEBUG Input                - Registered new binding: action3 - W
10:58:50.376 [JavaFX Application Thread] DEBUG FXGLAssetLoaderServi - Loading from file system: jar:file:/C:/Users/russl/.m2/repository/com/github/almasb/fxgl/11.16/fxgl-11.16.jar!/fxglassets/textures/fxgl_icon.png
10:58:50.389 [FXGL Background Thread 4 ] DEBUG FXGLAssetLoaderServi - Loading from file system: jar:file:/C:/Users/russl/.m2/repository/com/github/almasb/fxgl/11.16/fxgl-11.16.jar!/fxglassets/ui/fonts/Abel-Regular.ttf
10:58:50.393 [FXGL Background Thread 4 ] DEBUG FXGLAssetLoaderServi - Loading from file system: jar:file:/C:/Users/russl/.m2/repository/com/github/almasb/fxgl/11.16/fxgl-11.16.jar!/fxglassets/ui/fonts/lucida_console.ttf
10:58:50.399 [FXGL Background Thread 4 ] DEBUG FXGLAssetLoaderServi - Loading from file system: jar:file:/C:/Users/russl/.m2/repository/com/github/almasb/fxgl/11.16/fxgl-11.16.jar!/fxglassets/ui/fonts/Courier-Prime.ttf
10:58:50.405 [JavaFX Application Thread] DEBUG FXGLAssetLoaderServi - Loading from file system: jar:file:/C:/Users/russl/.m2/repository/com/github/almasb/fxgl/11.16/fxgl-11.16.jar!/fxglassets/textures/fxgl_default_cursor.png
10:58:50.408 [JavaFX Application Thread] DEBUG Input                - Registered new binding: Screenshot - CTRL+8
10:58:50.408 [JavaFX Application Thread] DEBUG Input                - Registered new binding: System info dump - CTRL+9
10:58:50.409 [JavaFX Application Thread] DEBUG Input                - Registered new binding: Restart - CTRL+R
10:58:50.410 [JavaFX Application Thread] DEBUG Input                - Registered new binding: Toggle Debug Camera - CTRL+C
10:58:50.413 [JavaFX Application Thread] DEBUG LoopRunner           - Starting loop
10:58:50.414 [JavaFX Application Thread] DEBUG LoopRunner           - Initializing JavaFX AnimationTimerLoop
10:58:50.415 [JavaFX Application Thread] DEBUG GameApplicationServi - Starting new game
10:58:50.416 [JavaFX Application Thread] DEBUG Input                - Clearing active input actions
10:58:50.429 [JavaFX Application Thread] DEBUG GameApplicationServi - Removing overlay from FXGLStartupScene and adding to FXGLLoadingScene
10:58:50.429 [JavaFX Application Thread] DEBUG PrimaryStageWindow   - FXGLStartupScene -> FXGLLoadingScene
10:58:50.430 [JavaFX Application Thread] DEBUG GameApplicationServi - Clearing previous game
10:58:50.430 [JavaFX Application Thread] DEBUG GameScene            - Clearing game scene
10:58:50.430 [JavaFX Application Thread] DEBUG GameWorld            - Clearing game world
10:58:50.430 [JavaFX Application Thread] DEBUG PhysicsWorld         - Clearing physics world
10:58:50.432 [JavaFX Application Thread] DEBUG FXGLApplication      - Registering font factories with UI factory
10:58:50.432 [FXGL Background Thread 4 ] DEBUG FXGLApplication      - Initializing game
10:58:50.482 [FXGL Background Thread 4 ] WARN  TMXLevelLoader       - TiledMap generated from 1.7.1. Supported version: 1.2.3. Some features may not be parsed fully.
10:58:50.532 [FXGL Background Thread 4 ] DEBUG TMXLevelLoader       - Parsed TiledMap: file:/C:/Users/russl/IdeaProjects/cloudHopper/target/classes/assets/levels/level1.tmx
10:58:50.533 [FXGL Background Thread 4 ] DEBUG TMXLevelLoader       - Creating tile layer entities
10:58:50.534 [FXGL Background Thread 4 ] DEBUG TilesetLoader        - Loading view for layer Tile Layer 1
10:58:50.591 [FXGL Background Thread 4 ] DEBUG TilesetLoader        - Created buffer with size 20480.0x1280.0
10:58:50.701 [FXGL Background Thread 4 ] DEBUG TMXLevelLoader       - Creating object layer entities
10:58:50.726 [FXGL Background Thread 4 ] DEBUG FXGLAssetLoaderServi - Loading from file system: file:/C:/Users/russl/IdeaProjects/cloudHopper/target/classes/assets/textures/crate.png
10:58:50.745 [FXGL Background Thread 4 ] DEBUG FXGLAssetLoaderServi - Loading from file system: file:/C:/Users/russl/IdeaProjects/cloudHopper/target/classes/assets/textures/StoneBlock.png
10:58:50.754 [FXGL Background Thread 4 ] DEBUG FXGLAssetLoaderServi - Loading from file system: file:/C:/Users/russl/IdeaProjects/cloudHopper/target/classes/assets/textures/characters_packed.png
10:58:50.785 [FXGL Background Thread 4 ] DEBUG FXGLAssetLoaderServi - Loading from file system: file:/C:/Users/russl/IdeaProjects/cloudHopper/target/classes/assets/textures/keyAnimation.png
10:58:50.810 [FXGL Background Thread 4 ] DEBUG FXGLAssetLoaderServi - Loading from file system: file:/C:/Users/russl/IdeaProjects/cloudHopper/target/classes/assets/textures/starAnimation.png
10:58:50.815 [FXGL Background Thread 4 ] DEBUG GameWorld            - Clearing removable entities
10:58:50.815 [FXGL Background Thread 4 ] DEBUG GameWorld            - Setting level: com.almasb.fxgl.entity.level.Level@32ffbf92
10:58:50.834 [FXGL Background Thread 4 ] DEBUG FXGLAssetLoaderServi - Loading from file system: file:/C:/Users/russl/IdeaProjects/cloudHopper/target/classes/assets/textures/single.png
10:58:50.837 [FXGL Background Thread 4 ] DEBUG FXGLAssetLoaderServi - Loading from file system: file:/C:/Users/russl/IdeaProjects/cloudHopper/target/classes/assets/textures/singlePushing.png
10:58:50.840 [FXGL Background Thread 4 ] DEBUG FXGLAssetLoaderServi - Loading from file system: file:/C:/Users/russl/IdeaProjects/cloudHopper/target/classes/assets/textures/z-2.png
10:58:50.843 [FXGL Background Thread 2 ] INFO  UpdaterService       - Your current version:  11.16
10:58:50.843 [FXGL Background Thread 2 ] INFO  UpdaterService       - Latest stable version: 11.17
10:58:50.863 [FXGL Background Thread 4 ] WARN  GameWorld            - Entity is already attached to world
10:58:50.864 [FXGL Background Thread 4 ] DEBUG FXGLAssetLoaderServi - Loading from file system: file:/C:/Users/russl/IdeaProjects/cloudHopper/target/classes/assets/textures/z-1.png
10:58:50.889 [FXGL Background Thread 4 ] WARN  GameWorld            - Entity is already attached to world
10:58:50.896 [FXGL Background Thread 4 ] INFO  FXGLApplication      - Game initialization took: 0.464 sec
10:58:50.896 [JavaFX Application Thread] DEBUG Input                - Clearing active input actions
10:58:50.912 [JavaFX Application Thread] DEBUG GameApplicationServi - Removing overlay from FXGLLoadingScene and adding to GameScene
10:58:50.912 [JavaFX Application Thread] DEBUG PrimaryStageWindow   - FXGLLoadingScene -> GameScene
10:58:53.337 [FXGL Background Thread 3 ] DEBUG Engine               - Logging environment variables
10:58:53.337 [FXGL Background Thread 3 ] DEBUG Engine               - achievements: []
10:58:53.337 [FXGL Background Thread 3 ] DEBUG Engine               - actualHeight: 800.0
10:58:53.337 [FXGL Background Thread 3 ] DEBUG Engine               - actualHeightProperty: ReadOnlyDoubleProperty [value: 800.0]
10:58:53.337 [FXGL Background Thread 3 ] DEBUG Engine               - actualWidth: 1000.0
10:58:53.337 [FXGL Background Thread 3 ] DEBUG Engine               - actualWidthProperty: ReadOnlyDoubleProperty [value: 1000.0]
10:58:53.338 [FXGL Background Thread 3 ] DEBUG Engine               - appIcon: fxgl_icon.png
10:58:53.338 [FXGL Background Thread 3 ] DEBUG Engine               - applicationMode: DEVELOPER
10:58:53.338 [FXGL Background Thread 3 ] DEBUG Engine               - cSSList: [fxgl_dark.css]
10:58:53.338 [FXGL Background Thread 3 ] DEBUG Engine               - collisionDetectionStrategy: BRUTE_FORCE
10:58:53.338 [FXGL Background Thread 3 ] DEBUG Engine               - configClass: Optional.empty
10:58:53.338 [FXGL Background Thread 3 ] DEBUG Engine               - credits: []
10:58:53.338 [FXGL Background Thread 3 ] DEBUG Engine               - defaultCursor: CursorInfo(imageName=fxgl_default_cursor.png, hotspotX=7.0, hotspotY=6.0)
10:58:53.339 [FXGL Background Thread 3 ] DEBUG Engine               - devBBoxColorProperty: ObjectProperty [value: 0xff0000ff]
10:58:53.339 [FXGL Background Thread 3 ] DEBUG Engine               - devEnableDebugCameraProperty: BooleanProperty [value: false]
10:58:53.339 [FXGL Background Thread 3 ] DEBUG Engine               - devSensorColorProperty: ObjectProperty [value: 0xffff00ff]
10:58:53.339 [FXGL Background Thread 3 ] DEBUG Engine               - devShowBBoxProperty: BooleanProperty [value: false]
10:58:53.339 [FXGL Background Thread 3 ] DEBUG Engine               - devShowPositionProperty: BooleanProperty [value: false]
10:58:53.339 [FXGL Background Thread 3 ] DEBUG Engine               - enabledMenuItems: []
10:58:53.339 [FXGL Background Thread 3 ] DEBUG Engine               - engineServices: [class com.almasb.fxgl.app.services.FXGLAssetLoaderService, class com.almasb.fxgl.app.FXGLApplication$GameApplicationService, class com.almasb.fxgl.app.services.FXGLDialogService, class com.almasb.fxgl.app.services.IOTaskExecutorService, class com.almasb.fxgl.io.FileSystemService, class com.almasb.fxgl.localization.LocalizationService, class com.almasb.fxgl.app.services.SystemBundleService, class com.almasb.fxgl.profile.SaveLoadService, class com.almasb.fxgl.ui.FXGLUIFactoryServiceProvider, class com.almasb.fxgl.ui.FXGLDialogFactoryServiceProvider, class com.almasb.fxgl.audio.AudioPlayer, class com.almasb.fxgl.notification.impl.NotificationServiceProvider, class com.almasb.fxgl.achievement.AchievementService, class com.almasb.fxgl.cutscene.CutsceneService, class com.almasb.fxgl.minigames.MiniGameService, class com.almasb.fxgl.net.NetService, class com.almasb.fxgl.app.services.UpdaterService, class com.almasb.fxgl.dev.DevService]
10:58:53.339 [FXGL Background Thread 3 ] DEBUG Engine               - fontGame: Abel-Regular.ttf
10:58:53.339 [FXGL Background Thread 3 ] DEBUG Engine               - fontMono: lucida_console.ttf
10:58:53.339 [FXGL Background Thread 3 ] DEBUG Engine               - fontText: Courier-Prime.ttf
10:58:53.340 [FXGL Background Thread 3 ] DEBUG Engine               - fontUI: VarelaRound-Regular.ttf
10:58:53.340 [FXGL Background Thread 3 ] DEBUG Engine               - fullScreen: BooleanProperty [value: false]
10:58:53.340 [FXGL Background Thread 3 ] DEBUG Engine               - gameDifficulty: MEDIUM
10:58:53.340 [FXGL Background Thread 3 ] DEBUG Engine               - gameDifficultyProperty: ObjectProperty [value: MEDIUM]
10:58:53.340 [FXGL Background Thread 3 ] DEBUG Engine               - globalMusicVolume: 0.5
10:58:53.340 [FXGL Background Thread 3 ] DEBUG Engine               - globalMusicVolumeProperty: DoubleProperty [value: 0.5]
10:58:53.340 [FXGL Background Thread 3 ] DEBUG Engine               - globalSoundVolume: 0.5
10:58:53.340 [FXGL Background Thread 3 ] DEBUG Engine               - globalSoundVolumeProperty: DoubleProperty [value: 0.5]
10:58:53.341 [FXGL Background Thread 3 ] DEBUG Engine               - height: 800
10:58:53.341 [FXGL Background Thread 3 ] DEBUG Engine               - is3D: false
10:58:53.341 [FXGL Background Thread 3 ] DEBUG Engine               - isAndroid: false
10:58:53.341 [FXGL Background Thread 3 ] DEBUG Engine               - isBrowser: false
10:58:53.341 [FXGL Background Thread 3 ] DEBUG Engine               - isClickFeedbackEnabled: false
10:58:53.341 [FXGL Background Thread 3 ] DEBUG Engine               - isCloseConfirmation: false
10:58:53.341 [FXGL Background Thread 3 ] DEBUG Engine               - isDesktop: true
10:58:53.341 [FXGL Background Thread 3 ] DEBUG Engine               - isDeveloperMenuEnabled: false
10:58:53.341 [FXGL Background Thread 3 ] DEBUG Engine               - isEntityPreloadEnabled: true
10:58:53.341 [FXGL Background Thread 3 ] DEBUG Engine               - isExperimentalTiledLargeMap: false
10:58:53.342 [FXGL Background Thread 3 ] DEBUG Engine               - isFileSystemWriteAllowed: true
10:58:53.342 [FXGL Background Thread 3 ] DEBUG Engine               - isFullScreenAllowed: false
10:58:53.342 [FXGL Background Thread 3 ] DEBUG Engine               - isFullScreenFromStart: false
10:58:53.342 [FXGL Background Thread 3 ] DEBUG Engine               - isGameMenuEnabled: true
10:58:53.342 [FXGL Background Thread 3 ] DEBUG Engine               - isIOS: false
10:58:53.342 [FXGL Background Thread 3 ] DEBUG Engine               - isIntroEnabled: false
10:58:53.342 [FXGL Background Thread 3 ] DEBUG Engine               - isLinux: false
10:58:53.342 [FXGL Background Thread 3 ] DEBUG Engine               - isMac: false
10:58:53.342 [FXGL Background Thread 3 ] DEBUG Engine               - isMainMenuEnabled: false
10:58:53.342 [FXGL Background Thread 3 ] DEBUG Engine               - isManualResizeEnabled: false
10:58:53.342 [FXGL Background Thread 3 ] DEBUG Engine               - isMobile: false
10:58:53.342 [FXGL Background Thread 3 ] DEBUG Engine               - isNative: false
10:58:53.343 [FXGL Background Thread 3 ] DEBUG Engine               - isPreserveResizeRatio: false
10:58:53.343 [FXGL Background Thread 3 ] DEBUG Engine               - isProfilingEnabled: false
10:58:53.343 [FXGL Background Thread 3 ] DEBUG Engine               - isScaleAffectedOnResize: true
10:58:53.343 [FXGL Background Thread 3 ] DEBUG Engine               - isSingleStep: false
10:58:53.343 [FXGL Background Thread 3 ] DEBUG Engine               - isUserProfileEnabled: false
10:58:53.343 [FXGL Background Thread 3 ] DEBUG Engine               - isWindows: true
10:58:53.343 [FXGL Background Thread 3 ] DEBUG Engine               - language: ObjectProperty [value: ENGLISH]
10:58:53.343 [FXGL Background Thread 3 ] DEBUG Engine               - menuKey: ESCAPE
10:58:53.343 [FXGL Background Thread 3 ] DEBUG Engine               - mouseSensitivity: 0.2
10:58:53.343 [FXGL Background Thread 3 ] DEBUG Engine               - notificationViewClass: class com.almasb.fxgl.notification.view.XboxNotificationView
10:58:53.344 [FXGL Background Thread 3 ] DEBUG Engine               - pixelsPerMeter: 50.0
10:58:53.344 [FXGL Background Thread 3 ] DEBUG Engine               - platform: WINDOWS
10:58:53.344 [FXGL Background Thread 3 ] DEBUG Engine               - prefHeightProperty: ReadOnlyDoubleProperty [value: 800.0]
10:58:53.344 [FXGL Background Thread 3 ] DEBUG Engine               - prefWidthProperty: ReadOnlyDoubleProperty [value: 1000.0]
10:58:53.344 [FXGL Background Thread 3 ] DEBUG Engine               - profileDir: profiles/
10:58:53.344 [FXGL Background Thread 3 ] DEBUG Engine               - profileName: StringProperty [value: DEFAULT]
10:58:53.344 [FXGL Background Thread 3 ] DEBUG Engine               - randomSeed: -1
10:58:53.344 [FXGL Background Thread 3 ] DEBUG Engine               - runtimeInfo: RuntimeInfo(platform=WINDOWS, version=11.16, build=25.05.2021 08.16)
10:58:53.344 [FXGL Background Thread 3 ] DEBUG Engine               - saveFileExt: sav
10:58:53.345 [FXGL Background Thread 3 ] DEBUG Engine               - scaledHeightProp$fxgl: DoubleProperty [bound, value: 800.0]
10:58:53.345 [FXGL Background Thread 3 ] DEBUG Engine               - scaledWidthProp$fxgl: DoubleProperty [bound, value: 1000.0]
10:58:53.345 [FXGL Background Thread 3 ] DEBUG Engine               - sceneFactory: com.almasb.fxgl.app.scene.SceneFactory@47522b62
10:58:53.345 [FXGL Background Thread 3 ] DEBUG Engine               - secondsIn24h: 60
10:58:53.345 [FXGL Background Thread 3 ] DEBUG Engine               - soundMenuBack: menu/back.wav
10:58:53.345 [FXGL Background Thread 3 ] DEBUG Engine               - soundMenuPress: menu/press.wav
10:58:53.345 [FXGL Background Thread 3 ] DEBUG Engine               - soundMenuSelect: menu/select.wav
10:58:53.345 [FXGL Background Thread 3 ] DEBUG Engine               - soundNotification: core/notification.wav
10:58:53.345 [FXGL Background Thread 3 ] DEBUG Engine               - stageStyle: DECORATED
10:58:53.345 [FXGL Background Thread 3 ] DEBUG Engine               - supportedLanguages: [ENGLISH, FRENCH, GERMAN, HUNGARIAN, RUSSIAN]
10:58:53.345 [FXGL Background Thread 3 ] DEBUG Engine               - ticksPerSecond: -1
10:58:53.345 [FXGL Background Thread 3 ] DEBUG Engine               - title: Cloud Hopper
10:58:53.345 [FXGL Background Thread 3 ] DEBUG Engine               - urlGithub: https://github.com/AlmasB/FXGL
10:58:53.345 [FXGL Background Thread 3 ] DEBUG Engine               - urlLeaderboard: http://fxgl-top.herokuapp.com/
10:58:53.346 [FXGL Background Thread 3 ] DEBUG Engine               - urlPOM: https://raw.githubusercontent.com/AlmasB/FXGL/release/README.md
10:58:53.346 [FXGL Background Thread 3 ] DEBUG Engine               - userAppClass: class com.cloudHopper.PlatformerApp
10:58:53.346 [FXGL Background Thread 3 ] DEBUG Engine               - version: 0.1
10:58:53.346 [FXGL Background Thread 3 ] DEBUG Engine               - versionCheckDays: 7
10:58:53.346 [FXGL Background Thread 3 ] DEBUG Engine               - width: 1000
10:58:53.346 [FXGL Background Thread 3 ] DEBUG Engine               - Logging services
10:58:53.346 [FXGL Background Thread 3 ] DEBUG Engine               - class com.almasb.fxgl.app.services.FXGLAssetLoaderService
10:58:53.346 [FXGL Background Thread 3 ] DEBUG Engine               - class com.almasb.fxgl.app.FXGLApplication$GameApplicationService
10:58:53.346 [FXGL Background Thread 3 ] DEBUG Engine               - class com.almasb.fxgl.app.services.FXGLDialogService
10:58:53.346 [FXGL Background Thread 3 ] DEBUG Engine               - class com.almasb.fxgl.app.services.IOTaskExecutorService
10:58:53.346 [FXGL Background Thread 3 ] DEBUG Engine               - class com.almasb.fxgl.io.FileSystemService
10:58:53.347 [FXGL Background Thread 3 ] DEBUG Engine               - class com.almasb.fxgl.localization.LocalizationService
10:58:53.347 [FXGL Background Thread 3 ] DEBUG Engine               - class com.almasb.fxgl.app.services.SystemBundleService
10:58:53.347 [FXGL Background Thread 3 ] DEBUG Engine               - class com.almasb.fxgl.profile.SaveLoadService
10:58:53.347 [FXGL Background Thread 3 ] DEBUG Engine               - class com.almasb.fxgl.ui.FXGLUIFactoryServiceProvider
10:58:53.347 [FXGL Background Thread 3 ] DEBUG Engine               - class com.almasb.fxgl.ui.FXGLDialogFactoryServiceProvider
10:58:53.347 [FXGL Background Thread 3 ] DEBUG Engine               - class com.almasb.fxgl.audio.AudioPlayer
10:58:53.347 [FXGL Background Thread 3 ] DEBUG Engine               - class com.almasb.fxgl.notification.impl.NotificationServiceProvider
10:58:53.347 [FXGL Background Thread 3 ] DEBUG Engine               - class com.almasb.fxgl.achievement.AchievementService
10:58:53.347 [FXGL Background Thread 3 ] DEBUG Engine               - class com.almasb.fxgl.cutscene.CutsceneService
10:58:53.347 [FXGL Background Thread 3 ] DEBUG Engine               - class com.almasb.fxgl.minigames.MiniGameService
10:58:53.347 [FXGL Background Thread 3 ] DEBUG Engine               - class com.almasb.fxgl.net.NetService
10:58:53.348 [FXGL Background Thread 3 ] DEBUG Engine               - class com.almasb.fxgl.app.services.UpdaterService
10:58:53.348 [FXGL Background Thread 3 ] DEBUG Engine               - class com.almasb.fxgl.dev.DevService
11:00:22.429 [JavaFX Application Thread] DEBUG FXGLAssetLoaderServi - Loading from file system: file:/C:/Users/russl/IdeaProjects/cloudHopper/target/classes/assets/textures/key.png
11:00:27.623 [JavaFX Application Thread] DEBUG FXGLAssetLoaderServi - Loading from file system: file:/C:/Users/russl/IdeaProjects/cloudHopper/target/classes/assets/textures/floatingPlatform.png
11:02:15.659 [JavaFX Application Thread] DEBUG FXGLAssetLoaderServi - Loading from file system: file:/C:/Users/russl/IdeaProjects/cloudHopper/target/classes/assets/textures/stone.png
11:04:52.953 [JavaFX Application Thread] DEBUG FXGLApplication      - Exiting FXGL
11:04:52.953 [JavaFX Application Thread] DEBUG LoopRunner           - Stopping loop
11:04:52.953 [JavaFX Application Thread] DEBUG SystemBundleService  - Saving FXGL system data
11:04:52.955 [JavaFX Application Thread] DEBUG FileSystemAccess     - Writing to: C:\Users\russl\IdeaProjects\cloudHopper\system\fxgl.bundle
11:04:52.956 [JavaFX Application Thread] DEBUG Async                - Shutting down background threads
11:04:52.956 [JavaFX Application Thread] DEBUG PrimaryStageWindow   - Closing main window
11:04:52.969 [JavaFX Application Thread] DEBUG Logger               - Closing Logger
