15:14:30.751 [main                     ] DEBUG Logger               - Configured Logger
15:14:30.757 [main                     ] DEBUG GameApplication      - Logging settings
Title: Cloud Hopper
Version: 0.1
Width: 1000
Height: 800
Fullscreen: false
Intro: false
Profiling: false
Single step:false
App Mode: DEVELOPER
Menu Key: ESCAPE
Stage Style: DECORATED
Scene Factory: class com.almasb.fxgl.app.scene.SceneFactory

15:14:31.244 [JavaFX Application Thread] DEBUG FXGLApplication      - Initializing FXGL
15:14:31.247 [JavaFX Application Thread] INFO  Engine               - FXGL-11.16 (25.05.2021 08.16) on WINDOWS (J:16 FX:16)
15:14:31.247 [JavaFX Application Thread] DEBUG Engine               - JRE Vendor Name: Oracle Corporation
15:14:31.247 [JavaFX Application Thread] DEBUG Engine               - Running on OS: Windows 10 version 10.0
15:14:31.248 [JavaFX Application Thread] DEBUG Engine               - Architecture: amd64
15:14:31.248 [JavaFX Application Thread] INFO  Engine               - Source code and latest versions at: https://github.com/AlmasB/FXGL
15:14:31.248 [JavaFX Application Thread] INFO  Engine               -              Join the FXGL chat at: https://gitter.im/AlmasB/FXGL
15:14:31.417 [JavaFX Application Thread] DEBUG PrimaryStageWindow   - Creating a JavaFX scene
15:14:31.491 [JavaFX Application Thread] DEBUG PrimaryStageWindow   - Target settings size: 1000.0 x 800.0
15:14:31.492 [JavaFX Application Thread] DEBUG PrimaryStageWindow   - Scaled scene size:    1000.0 x 800.0
15:14:31.492 [JavaFX Application Thread] DEBUG PrimaryStageWindow   - Scaled ratio: (1.0, 1.0)
15:14:31.493 [JavaFX Application Thread] DEBUG PrimaryStageWindow   - Set initial scene to FXGLStartupScene
15:14:31.504 [JavaFX Application Thread] DEBUG PrimaryStageWindow   - Opening main window
15:14:31.607 [JavaFX Application Thread] DEBUG PrimaryStageWindow   - Window border size: (16.0, 39.0)
15:14:31.607 [JavaFX Application Thread] DEBUG PrimaryStageWindow   - Scaled size: 1000.0 x 800.0
15:14:31.607 [JavaFX Application Thread] DEBUG PrimaryStageWindow   - Scaled ratio: (1.0, 1.0)
15:14:31.607 [JavaFX Application Thread] DEBUG PrimaryStageWindow   - Scene size: 1000.0 x 800.0
15:14:31.608 [JavaFX Application Thread] DEBUG PrimaryStageWindow   - Stage size: 1016.0 x 839.0
15:14:31.616 [FXGL Background Thread 1 ] DEBUG Engine               - Initializing environment variables
15:14:31.665 [FXGL Background Thread 1 ] DEBUG FXGLAssetLoaderServi - User app class for loading assets: class com.cloudHopper.PlatformerApp
15:14:31.666 [FXGL Background Thread 1 ] DEBUG GameApplicationServi - Applying CSS: fxgl_dark.css
15:14:31.667 [FXGL Background Thread 1 ] DEBUG FXGLAssetLoaderServi - Loading from file system: jar:file:/C:/Users/russl/.m2/repository/com/github/almasb/fxgl/11.16/fxgl-11.16.jar!/fxglassets/ui/css/fxgl_dark.css
15:14:31.726 [FXGL Background Thread 1 ] DEBUG GameApplicationServi - Initializing application scenes
15:14:31.796 [FXGL Background Thread 1 ] DEBUG GameWorld            - Game world initialized
15:14:31.878 [FXGL Background Thread 1 ] DEBUG PhysicsWorld         - Physics world initialized: appHeight=800, physics.ppm=50.0
15:14:31.878 [FXGL Background Thread 1 ] DEBUG PhysicsWorld         - Using strategy: BRUTE_FORCE
15:14:31.882 [FXGL Background Thread 1 ] DEBUG GameScene            - Game scene initialized: 1000x800
15:14:31.901 [FXGL Background Thread 1 ] DEBUG FXGL.DefaultMenu     - createMenuBodyGameMenu()
15:14:31.921 [FXGL Background Thread 1 ] DEBUG FXGL.DefaultMenu     - createOptionsMenu()
15:14:31.930 [FXGL Background Thread 1 ] DEBUG FXGLAssetLoaderServi - Loading from file system: jar:file:/C:/Users/russl/.m2/repository/com/github/almasb/fxgl/11.16/fxgl-11.16.jar!/fxglassets/textures/particles/smoke.png
15:14:32.057 [FXGL Background Thread 1 ] DEBUG FXGLAssetLoaderServi - Loading from file system: jar:file:/C:/Users/russl/.m2/repository/com/github/almasb/fxgl/11.16/fxgl-11.16.jar!/fxglassets/textures/particles/trace_horizontal.png
15:14:32.093 [FXGL Background Thread 1 ] DEBUG GameApplicationServi - Application scenes initialized
15:14:32.105 [FXGL Background Thread 1 ] DEBUG SystemBundleService  - Loading FXGL system data
15:14:32.109 [FXGL Background Thread 1 ] DEBUG FileSystemAccess     - Reading from: C:\Users\russl\IdeaProjects\cloudHopper\system\fxgl.bundle
15:14:32.115 [FXGL Background Thread 1 ] DEBUG SystemBundleService  - Bundle FXGL: {}
15:14:32.115 [FXGL Background Thread 1 ] DEBUG UpdaterService       - Checking for updates
15:14:32.120 [FXGL Background Thread 4 ] DEBUG FXGLApplication      - Loading fonts
15:14:32.121 [FXGL Background Thread 1 ] DEBUG FXGLApplication      - Loading default localization
15:14:32.121 [FXGL Background Thread 4 ] DEBUG FXGLAssetLoaderServi - Loading from file system: jar:file:/C:/Users/russl/.m2/repository/com/github/almasb/fxgl/11.16/fxgl-11.16.jar!/fxglassets/ui/fonts/VarelaRound-Regular.ttf
15:14:32.122 [FXGL Background Thread 1 ] DEBUG FXGLAssetLoaderServi - Loading from file system: jar:file:/C:/Users/russl/.m2/repository/com/github/almasb/fxgl/11.16/fxgl-11.16.jar!/fxglassets/languages/english.lang
15:14:32.143 [FXGL Background Thread 1 ] INFO  FXGLApplication      - FXGL initialization took: 0.527 sec
15:14:32.158 [JavaFX Application Thread] DEBUG Input                - Registered new binding: action0 - A
15:14:32.160 [JavaFX Application Thread] DEBUG Input                - Registered new binding: action1 - D
15:14:32.161 [JavaFX Application Thread] DEBUG Input                - Registered new binding: action2 - Space
15:14:32.161 [JavaFX Application Thread] DEBUG Input                - Registered new binding: action3 - W
15:14:32.162 [JavaFX Application Thread] DEBUG Input                - Registered new binding: action4 - S
15:14:32.163 [JavaFX Application Thread] DEBUG FXGLAssetLoaderServi - Loading from file system: jar:file:/C:/Users/russl/.m2/repository/com/github/almasb/fxgl/11.16/fxgl-11.16.jar!/fxglassets/textures/fxgl_icon.png
15:14:32.179 [FXGL Background Thread 4 ] DEBUG FXGLAssetLoaderServi - Loading from file system: jar:file:/C:/Users/russl/.m2/repository/com/github/almasb/fxgl/11.16/fxgl-11.16.jar!/fxglassets/ui/fonts/Abel-Regular.ttf
15:14:32.183 [FXGL Background Thread 4 ] DEBUG FXGLAssetLoaderServi - Loading from file system: jar:file:/C:/Users/russl/.m2/repository/com/github/almasb/fxgl/11.16/fxgl-11.16.jar!/fxglassets/ui/fonts/lucida_console.ttf
15:14:32.189 [FXGL Background Thread 4 ] DEBUG FXGLAssetLoaderServi - Loading from file system: jar:file:/C:/Users/russl/.m2/repository/com/github/almasb/fxgl/11.16/fxgl-11.16.jar!/fxglassets/ui/fonts/Courier-Prime.ttf
15:14:32.195 [JavaFX Application Thread] DEBUG FXGLAssetLoaderServi - Loading from file system: jar:file:/C:/Users/russl/.m2/repository/com/github/almasb/fxgl/11.16/fxgl-11.16.jar!/fxglassets/textures/fxgl_default_cursor.png
15:14:32.198 [JavaFX Application Thread] DEBUG Input                - Registered new binding: Screenshot - CTRL+8
15:14:32.199 [JavaFX Application Thread] DEBUG Input                - Registered new binding: System info dump - CTRL+9
15:14:32.200 [JavaFX Application Thread] DEBUG Input                - Registered new binding: Restart - CTRL+R
15:14:32.201 [JavaFX Application Thread] DEBUG Input                - Registered new binding: Toggle Debug Camera - CTRL+C
15:14:32.204 [JavaFX Application Thread] DEBUG LoopRunner           - Starting loop
15:14:32.204 [JavaFX Application Thread] DEBUG LoopRunner           - Initializing JavaFX AnimationTimerLoop
15:14:32.206 [JavaFX Application Thread] DEBUG GameApplicationServi - Starting new game
15:14:32.207 [JavaFX Application Thread] DEBUG Input                - Clearing active input actions
15:14:32.220 [JavaFX Application Thread] DEBUG GameApplicationServi - Removing overlay from FXGLStartupScene and adding to FXGLLoadingScene
15:14:32.220 [JavaFX Application Thread] DEBUG PrimaryStageWindow   - FXGLStartupScene -> FXGLLoadingScene
15:14:32.220 [JavaFX Application Thread] DEBUG GameApplicationServi - Clearing previous game
15:14:32.221 [JavaFX Application Thread] DEBUG GameScene            - Clearing game scene
15:14:32.221 [JavaFX Application Thread] DEBUG GameWorld            - Clearing game world
15:14:32.221 [JavaFX Application Thread] DEBUG PhysicsWorld         - Clearing physics world
15:14:32.224 [FXGL Background Thread 4 ] DEBUG FXGLApplication      - Initializing game
15:14:32.224 [JavaFX Application Thread] DEBUG FXGLApplication      - Registering font factories with UI factory
15:14:32.275 [FXGL Background Thread 4 ] WARN  TMXLevelLoader       - TiledMap generated from 1.7.1. Supported version: 1.2.3. Some features may not be parsed fully.
15:14:32.326 [FXGL Background Thread 4 ] DEBUG TMXLevelLoader       - Parsed TiledMap: file:/C:/Users/russl/IdeaProjects/cloudHopper/target/classes/assets/levels/level1.tmx
15:14:32.327 [FXGL Background Thread 4 ] DEBUG TMXLevelLoader       - Creating tile layer entities
15:14:32.328 [FXGL Background Thread 4 ] DEBUG TilesetLoader        - Loading view for layer Tile Layer 1
15:14:32.378 [FXGL Background Thread 4 ] DEBUG TilesetLoader        - Created buffer with size 20480.0x1280.0
15:14:32.482 [FXGL Background Thread 4 ] DEBUG TMXLevelLoader       - Creating object layer entities
15:14:32.512 [FXGL Background Thread 4 ] DEBUG FXGLAssetLoaderServi - Loading from file system: file:/C:/Users/russl/IdeaProjects/cloudHopper/target/classes/assets/textures/crate.png
15:14:32.529 [FXGL Background Thread 4 ] DEBUG FXGLAssetLoaderServi - Loading from file system: file:/C:/Users/russl/IdeaProjects/cloudHopper/target/classes/assets/textures/StoneBlock.png
15:14:32.539 [FXGL Background Thread 4 ] DEBUG FXGLAssetLoaderServi - Loading from file system: file:/C:/Users/russl/IdeaProjects/cloudHopper/target/classes/assets/textures/characters_packed.png
15:14:32.569 [FXGL Background Thread 4 ] DEBUG FXGLAssetLoaderServi - Loading from file system: file:/C:/Users/russl/IdeaProjects/cloudHopper/target/classes/assets/textures/keyAnimation.png
15:14:32.594 [FXGL Background Thread 4 ] DEBUG FXGLAssetLoaderServi - Loading from file system: file:/C:/Users/russl/IdeaProjects/cloudHopper/target/classes/assets/textures/starAnimation.png
15:14:32.620 [FXGL Background Thread 4 ] DEBUG GameWorld            - Clearing removable entities
15:14:32.621 [FXGL Background Thread 4 ] DEBUG GameWorld            - Setting level: com.almasb.fxgl.entity.level.Level@6cb5a23e
15:14:32.640 [FXGL Background Thread 4 ] DEBUG FXGLAssetLoaderServi - Loading from file system: file:/C:/Users/russl/IdeaProjects/cloudHopper/target/classes/assets/textures/single.png
15:14:32.642 [FXGL Background Thread 4 ] DEBUG FXGLAssetLoaderServi - Loading from file system: file:/C:/Users/russl/IdeaProjects/cloudHopper/target/classes/assets/textures/singlePushing.png
15:14:32.643 [FXGL Background Thread 4 ] WARN  Entity               - Entity already has component: com.almasb.fxgl.entity.components.CollidableComponent
15:14:32.645 [FXGL Background Thread 4 ] DEBUG FXGLAssetLoaderServi - Loading from file system: file:/C:/Users/russl/IdeaProjects/cloudHopper/target/classes/assets/textures/z-2.png
15:14:32.671 [FXGL Background Thread 4 ] WARN  GameWorld            - Entity is already attached to world
15:14:32.671 [FXGL Background Thread 4 ] DEBUG FXGLAssetLoaderServi - Loading from file system: file:/C:/Users/russl/IdeaProjects/cloudHopper/target/classes/assets/textures/z-1.png
15:14:32.696 [FXGL Background Thread 4 ] WARN  GameWorld            - Entity is already attached to world
15:14:32.704 [FXGL Background Thread 2 ] INFO  UpdaterService       - Your current version:  11.16
15:14:32.704 [FXGL Background Thread 2 ] INFO  UpdaterService       - Latest stable version: 11.17
15:14:32.707 [FXGL Background Thread 4 ] DEBUG FXGLAssetLoaderServi - Loading from file system: file:/C:/Users/russl/IdeaProjects/cloudHopper/target/classes/assets/textures/hearts.png
15:14:32.710 [FXGL Background Thread 4 ] INFO  FXGLApplication      - Game initialization took: 0.486 sec
15:14:32.710 [JavaFX Application Thread] DEBUG Input                - Clearing active input actions
15:14:32.724 [JavaFX Application Thread] DEBUG GameApplicationServi - Removing overlay from FXGLLoadingScene and adding to GameScene
15:14:32.724 [JavaFX Application Thread] DEBUG PrimaryStageWindow   - FXGLLoadingScene -> GameScene
15:14:35.121 [FXGL Background Thread 3 ] DEBUG Engine               - Logging environment variables
15:14:35.121 [FXGL Background Thread 3 ] DEBUG Engine               - achievements: []
15:14:35.121 [FXGL Background Thread 3 ] DEBUG Engine               - actualHeight: 800.0
15:14:35.121 [FXGL Background Thread 3 ] DEBUG Engine               - actualHeightProperty: ReadOnlyDoubleProperty [value: 800.0]
15:14:35.121 [FXGL Background Thread 3 ] DEBUG Engine               - actualWidth: 1000.0
15:14:35.122 [FXGL Background Thread 3 ] DEBUG Engine               - actualWidthProperty: ReadOnlyDoubleProperty [value: 1000.0]
15:14:35.122 [FXGL Background Thread 3 ] DEBUG Engine               - appIcon: fxgl_icon.png
15:14:35.122 [FXGL Background Thread 3 ] DEBUG Engine               - applicationMode: DEVELOPER
15:14:35.122 [FXGL Background Thread 3 ] DEBUG Engine               - cSSList: [fxgl_dark.css]
15:14:35.122 [FXGL Background Thread 3 ] DEBUG Engine               - collisionDetectionStrategy: BRUTE_FORCE
15:14:35.122 [FXGL Background Thread 3 ] DEBUG Engine               - configClass: Optional.empty
15:14:35.122 [FXGL Background Thread 3 ] DEBUG Engine               - credits: []
15:14:35.122 [FXGL Background Thread 3 ] DEBUG Engine               - defaultCursor: CursorInfo(imageName=fxgl_default_cursor.png, hotspotX=7.0, hotspotY=6.0)
15:14:35.123 [FXGL Background Thread 3 ] DEBUG Engine               - devBBoxColorProperty: ObjectProperty [value: 0xff0000ff]
15:14:35.123 [FXGL Background Thread 3 ] DEBUG Engine               - devEnableDebugCameraProperty: BooleanProperty [value: false]
15:14:35.123 [FXGL Background Thread 3 ] DEBUG Engine               - devSensorColorProperty: ObjectProperty [value: 0xffff00ff]
15:14:35.123 [FXGL Background Thread 3 ] DEBUG Engine               - devShowBBoxProperty: BooleanProperty [value: false]
15:14:35.123 [FXGL Background Thread 3 ] DEBUG Engine               - devShowPositionProperty: BooleanProperty [value: false]
15:14:35.123 [FXGL Background Thread 3 ] DEBUG Engine               - enabledMenuItems: []
15:14:35.123 [FXGL Background Thread 3 ] DEBUG Engine               - engineServices: [class com.almasb.fxgl.app.services.FXGLAssetLoaderService, class com.almasb.fxgl.app.FXGLApplication$GameApplicationService, class com.almasb.fxgl.app.services.FXGLDialogService, class com.almasb.fxgl.app.services.IOTaskExecutorService, class com.almasb.fxgl.io.FileSystemService, class com.almasb.fxgl.localization.LocalizationService, class com.almasb.fxgl.app.services.SystemBundleService, class com.almasb.fxgl.profile.SaveLoadService, class com.almasb.fxgl.ui.FXGLUIFactoryServiceProvider, class com.almasb.fxgl.ui.FXGLDialogFactoryServiceProvider, class com.almasb.fxgl.audio.AudioPlayer, class com.almasb.fxgl.notification.impl.NotificationServiceProvider, class com.almasb.fxgl.achievement.AchievementService, class com.almasb.fxgl.cutscene.CutsceneService, class com.almasb.fxgl.minigames.MiniGameService, class com.almasb.fxgl.net.NetService, class com.almasb.fxgl.app.services.UpdaterService, class com.almasb.fxgl.dev.DevService]
15:14:35.124 [FXGL Background Thread 3 ] DEBUG Engine               - fontGame: Abel-Regular.ttf
15:14:35.124 [FXGL Background Thread 3 ] DEBUG Engine               - fontMono: lucida_console.ttf
15:14:35.124 [FXGL Background Thread 3 ] DEBUG Engine               - fontText: Courier-Prime.ttf
15:14:35.124 [FXGL Background Thread 3 ] DEBUG Engine               - fontUI: VarelaRound-Regular.ttf
15:14:35.124 [FXGL Background Thread 3 ] DEBUG Engine               - fullScreen: BooleanProperty [value: false]
15:14:35.124 [FXGL Background Thread 3 ] DEBUG Engine               - gameDifficulty: MEDIUM
15:14:35.124 [FXGL Background Thread 3 ] DEBUG Engine               - gameDifficultyProperty: ObjectProperty [value: MEDIUM]
15:14:35.124 [FXGL Background Thread 3 ] DEBUG Engine               - globalMusicVolume: 0.5
15:14:35.124 [FXGL Background Thread 3 ] DEBUG Engine               - globalMusicVolumeProperty: DoubleProperty [value: 0.5]
15:14:35.124 [FXGL Background Thread 3 ] DEBUG Engine               - globalSoundVolume: 0.5
15:14:35.124 [FXGL Background Thread 3 ] DEBUG Engine               - globalSoundVolumeProperty: DoubleProperty [value: 0.5]
15:14:35.125 [FXGL Background Thread 3 ] DEBUG Engine               - height: 800
15:14:35.125 [FXGL Background Thread 3 ] DEBUG Engine               - is3D: false
15:14:35.125 [FXGL Background Thread 3 ] DEBUG Engine               - isAndroid: false
15:14:35.125 [FXGL Background Thread 3 ] DEBUG Engine               - isBrowser: false
15:14:35.125 [FXGL Background Thread 3 ] DEBUG Engine               - isClickFeedbackEnabled: false
15:14:35.125 [FXGL Background Thread 3 ] DEBUG Engine               - isCloseConfirmation: false
15:14:35.125 [FXGL Background Thread 3 ] DEBUG Engine               - isDesktop: true
15:14:35.125 [FXGL Background Thread 3 ] DEBUG Engine               - isDeveloperMenuEnabled: false
15:14:35.125 [FXGL Background Thread 3 ] DEBUG Engine               - isEntityPreloadEnabled: true
15:14:35.126 [FXGL Background Thread 3 ] DEBUG Engine               - isExperimentalTiledLargeMap: false
15:14:35.126 [FXGL Background Thread 3 ] DEBUG Engine               - isFileSystemWriteAllowed: true
15:14:35.126 [FXGL Background Thread 3 ] DEBUG Engine               - isFullScreenAllowed: false
15:14:35.126 [FXGL Background Thread 3 ] DEBUG Engine               - isFullScreenFromStart: false
15:14:35.126 [FXGL Background Thread 3 ] DEBUG Engine               - isGameMenuEnabled: true
15:14:35.126 [FXGL Background Thread 3 ] DEBUG Engine               - isIOS: false
15:14:35.126 [FXGL Background Thread 3 ] DEBUG Engine               - isIntroEnabled: false
15:14:35.126 [FXGL Background Thread 3 ] DEBUG Engine               - isLinux: false
15:14:35.126 [FXGL Background Thread 3 ] DEBUG Engine               - isMac: false
15:14:35.126 [FXGL Background Thread 3 ] DEBUG Engine               - isMainMenuEnabled: false
15:14:35.126 [FXGL Background Thread 3 ] DEBUG Engine               - isManualResizeEnabled: false
15:14:35.127 [FXGL Background Thread 3 ] DEBUG Engine               - isMobile: false
15:14:35.127 [FXGL Background Thread 3 ] DEBUG Engine               - isNative: false
15:14:35.127 [FXGL Background Thread 3 ] DEBUG Engine               - isPreserveResizeRatio: false
15:14:35.127 [FXGL Background Thread 3 ] DEBUG Engine               - isProfilingEnabled: false
15:14:35.127 [FXGL Background Thread 3 ] DEBUG Engine               - isScaleAffectedOnResize: true
15:14:35.127 [FXGL Background Thread 3 ] DEBUG Engine               - isSingleStep: false
15:14:35.127 [FXGL Background Thread 3 ] DEBUG Engine               - isUserProfileEnabled: false
15:14:35.127 [FXGL Background Thread 3 ] DEBUG Engine               - isWindows: true
15:14:35.127 [FXGL Background Thread 3 ] DEBUG Engine               - language: ObjectProperty [value: ENGLISH]
15:14:35.127 [FXGL Background Thread 3 ] DEBUG Engine               - menuKey: ESCAPE
15:14:35.127 [FXGL Background Thread 3 ] DEBUG Engine               - mouseSensitivity: 0.2
15:14:35.127 [FXGL Background Thread 3 ] DEBUG Engine               - notificationViewClass: class com.almasb.fxgl.notification.view.XboxNotificationView
15:14:35.128 [FXGL Background Thread 3 ] DEBUG Engine               - pixelsPerMeter: 50.0
15:14:35.128 [FXGL Background Thread 3 ] DEBUG Engine               - platform: WINDOWS
15:14:35.128 [FXGL Background Thread 3 ] DEBUG Engine               - prefHeightProperty: ReadOnlyDoubleProperty [value: 800.0]
15:14:35.128 [FXGL Background Thread 3 ] DEBUG Engine               - prefWidthProperty: ReadOnlyDoubleProperty [value: 1000.0]
15:14:35.128 [FXGL Background Thread 3 ] DEBUG Engine               - profileDir: profiles/
15:14:35.128 [FXGL Background Thread 3 ] DEBUG Engine               - profileName: StringProperty [value: DEFAULT]
15:14:35.128 [FXGL Background Thread 3 ] DEBUG Engine               - randomSeed: -1
15:14:35.128 [FXGL Background Thread 3 ] DEBUG Engine               - runtimeInfo: RuntimeInfo(platform=WINDOWS, version=11.16, build=25.05.2021 08.16)
15:14:35.128 [FXGL Background Thread 3 ] DEBUG Engine               - saveFileExt: sav
15:14:35.128 [FXGL Background Thread 3 ] DEBUG Engine               - scaledHeightProp$fxgl: DoubleProperty [bound, value: 800.0]
15:14:35.128 [FXGL Background Thread 3 ] DEBUG Engine               - scaledWidthProp$fxgl: DoubleProperty [bound, value: 1000.0]
15:14:35.129 [FXGL Background Thread 3 ] DEBUG Engine               - sceneFactory: com.almasb.fxgl.app.scene.SceneFactory@43dec63a
15:14:35.129 [FXGL Background Thread 3 ] DEBUG Engine               - secondsIn24h: 60
15:14:35.129 [FXGL Background Thread 3 ] DEBUG Engine               - soundMenuBack: menu/back.wav
15:14:35.129 [FXGL Background Thread 3 ] DEBUG Engine               - soundMenuPress: menu/press.wav
15:14:35.129 [FXGL Background Thread 3 ] DEBUG Engine               - soundMenuSelect: menu/select.wav
15:14:35.129 [FXGL Background Thread 3 ] DEBUG Engine               - soundNotification: core/notification.wav
15:14:35.129 [FXGL Background Thread 3 ] DEBUG Engine               - stageStyle: DECORATED
15:14:35.129 [FXGL Background Thread 3 ] DEBUG Engine               - supportedLanguages: [ENGLISH, FRENCH, GERMAN, HUNGARIAN, RUSSIAN]
15:14:35.129 [FXGL Background Thread 3 ] DEBUG Engine               - ticksPerSecond: -1
15:14:35.129 [FXGL Background Thread 3 ] DEBUG Engine               - title: Cloud Hopper
15:14:35.130 [FXGL Background Thread 3 ] DEBUG Engine               - urlGithub: https://github.com/AlmasB/FXGL
15:14:35.130 [FXGL Background Thread 3 ] DEBUG Engine               - urlLeaderboard: http://fxgl-top.herokuapp.com/
15:14:35.130 [FXGL Background Thread 3 ] DEBUG Engine               - urlPOM: https://raw.githubusercontent.com/AlmasB/FXGL/release/README.md
15:14:35.130 [FXGL Background Thread 3 ] DEBUG Engine               - userAppClass: class com.cloudHopper.PlatformerApp
15:14:35.130 [FXGL Background Thread 3 ] DEBUG Engine               - version: 0.1
15:14:35.130 [FXGL Background Thread 3 ] DEBUG Engine               - versionCheckDays: 7
15:14:35.130 [FXGL Background Thread 3 ] DEBUG Engine               - width: 1000
15:14:35.130 [FXGL Background Thread 3 ] DEBUG Engine               - Logging services
15:14:35.130 [FXGL Background Thread 3 ] DEBUG Engine               - class com.almasb.fxgl.app.services.FXGLAssetLoaderService
15:14:35.130 [FXGL Background Thread 3 ] DEBUG Engine               - class com.almasb.fxgl.app.FXGLApplication$GameApplicationService
15:14:35.130 [FXGL Background Thread 3 ] DEBUG Engine               - class com.almasb.fxgl.app.services.FXGLDialogService
15:14:35.130 [FXGL Background Thread 3 ] DEBUG Engine               - class com.almasb.fxgl.app.services.IOTaskExecutorService
15:14:35.130 [FXGL Background Thread 3 ] DEBUG Engine               - class com.almasb.fxgl.io.FileSystemService
15:14:35.130 [FXGL Background Thread 3 ] DEBUG Engine               - class com.almasb.fxgl.localization.LocalizationService
15:14:35.131 [FXGL Background Thread 3 ] DEBUG Engine               - class com.almasb.fxgl.app.services.SystemBundleService
15:14:35.131 [FXGL Background Thread 3 ] DEBUG Engine               - class com.almasb.fxgl.profile.SaveLoadService
15:14:35.131 [FXGL Background Thread 3 ] DEBUG Engine               - class com.almasb.fxgl.ui.FXGLUIFactoryServiceProvider
15:14:35.131 [FXGL Background Thread 3 ] DEBUG Engine               - class com.almasb.fxgl.ui.FXGLDialogFactoryServiceProvider
15:14:35.131 [FXGL Background Thread 3 ] DEBUG Engine               - class com.almasb.fxgl.audio.AudioPlayer
15:14:35.131 [FXGL Background Thread 3 ] DEBUG Engine               - class com.almasb.fxgl.notification.impl.NotificationServiceProvider
15:14:35.131 [FXGL Background Thread 3 ] DEBUG Engine               - class com.almasb.fxgl.achievement.AchievementService
15:14:35.131 [FXGL Background Thread 3 ] DEBUG Engine               - class com.almasb.fxgl.cutscene.CutsceneService
15:14:35.131 [FXGL Background Thread 3 ] DEBUG Engine               - class com.almasb.fxgl.minigames.MiniGameService
15:14:35.131 [FXGL Background Thread 3 ] DEBUG Engine               - class com.almasb.fxgl.net.NetService
15:14:35.131 [FXGL Background Thread 3 ] DEBUG Engine               - class com.almasb.fxgl.app.services.UpdaterService
15:14:35.131 [FXGL Background Thread 3 ] DEBUG Engine               - class com.almasb.fxgl.dev.DevService
15:14:36.051 [JavaFX Application Thread] DEBUG FXGLAssetLoaderServi - Loading from file system: file:/C:/Users/russl/IdeaProjects/cloudHopper/target/classes/assets/textures/key.png
15:14:37.625 [JavaFX Application Thread] DEBUG LoopRunner           - Stopping loop
15:14:37.626 [JavaFX Application Thread] FATAL FXGLApplication      - Uncaught Exception:
java.lang.IllegalArgumentException: Trigger is already bound: S
	at com.almasb.fxgl.input.Input.addBinding(Input.kt:451)
	at com.almasb.fxgl.input.Input.addAction(Input.kt:446)
	at com.almasb.fxgl.input.Input.addAction$default(Input.kt:443)
	at com.almasb.fxgl.dsl.FXGL$Companion.onKeyUp(FXGL.kt:397)
	at com.almasb.fxgl.dsl.FXGL$Companion.onKeyUp(FXGL.kt:393)
	at com.almasb.fxgl.dsl.FXGL.onKeyUp(FXGL.kt)
	at com.cloudHopper.PlayerControl$3.onUpdate(PlayerControl.java:170)
	at com.almasb.fxgl.entity.state.StateComponent.onUpdate(StateComponent.java:35)
	at com.almasb.fxgl.entity.Entity$ComponentMap.update(Entity.java:60)
	at com.almasb.fxgl.entity.Entity.update(Entity.java:251)
	at com.almasb.fxgl.entity.GameWorld.onUpdate(GameWorld.kt:177)
	at com.almasb.fxgl.app.scene.GameScene.step(GameScene.kt:213)
	at com.almasb.fxgl.app.scene.GameScene.onUpdate(GameScene.kt:209)
	at com.almasb.fxgl.scene.Scene.update(Scene.kt:105)
	at com.almasb.fxgl.app.MainWindow$update$1.invoke(MainWindow.kt:110)
	at com.almasb.fxgl.app.MainWindow$update$1.invoke(MainWindow.kt:42)
	at com.almasb.fxgl.core.fsm.StateMachine.runOnActiveStates(StateMachine.kt:69)
	at com.almasb.fxgl.app.MainWindow.update(MainWindow.kt:110)
	at com.almasb.fxgl.app.FXGLApplication$GameApplicationService.onUpdate(FXGLApplication.kt:426)
	at com.almasb.fxgl.app.Engine.loop(Engine.kt:133)
	at com.almasb.fxgl.app.Engine.access$loop(Engine.kt:24)
	at com.almasb.fxgl.app.Engine$loop$1.invoke(Engine.kt:28)
	at com.almasb.fxgl.app.Engine$loop$1.invoke(Engine.kt:24)
	at com.almasb.fxgl.app.LoopRunner.frame(LoopRunner.kt:103)
	at com.almasb.fxgl.app.LoopRunner.access$frame(LoopRunner.kt:23)
	at com.almasb.fxgl.app.LoopRunner$impl$2$1.onTick(LoopRunner.kt:57)
	at com.almasb.fxgl.app.AnimationTimerLoop$timer$1.handle(LoopRunner.kt:137)
	at javafx.animation.AnimationTimer$AnimationTimerReceiver.lambda$handle$0(AnimationTimer.java:57)
	at java.base/java.security.AccessController.doPrivileged(AccessController.java:391)
	at javafx.animation.AnimationTimer$AnimationTimerReceiver.handle(AnimationTimer.java:56)
	at com.sun.scenario.animation.AbstractPrimaryTimer.timePulseImpl(AbstractPrimaryTimer.java:356)
	at com.sun.scenario.animation.AbstractPrimaryTimer$MainLoop.run(AbstractPrimaryTimer.java:266)
	at com.sun.javafx.tk.quantum.QuantumToolkit.pulse(QuantumToolkit.java:559)
	at com.sun.javafx.tk.quantum.QuantumToolkit.pulse(QuantumToolkit.java:543)
	at com.sun.javafx.tk.quantum.QuantumToolkit.pulseFromQueue(QuantumToolkit.java:536)
	at com.sun.javafx.tk.quantum.QuantumToolkit.lambda$runToolkit$11(QuantumToolkit.java:342)
	at com.sun.glass.ui.InvokeLaterDispatcher$Future.run(InvokeLaterDispatcher.java:96)
	at com.sun.glass.ui.win.WinApplication._runLoop(Native Method)
	at com.sun.glass.ui.win.WinApplication.lambda$runLoop$3(WinApplication.java:174)
	at java.base/java.lang.Thread.run(Thread.java:831)

15:14:37.626 [JavaFX Application Thread] FATAL FXGLApplication      - Application will now exit
15:14:37.639 [JavaFX Application Thread] DEBUG PrimaryStageWindow   - Push state: ErrorSubScene
15:14:37.639 [JavaFX Application Thread] DEBUG Input                - Clearing active input actions
15:14:37.645 [JavaFX Application Thread] DEBUG GameApplicationServi - Removing overlay from GameScene and adding to ErrorSubScene
15:14:37.646 [JavaFX Application Thread] DEBUG PrimaryStageWindow   - GameScene -> ErrorSubScene
15:14:39.607 [JavaFX Application Thread] DEBUG FXGLApplication      - Exiting FXGL
15:14:39.607 [JavaFX Application Thread] DEBUG Async                - Shutting down background threads
15:14:39.607 [JavaFX Application Thread] DEBUG PrimaryStageWindow   - Closing main window
15:14:39.617 [JavaFX Application Thread] DEBUG Logger               - Closing Logger
