21:25:23.805 [main                     ] DEBUG Logger               - Configured Logger
21:25:23.815 [main                     ] DEBUG GameApplication      - Logging settings
Title: Cloud Hopper
Version: 0.1
Width: 1000
Height: 800
Fullscreen: false
Intro: false
Profiling: false
Single step:false
App Mode: DEVELOPER
Menu Key: ESCAPE
Stage Style: DECORATED
Scene Factory: class com.almasb.fxgl.app.scene.SceneFactory

21:25:24.391 [JavaFX Application Thread] DEBUG FXGLApplication      - Initializing FXGL
21:25:24.394 [JavaFX Application Thread] INFO  Engine               - FXGL-11.16 (25.05.2021 08.16) on WINDOWS (J:16 FX:16)
21:25:24.394 [JavaFX Application Thread] DEBUG Engine               - JRE Vendor Name: Oracle Corporation
21:25:24.394 [JavaFX Application Thread] DEBUG Engine               - Running on OS: Windows 10 version 10.0
21:25:24.395 [JavaFX Application Thread] DEBUG Engine               - Architecture: amd64
21:25:24.395 [JavaFX Application Thread] INFO  Engine               - Source code and latest versions at: https://github.com/AlmasB/FXGL
21:25:24.395 [JavaFX Application Thread] INFO  Engine               -              Join the FXGL chat at: https://gitter.im/AlmasB/FXGL
21:25:24.559 [JavaFX Application Thread] DEBUG PrimaryStageWindow   - Creating a JavaFX scene
21:25:24.626 [JavaFX Application Thread] DEBUG PrimaryStageWindow   - Target settings size: 1000.0 x 800.0
21:25:24.626 [JavaFX Application Thread] DEBUG PrimaryStageWindow   - Scaled scene size:    1000.0 x 800.0
21:25:24.626 [JavaFX Application Thread] DEBUG PrimaryStageWindow   - Scaled ratio: (1.0, 1.0)
21:25:24.628 [JavaFX Application Thread] DEBUG PrimaryStageWindow   - Set initial scene to FXGLStartupScene
21:25:24.637 [JavaFX Application Thread] DEBUG PrimaryStageWindow   - Opening main window
21:25:24.753 [JavaFX Application Thread] DEBUG PrimaryStageWindow   - Window border size: (16.0, 39.0)
21:25:24.753 [JavaFX Application Thread] DEBUG PrimaryStageWindow   - Scaled size: 1000.0 x 800.0
21:25:24.753 [JavaFX Application Thread] DEBUG PrimaryStageWindow   - Scaled ratio: (1.0, 1.0)
21:25:24.754 [JavaFX Application Thread] DEBUG PrimaryStageWindow   - Scene size: 1000.0 x 800.0
21:25:24.754 [JavaFX Application Thread] DEBUG PrimaryStageWindow   - Stage size: 1016.0 x 839.0
21:25:24.764 [FXGL Background Thread 1 ] DEBUG Engine               - Initializing environment variables
21:25:24.813 [FXGL Background Thread 1 ] DEBUG FXGLAssetLoaderServi - User app class for loading assets: class com.cloudHopper.PlatformerApp
21:25:24.813 [FXGL Background Thread 1 ] DEBUG GameApplicationServi - Applying CSS: fxgl_dark.css
21:25:24.815 [FXGL Background Thread 1 ] DEBUG FXGLAssetLoaderServi - Loading from file system: jar:file:/C:/Users/russl/.m2/repository/com/github/almasb/fxgl/11.16/fxgl-11.16.jar!/fxglassets/ui/css/fxgl_dark.css
21:25:24.868 [FXGL Background Thread 1 ] DEBUG GameApplicationServi - Initializing application scenes
21:25:24.914 [FXGL Background Thread 1 ] DEBUG GameWorld            - Game world initialized
21:25:24.984 [FXGL Background Thread 1 ] DEBUG PhysicsWorld         - Physics world initialized: appHeight=800, physics.ppm=50.0
21:25:24.985 [FXGL Background Thread 1 ] DEBUG PhysicsWorld         - Using strategy: BRUTE_FORCE
21:25:24.989 [FXGL Background Thread 1 ] DEBUG GameScene            - Game scene initialized: 1000x800
21:25:25.004 [FXGL Background Thread 1 ] DEBUG FXGL.DefaultMenu     - createMenuBodyGameMenu()
21:25:25.025 [FXGL Background Thread 1 ] DEBUG FXGL.DefaultMenu     - createOptionsMenu()
21:25:25.037 [FXGL Background Thread 1 ] DEBUG FXGLAssetLoaderServi - Loading from file system: jar:file:/C:/Users/russl/.m2/repository/com/github/almasb/fxgl/11.16/fxgl-11.16.jar!/fxglassets/textures/particles/smoke.png
21:25:25.155 [FXGL Background Thread 1 ] DEBUG FXGLAssetLoaderServi - Loading from file system: jar:file:/C:/Users/russl/.m2/repository/com/github/almasb/fxgl/11.16/fxgl-11.16.jar!/fxglassets/textures/particles/trace_horizontal.png
21:25:25.190 [FXGL Background Thread 1 ] DEBUG GameApplicationServi - Application scenes initialized
21:25:25.201 [FXGL Background Thread 1 ] DEBUG SystemBundleService  - Loading FXGL system data
21:25:25.205 [FXGL Background Thread 1 ] DEBUG FileSystemAccess     - Reading from: C:\Users\russl\IdeaProjects\cloudHopper\system\fxgl.bundle
21:25:25.212 [FXGL Background Thread 1 ] DEBUG SystemBundleService  - Bundle FXGL: {}
21:25:25.213 [FXGL Background Thread 1 ] DEBUG UpdaterService       - Checking for updates
21:25:25.217 [FXGL Background Thread 4 ] DEBUG FXGLApplication      - Loading fonts
21:25:25.218 [FXGL Background Thread 4 ] DEBUG FXGLAssetLoaderServi - Loading from file system: jar:file:/C:/Users/russl/.m2/repository/com/github/almasb/fxgl/11.16/fxgl-11.16.jar!/fxglassets/ui/fonts/VarelaRound-Regular.ttf
21:25:25.218 [FXGL Background Thread 1 ] DEBUG FXGLApplication      - Loading default localization
21:25:25.219 [FXGL Background Thread 1 ] DEBUG FXGLAssetLoaderServi - Loading from file system: jar:file:/C:/Users/russl/.m2/repository/com/github/almasb/fxgl/11.16/fxgl-11.16.jar!/fxglassets/languages/english.lang
21:25:25.243 [FXGL Background Thread 1 ] INFO  FXGLApplication      - FXGL initialization took: 0.480 sec
21:25:25.256 [JavaFX Application Thread] DEBUG Input                - Registered new binding: action0 - A
21:25:25.257 [JavaFX Application Thread] DEBUG Input                - Registered new binding: action1 - D
21:25:25.259 [JavaFX Application Thread] DEBUG Input                - Registered new binding: action2 - Space
21:25:25.259 [JavaFX Application Thread] DEBUG Input                - Registered new binding: action3 - W
21:25:25.260 [JavaFX Application Thread] DEBUG FXGLAssetLoaderServi - Loading from file system: jar:file:/C:/Users/russl/.m2/repository/com/github/almasb/fxgl/11.16/fxgl-11.16.jar!/fxglassets/textures/fxgl_icon.png
21:25:25.269 [FXGL Background Thread 4 ] DEBUG FXGLAssetLoaderServi - Loading from file system: jar:file:/C:/Users/russl/.m2/repository/com/github/almasb/fxgl/11.16/fxgl-11.16.jar!/fxglassets/ui/fonts/Abel-Regular.ttf
21:25:25.273 [FXGL Background Thread 4 ] DEBUG FXGLAssetLoaderServi - Loading from file system: jar:file:/C:/Users/russl/.m2/repository/com/github/almasb/fxgl/11.16/fxgl-11.16.jar!/fxglassets/ui/fonts/lucida_console.ttf
21:25:25.279 [FXGL Background Thread 4 ] DEBUG FXGLAssetLoaderServi - Loading from file system: jar:file:/C:/Users/russl/.m2/repository/com/github/almasb/fxgl/11.16/fxgl-11.16.jar!/fxglassets/ui/fonts/Courier-Prime.ttf
21:25:25.288 [JavaFX Application Thread] DEBUG FXGLAssetLoaderServi - Loading from file system: jar:file:/C:/Users/russl/.m2/repository/com/github/almasb/fxgl/11.16/fxgl-11.16.jar!/fxglassets/textures/fxgl_default_cursor.png
21:25:25.292 [JavaFX Application Thread] DEBUG Input                - Registered new binding: Screenshot - CTRL+8
21:25:25.293 [JavaFX Application Thread] DEBUG Input                - Registered new binding: System info dump - CTRL+9
21:25:25.294 [JavaFX Application Thread] DEBUG Input                - Registered new binding: Restart - CTRL+R
21:25:25.295 [JavaFX Application Thread] DEBUG Input                - Registered new binding: Toggle Debug Camera - CTRL+C
21:25:25.298 [JavaFX Application Thread] DEBUG LoopRunner           - Starting loop
21:25:25.298 [JavaFX Application Thread] DEBUG LoopRunner           - Initializing JavaFX AnimationTimerLoop
21:25:25.300 [JavaFX Application Thread] DEBUG GameApplicationServi - Starting new game
21:25:25.301 [JavaFX Application Thread] DEBUG Input                - Clearing active input actions
21:25:25.318 [JavaFX Application Thread] DEBUG GameApplicationServi - Removing overlay from FXGLStartupScene and adding to FXGLLoadingScene
21:25:25.318 [JavaFX Application Thread] DEBUG PrimaryStageWindow   - FXGLStartupScene -> FXGLLoadingScene
21:25:25.318 [JavaFX Application Thread] DEBUG GameApplicationServi - Clearing previous game
21:25:25.319 [JavaFX Application Thread] DEBUG GameScene            - Clearing game scene
21:25:25.319 [JavaFX Application Thread] DEBUG GameWorld            - Clearing game world
21:25:25.319 [JavaFX Application Thread] DEBUG PhysicsWorld         - Clearing physics world
21:25:25.321 [FXGL Background Thread 4 ] DEBUG FXGLApplication      - Initializing game
21:25:25.321 [JavaFX Application Thread] DEBUG FXGLApplication      - Registering font factories with UI factory
21:25:25.367 [FXGL Background Thread 4 ] WARN  TMXLevelLoader       - TiledMap generated from 1.7.1. Supported version: 1.2.3. Some features may not be parsed fully.
21:25:25.416 [FXGL Background Thread 4 ] DEBUG TMXLevelLoader       - Parsed TiledMap: file:/C:/Users/russl/IdeaProjects/cloudHopper/target/classes/assets/levels/level1.tmx
21:25:25.418 [FXGL Background Thread 4 ] DEBUG TMXLevelLoader       - Creating tile layer entities
21:25:25.418 [FXGL Background Thread 4 ] DEBUG TilesetLoader        - Loading view for layer Tile Layer 1
21:25:25.461 [FXGL Background Thread 4 ] DEBUG TilesetLoader        - Created buffer with size 20480.0x1280.0
21:25:25.560 [FXGL Background Thread 4 ] DEBUG TMXLevelLoader       - Creating object layer entities
21:25:25.587 [FXGL Background Thread 4 ] DEBUG FXGLAssetLoaderServi - Loading from file system: file:/C:/Users/russl/IdeaProjects/cloudHopper/target/classes/assets/textures/crate.png
21:25:25.607 [FXGL Background Thread 4 ] DEBUG FXGLAssetLoaderServi - Loading from file system: file:/C:/Users/russl/IdeaProjects/cloudHopper/target/classes/assets/textures/StoneBlock.png
21:25:25.616 [FXGL Background Thread 4 ] DEBUG FXGLAssetLoaderServi - Loading from file system: file:/C:/Users/russl/IdeaProjects/cloudHopper/target/classes/assets/textures/characters_packed.png
21:25:25.649 [FXGL Background Thread 4 ] DEBUG FXGLAssetLoaderServi - Loading from file system: file:/C:/Users/russl/IdeaProjects/cloudHopper/target/classes/assets/textures/keyAnimation.png
21:25:25.677 [FXGL Background Thread 4 ] DEBUG GameWorld            - Clearing removable entities
21:25:25.678 [FXGL Background Thread 4 ] DEBUG GameWorld            - Setting level: com.almasb.fxgl.entity.level.Level@6d0c293f
21:25:25.702 [FXGL Background Thread 4 ] DEBUG FXGLAssetLoaderServi - Loading from file system: file:/C:/Users/russl/IdeaProjects/cloudHopper/target/classes/assets/textures/player_idle.png
21:25:25.703 [FXGL Background Thread 4 ] DEBUG FXGLAssetLoaderServi - Loading from file system: file:/C:/Users/russl/IdeaProjects/cloudHopper/target/classes/assets/textures/player_walking.png
21:25:25.706 [FXGL Background Thread 4 ] DEBUG FXGLAssetLoaderServi - Loading from file system: file:/C:/Users/russl/IdeaProjects/cloudHopper/target/classes/assets/textures/z-8.png
21:25:25.768 [FXGL Background Thread 4 ] WARN  GameWorld            - Entity is already attached to world
21:25:25.769 [FXGL Background Thread 4 ] DEBUG FXGLAssetLoaderServi - Loading from file system: file:/C:/Users/russl/IdeaProjects/cloudHopper/target/classes/assets/textures/z-7.png
21:25:25.792 [FXGL Background Thread 2 ] INFO  UpdaterService       - Your current version:  11.16
21:25:25.793 [FXGL Background Thread 2 ] INFO  UpdaterService       - Latest stable version: 11.17
21:25:25.822 [FXGL Background Thread 4 ] WARN  GameWorld            - Entity is already attached to world
21:25:25.823 [FXGL Background Thread 4 ] DEBUG FXGLAssetLoaderServi - Loading from file system: file:/C:/Users/russl/IdeaProjects/cloudHopper/target/classes/assets/textures/z-5.png
21:25:25.876 [FXGL Background Thread 4 ] WARN  GameWorld            - Entity is already attached to world
21:25:25.877 [FXGL Background Thread 4 ] DEBUG FXGLAssetLoaderServi - Loading from file system: file:/C:/Users/russl/IdeaProjects/cloudHopper/target/classes/assets/textures/z-4.png
21:25:25.920 [FXGL Background Thread 4 ] WARN  GameWorld            - Entity is already attached to world
21:25:25.921 [FXGL Background Thread 4 ] DEBUG FXGLAssetLoaderServi - Loading from file system: file:/C:/Users/russl/IdeaProjects/cloudHopper/target/classes/assets/textures/z-3.png
21:25:25.962 [FXGL Background Thread 4 ] WARN  GameWorld            - Entity is already attached to world
21:25:25.963 [FXGL Background Thread 4 ] DEBUG FXGLAssetLoaderServi - Loading from file system: file:/C:/Users/russl/IdeaProjects/cloudHopper/target/classes/assets/textures/z-1.png
21:25:26.009 [FXGL Background Thread 4 ] WARN  GameWorld            - Entity is already attached to world
21:25:26.017 [FXGL Background Thread 4 ] INFO  FXGLApplication      - Game initialization took: 0.696 sec
21:25:26.017 [JavaFX Application Thread] DEBUG Input                - Clearing active input actions
21:25:26.033 [JavaFX Application Thread] DEBUG GameApplicationServi - Removing overlay from FXGLLoadingScene and adding to GameScene
21:25:26.034 [JavaFX Application Thread] DEBUG PrimaryStageWindow   - FXGLLoadingScene -> GameScene
21:25:28.217 [FXGL Background Thread 3 ] DEBUG Engine               - Logging environment variables
21:25:28.217 [FXGL Background Thread 3 ] DEBUG Engine               - achievements: []
21:25:28.217 [FXGL Background Thread 3 ] DEBUG Engine               - actualHeight: 800.0
21:25:28.217 [FXGL Background Thread 3 ] DEBUG Engine               - actualHeightProperty: ReadOnlyDoubleProperty [value: 800.0]
21:25:28.217 [FXGL Background Thread 3 ] DEBUG Engine               - actualWidth: 1000.0
21:25:28.218 [FXGL Background Thread 3 ] DEBUG Engine               - actualWidthProperty: ReadOnlyDoubleProperty [value: 1000.0]
21:25:28.218 [FXGL Background Thread 3 ] DEBUG Engine               - appIcon: fxgl_icon.png
21:25:28.218 [FXGL Background Thread 3 ] DEBUG Engine               - applicationMode: DEVELOPER
21:25:28.218 [FXGL Background Thread 3 ] DEBUG Engine               - cSSList: [fxgl_dark.css]
21:25:28.218 [FXGL Background Thread 3 ] DEBUG Engine               - collisionDetectionStrategy: BRUTE_FORCE
21:25:28.218 [FXGL Background Thread 3 ] DEBUG Engine               - configClass: Optional.empty
21:25:28.218 [FXGL Background Thread 3 ] DEBUG Engine               - credits: []
21:25:28.218 [FXGL Background Thread 3 ] DEBUG Engine               - defaultCursor: CursorInfo(imageName=fxgl_default_cursor.png, hotspotX=7.0, hotspotY=6.0)
21:25:28.219 [FXGL Background Thread 3 ] DEBUG Engine               - devBBoxColorProperty: ObjectProperty [value: 0xff0000ff]
21:25:28.219 [FXGL Background Thread 3 ] DEBUG Engine               - devEnableDebugCameraProperty: BooleanProperty [value: false]
21:25:28.219 [FXGL Background Thread 3 ] DEBUG Engine               - devSensorColorProperty: ObjectProperty [value: 0xffff00ff]
21:25:28.219 [FXGL Background Thread 3 ] DEBUG Engine               - devShowBBoxProperty: BooleanProperty [value: false]
21:25:28.219 [FXGL Background Thread 3 ] DEBUG Engine               - devShowPositionProperty: BooleanProperty [value: false]
21:25:28.219 [FXGL Background Thread 3 ] DEBUG Engine               - enabledMenuItems: []
21:25:28.219 [FXGL Background Thread 3 ] DEBUG Engine               - engineServices: [class com.almasb.fxgl.app.services.FXGLAssetLoaderService, class com.almasb.fxgl.app.FXGLApplication$GameApplicationService, class com.almasb.fxgl.app.services.FXGLDialogService, class com.almasb.fxgl.app.services.IOTaskExecutorService, class com.almasb.fxgl.io.FileSystemService, class com.almasb.fxgl.localization.LocalizationService, class com.almasb.fxgl.app.services.SystemBundleService, class com.almasb.fxgl.profile.SaveLoadService, class com.almasb.fxgl.ui.FXGLUIFactoryServiceProvider, class com.almasb.fxgl.ui.FXGLDialogFactoryServiceProvider, class com.almasb.fxgl.audio.AudioPlayer, class com.almasb.fxgl.notification.impl.NotificationServiceProvider, class com.almasb.fxgl.achievement.AchievementService, class com.almasb.fxgl.cutscene.CutsceneService, class com.almasb.fxgl.minigames.MiniGameService, class com.almasb.fxgl.net.NetService, class com.almasb.fxgl.app.services.UpdaterService, class com.almasb.fxgl.dev.DevService]
21:25:28.220 [FXGL Background Thread 3 ] DEBUG Engine               - fontGame: Abel-Regular.ttf
21:25:28.220 [FXGL Background Thread 3 ] DEBUG Engine               - fontMono: lucida_console.ttf
21:25:28.220 [FXGL Background Thread 3 ] DEBUG Engine               - fontText: Courier-Prime.ttf
21:25:28.220 [FXGL Background Thread 3 ] DEBUG Engine               - fontUI: VarelaRound-Regular.ttf
21:25:28.220 [FXGL Background Thread 3 ] DEBUG Engine               - fullScreen: BooleanProperty [value: false]
21:25:28.220 [FXGL Background Thread 3 ] DEBUG Engine               - gameDifficulty: MEDIUM
21:25:28.220 [FXGL Background Thread 3 ] DEBUG Engine               - gameDifficultyProperty: ObjectProperty [value: MEDIUM]
21:25:28.220 [FXGL Background Thread 3 ] DEBUG Engine               - globalMusicVolume: 0.5
21:25:28.221 [FXGL Background Thread 3 ] DEBUG Engine               - globalMusicVolumeProperty: DoubleProperty [value: 0.5]
21:25:28.221 [FXGL Background Thread 3 ] DEBUG Engine               - globalSoundVolume: 0.5
21:25:28.221 [FXGL Background Thread 3 ] DEBUG Engine               - globalSoundVolumeProperty: DoubleProperty [value: 0.5]
21:25:28.221 [FXGL Background Thread 3 ] DEBUG Engine               - height: 800
21:25:28.221 [FXGL Background Thread 3 ] DEBUG Engine               - is3D: false
21:25:28.221 [FXGL Background Thread 3 ] DEBUG Engine               - isAndroid: false
21:25:28.221 [FXGL Background Thread 3 ] DEBUG Engine               - isBrowser: false
21:25:28.221 [FXGL Background Thread 3 ] DEBUG Engine               - isClickFeedbackEnabled: false
21:25:28.221 [FXGL Background Thread 3 ] DEBUG Engine               - isCloseConfirmation: false
21:25:28.222 [FXGL Background Thread 3 ] DEBUG Engine               - isDesktop: true
21:25:28.222 [FXGL Background Thread 3 ] DEBUG Engine               - isDeveloperMenuEnabled: false
21:25:28.222 [FXGL Background Thread 3 ] DEBUG Engine               - isEntityPreloadEnabled: true
21:25:28.222 [FXGL Background Thread 3 ] DEBUG Engine               - isExperimentalTiledLargeMap: false
21:25:28.222 [FXGL Background Thread 3 ] DEBUG Engine               - isFileSystemWriteAllowed: true
21:25:28.222 [FXGL Background Thread 3 ] DEBUG Engine               - isFullScreenAllowed: false
21:25:28.222 [FXGL Background Thread 3 ] DEBUG Engine               - isFullScreenFromStart: false
21:25:28.222 [FXGL Background Thread 3 ] DEBUG Engine               - isGameMenuEnabled: true
21:25:28.222 [FXGL Background Thread 3 ] DEBUG Engine               - isIOS: false
21:25:28.222 [FXGL Background Thread 3 ] DEBUG Engine               - isIntroEnabled: false
21:25:28.223 [FXGL Background Thread 3 ] DEBUG Engine               - isLinux: false
21:25:28.223 [FXGL Background Thread 3 ] DEBUG Engine               - isMac: false
21:25:28.223 [FXGL Background Thread 3 ] DEBUG Engine               - isMainMenuEnabled: false
21:25:28.223 [FXGL Background Thread 3 ] DEBUG Engine               - isManualResizeEnabled: false
21:25:28.223 [FXGL Background Thread 3 ] DEBUG Engine               - isMobile: false
21:25:28.223 [FXGL Background Thread 3 ] DEBUG Engine               - isNative: false
21:25:28.223 [FXGL Background Thread 3 ] DEBUG Engine               - isPreserveResizeRatio: false
21:25:28.223 [FXGL Background Thread 3 ] DEBUG Engine               - isProfilingEnabled: false
21:25:28.223 [FXGL Background Thread 3 ] DEBUG Engine               - isScaleAffectedOnResize: true
21:25:28.223 [FXGL Background Thread 3 ] DEBUG Engine               - isSingleStep: false
21:25:28.223 [FXGL Background Thread 3 ] DEBUG Engine               - isUserProfileEnabled: false
21:25:28.223 [FXGL Background Thread 3 ] DEBUG Engine               - isWindows: true
21:25:28.223 [FXGL Background Thread 3 ] DEBUG Engine               - language: ObjectProperty [value: ENGLISH]
21:25:28.224 [FXGL Background Thread 3 ] DEBUG Engine               - menuKey: ESCAPE
21:25:28.224 [FXGL Background Thread 3 ] DEBUG Engine               - mouseSensitivity: 0.2
21:25:28.224 [FXGL Background Thread 3 ] DEBUG Engine               - notificationViewClass: class com.almasb.fxgl.notification.view.XboxNotificationView
21:25:28.224 [FXGL Background Thread 3 ] DEBUG Engine               - pixelsPerMeter: 50.0
21:25:28.224 [FXGL Background Thread 3 ] DEBUG Engine               - platform: WINDOWS
21:25:28.224 [FXGL Background Thread 3 ] DEBUG Engine               - prefHeightProperty: ReadOnlyDoubleProperty [value: 800.0]
21:25:28.224 [FXGL Background Thread 3 ] DEBUG Engine               - prefWidthProperty: ReadOnlyDoubleProperty [value: 1000.0]
21:25:28.224 [FXGL Background Thread 3 ] DEBUG Engine               - profileDir: profiles/
21:25:28.225 [FXGL Background Thread 3 ] DEBUG Engine               - profileName: StringProperty [value: DEFAULT]
21:25:28.225 [FXGL Background Thread 3 ] DEBUG Engine               - randomSeed: -1
21:25:28.225 [FXGL Background Thread 3 ] DEBUG Engine               - runtimeInfo: RuntimeInfo(platform=WINDOWS, version=11.16, build=25.05.2021 08.16)
21:25:28.225 [FXGL Background Thread 3 ] DEBUG Engine               - saveFileExt: sav
21:25:28.225 [FXGL Background Thread 3 ] DEBUG Engine               - scaledHeightProp$fxgl: DoubleProperty [bound, value: 800.0]
21:25:28.225 [FXGL Background Thread 3 ] DEBUG Engine               - scaledWidthProp$fxgl: DoubleProperty [bound, value: 1000.0]
21:25:28.225 [FXGL Background Thread 3 ] DEBUG Engine               - sceneFactory: com.almasb.fxgl.app.scene.SceneFactory@69c69dfa
21:25:28.225 [FXGL Background Thread 3 ] DEBUG Engine               - secondsIn24h: 60
21:25:28.226 [FXGL Background Thread 3 ] DEBUG Engine               - soundMenuBack: menu/back.wav
21:25:28.226 [FXGL Background Thread 3 ] DEBUG Engine               - soundMenuPress: menu/press.wav
21:25:28.226 [FXGL Background Thread 3 ] DEBUG Engine               - soundMenuSelect: menu/select.wav
21:25:28.226 [FXGL Background Thread 3 ] DEBUG Engine               - soundNotification: core/notification.wav
21:25:28.226 [FXGL Background Thread 3 ] DEBUG Engine               - stageStyle: DECORATED
21:25:28.226 [FXGL Background Thread 3 ] DEBUG Engine               - supportedLanguages: [ENGLISH, FRENCH, GERMAN, HUNGARIAN, RUSSIAN]
21:25:28.226 [FXGL Background Thread 3 ] DEBUG Engine               - ticksPerSecond: -1
21:25:28.226 [FXGL Background Thread 3 ] DEBUG Engine               - title: Cloud Hopper
21:25:28.226 [FXGL Background Thread 3 ] DEBUG Engine               - urlGithub: https://github.com/AlmasB/FXGL
21:25:28.226 [FXGL Background Thread 3 ] DEBUG Engine               - urlLeaderboard: http://fxgl-top.herokuapp.com/
21:25:28.226 [FXGL Background Thread 3 ] DEBUG Engine               - urlPOM: https://raw.githubusercontent.com/AlmasB/FXGL/release/README.md
21:25:28.226 [FXGL Background Thread 3 ] DEBUG Engine               - userAppClass: class com.cloudHopper.PlatformerApp
21:25:28.227 [FXGL Background Thread 3 ] DEBUG Engine               - version: 0.1
21:25:28.227 [FXGL Background Thread 3 ] DEBUG Engine               - versionCheckDays: 7
21:25:28.227 [FXGL Background Thread 3 ] DEBUG Engine               - width: 1000
21:25:28.227 [FXGL Background Thread 3 ] DEBUG Engine               - Logging services
21:25:28.227 [FXGL Background Thread 3 ] DEBUG Engine               - class com.almasb.fxgl.app.services.FXGLAssetLoaderService
21:25:28.227 [FXGL Background Thread 3 ] DEBUG Engine               - class com.almasb.fxgl.app.FXGLApplication$GameApplicationService
21:25:28.227 [FXGL Background Thread 3 ] DEBUG Engine               - class com.almasb.fxgl.app.services.FXGLDialogService
21:25:28.227 [FXGL Background Thread 3 ] DEBUG Engine               - class com.almasb.fxgl.app.services.IOTaskExecutorService
21:25:28.227 [FXGL Background Thread 3 ] DEBUG Engine               - class com.almasb.fxgl.io.FileSystemService
21:25:28.228 [FXGL Background Thread 3 ] DEBUG Engine               - class com.almasb.fxgl.localization.LocalizationService
21:25:28.228 [FXGL Background Thread 3 ] DEBUG Engine               - class com.almasb.fxgl.app.services.SystemBundleService
21:25:28.228 [FXGL Background Thread 3 ] DEBUG Engine               - class com.almasb.fxgl.profile.SaveLoadService
21:25:28.228 [FXGL Background Thread 3 ] DEBUG Engine               - class com.almasb.fxgl.ui.FXGLUIFactoryServiceProvider
21:25:28.228 [FXGL Background Thread 3 ] DEBUG Engine               - class com.almasb.fxgl.ui.FXGLDialogFactoryServiceProvider
21:25:28.228 [FXGL Background Thread 3 ] DEBUG Engine               - class com.almasb.fxgl.audio.AudioPlayer
21:25:28.228 [FXGL Background Thread 3 ] DEBUG Engine               - class com.almasb.fxgl.notification.impl.NotificationServiceProvider
21:25:28.228 [FXGL Background Thread 3 ] DEBUG Engine               - class com.almasb.fxgl.achievement.AchievementService
21:25:28.228 [FXGL Background Thread 3 ] DEBUG Engine               - class com.almasb.fxgl.cutscene.CutsceneService
21:25:28.228 [FXGL Background Thread 3 ] DEBUG Engine               - class com.almasb.fxgl.minigames.MiniGameService
21:25:28.228 [FXGL Background Thread 3 ] DEBUG Engine               - class com.almasb.fxgl.net.NetService
21:25:28.228 [FXGL Background Thread 3 ] DEBUG Engine               - class com.almasb.fxgl.app.services.UpdaterService
21:25:28.229 [FXGL Background Thread 3 ] DEBUG Engine               - class com.almasb.fxgl.dev.DevService
21:25:30.885 [JavaFX Application Thread] DEBUG PrimaryStageWindow   - Push state: DialogSubScene
21:25:30.886 [JavaFX Application Thread] DEBUG Input                - Clearing active input actions
21:25:30.890 [JavaFX Application Thread] DEBUG GameApplicationServi - Removing overlay from GameScene and adding to DialogSubScene
21:25:30.891 [JavaFX Application Thread] DEBUG PrimaryStageWindow   - GameScene -> DialogSubScene
21:25:30.892 [JavaFX Application Thread] DEBUG FXGLAssetLoaderServi - Loading from file system: file:/C:/Users/russl/IdeaProjects/cloudHopper/target/classes/assets/textures/key.png
21:25:32.352 [JavaFX Application Thread] DEBUG PrimaryStageWindow   - Pop state: DialogSubScene
21:25:32.353 [JavaFX Application Thread] DEBUG Input                - Clearing active input actions
21:25:32.353 [JavaFX Application Thread] DEBUG GameApplicationServi - Removing overlay from DialogSubScene and adding to GameScene
21:25:32.354 [JavaFX Application Thread] DEBUG PrimaryStageWindow   - GameScene <- DialogSubScene
21:25:35.285 [JavaFX Application Thread] DEBUG FXGLAssetLoaderServi - Loading from file system: file:/C:/Users/russl/IdeaProjects/cloudHopper/target/classes/assets/textures/floatingPlatform.png
21:25:35.288 [JavaFX Application Thread] DEBUG PrimaryStageWindow   - Push state: DialogSubScene
21:25:35.289 [JavaFX Application Thread] DEBUG Input                - Clearing active input actions
21:25:35.289 [JavaFX Application Thread] DEBUG GameApplicationServi - Removing overlay from GameScene and adding to DialogSubScene
21:25:35.289 [JavaFX Application Thread] DEBUG PrimaryStageWindow   - GameScene -> DialogSubScene
21:25:36.738 [JavaFX Application Thread] DEBUG PrimaryStageWindow   - Pop state: DialogSubScene
21:25:36.738 [JavaFX Application Thread] DEBUG Input                - Clearing active input actions
21:25:36.739 [JavaFX Application Thread] DEBUG GameApplicationServi - Removing overlay from DialogSubScene and adding to GameScene
21:25:36.739 [JavaFX Application Thread] DEBUG PrimaryStageWindow   - GameScene <- DialogSubScene
21:25:48.804 [JavaFX Application Thread] DEBUG PrimaryStageWindow   - Push state: DialogSubScene
21:25:48.804 [JavaFX Application Thread] DEBUG Input                - Clearing active input actions
21:25:48.805 [JavaFX Application Thread] DEBUG GameApplicationServi - Removing overlay from GameScene and adding to DialogSubScene
21:25:48.805 [JavaFX Application Thread] DEBUG PrimaryStageWindow   - GameScene -> DialogSubScene
21:25:50.200 [JavaFX Application Thread] DEBUG PrimaryStageWindow   - Pop state: DialogSubScene
21:25:50.200 [JavaFX Application Thread] DEBUG Input                - Clearing active input actions
21:25:50.201 [JavaFX Application Thread] DEBUG GameApplicationServi - Removing overlay from DialogSubScene and adding to GameScene
21:25:50.201 [JavaFX Application Thread] DEBUG PrimaryStageWindow   - GameScene <- DialogSubScene
21:25:53.476 [JavaFX Application Thread] DEBUG PrimaryStageWindow   - Push state: DialogSubScene
21:25:53.476 [JavaFX Application Thread] DEBUG Input                - Clearing active input actions
21:25:53.477 [JavaFX Application Thread] DEBUG GameApplicationServi - Removing overlay from GameScene and adding to DialogSubScene
21:25:53.477 [JavaFX Application Thread] DEBUG PrimaryStageWindow   - GameScene -> DialogSubScene
21:25:54.114 [JavaFX Application Thread] DEBUG PrimaryStageWindow   - Pop state: DialogSubScene
21:25:54.115 [JavaFX Application Thread] DEBUG Input                - Clearing active input actions
21:25:54.115 [JavaFX Application Thread] DEBUG GameApplicationServi - Removing overlay from DialogSubScene and adding to GameScene
21:25:54.115 [JavaFX Application Thread] DEBUG PrimaryStageWindow   - GameScene <- DialogSubScene
21:26:02.898 [JavaFX Application Thread] DEBUG FXGLAssetLoaderServi - Loading from file system: file:/C:/Users/russl/IdeaProjects/cloudHopper/target/classes/assets/textures/stone.png
21:26:26.432 [JavaFX Application Thread] DEBUG FXGLApplication      - Exiting FXGL
21:26:26.432 [JavaFX Application Thread] DEBUG LoopRunner           - Stopping loop
21:26:26.432 [JavaFX Application Thread] DEBUG SystemBundleService  - Saving FXGL system data
21:26:26.434 [JavaFX Application Thread] DEBUG FileSystemAccess     - Writing to: C:\Users\russl\IdeaProjects\cloudHopper\system\fxgl.bundle
21:26:26.435 [JavaFX Application Thread] DEBUG Async                - Shutting down background threads
21:26:26.436 [JavaFX Application Thread] DEBUG PrimaryStageWindow   - Closing main window
21:26:26.447 [JavaFX Application Thread] DEBUG Logger               - Closing Logger
