21:01:05.993 [main                     ] DEBUG Logger               - Configured Logger
21:01:05.997 [main                     ] DEBUG GameApplication      - Logging settings
Title: Cloud Hopper
Version: 0.1
Width: 1000
Height: 800
Fullscreen: false
Intro: false
Profiling: false
Single step:false
App Mode: DEVELOPER
Menu Key: ESCAPE
Stage Style: DECORATED
Scene Factory: class com.almasb.fxgl.app.scene.SceneFactory

21:01:06.571 [JavaFX Application Thread] DEBUG FXGLApplication      - Initializing FXGL
21:01:06.573 [JavaFX Application Thread] INFO  Engine               - FXGL-11.16 (25.05.2021 08.16) on WINDOWS (J:16 FX:16)
21:01:06.574 [JavaFX Application Thread] DEBUG Engine               - JRE Vendor Name: Oracle Corporation
21:01:06.574 [JavaFX Application Thread] DEBUG Engine               - Running on OS: Windows 10 version 10.0
21:01:06.574 [JavaFX Application Thread] DEBUG Engine               - Architecture: amd64
21:01:06.575 [JavaFX Application Thread] INFO  Engine               - Source code and latest versions at: https://github.com/AlmasB/FXGL
21:01:06.575 [JavaFX Application Thread] INFO  Engine               -              Join the FXGL chat at: https://gitter.im/AlmasB/FXGL
21:01:06.743 [JavaFX Application Thread] DEBUG PrimaryStageWindow   - Creating a JavaFX scene
21:01:06.809 [JavaFX Application Thread] DEBUG PrimaryStageWindow   - Target settings size: 1000.0 x 800.0
21:01:06.809 [JavaFX Application Thread] DEBUG PrimaryStageWindow   - Scaled scene size:    1000.0 x 800.0
21:01:06.810 [JavaFX Application Thread] DEBUG PrimaryStageWindow   - Scaled ratio: (1.0, 1.0)
21:01:06.811 [JavaFX Application Thread] DEBUG PrimaryStageWindow   - Set initial scene to FXGLStartupScene
21:01:06.819 [JavaFX Application Thread] DEBUG PrimaryStageWindow   - Opening main window
21:01:06.920 [JavaFX Application Thread] DEBUG PrimaryStageWindow   - Window border size: (16.0, 39.0)
21:01:06.920 [JavaFX Application Thread] DEBUG PrimaryStageWindow   - Scaled size: 1000.0 x 800.0
21:01:06.920 [JavaFX Application Thread] DEBUG PrimaryStageWindow   - Scaled ratio: (1.0, 1.0)
21:01:06.921 [JavaFX Application Thread] DEBUG PrimaryStageWindow   - Scene size: 1000.0 x 800.0
21:01:06.921 [JavaFX Application Thread] DEBUG PrimaryStageWindow   - Stage size: 1016.0 x 839.0
21:01:06.929 [FXGL Background Thread 1 ] DEBUG Engine               - Initializing environment variables
21:01:06.982 [FXGL Background Thread 1 ] DEBUG FXGLAssetLoaderServi - User app class for loading assets: class com.cloudHopper.PlatformerApp
21:01:06.983 [FXGL Background Thread 1 ] DEBUG GameApplicationServi - Applying CSS: fxgl_dark.css
21:01:06.983 [FXGL Background Thread 1 ] DEBUG FXGLAssetLoaderServi - Loading from file system: jar:file:/C:/Users/russl/.m2/repository/com/github/almasb/fxgl/11.16/fxgl-11.16.jar!/fxglassets/ui/css/fxgl_dark.css
21:01:07.035 [FXGL Background Thread 1 ] DEBUG GameApplicationServi - Initializing application scenes
21:01:07.077 [FXGL Background Thread 1 ] DEBUG GameWorld            - Game world initialized
21:01:07.148 [FXGL Background Thread 1 ] DEBUG PhysicsWorld         - Physics world initialized: appHeight=800, physics.ppm=50.0
21:01:07.148 [FXGL Background Thread 1 ] DEBUG PhysicsWorld         - Using strategy: BRUTE_FORCE
21:01:07.152 [FXGL Background Thread 1 ] DEBUG GameScene            - Game scene initialized: 1000x800
21:01:07.165 [FXGL Background Thread 1 ] DEBUG FXGL.DefaultMenu     - createMenuBodyGameMenu()
21:01:07.182 [FXGL Background Thread 1 ] DEBUG FXGL.DefaultMenu     - createOptionsMenu()
21:01:07.190 [FXGL Background Thread 1 ] DEBUG FXGLAssetLoaderServi - Loading from file system: jar:file:/C:/Users/russl/.m2/repository/com/github/almasb/fxgl/11.16/fxgl-11.16.jar!/fxglassets/textures/particles/smoke.png
21:01:07.302 [FXGL Background Thread 1 ] DEBUG FXGLAssetLoaderServi - Loading from file system: jar:file:/C:/Users/russl/.m2/repository/com/github/almasb/fxgl/11.16/fxgl-11.16.jar!/fxglassets/textures/particles/trace_horizontal.png
21:01:07.335 [FXGL Background Thread 1 ] DEBUG GameApplicationServi - Application scenes initialized
21:01:07.346 [FXGL Background Thread 1 ] DEBUG SystemBundleService  - Loading FXGL system data
21:01:07.350 [FXGL Background Thread 1 ] DEBUG FileSystemAccess     - Reading from: C:\Users\russl\IdeaProjects\cloudHopper\system\fxgl.bundle
21:01:07.356 [FXGL Background Thread 1 ] DEBUG SystemBundleService  - Bundle FXGL: {}
21:01:07.356 [FXGL Background Thread 1 ] DEBUG UpdaterService       - Checking for updates
21:01:07.360 [FXGL Background Thread 4 ] DEBUG FXGLApplication      - Loading fonts
21:01:07.360 [FXGL Background Thread 1 ] DEBUG FXGLApplication      - Loading default localization
21:01:07.361 [FXGL Background Thread 4 ] DEBUG FXGLAssetLoaderServi - Loading from file system: jar:file:/C:/Users/russl/.m2/repository/com/github/almasb/fxgl/11.16/fxgl-11.16.jar!/fxglassets/ui/fonts/VarelaRound-Regular.ttf
21:01:07.361 [FXGL Background Thread 1 ] DEBUG FXGLAssetLoaderServi - Loading from file system: jar:file:/C:/Users/russl/.m2/repository/com/github/almasb/fxgl/11.16/fxgl-11.16.jar!/fxglassets/languages/english.lang
21:01:07.382 [FXGL Background Thread 1 ] INFO  FXGLApplication      - FXGL initialization took: 0.452 sec
21:01:07.396 [JavaFX Application Thread] DEBUG Input                - Registered new binding: action0 - A
21:01:07.397 [JavaFX Application Thread] DEBUG Input                - Registered new binding: action1 - D
21:01:07.398 [JavaFX Application Thread] DEBUG Input                - Registered new binding: action2 - Space
21:01:07.398 [JavaFX Application Thread] DEBUG Input                - Registered new binding: action3 - W
21:01:07.399 [JavaFX Application Thread] DEBUG FXGLAssetLoaderServi - Loading from file system: jar:file:/C:/Users/russl/.m2/repository/com/github/almasb/fxgl/11.16/fxgl-11.16.jar!/fxglassets/textures/fxgl_icon.png
21:01:07.409 [FXGL Background Thread 4 ] DEBUG FXGLAssetLoaderServi - Loading from file system: jar:file:/C:/Users/russl/.m2/repository/com/github/almasb/fxgl/11.16/fxgl-11.16.jar!/fxglassets/ui/fonts/Abel-Regular.ttf
21:01:07.413 [FXGL Background Thread 4 ] DEBUG FXGLAssetLoaderServi - Loading from file system: jar:file:/C:/Users/russl/.m2/repository/com/github/almasb/fxgl/11.16/fxgl-11.16.jar!/fxglassets/ui/fonts/lucida_console.ttf
21:01:07.419 [FXGL Background Thread 4 ] DEBUG FXGLAssetLoaderServi - Loading from file system: jar:file:/C:/Users/russl/.m2/repository/com/github/almasb/fxgl/11.16/fxgl-11.16.jar!/fxglassets/ui/fonts/Courier-Prime.ttf
21:01:07.427 [JavaFX Application Thread] DEBUG FXGLAssetLoaderServi - Loading from file system: jar:file:/C:/Users/russl/.m2/repository/com/github/almasb/fxgl/11.16/fxgl-11.16.jar!/fxglassets/textures/fxgl_default_cursor.png
21:01:07.430 [JavaFX Application Thread] DEBUG Input                - Registered new binding: Screenshot - CTRL+8
21:01:07.431 [JavaFX Application Thread] DEBUG Input                - Registered new binding: System info dump - CTRL+9
21:01:07.431 [JavaFX Application Thread] DEBUG Input                - Registered new binding: Restart - CTRL+R
21:01:07.432 [JavaFX Application Thread] DEBUG Input                - Registered new binding: Toggle Debug Camera - CTRL+C
21:01:07.435 [JavaFX Application Thread] DEBUG LoopRunner           - Starting loop
21:01:07.435 [JavaFX Application Thread] DEBUG LoopRunner           - Initializing JavaFX AnimationTimerLoop
21:01:07.437 [JavaFX Application Thread] DEBUG GameApplicationServi - Starting new game
21:01:07.438 [JavaFX Application Thread] DEBUG Input                - Clearing active input actions
21:01:07.452 [JavaFX Application Thread] DEBUG GameApplicationServi - Removing overlay from FXGLStartupScene and adding to FXGLLoadingScene
21:01:07.452 [JavaFX Application Thread] DEBUG PrimaryStageWindow   - FXGLStartupScene -> FXGLLoadingScene
21:01:07.452 [JavaFX Application Thread] DEBUG GameApplicationServi - Clearing previous game
21:01:07.452 [JavaFX Application Thread] DEBUG GameScene            - Clearing game scene
21:01:07.453 [JavaFX Application Thread] DEBUG GameWorld            - Clearing game world
21:01:07.453 [JavaFX Application Thread] DEBUG PhysicsWorld         - Clearing physics world
21:01:07.454 [JavaFX Application Thread] DEBUG FXGLApplication      - Registering font factories with UI factory
21:01:07.454 [FXGL Background Thread 4 ] DEBUG FXGLApplication      - Initializing game
21:01:07.502 [FXGL Background Thread 4 ] WARN  TMXLevelLoader       - TiledMap generated from 1.7.1. Supported version: 1.2.3. Some features may not be parsed fully.
21:01:07.553 [FXGL Background Thread 4 ] DEBUG TMXLevelLoader       - Parsed TiledMap: file:/C:/Users/russl/IdeaProjects/cloudHopper/target/classes/assets/levels/level1.tmx
21:01:07.555 [FXGL Background Thread 4 ] DEBUG TMXLevelLoader       - Creating tile layer entities
21:01:07.555 [FXGL Background Thread 4 ] DEBUG TilesetLoader        - Loading view for layer Tile Layer 1
21:01:07.609 [FXGL Background Thread 4 ] DEBUG TilesetLoader        - Created buffer with size 20480.0x1280.0
21:01:07.707 [FXGL Background Thread 4 ] DEBUG TMXLevelLoader       - Creating object layer entities
21:01:07.732 [FXGL Background Thread 4 ] DEBUG FXGLAssetLoaderServi - Loading from file system: file:/C:/Users/russl/IdeaProjects/cloudHopper/target/classes/assets/textures/crate.png
21:01:07.749 [FXGL Background Thread 4 ] DEBUG FXGLAssetLoaderServi - Loading from file system: file:/C:/Users/russl/IdeaProjects/cloudHopper/target/classes/assets/textures/StoneBlock.png
21:01:07.755 [FXGL Background Thread 4 ] DEBUG FXGLAssetLoaderServi - Loading from file system: file:/C:/Users/russl/IdeaProjects/cloudHopper/target/classes/assets/textures/characters_packed.png
21:01:07.783 [FXGL Background Thread 4 ] DEBUG FXGLAssetLoaderServi - Loading from file system: file:/C:/Users/russl/IdeaProjects/cloudHopper/target/classes/assets/textures/keyAnimation.png
21:01:07.804 [FXGL Background Thread 4 ] DEBUG FXGLAssetLoaderServi - Loading from file system: file:/C:/Users/russl/IdeaProjects/cloudHopper/target/classes/assets/textures/starAnimation.png
21:01:07.811 [FXGL Background Thread 4 ] DEBUG GameWorld            - Clearing removable entities
21:01:07.812 [FXGL Background Thread 4 ] DEBUG GameWorld            - Setting level: com.almasb.fxgl.entity.level.Level@1554f313
21:01:07.835 [FXGL Background Thread 4 ] DEBUG FXGLAssetLoaderServi - Loading from file system: file:/C:/Users/russl/IdeaProjects/cloudHopper/target/classes/assets/textures/single.png
21:01:07.837 [FXGL Background Thread 4 ] DEBUG FXGLAssetLoaderServi - Loading from file system: file:/C:/Users/russl/IdeaProjects/cloudHopper/target/classes/assets/textures/singlePushing.png
21:01:07.840 [FXGL Background Thread 4 ] DEBUG FXGLAssetLoaderServi - Loading from file system: file:/C:/Users/russl/IdeaProjects/cloudHopper/target/classes/assets/textures/z-2.png
21:01:07.870 [FXGL Background Thread 4 ] WARN  GameWorld            - Entity is already attached to world
21:01:07.870 [FXGL Background Thread 4 ] DEBUG FXGLAssetLoaderServi - Loading from file system: file:/C:/Users/russl/IdeaProjects/cloudHopper/target/classes/assets/textures/z-1.png
21:01:07.907 [FXGL Background Thread 4 ] WARN  GameWorld            - Entity is already attached to world
21:01:07.914 [FXGL Background Thread 4 ] DEBUG FXGLAssetLoaderServi - Loading from file system: file:/C:/Users/russl/IdeaProjects/cloudHopper/target/classes/assets/textures/hearts.png
21:01:07.918 [FXGL Background Thread 4 ] INFO  FXGLApplication      - Game initialization took: 0.463 sec
21:01:07.924 [JavaFX Application Thread] DEBUG Input                - Clearing active input actions
21:01:07.937 [JavaFX Application Thread] DEBUG GameApplicationServi - Removing overlay from FXGLLoadingScene and adding to GameScene
21:01:07.937 [JavaFX Application Thread] DEBUG PrimaryStageWindow   - FXGLLoadingScene -> GameScene
21:01:08.054 [FXGL Background Thread 2 ] INFO  UpdaterService       - Your current version:  11.16
21:01:08.055 [FXGL Background Thread 2 ] INFO  UpdaterService       - Latest stable version: 11.17
21:01:10.344 [JavaFX Application Thread] DEBUG FXGLApplication      - Exiting FXGL
21:01:10.344 [JavaFX Application Thread] DEBUG LoopRunner           - Stopping loop
21:01:10.345 [JavaFX Application Thread] DEBUG SystemBundleService  - Saving FXGL system data
21:01:10.346 [JavaFX Application Thread] DEBUG FileSystemAccess     - Writing to: C:\Users\russl\IdeaProjects\cloudHopper\system\fxgl.bundle
21:01:10.348 [JavaFX Application Thread] DEBUG Async                - Shutting down background threads
21:01:10.348 [JavaFX Application Thread] DEBUG PrimaryStageWindow   - Closing main window
21:01:10.358 [JavaFX Application Thread] DEBUG Logger               - Closing Logger
