09:52:06.274 [main                     ] DEBUG Logger               - Configured Logger
09:52:06.281 [main                     ] DEBUG GameApplication      - Logging settings
Title: Cloud Hopper
Version: 0.1
Width: 1000
Height: 800
Fullscreen: false
Intro: false
Profiling: false
Single step:false
App Mode: DEVELOPER
Menu Key: ESCAPE
Stage Style: DECORATED
Scene Factory: class com.almasb.fxgl.app.scene.SceneFactory

09:52:06.855 [JavaFX Application Thread] DEBUG FXGLApplication      - Initializing FXGL
09:52:06.858 [JavaFX Application Thread] INFO  Engine               - FXGL-11.16 (25.05.2021 08.16) on WINDOWS (J:16 FX:16)
09:52:06.858 [JavaFX Application Thread] DEBUG Engine               - JRE Vendor Name: Oracle Corporation
09:52:06.859 [JavaFX Application Thread] DEBUG Engine               - Running on OS: Windows 10 version 10.0
09:52:06.859 [JavaFX Application Thread] DEBUG Engine               - Architecture: amd64
09:52:06.859 [JavaFX Application Thread] INFO  Engine               - Source code and latest versions at: https://github.com/AlmasB/FXGL
09:52:06.859 [JavaFX Application Thread] INFO  Engine               -              Join the FXGL chat at: https://gitter.im/AlmasB/FXGL
09:52:07.019 [JavaFX Application Thread] DEBUG PrimaryStageWindow   - Creating a JavaFX scene
09:52:07.092 [JavaFX Application Thread] DEBUG PrimaryStageWindow   - Target settings size: 1000.0 x 800.0
09:52:07.092 [JavaFX Application Thread] DEBUG PrimaryStageWindow   - Scaled scene size:    1000.0 x 800.0
09:52:07.092 [JavaFX Application Thread] DEBUG PrimaryStageWindow   - Scaled ratio: (1.0, 1.0)
09:52:07.094 [JavaFX Application Thread] DEBUG PrimaryStageWindow   - Set initial scene to FXGLStartupScene
09:52:07.105 [JavaFX Application Thread] DEBUG PrimaryStageWindow   - Opening main window
09:52:07.206 [JavaFX Application Thread] DEBUG PrimaryStageWindow   - Window border size: (16.0, 39.0)
09:52:07.206 [JavaFX Application Thread] DEBUG PrimaryStageWindow   - Scaled size: 1000.0 x 800.0
09:52:07.206 [JavaFX Application Thread] DEBUG PrimaryStageWindow   - Scaled ratio: (1.0, 1.0)
09:52:07.206 [JavaFX Application Thread] DEBUG PrimaryStageWindow   - Scene size: 1000.0 x 800.0
09:52:07.207 [JavaFX Application Thread] DEBUG PrimaryStageWindow   - Stage size: 1016.0 x 839.0
09:52:07.214 [FXGL Background Thread 1 ] DEBUG Engine               - Initializing environment variables
09:52:07.263 [FXGL Background Thread 1 ] DEBUG FXGLAssetLoaderServi - User app class for loading assets: class com.cloudHopper.PlatformerApp
09:52:07.264 [FXGL Background Thread 1 ] DEBUG GameApplicationServi - Applying CSS: fxgl_dark.css
09:52:07.265 [FXGL Background Thread 1 ] DEBUG FXGLAssetLoaderServi - Loading from file system: jar:file:/C:/Users/russl/.m2/repository/com/github/almasb/fxgl/11.16/fxgl-11.16.jar!/fxglassets/ui/css/fxgl_dark.css
09:52:07.315 [FXGL Background Thread 1 ] DEBUG GameApplicationServi - Initializing application scenes
09:52:07.361 [FXGL Background Thread 1 ] DEBUG GameWorld            - Game world initialized
09:52:07.430 [FXGL Background Thread 1 ] DEBUG PhysicsWorld         - Physics world initialized: appHeight=800, physics.ppm=50.0
09:52:07.430 [FXGL Background Thread 1 ] DEBUG PhysicsWorld         - Using strategy: BRUTE_FORCE
09:52:07.433 [FXGL Background Thread 1 ] DEBUG GameScene            - Game scene initialized: 1000x800
09:52:07.447 [FXGL Background Thread 1 ] DEBUG FXGL.DefaultMenu     - createMenuBodyGameMenu()
09:52:07.466 [FXGL Background Thread 1 ] DEBUG FXGL.DefaultMenu     - createOptionsMenu()
09:52:07.476 [FXGL Background Thread 1 ] DEBUG FXGLAssetLoaderServi - Loading from file system: jar:file:/C:/Users/russl/.m2/repository/com/github/almasb/fxgl/11.16/fxgl-11.16.jar!/fxglassets/textures/particles/smoke.png
09:52:07.596 [FXGL Background Thread 1 ] DEBUG FXGLAssetLoaderServi - Loading from file system: jar:file:/C:/Users/russl/.m2/repository/com/github/almasb/fxgl/11.16/fxgl-11.16.jar!/fxglassets/textures/particles/trace_horizontal.png
09:52:07.632 [FXGL Background Thread 1 ] DEBUG GameApplicationServi - Application scenes initialized
09:52:07.643 [FXGL Background Thread 1 ] DEBUG SystemBundleService  - Loading FXGL system data
09:52:07.647 [FXGL Background Thread 1 ] DEBUG FileSystemAccess     - Reading from: C:\Users\russl\IdeaProjects\cloudHopper\system\fxgl.bundle
09:52:07.653 [FXGL Background Thread 1 ] DEBUG SystemBundleService  - Bundle FXGL: {}
09:52:07.653 [FXGL Background Thread 1 ] DEBUG UpdaterService       - Checking for updates
09:52:07.658 [FXGL Background Thread 4 ] DEBUG FXGLApplication      - Loading fonts
09:52:07.658 [FXGL Background Thread 1 ] DEBUG FXGLApplication      - Loading default localization
09:52:07.659 [FXGL Background Thread 4 ] DEBUG FXGLAssetLoaderServi - Loading from file system: jar:file:/C:/Users/russl/.m2/repository/com/github/almasb/fxgl/11.16/fxgl-11.16.jar!/fxglassets/ui/fonts/VarelaRound-Regular.ttf
09:52:07.659 [FXGL Background Thread 1 ] DEBUG FXGLAssetLoaderServi - Loading from file system: jar:file:/C:/Users/russl/.m2/repository/com/github/almasb/fxgl/11.16/fxgl-11.16.jar!/fxglassets/languages/english.lang
09:52:07.680 [FXGL Background Thread 1 ] INFO  FXGLApplication      - FXGL initialization took: 0.465 sec
09:52:07.694 [JavaFX Application Thread] DEBUG Input                - Registered new binding: action0 - A
09:52:07.696 [JavaFX Application Thread] DEBUG Input                - Registered new binding: action1 - D
09:52:07.697 [JavaFX Application Thread] DEBUG Input                - Registered new binding: action2 - Space
09:52:07.697 [JavaFX Application Thread] DEBUG Input                - Registered new binding: action3 - W
09:52:07.698 [JavaFX Application Thread] DEBUG FXGLAssetLoaderServi - Loading from file system: jar:file:/C:/Users/russl/.m2/repository/com/github/almasb/fxgl/11.16/fxgl-11.16.jar!/fxglassets/textures/fxgl_icon.png
09:52:07.710 [FXGL Background Thread 4 ] DEBUG FXGLAssetLoaderServi - Loading from file system: jar:file:/C:/Users/russl/.m2/repository/com/github/almasb/fxgl/11.16/fxgl-11.16.jar!/fxglassets/ui/fonts/Abel-Regular.ttf
09:52:07.713 [FXGL Background Thread 4 ] DEBUG FXGLAssetLoaderServi - Loading from file system: jar:file:/C:/Users/russl/.m2/repository/com/github/almasb/fxgl/11.16/fxgl-11.16.jar!/fxglassets/ui/fonts/lucida_console.ttf
09:52:07.719 [FXGL Background Thread 4 ] DEBUG FXGLAssetLoaderServi - Loading from file system: jar:file:/C:/Users/russl/.m2/repository/com/github/almasb/fxgl/11.16/fxgl-11.16.jar!/fxglassets/ui/fonts/Courier-Prime.ttf
09:52:07.726 [JavaFX Application Thread] DEBUG FXGLAssetLoaderServi - Loading from file system: jar:file:/C:/Users/russl/.m2/repository/com/github/almasb/fxgl/11.16/fxgl-11.16.jar!/fxglassets/textures/fxgl_default_cursor.png
09:52:07.729 [JavaFX Application Thread] DEBUG Input                - Registered new binding: Screenshot - CTRL+8
09:52:07.729 [JavaFX Application Thread] DEBUG Input                - Registered new binding: System info dump - CTRL+9
09:52:07.730 [JavaFX Application Thread] DEBUG Input                - Registered new binding: Restart - CTRL+R
09:52:07.731 [JavaFX Application Thread] DEBUG Input                - Registered new binding: Toggle Debug Camera - CTRL+C
09:52:07.734 [JavaFX Application Thread] DEBUG LoopRunner           - Starting loop
09:52:07.735 [JavaFX Application Thread] DEBUG LoopRunner           - Initializing JavaFX AnimationTimerLoop
09:52:07.737 [JavaFX Application Thread] DEBUG GameApplicationServi - Starting new game
09:52:07.737 [JavaFX Application Thread] DEBUG Input                - Clearing active input actions
09:52:07.751 [JavaFX Application Thread] DEBUG GameApplicationServi - Removing overlay from FXGLStartupScene and adding to FXGLLoadingScene
09:52:07.752 [JavaFX Application Thread] DEBUG PrimaryStageWindow   - FXGLStartupScene -> FXGLLoadingScene
09:52:07.752 [JavaFX Application Thread] DEBUG GameApplicationServi - Clearing previous game
09:52:07.752 [JavaFX Application Thread] DEBUG GameScene            - Clearing game scene
09:52:07.752 [JavaFX Application Thread] DEBUG GameWorld            - Clearing game world
09:52:07.752 [JavaFX Application Thread] DEBUG PhysicsWorld         - Clearing physics world
09:52:07.754 [JavaFX Application Thread] DEBUG FXGLApplication      - Registering font factories with UI factory
09:52:07.754 [FXGL Background Thread 4 ] DEBUG FXGLApplication      - Initializing game
09:52:07.806 [FXGL Background Thread 4 ] WARN  TMXLevelLoader       - TiledMap generated from 1.7.1. Supported version: 1.2.3. Some features may not be parsed fully.
09:52:07.856 [FXGL Background Thread 4 ] DEBUG TMXLevelLoader       - Parsed TiledMap: file:/C:/Users/russl/IdeaProjects/cloudHopper/target/classes/assets/levels/level1.tmx
09:52:07.857 [FXGL Background Thread 4 ] DEBUG TMXLevelLoader       - Creating tile layer entities
09:52:07.857 [FXGL Background Thread 4 ] DEBUG TilesetLoader        - Loading view for layer Tile Layer 1
09:52:07.916 [FXGL Background Thread 4 ] DEBUG TilesetLoader        - Created buffer with size 20480.0x1280.0
09:52:08.014 [FXGL Background Thread 4 ] DEBUG TMXLevelLoader       - Creating object layer entities
09:52:08.037 [FXGL Background Thread 4 ] DEBUG FXGLAssetLoaderServi - Loading from file system: file:/C:/Users/russl/IdeaProjects/cloudHopper/target/classes/assets/textures/crate.png
09:52:08.053 [FXGL Background Thread 4 ] DEBUG FXGLAssetLoaderServi - Loading from file system: file:/C:/Users/russl/IdeaProjects/cloudHopper/target/classes/assets/textures/StoneBlock.png
09:52:08.060 [FXGL Background Thread 4 ] DEBUG FXGLAssetLoaderServi - Loading from file system: file:/C:/Users/russl/IdeaProjects/cloudHopper/target/classes/assets/textures/characters_packed.png
09:52:08.089 [FXGL Background Thread 4 ] DEBUG FXGLAssetLoaderServi - Loading from file system: file:/C:/Users/russl/IdeaProjects/cloudHopper/target/classes/assets/textures/keyAnimation.png
09:52:08.115 [FXGL Background Thread 4 ] DEBUG FXGLAssetLoaderServi - Loading from file system: file:/C:/Users/russl/IdeaProjects/cloudHopper/target/classes/assets/textures/starAnimation.png
09:52:08.118 [FXGL Background Thread 4 ] DEBUG GameWorld            - Clearing removable entities
09:52:08.119 [FXGL Background Thread 4 ] DEBUG GameWorld            - Setting level: com.almasb.fxgl.entity.level.Level@821422b
09:52:08.145 [FXGL Background Thread 4 ] DEBUG FXGLAssetLoaderServi - Loading from file system: file:/C:/Users/russl/IdeaProjects/cloudHopper/target/classes/assets/textures/single.png
09:52:08.148 [FXGL Background Thread 4 ] DEBUG FXGLAssetLoaderServi - Loading from file system: file:/C:/Users/russl/IdeaProjects/cloudHopper/target/classes/assets/textures/singlePushing.png
09:52:08.150 [FXGL Background Thread 4 ] DEBUG FXGLAssetLoaderServi - Loading from file system: file:/C:/Users/russl/IdeaProjects/cloudHopper/target/classes/assets/textures/z-2.png
09:52:08.178 [FXGL Background Thread 4 ] WARN  GameWorld            - Entity is already attached to world
09:52:08.179 [FXGL Background Thread 4 ] DEBUG FXGLAssetLoaderServi - Loading from file system: file:/C:/Users/russl/IdeaProjects/cloudHopper/target/classes/assets/textures/z-1.png
09:52:08.210 [FXGL Background Thread 4 ] WARN  GameWorld            - Entity is already attached to world
09:52:08.220 [FXGL Background Thread 4 ] INFO  FXGLApplication      - Game initialization took: 0.465 sec
09:52:08.220 [JavaFX Application Thread] DEBUG Input                - Clearing active input actions
09:52:08.238 [JavaFX Application Thread] DEBUG GameApplicationServi - Removing overlay from FXGLLoadingScene and adding to GameScene
09:52:08.239 [JavaFX Application Thread] DEBUG PrimaryStageWindow   - FXGLLoadingScene -> GameScene
09:52:08.575 [FXGL Background Thread 2 ] INFO  UpdaterService       - Your current version:  11.16
09:52:08.575 [FXGL Background Thread 2 ] INFO  UpdaterService       - Latest stable version: 11.17
09:52:10.659 [FXGL Background Thread 3 ] DEBUG Engine               - Logging environment variables
09:52:10.659 [FXGL Background Thread 3 ] DEBUG Engine               - achievements: []
09:52:10.659 [FXGL Background Thread 3 ] DEBUG Engine               - actualHeight: 800.0
09:52:10.660 [FXGL Background Thread 3 ] DEBUG Engine               - actualHeightProperty: ReadOnlyDoubleProperty [value: 800.0]
09:52:10.660 [FXGL Background Thread 3 ] DEBUG Engine               - actualWidth: 1000.0
09:52:10.660 [FXGL Background Thread 3 ] DEBUG Engine               - actualWidthProperty: ReadOnlyDoubleProperty [value: 1000.0]
09:52:10.660 [FXGL Background Thread 3 ] DEBUG Engine               - appIcon: fxgl_icon.png
09:52:10.660 [FXGL Background Thread 3 ] DEBUG Engine               - applicationMode: DEVELOPER
09:52:10.660 [FXGL Background Thread 3 ] DEBUG Engine               - cSSList: [fxgl_dark.css]
09:52:10.660 [FXGL Background Thread 3 ] DEBUG Engine               - collisionDetectionStrategy: BRUTE_FORCE
09:52:10.660 [FXGL Background Thread 3 ] DEBUG Engine               - configClass: Optional.empty
09:52:10.660 [FXGL Background Thread 3 ] DEBUG Engine               - credits: []
09:52:10.661 [FXGL Background Thread 3 ] DEBUG Engine               - defaultCursor: CursorInfo(imageName=fxgl_default_cursor.png, hotspotX=7.0, hotspotY=6.0)
09:52:10.661 [FXGL Background Thread 3 ] DEBUG Engine               - devBBoxColorProperty: ObjectProperty [value: 0xff0000ff]
09:52:10.661 [FXGL Background Thread 3 ] DEBUG Engine               - devEnableDebugCameraProperty: BooleanProperty [value: false]
09:52:10.661 [FXGL Background Thread 3 ] DEBUG Engine               - devSensorColorProperty: ObjectProperty [value: 0xffff00ff]
09:52:10.661 [FXGL Background Thread 3 ] DEBUG Engine               - devShowBBoxProperty: BooleanProperty [value: false]
09:52:10.661 [FXGL Background Thread 3 ] DEBUG Engine               - devShowPositionProperty: BooleanProperty [value: false]
09:52:10.661 [FXGL Background Thread 3 ] DEBUG Engine               - enabledMenuItems: []
09:52:10.662 [FXGL Background Thread 3 ] DEBUG Engine               - engineServices: [class com.almasb.fxgl.app.services.FXGLAssetLoaderService, class com.almasb.fxgl.app.FXGLApplication$GameApplicationService, class com.almasb.fxgl.app.services.FXGLDialogService, class com.almasb.fxgl.app.services.IOTaskExecutorService, class com.almasb.fxgl.io.FileSystemService, class com.almasb.fxgl.localization.LocalizationService, class com.almasb.fxgl.app.services.SystemBundleService, class com.almasb.fxgl.profile.SaveLoadService, class com.almasb.fxgl.ui.FXGLUIFactoryServiceProvider, class com.almasb.fxgl.ui.FXGLDialogFactoryServiceProvider, class com.almasb.fxgl.audio.AudioPlayer, class com.almasb.fxgl.notification.impl.NotificationServiceProvider, class com.almasb.fxgl.achievement.AchievementService, class com.almasb.fxgl.cutscene.CutsceneService, class com.almasb.fxgl.minigames.MiniGameService, class com.almasb.fxgl.net.NetService, class com.almasb.fxgl.app.services.UpdaterService, class com.almasb.fxgl.dev.DevService]
09:52:10.662 [FXGL Background Thread 3 ] DEBUG Engine               - fontGame: Abel-Regular.ttf
09:52:10.662 [FXGL Background Thread 3 ] DEBUG Engine               - fontMono: lucida_console.ttf
09:52:10.662 [FXGL Background Thread 3 ] DEBUG Engine               - fontText: Courier-Prime.ttf
09:52:10.662 [FXGL Background Thread 3 ] DEBUG Engine               - fontUI: VarelaRound-Regular.ttf
09:52:10.662 [FXGL Background Thread 3 ] DEBUG Engine               - fullScreen: BooleanProperty [value: false]
09:52:10.662 [FXGL Background Thread 3 ] DEBUG Engine               - gameDifficulty: MEDIUM
09:52:10.662 [FXGL Background Thread 3 ] DEBUG Engine               - gameDifficultyProperty: ObjectProperty [value: MEDIUM]
09:52:10.662 [FXGL Background Thread 3 ] DEBUG Engine               - globalMusicVolume: 0.5
09:52:10.662 [FXGL Background Thread 3 ] DEBUG Engine               - globalMusicVolumeProperty: DoubleProperty [value: 0.5]
09:52:10.662 [FXGL Background Thread 3 ] DEBUG Engine               - globalSoundVolume: 0.5
09:52:10.663 [FXGL Background Thread 3 ] DEBUG Engine               - globalSoundVolumeProperty: DoubleProperty [value: 0.5]
09:52:10.663 [FXGL Background Thread 3 ] DEBUG Engine               - height: 800
09:52:10.663 [FXGL Background Thread 3 ] DEBUG Engine               - is3D: false
09:52:10.663 [FXGL Background Thread 3 ] DEBUG Engine               - isAndroid: false
09:52:10.663 [FXGL Background Thread 3 ] DEBUG Engine               - isBrowser: false
09:52:10.663 [FXGL Background Thread 3 ] DEBUG Engine               - isClickFeedbackEnabled: false
09:52:10.664 [FXGL Background Thread 3 ] DEBUG Engine               - isCloseConfirmation: false
09:52:10.664 [FXGL Background Thread 3 ] DEBUG Engine               - isDesktop: true
09:52:10.664 [FXGL Background Thread 3 ] DEBUG Engine               - isDeveloperMenuEnabled: false
09:52:10.664 [FXGL Background Thread 3 ] DEBUG Engine               - isEntityPreloadEnabled: true
09:52:10.664 [FXGL Background Thread 3 ] DEBUG Engine               - isExperimentalTiledLargeMap: false
09:52:10.664 [FXGL Background Thread 3 ] DEBUG Engine               - isFileSystemWriteAllowed: true
09:52:10.664 [FXGL Background Thread 3 ] DEBUG Engine               - isFullScreenAllowed: false
09:52:10.664 [FXGL Background Thread 3 ] DEBUG Engine               - isFullScreenFromStart: false
09:52:10.664 [FXGL Background Thread 3 ] DEBUG Engine               - isGameMenuEnabled: true
09:52:10.664 [FXGL Background Thread 3 ] DEBUG Engine               - isIOS: false
09:52:10.665 [FXGL Background Thread 3 ] DEBUG Engine               - isIntroEnabled: false
09:52:10.665 [FXGL Background Thread 3 ] DEBUG Engine               - isLinux: false
09:52:10.665 [FXGL Background Thread 3 ] DEBUG Engine               - isMac: false
09:52:10.665 [FXGL Background Thread 3 ] DEBUG Engine               - isMainMenuEnabled: false
09:52:10.665 [FXGL Background Thread 3 ] DEBUG Engine               - isManualResizeEnabled: false
09:52:10.666 [FXGL Background Thread 3 ] DEBUG Engine               - isMobile: false
09:52:10.666 [FXGL Background Thread 3 ] DEBUG Engine               - isNative: false
09:52:10.666 [FXGL Background Thread 3 ] DEBUG Engine               - isPreserveResizeRatio: false
09:52:10.666 [FXGL Background Thread 3 ] DEBUG Engine               - isProfilingEnabled: false
09:52:10.666 [FXGL Background Thread 3 ] DEBUG Engine               - isScaleAffectedOnResize: true
09:52:10.666 [FXGL Background Thread 3 ] DEBUG Engine               - isSingleStep: false
09:52:10.666 [FXGL Background Thread 3 ] DEBUG Engine               - isUserProfileEnabled: false
09:52:10.666 [FXGL Background Thread 3 ] DEBUG Engine               - isWindows: true
09:52:10.666 [FXGL Background Thread 3 ] DEBUG Engine               - language: ObjectProperty [value: ENGLISH]
09:52:10.666 [FXGL Background Thread 3 ] DEBUG Engine               - menuKey: ESCAPE
09:52:10.666 [FXGL Background Thread 3 ] DEBUG Engine               - mouseSensitivity: 0.2
09:52:10.667 [FXGL Background Thread 3 ] DEBUG Engine               - notificationViewClass: class com.almasb.fxgl.notification.view.XboxNotificationView
09:52:10.667 [FXGL Background Thread 3 ] DEBUG Engine               - pixelsPerMeter: 50.0
09:52:10.667 [FXGL Background Thread 3 ] DEBUG Engine               - platform: WINDOWS
09:52:10.667 [FXGL Background Thread 3 ] DEBUG Engine               - prefHeightProperty: ReadOnlyDoubleProperty [value: 800.0]
09:52:10.667 [FXGL Background Thread 3 ] DEBUG Engine               - prefWidthProperty: ReadOnlyDoubleProperty [value: 1000.0]
09:52:10.667 [FXGL Background Thread 3 ] DEBUG Engine               - profileDir: profiles/
09:52:10.667 [FXGL Background Thread 3 ] DEBUG Engine               - profileName: StringProperty [value: DEFAULT]
09:52:10.667 [FXGL Background Thread 3 ] DEBUG Engine               - randomSeed: -1
09:52:10.667 [FXGL Background Thread 3 ] DEBUG Engine               - runtimeInfo: RuntimeInfo(platform=WINDOWS, version=11.16, build=25.05.2021 08.16)
09:52:10.667 [FXGL Background Thread 3 ] DEBUG Engine               - saveFileExt: sav
09:52:10.667 [FXGL Background Thread 3 ] DEBUG Engine               - scaledHeightProp$fxgl: DoubleProperty [bound, value: 800.0]
09:52:10.668 [FXGL Background Thread 3 ] DEBUG Engine               - scaledWidthProp$fxgl: DoubleProperty [bound, value: 1000.0]
09:52:10.668 [FXGL Background Thread 3 ] DEBUG Engine               - sceneFactory: com.almasb.fxgl.app.scene.SceneFactory@21ad1790
09:52:10.668 [FXGL Background Thread 3 ] DEBUG Engine               - secondsIn24h: 60
09:52:10.668 [FXGL Background Thread 3 ] DEBUG Engine               - soundMenuBack: menu/back.wav
09:52:10.668 [FXGL Background Thread 3 ] DEBUG Engine               - soundMenuPress: menu/press.wav
09:52:10.668 [FXGL Background Thread 3 ] DEBUG Engine               - soundMenuSelect: menu/select.wav
09:52:10.668 [FXGL Background Thread 3 ] DEBUG Engine               - soundNotification: core/notification.wav
09:52:10.668 [FXGL Background Thread 3 ] DEBUG Engine               - stageStyle: DECORATED
09:52:10.668 [FXGL Background Thread 3 ] DEBUG Engine               - supportedLanguages: [ENGLISH, FRENCH, GERMAN, HUNGARIAN, RUSSIAN]
09:52:10.669 [FXGL Background Thread 3 ] DEBUG Engine               - ticksPerSecond: -1
09:52:10.669 [FXGL Background Thread 3 ] DEBUG Engine               - title: Cloud Hopper
09:52:10.669 [FXGL Background Thread 3 ] DEBUG Engine               - urlGithub: https://github.com/AlmasB/FXGL
09:52:10.669 [FXGL Background Thread 3 ] DEBUG Engine               - urlLeaderboard: http://fxgl-top.herokuapp.com/
09:52:10.669 [FXGL Background Thread 3 ] DEBUG Engine               - urlPOM: https://raw.githubusercontent.com/AlmasB/FXGL/release/README.md
09:52:10.669 [FXGL Background Thread 3 ] DEBUG Engine               - userAppClass: class com.cloudHopper.PlatformerApp
09:52:10.669 [FXGL Background Thread 3 ] DEBUG Engine               - version: 0.1
09:52:10.669 [FXGL Background Thread 3 ] DEBUG Engine               - versionCheckDays: 7
09:52:10.669 [FXGL Background Thread 3 ] DEBUG Engine               - width: 1000
09:52:10.670 [FXGL Background Thread 3 ] DEBUG Engine               - Logging services
09:52:10.670 [FXGL Background Thread 3 ] DEBUG Engine               - class com.almasb.fxgl.app.services.FXGLAssetLoaderService
09:52:10.670 [FXGL Background Thread 3 ] DEBUG Engine               - class com.almasb.fxgl.app.FXGLApplication$GameApplicationService
09:52:10.670 [FXGL Background Thread 3 ] DEBUG Engine               - class com.almasb.fxgl.app.services.FXGLDialogService
09:52:10.670 [FXGL Background Thread 3 ] DEBUG Engine               - class com.almasb.fxgl.app.services.IOTaskExecutorService
09:52:10.670 [FXGL Background Thread 3 ] DEBUG Engine               - class com.almasb.fxgl.io.FileSystemService
09:52:10.670 [FXGL Background Thread 3 ] DEBUG Engine               - class com.almasb.fxgl.localization.LocalizationService
09:52:10.670 [FXGL Background Thread 3 ] DEBUG Engine               - class com.almasb.fxgl.app.services.SystemBundleService
09:52:10.670 [FXGL Background Thread 3 ] DEBUG Engine               - class com.almasb.fxgl.profile.SaveLoadService
09:52:10.670 [FXGL Background Thread 3 ] DEBUG Engine               - class com.almasb.fxgl.ui.FXGLUIFactoryServiceProvider
09:52:10.671 [FXGL Background Thread 3 ] DEBUG Engine               - class com.almasb.fxgl.ui.FXGLDialogFactoryServiceProvider
09:52:10.671 [FXGL Background Thread 3 ] DEBUG Engine               - class com.almasb.fxgl.audio.AudioPlayer
09:52:10.671 [FXGL Background Thread 3 ] DEBUG Engine               - class com.almasb.fxgl.notification.impl.NotificationServiceProvider
09:52:10.671 [FXGL Background Thread 3 ] DEBUG Engine               - class com.almasb.fxgl.achievement.AchievementService
09:52:10.671 [FXGL Background Thread 3 ] DEBUG Engine               - class com.almasb.fxgl.cutscene.CutsceneService
09:52:10.671 [FXGL Background Thread 3 ] DEBUG Engine               - class com.almasb.fxgl.minigames.MiniGameService
09:52:10.671 [FXGL Background Thread 3 ] DEBUG Engine               - class com.almasb.fxgl.net.NetService
09:52:10.671 [FXGL Background Thread 3 ] DEBUG Engine               - class com.almasb.fxgl.app.services.UpdaterService
09:52:10.671 [FXGL Background Thread 3 ] DEBUG Engine               - class com.almasb.fxgl.dev.DevService
09:52:11.266 [JavaFX Application Thread] DEBUG FXGLApplication      - Exiting FXGL
09:52:11.266 [JavaFX Application Thread] DEBUG LoopRunner           - Stopping loop
09:52:11.266 [JavaFX Application Thread] DEBUG SystemBundleService  - Saving FXGL system data
09:52:11.268 [JavaFX Application Thread] DEBUG FileSystemAccess     - Writing to: C:\Users\russl\IdeaProjects\cloudHopper\system\fxgl.bundle
09:52:11.270 [JavaFX Application Thread] DEBUG Async                - Shutting down background threads
09:52:11.270 [JavaFX Application Thread] DEBUG PrimaryStageWindow   - Closing main window
09:52:11.279 [JavaFX Application Thread] DEBUG Logger               - Closing Logger
