20:57:59.086 [main                     ] DEBUG Logger               - Configured Logger
20:57:59.092 [main                     ] DEBUG GameApplication      - Logging settings
Title: Cloud Hopper
Version: 0.1
Width: 1000
Height: 800
Fullscreen: false
Intro: false
Profiling: false
Single step:false
App Mode: DEVELOPER
Menu Key: ESCAPE
Stage Style: DECORATED
Scene Factory: class com.almasb.fxgl.app.scene.SceneFactory

20:57:59.671 [JavaFX Application Thread] DEBUG FXGLApplication      - Initializing FXGL
20:57:59.674 [JavaFX Application Thread] INFO  Engine               - FXGL-11.16 (25.05.2021 08.16) on WINDOWS (J:16 FX:16)
20:57:59.674 [JavaFX Application Thread] DEBUG Engine               - JRE Vendor Name: Oracle Corporation
20:57:59.674 [JavaFX Application Thread] DEBUG Engine               - Running on OS: Windows 10 version 10.0
20:57:59.675 [JavaFX Application Thread] DEBUG Engine               - Architecture: amd64
20:57:59.675 [JavaFX Application Thread] INFO  Engine               - Source code and latest versions at: https://github.com/AlmasB/FXGL
20:57:59.675 [JavaFX Application Thread] INFO  Engine               -              Join the FXGL chat at: https://gitter.im/AlmasB/FXGL
20:57:59.839 [JavaFX Application Thread] DEBUG PrimaryStageWindow   - Creating a JavaFX scene
20:57:59.913 [JavaFX Application Thread] DEBUG PrimaryStageWindow   - Target settings size: 1000.0 x 800.0
20:57:59.914 [JavaFX Application Thread] DEBUG PrimaryStageWindow   - Scaled scene size:    1000.0 x 800.0
20:57:59.914 [JavaFX Application Thread] DEBUG PrimaryStageWindow   - Scaled ratio: (1.0, 1.0)
20:57:59.915 [JavaFX Application Thread] DEBUG PrimaryStageWindow   - Set initial scene to FXGLStartupScene
20:57:59.926 [JavaFX Application Thread] DEBUG PrimaryStageWindow   - Opening main window
20:58:00.026 [JavaFX Application Thread] DEBUG PrimaryStageWindow   - Window border size: (16.0, 39.0)
20:58:00.026 [JavaFX Application Thread] DEBUG PrimaryStageWindow   - Scaled size: 1000.0 x 800.0
20:58:00.027 [JavaFX Application Thread] DEBUG PrimaryStageWindow   - Scaled ratio: (1.0, 1.0)
20:58:00.027 [JavaFX Application Thread] DEBUG PrimaryStageWindow   - Scene size: 1000.0 x 800.0
20:58:00.027 [JavaFX Application Thread] DEBUG PrimaryStageWindow   - Stage size: 1016.0 x 839.0
20:58:00.042 [FXGL Background Thread 1 ] DEBUG Engine               - Initializing environment variables
20:58:00.099 [FXGL Background Thread 1 ] DEBUG FXGLAssetLoaderServi - User app class for loading assets: class com.cloudHopper.PlatformerApp
20:58:00.100 [FXGL Background Thread 1 ] DEBUG GameApplicationServi - Applying CSS: fxgl_dark.css
20:58:00.101 [FXGL Background Thread 1 ] DEBUG FXGLAssetLoaderServi - Loading from file system: jar:file:/C:/Users/russl/.m2/repository/com/github/almasb/fxgl/11.16/fxgl-11.16.jar!/fxglassets/ui/css/fxgl_dark.css
20:58:00.160 [FXGL Background Thread 1 ] DEBUG GameApplicationServi - Initializing application scenes
20:58:00.207 [FXGL Background Thread 1 ] DEBUG GameWorld            - Game world initialized
20:58:00.287 [FXGL Background Thread 1 ] DEBUG PhysicsWorld         - Physics world initialized: appHeight=800, physics.ppm=50.0
20:58:00.287 [FXGL Background Thread 1 ] DEBUG PhysicsWorld         - Using strategy: BRUTE_FORCE
20:58:00.292 [FXGL Background Thread 1 ] DEBUG GameScene            - Game scene initialized: 1000x800
20:58:00.312 [FXGL Background Thread 1 ] DEBUG FXGL.DefaultMenu     - createMenuBodyGameMenu()
20:58:00.333 [FXGL Background Thread 1 ] DEBUG FXGL.DefaultMenu     - createOptionsMenu()
20:58:00.344 [FXGL Background Thread 1 ] DEBUG FXGLAssetLoaderServi - Loading from file system: jar:file:/C:/Users/russl/.m2/repository/com/github/almasb/fxgl/11.16/fxgl-11.16.jar!/fxglassets/textures/particles/smoke.png
20:58:00.456 [FXGL Background Thread 1 ] DEBUG FXGLAssetLoaderServi - Loading from file system: jar:file:/C:/Users/russl/.m2/repository/com/github/almasb/fxgl/11.16/fxgl-11.16.jar!/fxglassets/textures/particles/trace_horizontal.png
20:58:00.497 [FXGL Background Thread 1 ] DEBUG GameApplicationServi - Application scenes initialized
20:58:00.508 [FXGL Background Thread 1 ] DEBUG SystemBundleService  - Loading FXGL system data
20:58:00.512 [FXGL Background Thread 1 ] DEBUG FileSystemAccess     - Reading from: C:\Users\russl\IdeaProjects\TestProject2\system\fxgl.bundle
20:58:00.518 [FXGL Background Thread 1 ] DEBUG SystemBundleService  - Bundle FXGL: {}
20:58:00.518 [FXGL Background Thread 1 ] DEBUG UpdaterService       - Checking for updates
20:58:00.523 [FXGL Background Thread 4 ] DEBUG FXGLApplication      - Loading fonts
20:58:00.524 [FXGL Background Thread 4 ] DEBUG FXGLAssetLoaderServi - Loading from file system: jar:file:/C:/Users/russl/.m2/repository/com/github/almasb/fxgl/11.16/fxgl-11.16.jar!/fxglassets/ui/fonts/VarelaRound-Regular.ttf
20:58:00.524 [FXGL Background Thread 1 ] DEBUG FXGLApplication      - Loading default localization
20:58:00.524 [FXGL Background Thread 1 ] DEBUG FXGLAssetLoaderServi - Loading from file system: jar:file:/C:/Users/russl/.m2/repository/com/github/almasb/fxgl/11.16/fxgl-11.16.jar!/fxglassets/languages/english.lang
20:58:00.552 [FXGL Background Thread 1 ] INFO  FXGLApplication      - FXGL initialization took: 0.509 sec
20:58:00.567 [JavaFX Application Thread] DEBUG Input                - Registered new binding: action0 - A
20:58:00.568 [JavaFX Application Thread] DEBUG Input                - Registered new binding: action1 - D
20:58:00.569 [JavaFX Application Thread] DEBUG Input                - Registered new binding: action2 - Space
20:58:00.569 [JavaFX Application Thread] DEBUG Input                - Registered new binding: action3 - W
20:58:00.570 [JavaFX Application Thread] DEBUG FXGLAssetLoaderServi - Loading from file system: jar:file:/C:/Users/russl/.m2/repository/com/github/almasb/fxgl/11.16/fxgl-11.16.jar!/fxglassets/textures/fxgl_icon.png
20:58:00.576 [FXGL Background Thread 4 ] DEBUG FXGLAssetLoaderServi - Loading from file system: jar:file:/C:/Users/russl/.m2/repository/com/github/almasb/fxgl/11.16/fxgl-11.16.jar!/fxglassets/ui/fonts/Abel-Regular.ttf
20:58:00.580 [FXGL Background Thread 4 ] DEBUG FXGLAssetLoaderServi - Loading from file system: jar:file:/C:/Users/russl/.m2/repository/com/github/almasb/fxgl/11.16/fxgl-11.16.jar!/fxglassets/ui/fonts/lucida_console.ttf
20:58:00.585 [FXGL Background Thread 4 ] DEBUG FXGLAssetLoaderServi - Loading from file system: jar:file:/C:/Users/russl/.m2/repository/com/github/almasb/fxgl/11.16/fxgl-11.16.jar!/fxglassets/ui/fonts/Courier-Prime.ttf
20:58:00.599 [JavaFX Application Thread] DEBUG FXGLAssetLoaderServi - Loading from file system: jar:file:/C:/Users/russl/.m2/repository/com/github/almasb/fxgl/11.16/fxgl-11.16.jar!/fxglassets/textures/fxgl_default_cursor.png
20:58:00.602 [JavaFX Application Thread] DEBUG Input                - Registered new binding: Screenshot - CTRL+8
20:58:00.603 [JavaFX Application Thread] DEBUG Input                - Registered new binding: System info dump - CTRL+9
20:58:00.604 [JavaFX Application Thread] DEBUG Input                - Registered new binding: Restart - CTRL+R
20:58:00.605 [JavaFX Application Thread] DEBUG Input                - Registered new binding: Toggle Debug Camera - CTRL+C
20:58:00.608 [JavaFX Application Thread] DEBUG LoopRunner           - Starting loop
20:58:00.608 [JavaFX Application Thread] DEBUG LoopRunner           - Initializing JavaFX AnimationTimerLoop
20:58:00.610 [JavaFX Application Thread] DEBUG GameApplicationServi - Starting new game
20:58:00.611 [JavaFX Application Thread] DEBUG Input                - Clearing active input actions
20:58:00.626 [JavaFX Application Thread] DEBUG GameApplicationServi - Removing overlay from FXGLStartupScene and adding to FXGLLoadingScene
20:58:00.627 [JavaFX Application Thread] DEBUG PrimaryStageWindow   - FXGLStartupScene -> FXGLLoadingScene
20:58:00.627 [JavaFX Application Thread] DEBUG GameApplicationServi - Clearing previous game
20:58:00.627 [JavaFX Application Thread] DEBUG GameScene            - Clearing game scene
20:58:00.627 [JavaFX Application Thread] DEBUG GameWorld            - Clearing game world
20:58:00.627 [JavaFX Application Thread] DEBUG PhysicsWorld         - Clearing physics world
20:58:00.630 [FXGL Background Thread 4 ] DEBUG FXGLApplication      - Initializing game
20:58:00.700 [FXGL Background Thread 4 ] WARN  TMXLevelLoader       - TiledMap generated from 1.7.1. Supported version: 1.2.3. Some features may not be parsed fully.
20:58:00.747 [FXGL Background Thread 4 ] DEBUG TMXLevelLoader       - Parsed TiledMap: file:/C:/Users/russl/IdeaProjects/TestProject2/target/classes/assets/levels/level1.tmx
20:58:00.749 [FXGL Background Thread 4 ] DEBUG TMXLevelLoader       - Creating tile layer entities
20:58:00.750 [FXGL Background Thread 4 ] DEBUG TilesetLoader        - Loading view for layer Tile Layer 1
20:58:00.803 [FXGL Background Thread 4 ] DEBUG TilesetLoader        - Created buffer with size 20480.0x1280.0
20:58:00.907 [FXGL Background Thread 4 ] DEBUG TMXLevelLoader       - Creating object layer entities
20:58:00.932 [FXGL Background Thread 4 ] DEBUG FXGLAssetLoaderServi - Loading from file system: file:/C:/Users/russl/IdeaProjects/TestProject2/target/classes/assets/textures/crate.png
20:58:00.949 [FXGL Background Thread 4 ] DEBUG FXGLAssetLoaderServi - Loading from file system: file:/C:/Users/russl/IdeaProjects/TestProject2/target/classes/assets/textures/StoneBlock.png
20:58:00.958 [FXGL Background Thread 4 ] DEBUG FXGLAssetLoaderServi - Loading from file system: file:/C:/Users/russl/IdeaProjects/TestProject2/target/classes/assets/textures/characters_packed.png
20:58:00.993 [FXGL Background Thread 4 ] DEBUG FXGLAssetLoaderServi - Loading from file system: file:/C:/Users/russl/IdeaProjects/TestProject2/target/classes/assets/textures/keyAnimation.png
20:58:01.004 [FXGL Background Thread 4 ] DEBUG GameWorld            - Clearing removable entities
20:58:01.004 [FXGL Background Thread 4 ] DEBUG GameWorld            - Setting level: com.almasb.fxgl.entity.level.Level@324ed73e
20:58:01.032 [FXGL Background Thread 4 ] DEBUG FXGLAssetLoaderServi - Loading from file system: file:/C:/Users/russl/IdeaProjects/TestProject2/target/classes/assets/textures/player_idle.png
20:58:01.034 [FXGL Background Thread 4 ] DEBUG FXGLAssetLoaderServi - Loading from file system: file:/C:/Users/russl/IdeaProjects/TestProject2/target/classes/assets/textures/player_walking.png
20:58:01.038 [FXGL Background Thread 4 ] DEBUG FXGLAssetLoaderServi - Loading from file system: file:/C:/Users/russl/IdeaProjects/TestProject2/target/classes/assets/textures/bgPyramid.png
20:58:01.091 [FXGL Background Thread 4 ] WARN  GameWorld            - Entity is already attached to world
20:58:01.091 [FXGL Background Thread 4 ] DEBUG FXGLAssetLoaderServi - Loading from file system: file:/C:/Users/russl/IdeaProjects/TestProject2/target/classes/assets/textures/bgTower.png
20:58:01.128 [FXGL Background Thread 4 ] WARN  GameWorld            - Entity is already attached to world
20:58:01.128 [FXGL Background Thread 4 ] DEBUG FXGLAssetLoaderServi - Loading from file system: file:/C:/Users/russl/IdeaProjects/TestProject2/target/classes/assets/textures/BG.png
20:58:01.173 [FXGL Background Thread 4 ] WARN  GameWorld            - Entity is already attached to world
20:58:01.180 [FXGL Background Thread 4 ] INFO  FXGLApplication      - Game initialization took: 0.551 sec
20:58:01.185 [JavaFX Application Thread] DEBUG Input                - Clearing active input actions
20:58:01.186 [FXGL Background Thread 2 ] INFO  UpdaterService       - Your current version:  11.16
20:58:01.186 [FXGL Background Thread 2 ] INFO  UpdaterService       - Latest stable version: 11.17
20:58:01.201 [JavaFX Application Thread] DEBUG GameApplicationServi - Removing overlay from FXGLLoadingScene and adding to GameScene
20:58:01.201 [JavaFX Application Thread] DEBUG PrimaryStageWindow   - FXGLLoadingScene -> GameScene
20:58:03.522 [FXGL Background Thread 3 ] DEBUG Engine               - Logging environment variables
20:58:03.522 [FXGL Background Thread 3 ] DEBUG Engine               - achievements: []
20:58:03.522 [FXGL Background Thread 3 ] DEBUG Engine               - actualHeight: 800.0
20:58:03.522 [FXGL Background Thread 3 ] DEBUG Engine               - actualHeightProperty: ReadOnlyDoubleProperty [value: 800.0]
20:58:03.522 [FXGL Background Thread 3 ] DEBUG Engine               - actualWidth: 1000.0
20:58:03.523 [FXGL Background Thread 3 ] DEBUG Engine               - actualWidthProperty: ReadOnlyDoubleProperty [value: 1000.0]
20:58:03.523 [FXGL Background Thread 3 ] DEBUG Engine               - appIcon: fxgl_icon.png
20:58:03.523 [FXGL Background Thread 3 ] DEBUG Engine               - applicationMode: DEVELOPER
20:58:03.523 [FXGL Background Thread 3 ] DEBUG Engine               - cSSList: [fxgl_dark.css]
20:58:03.523 [FXGL Background Thread 3 ] DEBUG Engine               - collisionDetectionStrategy: BRUTE_FORCE
20:58:03.523 [FXGL Background Thread 3 ] DEBUG Engine               - configClass: Optional.empty
20:58:03.523 [FXGL Background Thread 3 ] DEBUG Engine               - credits: []
20:58:03.523 [FXGL Background Thread 3 ] DEBUG Engine               - defaultCursor: CursorInfo(imageName=fxgl_default_cursor.png, hotspotX=7.0, hotspotY=6.0)
20:58:03.524 [FXGL Background Thread 3 ] DEBUG Engine               - devBBoxColorProperty: ObjectProperty [value: 0xff0000ff]
20:58:03.524 [FXGL Background Thread 3 ] DEBUG Engine               - devEnableDebugCameraProperty: BooleanProperty [value: false]
20:58:03.524 [FXGL Background Thread 3 ] DEBUG Engine               - devSensorColorProperty: ObjectProperty [value: 0xffff00ff]
20:58:03.524 [FXGL Background Thread 3 ] DEBUG Engine               - devShowBBoxProperty: BooleanProperty [value: false]
20:58:03.524 [FXGL Background Thread 3 ] DEBUG Engine               - devShowPositionProperty: BooleanProperty [value: false]
20:58:03.524 [FXGL Background Thread 3 ] DEBUG Engine               - enabledMenuItems: []
20:58:03.524 [FXGL Background Thread 3 ] DEBUG Engine               - engineServices: [class com.almasb.fxgl.app.services.FXGLAssetLoaderService, class com.almasb.fxgl.app.FXGLApplication$GameApplicationService, class com.almasb.fxgl.app.services.FXGLDialogService, class com.almasb.fxgl.app.services.IOTaskExecutorService, class com.almasb.fxgl.io.FileSystemService, class com.almasb.fxgl.localization.LocalizationService, class com.almasb.fxgl.app.services.SystemBundleService, class com.almasb.fxgl.profile.SaveLoadService, class com.almasb.fxgl.ui.FXGLUIFactoryServiceProvider, class com.almasb.fxgl.ui.FXGLDialogFactoryServiceProvider, class com.almasb.fxgl.audio.AudioPlayer, class com.almasb.fxgl.notification.impl.NotificationServiceProvider, class com.almasb.fxgl.achievement.AchievementService, class com.almasb.fxgl.cutscene.CutsceneService, class com.almasb.fxgl.minigames.MiniGameService, class com.almasb.fxgl.net.NetService, class com.almasb.fxgl.app.services.UpdaterService, class com.almasb.fxgl.dev.DevService]
20:58:03.524 [FXGL Background Thread 3 ] DEBUG Engine               - fontGame: Abel-Regular.ttf
20:58:03.524 [FXGL Background Thread 3 ] DEBUG Engine               - fontMono: lucida_console.ttf
20:58:03.525 [FXGL Background Thread 3 ] DEBUG Engine               - fontText: Courier-Prime.ttf
20:58:03.525 [FXGL Background Thread 3 ] DEBUG Engine               - fontUI: VarelaRound-Regular.ttf
20:58:03.525 [FXGL Background Thread 3 ] DEBUG Engine               - fullScreen: BooleanProperty [value: false]
20:58:03.525 [FXGL Background Thread 3 ] DEBUG Engine               - gameDifficulty: MEDIUM
20:58:03.525 [FXGL Background Thread 3 ] DEBUG Engine               - gameDifficultyProperty: ObjectProperty [value: MEDIUM]
20:58:03.525 [FXGL Background Thread 3 ] DEBUG Engine               - globalMusicVolume: 0.5
20:58:03.525 [FXGL Background Thread 3 ] DEBUG Engine               - globalMusicVolumeProperty: DoubleProperty [value: 0.5]
20:58:03.525 [FXGL Background Thread 3 ] DEBUG Engine               - globalSoundVolume: 0.5
20:58:03.525 [FXGL Background Thread 3 ] DEBUG Engine               - globalSoundVolumeProperty: DoubleProperty [value: 0.5]
20:58:03.526 [FXGL Background Thread 3 ] DEBUG Engine               - height: 800
20:58:03.526 [FXGL Background Thread 3 ] DEBUG Engine               - is3D: false
20:58:03.526 [FXGL Background Thread 3 ] DEBUG Engine               - isAndroid: false
20:58:03.526 [FXGL Background Thread 3 ] DEBUG Engine               - isBrowser: false
20:58:03.526 [FXGL Background Thread 3 ] DEBUG Engine               - isClickFeedbackEnabled: false
20:58:03.526 [FXGL Background Thread 3 ] DEBUG Engine               - isCloseConfirmation: false
20:58:03.526 [FXGL Background Thread 3 ] DEBUG Engine               - isDesktop: true
20:58:03.526 [FXGL Background Thread 3 ] DEBUG Engine               - isDeveloperMenuEnabled: false
20:58:03.526 [FXGL Background Thread 3 ] DEBUG Engine               - isEntityPreloadEnabled: true
20:58:03.527 [FXGL Background Thread 3 ] DEBUG Engine               - isExperimentalTiledLargeMap: false
20:58:03.527 [FXGL Background Thread 3 ] DEBUG Engine               - isFileSystemWriteAllowed: true
20:58:03.527 [FXGL Background Thread 3 ] DEBUG Engine               - isFullScreenAllowed: false
20:58:03.527 [FXGL Background Thread 3 ] DEBUG Engine               - isFullScreenFromStart: false
20:58:03.527 [FXGL Background Thread 3 ] DEBUG Engine               - isGameMenuEnabled: true
20:58:03.527 [FXGL Background Thread 3 ] DEBUG Engine               - isIOS: false
20:58:03.527 [FXGL Background Thread 3 ] DEBUG Engine               - isIntroEnabled: false
20:58:03.527 [FXGL Background Thread 3 ] DEBUG Engine               - isLinux: false
20:58:03.527 [FXGL Background Thread 3 ] DEBUG Engine               - isMac: false
20:58:03.527 [FXGL Background Thread 3 ] DEBUG Engine               - isMainMenuEnabled: false
20:58:03.527 [FXGL Background Thread 3 ] DEBUG Engine               - isManualResizeEnabled: false
20:58:03.527 [FXGL Background Thread 3 ] DEBUG Engine               - isMobile: false
20:58:03.527 [FXGL Background Thread 3 ] DEBUG Engine               - isNative: false
20:58:03.527 [FXGL Background Thread 3 ] DEBUG Engine               - isPreserveResizeRatio: false
20:58:03.528 [FXGL Background Thread 3 ] DEBUG Engine               - isProfilingEnabled: false
20:58:03.528 [FXGL Background Thread 3 ] DEBUG Engine               - isScaleAffectedOnResize: true
20:58:03.528 [FXGL Background Thread 3 ] DEBUG Engine               - isSingleStep: false
20:58:03.528 [FXGL Background Thread 3 ] DEBUG Engine               - isUserProfileEnabled: false
20:58:03.528 [FXGL Background Thread 3 ] DEBUG Engine               - isWindows: true
20:58:03.528 [FXGL Background Thread 3 ] DEBUG Engine               - language: ObjectProperty [value: ENGLISH]
20:58:03.528 [FXGL Background Thread 3 ] DEBUG Engine               - menuKey: ESCAPE
20:58:03.528 [FXGL Background Thread 3 ] DEBUG Engine               - mouseSensitivity: 0.2
20:58:03.528 [FXGL Background Thread 3 ] DEBUG Engine               - notificationViewClass: class com.almasb.fxgl.notification.view.XboxNotificationView
20:58:03.528 [FXGL Background Thread 3 ] DEBUG Engine               - pixelsPerMeter: 50.0
20:58:03.528 [FXGL Background Thread 3 ] DEBUG Engine               - platform: WINDOWS
20:58:03.529 [FXGL Background Thread 3 ] DEBUG Engine               - prefHeightProperty: ReadOnlyDoubleProperty [value: 800.0]
20:58:03.529 [FXGL Background Thread 3 ] DEBUG Engine               - prefWidthProperty: ReadOnlyDoubleProperty [value: 1000.0]
20:58:03.529 [FXGL Background Thread 3 ] DEBUG Engine               - profileDir: profiles/
20:58:03.529 [FXGL Background Thread 3 ] DEBUG Engine               - profileName: StringProperty [value: DEFAULT]
20:58:03.529 [FXGL Background Thread 3 ] DEBUG Engine               - randomSeed: -1
20:58:03.529 [FXGL Background Thread 3 ] DEBUG Engine               - runtimeInfo: RuntimeInfo(platform=WINDOWS, version=11.16, build=25.05.2021 08.16)
20:58:03.529 [FXGL Background Thread 3 ] DEBUG Engine               - saveFileExt: sav
20:58:03.529 [FXGL Background Thread 3 ] DEBUG Engine               - scaledHeightProp$fxgl: DoubleProperty [bound, value: 800.0]
20:58:03.530 [FXGL Background Thread 3 ] DEBUG Engine               - scaledWidthProp$fxgl: DoubleProperty [bound, value: 1000.0]
20:58:03.530 [FXGL Background Thread 3 ] DEBUG Engine               - sceneFactory: com.almasb.fxgl.app.scene.SceneFactory@62cbc2a3
20:58:03.530 [FXGL Background Thread 3 ] DEBUG Engine               - secondsIn24h: 60
20:58:03.530 [FXGL Background Thread 3 ] DEBUG Engine               - soundMenuBack: menu/back.wav
20:58:03.530 [FXGL Background Thread 3 ] DEBUG Engine               - soundMenuPress: menu/press.wav
20:58:03.530 [FXGL Background Thread 3 ] DEBUG Engine               - soundMenuSelect: menu/select.wav
20:58:03.530 [FXGL Background Thread 3 ] DEBUG Engine               - soundNotification: core/notification.wav
20:58:03.530 [FXGL Background Thread 3 ] DEBUG Engine               - stageStyle: DECORATED
20:58:03.530 [FXGL Background Thread 3 ] DEBUG Engine               - supportedLanguages: [ENGLISH, FRENCH, GERMAN, HUNGARIAN, RUSSIAN]
20:58:03.530 [FXGL Background Thread 3 ] DEBUG Engine               - ticksPerSecond: -1
20:58:03.530 [FXGL Background Thread 3 ] DEBUG Engine               - title: Cloud Hopper
20:58:03.530 [FXGL Background Thread 3 ] DEBUG Engine               - urlGithub: https://github.com/AlmasB/FXGL
20:58:03.531 [FXGL Background Thread 3 ] DEBUG Engine               - urlLeaderboard: http://fxgl-top.herokuapp.com/
20:58:03.531 [FXGL Background Thread 3 ] DEBUG Engine               - urlPOM: https://raw.githubusercontent.com/AlmasB/FXGL/release/README.md
20:58:03.531 [FXGL Background Thread 3 ] DEBUG Engine               - userAppClass: class com.cloudHopper.PlatformerApp
20:58:03.531 [FXGL Background Thread 3 ] DEBUG Engine               - version: 0.1
20:58:03.531 [FXGL Background Thread 3 ] DEBUG Engine               - versionCheckDays: 7
20:58:03.531 [FXGL Background Thread 3 ] DEBUG Engine               - width: 1000
20:58:03.531 [FXGL Background Thread 3 ] DEBUG Engine               - Logging services
20:58:03.531 [FXGL Background Thread 3 ] DEBUG Engine               - class com.almasb.fxgl.app.services.FXGLAssetLoaderService
20:58:03.531 [FXGL Background Thread 3 ] DEBUG Engine               - class com.almasb.fxgl.app.FXGLApplication$GameApplicationService
20:58:03.531 [FXGL Background Thread 3 ] DEBUG Engine               - class com.almasb.fxgl.app.services.FXGLDialogService
20:58:03.531 [FXGL Background Thread 3 ] DEBUG Engine               - class com.almasb.fxgl.app.services.IOTaskExecutorService
20:58:03.531 [FXGL Background Thread 3 ] DEBUG Engine               - class com.almasb.fxgl.io.FileSystemService
20:58:03.531 [FXGL Background Thread 3 ] DEBUG Engine               - class com.almasb.fxgl.localization.LocalizationService
20:58:03.532 [FXGL Background Thread 3 ] DEBUG Engine               - class com.almasb.fxgl.app.services.SystemBundleService
20:58:03.532 [FXGL Background Thread 3 ] DEBUG Engine               - class com.almasb.fxgl.profile.SaveLoadService
20:58:03.532 [FXGL Background Thread 3 ] DEBUG Engine               - class com.almasb.fxgl.ui.FXGLUIFactoryServiceProvider
20:58:03.532 [FXGL Background Thread 3 ] DEBUG Engine               - class com.almasb.fxgl.ui.FXGLDialogFactoryServiceProvider
20:58:03.532 [FXGL Background Thread 3 ] DEBUG Engine               - class com.almasb.fxgl.audio.AudioPlayer
20:58:03.532 [FXGL Background Thread 3 ] DEBUG Engine               - class com.almasb.fxgl.notification.impl.NotificationServiceProvider
20:58:03.532 [FXGL Background Thread 3 ] DEBUG Engine               - class com.almasb.fxgl.achievement.AchievementService
20:58:03.532 [FXGL Background Thread 3 ] DEBUG Engine               - class com.almasb.fxgl.cutscene.CutsceneService
20:58:03.532 [FXGL Background Thread 3 ] DEBUG Engine               - class com.almasb.fxgl.minigames.MiniGameService
20:58:03.532 [FXGL Background Thread 3 ] DEBUG Engine               - class com.almasb.fxgl.net.NetService
20:58:03.532 [FXGL Background Thread 3 ] DEBUG Engine               - class com.almasb.fxgl.app.services.UpdaterService
20:58:03.533 [FXGL Background Thread 3 ] DEBUG Engine               - class com.almasb.fxgl.dev.DevService
20:58:13.190 [JavaFX Application Thread] DEBUG PrimaryStageWindow   - Push state: DialogSubScene
20:58:13.190 [JavaFX Application Thread] DEBUG Input                - Clearing active input actions
20:58:13.193 [JavaFX Application Thread] DEBUG GameApplicationServi - Removing overlay from GameScene and adding to DialogSubScene
20:58:13.194 [JavaFX Application Thread] DEBUG PrimaryStageWindow   - GameScene -> DialogSubScene
20:58:14.815 [JavaFX Application Thread] DEBUG PrimaryStageWindow   - Pop state: DialogSubScene
20:58:14.816 [JavaFX Application Thread] DEBUG Input                - Clearing active input actions
20:58:14.816 [JavaFX Application Thread] DEBUG GameApplicationServi - Removing overlay from DialogSubScene and adding to GameScene
20:58:14.817 [JavaFX Application Thread] DEBUG PrimaryStageWindow   - GameScene <- DialogSubScene
20:58:17.717 [JavaFX Application Thread] DEBUG FXGLAssetLoaderServi - Loading from file system: file:/C:/Users/russl/IdeaProjects/TestProject2/target/classes/assets/textures/key.png
20:58:18.661 [JavaFX Application Thread] DEBUG FXGLAssetLoaderServi - Loading from file system: file:/C:/Users/russl/IdeaProjects/TestProject2/target/classes/assets/textures/floatingPlatform.png
20:58:18.665 [JavaFX Application Thread] DEBUG PrimaryStageWindow   - Push state: DialogSubScene
20:58:18.665 [JavaFX Application Thread] DEBUG Input                - Clearing active input actions
20:58:18.665 [JavaFX Application Thread] DEBUG GameApplicationServi - Removing overlay from GameScene and adding to DialogSubScene
20:58:18.665 [JavaFX Application Thread] DEBUG PrimaryStageWindow   - GameScene -> DialogSubScene
20:58:21.387 [JavaFX Application Thread] DEBUG PrimaryStageWindow   - Pop state: DialogSubScene
20:58:21.387 [JavaFX Application Thread] DEBUG Input                - Clearing active input actions
20:58:21.387 [JavaFX Application Thread] DEBUG GameApplicationServi - Removing overlay from DialogSubScene and adding to GameScene
20:58:21.387 [JavaFX Application Thread] DEBUG PrimaryStageWindow   - GameScene <- DialogSubScene
20:58:37.061 [JavaFX Application Thread] DEBUG PrimaryStageWindow   - Push state: DialogSubScene
20:58:37.061 [JavaFX Application Thread] DEBUG Input                - Clearing active input actions
20:58:37.061 [JavaFX Application Thread] DEBUG GameApplicationServi - Removing overlay from GameScene and adding to DialogSubScene
20:58:37.062 [JavaFX Application Thread] DEBUG PrimaryStageWindow   - GameScene -> DialogSubScene
20:58:38.827 [JavaFX Application Thread] DEBUG PrimaryStageWindow   - Pop state: DialogSubScene
20:58:38.827 [JavaFX Application Thread] DEBUG Input                - Clearing active input actions
20:58:38.828 [JavaFX Application Thread] DEBUG GameApplicationServi - Removing overlay from DialogSubScene and adding to GameScene
20:58:38.828 [JavaFX Application Thread] DEBUG PrimaryStageWindow   - GameScene <- DialogSubScene
20:58:40.084 [JavaFX Application Thread] DEBUG PrimaryStageWindow   - Push state: DialogSubScene
20:58:40.084 [JavaFX Application Thread] DEBUG Input                - Clearing active input actions
20:58:40.085 [JavaFX Application Thread] DEBUG GameApplicationServi - Removing overlay from GameScene and adding to DialogSubScene
20:58:40.085 [JavaFX Application Thread] DEBUG PrimaryStageWindow   - GameScene -> DialogSubScene
20:58:41.284 [JavaFX Application Thread] DEBUG PrimaryStageWindow   - Pop state: DialogSubScene
20:58:41.284 [JavaFX Application Thread] DEBUG Input                - Clearing active input actions
20:58:41.285 [JavaFX Application Thread] DEBUG GameApplicationServi - Removing overlay from DialogSubScene and adding to GameScene
20:58:41.285 [JavaFX Application Thread] DEBUG PrimaryStageWindow   - GameScene <- DialogSubScene
20:58:51.250 [JavaFX Application Thread] DEBUG FXGLAssetLoaderServi - Loading from file system: file:/C:/Users/russl/IdeaProjects/TestProject2/target/classes/assets/textures/stone.png
21:05:18.038 [JavaFX Application Thread] DEBUG PrimaryStageWindow   - Push state: DialogSubScene
21:05:18.039 [JavaFX Application Thread] DEBUG Input                - Clearing active input actions
21:05:18.039 [JavaFX Application Thread] DEBUG GameApplicationServi - Removing overlay from GameScene and adding to DialogSubScene
21:05:18.039 [JavaFX Application Thread] DEBUG PrimaryStageWindow   - GameScene -> DialogSubScene
21:05:39.876 [JavaFX Application Thread] DEBUG PrimaryStageWindow   - Pop state: DialogSubScene
21:05:39.876 [JavaFX Application Thread] DEBUG Input                - Clearing active input actions
21:05:39.877 [JavaFX Application Thread] DEBUG GameApplicationServi - Removing overlay from DialogSubScene and adding to GameScene
21:05:39.877 [JavaFX Application Thread] DEBUG PrimaryStageWindow   - GameScene <- DialogSubScene
21:05:39.878 [JavaFX Application Thread] DEBUG PrimaryStageWindow   - Push state: DialogSubScene
21:05:39.878 [JavaFX Application Thread] DEBUG Input                - Clearing active input actions
21:05:39.878 [JavaFX Application Thread] DEBUG GameApplicationServi - Removing overlay from GameScene and adding to DialogSubScene
21:05:39.878 [JavaFX Application Thread] DEBUG PrimaryStageWindow   - GameScene -> DialogSubScene
21:05:41.034 [JavaFX Application Thread] DEBUG PrimaryStageWindow   - Pop state: DialogSubScene
21:05:41.034 [JavaFX Application Thread] DEBUG Input                - Clearing active input actions
21:05:41.035 [JavaFX Application Thread] DEBUG GameApplicationServi - Removing overlay from DialogSubScene and adding to GameScene
21:05:41.035 [JavaFX Application Thread] DEBUG PrimaryStageWindow   - GameScene <- DialogSubScene
21:05:41.035 [JavaFX Application Thread] DEBUG FXGLApplication      - Exiting FXGL
21:05:41.035 [JavaFX Application Thread] DEBUG LoopRunner           - Stopping loop
21:05:41.035 [JavaFX Application Thread] DEBUG SystemBundleService  - Saving FXGL system data
21:05:41.037 [JavaFX Application Thread] DEBUG FileSystemAccess     - Writing to: C:\Users\russl\IdeaProjects\TestProject2\system\fxgl.bundle
21:05:41.038 [JavaFX Application Thread] DEBUG Async                - Shutting down background threads
21:05:41.038 [JavaFX Application Thread] DEBUG PrimaryStageWindow   - Closing main window
21:05:41.048 [JavaFX Application Thread] DEBUG Logger               - Closing Logger
