15:36:49.424 [main                     ] DEBUG Logger               - Configured Logger
15:36:49.430 [main                     ] DEBUG GameApplication      - Logging settings
Title: Cloud Hopper
Version: 0.1
Width: 1000
Height: 800
Fullscreen: false
Intro: false
Profiling: false
Single step:false
App Mode: DEVELOPER
Menu Key: ESCAPE
Stage Style: DECORATED
Scene Factory: class com.almasb.fxgl.app.scene.SceneFactory

15:36:50.001 [JavaFX Application Thread] DEBUG FXGLApplication      - Initializing FXGL
15:36:50.004 [JavaFX Application Thread] INFO  Engine               - FXGL-11.16 (25.05.2021 08.16) on WINDOWS (J:16 FX:16)
15:36:50.004 [JavaFX Application Thread] DEBUG Engine               - JRE Vendor Name: Oracle Corporation
15:36:50.005 [JavaFX Application Thread] DEBUG Engine               - Running on OS: Windows 10 version 10.0
15:36:50.005 [JavaFX Application Thread] DEBUG Engine               - Architecture: amd64
15:36:50.005 [JavaFX Application Thread] INFO  Engine               - Source code and latest versions at: https://github.com/AlmasB/FXGL
15:36:50.005 [JavaFX Application Thread] INFO  Engine               -              Join the FXGL chat at: https://gitter.im/AlmasB/FXGL
15:36:50.186 [JavaFX Application Thread] DEBUG PrimaryStageWindow   - Creating a JavaFX scene
15:36:50.253 [JavaFX Application Thread] DEBUG PrimaryStageWindow   - Target settings size: 1000.0 x 800.0
15:36:50.253 [JavaFX Application Thread] DEBUG PrimaryStageWindow   - Scaled scene size:    1000.0 x 800.0
15:36:50.253 [JavaFX Application Thread] DEBUG PrimaryStageWindow   - Scaled ratio: (1.0, 1.0)
15:36:50.254 [JavaFX Application Thread] DEBUG PrimaryStageWindow   - Set initial scene to FXGLStartupScene
15:36:50.264 [JavaFX Application Thread] DEBUG PrimaryStageWindow   - Opening main window
15:36:50.385 [JavaFX Application Thread] DEBUG PrimaryStageWindow   - Window border size: (16.0, 39.0)
15:36:50.385 [JavaFX Application Thread] DEBUG PrimaryStageWindow   - Scaled size: 1000.0 x 800.0
15:36:50.386 [JavaFX Application Thread] DEBUG PrimaryStageWindow   - Scaled ratio: (1.0, 1.0)
15:36:50.386 [JavaFX Application Thread] DEBUG PrimaryStageWindow   - Scene size: 1000.0 x 800.0
15:36:50.386 [JavaFX Application Thread] DEBUG PrimaryStageWindow   - Stage size: 1016.0 x 839.0
15:36:50.395 [FXGL Background Thread 1 ] DEBUG Engine               - Initializing environment variables
15:36:50.442 [FXGL Background Thread 1 ] DEBUG FXGLAssetLoaderServi - User app class for loading assets: class com.cloudHopper.PlatformerApp
15:36:50.443 [FXGL Background Thread 1 ] DEBUG GameApplicationServi - Applying CSS: fxgl_dark.css
15:36:50.444 [FXGL Background Thread 1 ] DEBUG FXGLAssetLoaderServi - Loading from file system: jar:file:/C:/Users/russl/.m2/repository/com/github/almasb/fxgl/11.16/fxgl-11.16.jar!/fxglassets/ui/css/fxgl_dark.css
15:36:50.493 [FXGL Background Thread 1 ] DEBUG GameApplicationServi - Initializing application scenes
15:36:50.539 [FXGL Background Thread 1 ] DEBUG GameWorld            - Game world initialized
15:36:50.615 [FXGL Background Thread 1 ] DEBUG PhysicsWorld         - Physics world initialized: appHeight=800, physics.ppm=50.0
15:36:50.615 [FXGL Background Thread 1 ] DEBUG PhysicsWorld         - Using strategy: BRUTE_FORCE
15:36:50.619 [FXGL Background Thread 1 ] DEBUG GameScene            - Game scene initialized: 1000x800
15:36:50.633 [FXGL Background Thread 1 ] DEBUG FXGL.DefaultMenu     - createMenuBodyGameMenu()
15:36:50.654 [FXGL Background Thread 1 ] DEBUG FXGL.DefaultMenu     - createOptionsMenu()
15:36:50.663 [FXGL Background Thread 1 ] DEBUG FXGLAssetLoaderServi - Loading from file system: jar:file:/C:/Users/russl/.m2/repository/com/github/almasb/fxgl/11.16/fxgl-11.16.jar!/fxglassets/textures/particles/smoke.png
15:36:50.774 [FXGL Background Thread 1 ] DEBUG FXGLAssetLoaderServi - Loading from file system: jar:file:/C:/Users/russl/.m2/repository/com/github/almasb/fxgl/11.16/fxgl-11.16.jar!/fxglassets/textures/particles/trace_horizontal.png
15:36:50.808 [FXGL Background Thread 1 ] DEBUG GameApplicationServi - Application scenes initialized
15:36:50.818 [FXGL Background Thread 1 ] DEBUG SystemBundleService  - Loading FXGL system data
15:36:50.822 [FXGL Background Thread 1 ] DEBUG FileSystemAccess     - Reading from: C:\Users\russl\IdeaProjects\cloudHopper\system\fxgl.bundle
15:36:50.828 [FXGL Background Thread 1 ] DEBUG SystemBundleService  - Bundle FXGL: {}
15:36:50.828 [FXGL Background Thread 1 ] DEBUG UpdaterService       - Checking for updates
15:36:50.833 [FXGL Background Thread 4 ] DEBUG FXGLApplication      - Loading fonts
15:36:50.834 [FXGL Background Thread 1 ] DEBUG FXGLApplication      - Loading default localization
15:36:50.834 [FXGL Background Thread 4 ] DEBUG FXGLAssetLoaderServi - Loading from file system: jar:file:/C:/Users/russl/.m2/repository/com/github/almasb/fxgl/11.16/fxgl-11.16.jar!/fxglassets/ui/fonts/VarelaRound-Regular.ttf
15:36:50.834 [FXGL Background Thread 1 ] DEBUG FXGLAssetLoaderServi - Loading from file system: jar:file:/C:/Users/russl/.m2/repository/com/github/almasb/fxgl/11.16/fxgl-11.16.jar!/fxglassets/languages/english.lang
15:36:50.857 [FXGL Background Thread 1 ] INFO  FXGLApplication      - FXGL initialization took: 0.461 sec
15:36:50.872 [JavaFX Application Thread] DEBUG Input                - Registered new binding: action0 - A
15:36:50.873 [JavaFX Application Thread] DEBUG Input                - Registered new binding: action1 - D
15:36:50.874 [JavaFX Application Thread] DEBUG Input                - Registered new binding: action2 - Space
15:36:50.874 [JavaFX Application Thread] DEBUG Input                - Registered new binding: action3 - W
15:36:50.875 [JavaFX Application Thread] DEBUG Input                - Registered new binding: action4 - S
15:36:50.876 [JavaFX Application Thread] DEBUG FXGLAssetLoaderServi - Loading from file system: jar:file:/C:/Users/russl/.m2/repository/com/github/almasb/fxgl/11.16/fxgl-11.16.jar!/fxglassets/textures/fxgl_icon.png
15:36:50.884 [FXGL Background Thread 4 ] DEBUG FXGLAssetLoaderServi - Loading from file system: jar:file:/C:/Users/russl/.m2/repository/com/github/almasb/fxgl/11.16/fxgl-11.16.jar!/fxglassets/ui/fonts/Abel-Regular.ttf
15:36:50.888 [FXGL Background Thread 4 ] DEBUG FXGLAssetLoaderServi - Loading from file system: jar:file:/C:/Users/russl/.m2/repository/com/github/almasb/fxgl/11.16/fxgl-11.16.jar!/fxglassets/ui/fonts/lucida_console.ttf
15:36:50.894 [FXGL Background Thread 4 ] DEBUG FXGLAssetLoaderServi - Loading from file system: jar:file:/C:/Users/russl/.m2/repository/com/github/almasb/fxgl/11.16/fxgl-11.16.jar!/fxglassets/ui/fonts/Courier-Prime.ttf
15:36:50.909 [JavaFX Application Thread] DEBUG FXGLAssetLoaderServi - Loading from file system: jar:file:/C:/Users/russl/.m2/repository/com/github/almasb/fxgl/11.16/fxgl-11.16.jar!/fxglassets/textures/fxgl_default_cursor.png
15:36:50.912 [JavaFX Application Thread] DEBUG Input                - Registered new binding: Screenshot - CTRL+8
15:36:50.913 [JavaFX Application Thread] DEBUG Input                - Registered new binding: System info dump - CTRL+9
15:36:50.913 [JavaFX Application Thread] DEBUG Input                - Registered new binding: Restart - CTRL+R
15:36:50.914 [JavaFX Application Thread] DEBUG Input                - Registered new binding: Toggle Debug Camera - CTRL+C
15:36:50.917 [JavaFX Application Thread] DEBUG LoopRunner           - Starting loop
15:36:50.917 [JavaFX Application Thread] DEBUG LoopRunner           - Initializing JavaFX AnimationTimerLoop
15:36:50.919 [JavaFX Application Thread] DEBUG GameApplicationServi - Starting new game
15:36:50.920 [JavaFX Application Thread] DEBUG Input                - Clearing active input actions
15:36:50.934 [JavaFX Application Thread] DEBUG GameApplicationServi - Removing overlay from FXGLStartupScene and adding to FXGLLoadingScene
15:36:50.935 [JavaFX Application Thread] DEBUG PrimaryStageWindow   - FXGLStartupScene -> FXGLLoadingScene
15:36:50.935 [JavaFX Application Thread] DEBUG GameApplicationServi - Clearing previous game
15:36:50.935 [JavaFX Application Thread] DEBUG GameScene            - Clearing game scene
15:36:50.935 [JavaFX Application Thread] DEBUG GameWorld            - Clearing game world
15:36:50.935 [JavaFX Application Thread] DEBUG PhysicsWorld         - Clearing physics world
15:36:50.937 [FXGL Background Thread 4 ] DEBUG FXGLApplication      - Initializing game
15:36:50.937 [JavaFX Application Thread] DEBUG FXGLApplication      - Registering font factories with UI factory
15:36:50.984 [FXGL Background Thread 4 ] WARN  TMXLevelLoader       - TiledMap generated from 1.7.1. Supported version: 1.2.3. Some features may not be parsed fully.
15:36:51.040 [FXGL Background Thread 4 ] DEBUG TMXLevelLoader       - Parsed TiledMap: file:/C:/Users/russl/IdeaProjects/cloudHopper/target/classes/assets/levels/level1.tmx
15:36:51.041 [FXGL Background Thread 4 ] DEBUG TMXLevelLoader       - Creating tile layer entities
15:36:51.042 [FXGL Background Thread 4 ] DEBUG TilesetLoader        - Loading view for layer Tile Layer 1
15:36:51.098 [FXGL Background Thread 4 ] DEBUG TilesetLoader        - Created buffer with size 20480.0x1280.0
15:36:51.207 [FXGL Background Thread 4 ] DEBUG TMXLevelLoader       - Creating object layer entities
15:36:51.233 [FXGL Background Thread 4 ] DEBUG FXGLAssetLoaderServi - Loading from file system: file:/C:/Users/russl/IdeaProjects/cloudHopper/target/classes/assets/textures/crate.png
15:36:51.250 [FXGL Background Thread 4 ] DEBUG FXGLAssetLoaderServi - Loading from file system: file:/C:/Users/russl/IdeaProjects/cloudHopper/target/classes/assets/textures/StoneBlock.png
15:36:51.260 [FXGL Background Thread 4 ] DEBUG FXGLAssetLoaderServi - Loading from file system: file:/C:/Users/russl/IdeaProjects/cloudHopper/target/classes/assets/textures/characters_packed.png
15:36:51.292 [FXGL Background Thread 4 ] DEBUG FXGLAssetLoaderServi - Loading from file system: file:/C:/Users/russl/IdeaProjects/cloudHopper/target/classes/assets/textures/keyAnimation.png
15:36:51.316 [FXGL Background Thread 4 ] DEBUG FXGLAssetLoaderServi - Loading from file system: file:/C:/Users/russl/IdeaProjects/cloudHopper/target/classes/assets/textures/starAnimation.png
15:36:51.330 [FXGL Background Thread 4 ] DEBUG GameWorld            - Clearing removable entities
15:36:51.330 [FXGL Background Thread 4 ] DEBUG GameWorld            - Setting level: com.almasb.fxgl.entity.level.Level@4b2b7654
15:36:51.351 [FXGL Background Thread 4 ] DEBUG FXGLAssetLoaderServi - Loading from file system: file:/C:/Users/russl/IdeaProjects/cloudHopper/target/classes/assets/textures/single.png
15:36:51.354 [FXGL Background Thread 4 ] DEBUG FXGLAssetLoaderServi - Loading from file system: file:/C:/Users/russl/IdeaProjects/cloudHopper/target/classes/assets/textures/singlePushing.png
15:36:51.355 [FXGL Background Thread 4 ] WARN  Entity               - Entity already has component: com.almasb.fxgl.entity.components.CollidableComponent
15:36:51.357 [FXGL Background Thread 4 ] DEBUG FXGLAssetLoaderServi - Loading from file system: file:/C:/Users/russl/IdeaProjects/cloudHopper/target/classes/assets/textures/z-2.png
15:36:51.384 [FXGL Background Thread 4 ] WARN  GameWorld            - Entity is already attached to world
15:36:51.384 [FXGL Background Thread 4 ] DEBUG FXGLAssetLoaderServi - Loading from file system: file:/C:/Users/russl/IdeaProjects/cloudHopper/target/classes/assets/textures/z-1.png
15:36:51.409 [FXGL Background Thread 4 ] WARN  GameWorld            - Entity is already attached to world
15:36:51.413 [FXGL Background Thread 2 ] INFO  UpdaterService       - Your current version:  11.16
15:36:51.413 [FXGL Background Thread 2 ] INFO  UpdaterService       - Latest stable version: 11.17
15:36:51.422 [FXGL Background Thread 4 ] DEBUG FXGLAssetLoaderServi - Loading from file system: file:/C:/Users/russl/IdeaProjects/cloudHopper/target/classes/assets/textures/hearts.png
15:36:51.425 [FXGL Background Thread 4 ] INFO  FXGLApplication      - Game initialization took: 0.487 sec
15:36:51.425 [JavaFX Application Thread] DEBUG Input                - Clearing active input actions
15:36:51.441 [JavaFX Application Thread] DEBUG GameApplicationServi - Removing overlay from FXGLLoadingScene and adding to GameScene
15:36:51.442 [JavaFX Application Thread] DEBUG PrimaryStageWindow   - FXGLLoadingScene -> GameScene
15:36:53.288 [JavaFX Application Thread] DEBUG LoopRunner           - Stopping loop
15:36:53.289 [JavaFX Application Thread] FATAL FXGLApplication      - Uncaught Exception:
java.lang.IllegalArgumentException: Trigger is already bound: S
	at com.almasb.fxgl.input.Input.addBinding(Input.kt:451)
	at com.almasb.fxgl.input.Input.addAction(Input.kt:446)
	at com.almasb.fxgl.input.Input.addAction$default(Input.kt:443)
	at com.almasb.fxgl.dsl.FXGL$Companion.onKeyUp(FXGL.kt:397)
	at com.almasb.fxgl.dsl.FXGL$Companion.onKeyUp(FXGL.kt:393)
	at com.almasb.fxgl.dsl.FXGL.onKeyUp(FXGL.kt)
	at com.cloudHopper.PlatformerApp.lambda$initInput$5(PlatformerApp.java:69)
	at com.almasb.fxgl.dsl.FXGL$Companion$onKeyDown$1.onActionBegin(FXGL.kt:375)
	at com.almasb.fxgl.input.UserAction.begin$fxgl_input(UserAction.kt:37)
	at com.almasb.fxgl.input.Input.handlePressed(Input.kt:350)
	at com.almasb.fxgl.input.Input.onKeyEvent(Input.kt:291)
	at com.almasb.fxgl.app.PrimaryStageWindow$1$1.invoke(MainWindow.kt:289)
	at com.almasb.fxgl.app.PrimaryStageWindow$1$1.invoke(MainWindow.kt:253)
	at com.almasb.fxgl.core.fsm.StateMachine.runOnActiveStates(StateMachine.kt:69)
	at com.almasb.fxgl.app.PrimaryStageWindow$1.invoke(MainWindow.kt:289)
	at com.almasb.fxgl.app.PrimaryStageWindow$1.invoke(MainWindow.kt:253)
	at com.almasb.fxgl.app.MainWindow$sam$javafx_event_EventHandler$0.handle(MainWindow.kt)
	at com.sun.javafx.event.CompositeEventHandler$NormalEventHandlerRecord.handleBubblingEvent(CompositeEventHandler.java:247)
	at com.sun.javafx.event.CompositeEventHandler.dispatchBubblingEvent(CompositeEventHandler.java:80)
	at com.sun.javafx.event.EventHandlerManager.dispatchBubblingEvent(EventHandlerManager.java:234)
	at com.sun.javafx.event.EventHandlerManager.dispatchBubblingEvent(EventHandlerManager.java:191)
	at com.sun.javafx.event.CompositeEventDispatcher.dispatchBubblingEvent(CompositeEventDispatcher.java:59)
	at com.sun.javafx.event.BasicEventDispatcher.dispatchEvent(BasicEventDispatcher.java:58)
	at com.sun.javafx.event.EventDispatchChainImpl.dispatchEvent(EventDispatchChainImpl.java:114)
	at com.sun.javafx.event.BasicEventDispatcher.dispatchEvent(BasicEventDispatcher.java:56)
	at com.sun.javafx.event.EventDispatchChainImpl.dispatchEvent(EventDispatchChainImpl.java:114)
	at com.sun.javafx.event.EventUtil.fireEventImpl(EventUtil.java:74)
	at com.sun.javafx.event.EventUtil.fireEvent(EventUtil.java:54)
	at javafx.event.Event.fireEvent(Event.java:198)
	at javafx.scene.Scene$KeyHandler.process(Scene.java:4064)
	at javafx.scene.Scene.processKeyEvent(Scene.java:2123)
	at javafx.scene.Scene$ScenePeerListener.keyEvent(Scene.java:2591)
	at com.sun.javafx.tk.quantum.GlassViewEventHandler$KeyEventNotification.run(GlassViewEventHandler.java:217)
	at com.sun.javafx.tk.quantum.GlassViewEventHandler$KeyEventNotification.run(GlassViewEventHandler.java:149)
	at java.base/java.security.AccessController.doPrivileged(AccessController.java:391)
	at com.sun.javafx.tk.quantum.GlassViewEventHandler.lambda$handleKeyEvent$1(GlassViewEventHandler.java:248)
	at com.sun.javafx.tk.quantum.QuantumToolkit.runWithoutRenderLock(QuantumToolkit.java:412)
	at com.sun.javafx.tk.quantum.GlassViewEventHandler.handleKeyEvent(GlassViewEventHandler.java:247)
	at com.sun.glass.ui.View.handleKeyEvent(View.java:547)
	at com.sun.glass.ui.View.notifyKey(View.java:971)
	at com.sun.glass.ui.win.WinApplication._runLoop(Native Method)
	at com.sun.glass.ui.win.WinApplication.lambda$runLoop$3(WinApplication.java:174)
	at java.base/java.lang.Thread.run(Thread.java:831)

15:36:53.289 [JavaFX Application Thread] FATAL FXGLApplication      - Application will now exit
15:36:53.303 [JavaFX Application Thread] DEBUG PrimaryStageWindow   - Push state: ErrorSubScene
15:36:53.304 [JavaFX Application Thread] DEBUG Input                - Clearing active input actions
15:36:53.309 [JavaFX Application Thread] DEBUG GameApplicationServi - Removing overlay from GameScene and adding to ErrorSubScene
15:36:53.309 [JavaFX Application Thread] DEBUG PrimaryStageWindow   - GameScene -> ErrorSubScene
15:36:53.833 [FXGL Background Thread 3 ] DEBUG Engine               - Logging environment variables
15:36:53.833 [FXGL Background Thread 3 ] DEBUG Engine               - achievements: []
15:36:53.833 [FXGL Background Thread 3 ] DEBUG Engine               - actualHeight: 800.0
15:36:53.833 [FXGL Background Thread 3 ] DEBUG Engine               - actualHeightProperty: ReadOnlyDoubleProperty [value: 800.0]
15:36:53.834 [FXGL Background Thread 3 ] DEBUG Engine               - actualWidth: 1000.0
15:36:53.834 [FXGL Background Thread 3 ] DEBUG Engine               - actualWidthProperty: ReadOnlyDoubleProperty [value: 1000.0]
15:36:53.834 [FXGL Background Thread 3 ] DEBUG Engine               - appIcon: fxgl_icon.png
15:36:53.834 [FXGL Background Thread 3 ] DEBUG Engine               - applicationMode: DEVELOPER
15:36:53.834 [FXGL Background Thread 3 ] DEBUG Engine               - cSSList: [fxgl_dark.css]
15:36:53.834 [FXGL Background Thread 3 ] DEBUG Engine               - collisionDetectionStrategy: BRUTE_FORCE
15:36:53.834 [FXGL Background Thread 3 ] DEBUG Engine               - configClass: Optional.empty
15:36:53.834 [FXGL Background Thread 3 ] DEBUG Engine               - credits: []
15:36:53.835 [FXGL Background Thread 3 ] DEBUG Engine               - defaultCursor: CursorInfo(imageName=fxgl_default_cursor.png, hotspotX=7.0, hotspotY=6.0)
15:36:53.835 [FXGL Background Thread 3 ] DEBUG Engine               - devBBoxColorProperty: ObjectProperty [value: 0xff0000ff]
15:36:53.835 [FXGL Background Thread 3 ] DEBUG Engine               - devEnableDebugCameraProperty: BooleanProperty [value: false]
15:36:53.835 [FXGL Background Thread 3 ] DEBUG Engine               - devSensorColorProperty: ObjectProperty [value: 0xffff00ff]
15:36:53.835 [FXGL Background Thread 3 ] DEBUG Engine               - devShowBBoxProperty: BooleanProperty [value: false]
15:36:53.835 [FXGL Background Thread 3 ] DEBUG Engine               - devShowPositionProperty: BooleanProperty [value: false]
15:36:53.836 [FXGL Background Thread 3 ] DEBUG Engine               - enabledMenuItems: []
15:36:53.836 [FXGL Background Thread 3 ] DEBUG Engine               - engineServices: [class com.almasb.fxgl.app.services.FXGLAssetLoaderService, class com.almasb.fxgl.app.FXGLApplication$GameApplicationService, class com.almasb.fxgl.app.services.FXGLDialogService, class com.almasb.fxgl.app.services.IOTaskExecutorService, class com.almasb.fxgl.io.FileSystemService, class com.almasb.fxgl.localization.LocalizationService, class com.almasb.fxgl.app.services.SystemBundleService, class com.almasb.fxgl.profile.SaveLoadService, class com.almasb.fxgl.ui.FXGLUIFactoryServiceProvider, class com.almasb.fxgl.ui.FXGLDialogFactoryServiceProvider, class com.almasb.fxgl.audio.AudioPlayer, class com.almasb.fxgl.notification.impl.NotificationServiceProvider, class com.almasb.fxgl.achievement.AchievementService, class com.almasb.fxgl.cutscene.CutsceneService, class com.almasb.fxgl.minigames.MiniGameService, class com.almasb.fxgl.net.NetService, class com.almasb.fxgl.app.services.UpdaterService, class com.almasb.fxgl.dev.DevService]
15:36:53.836 [FXGL Background Thread 3 ] DEBUG Engine               - fontGame: Abel-Regular.ttf
15:36:53.836 [FXGL Background Thread 3 ] DEBUG Engine               - fontMono: lucida_console.ttf
15:36:53.836 [FXGL Background Thread 3 ] DEBUG Engine               - fontText: Courier-Prime.ttf
15:36:53.836 [FXGL Background Thread 3 ] DEBUG Engine               - fontUI: VarelaRound-Regular.ttf
15:36:53.836 [FXGL Background Thread 3 ] DEBUG Engine               - fullScreen: BooleanProperty [value: false]
15:36:53.836 [FXGL Background Thread 3 ] DEBUG Engine               - gameDifficulty: MEDIUM
15:36:53.836 [FXGL Background Thread 3 ] DEBUG Engine               - gameDifficultyProperty: ObjectProperty [value: MEDIUM]
15:36:53.836 [FXGL Background Thread 3 ] DEBUG Engine               - globalMusicVolume: 0.5
15:36:53.836 [FXGL Background Thread 3 ] DEBUG Engine               - globalMusicVolumeProperty: DoubleProperty [value: 0.5]
15:36:53.837 [FXGL Background Thread 3 ] DEBUG Engine               - globalSoundVolume: 0.5
15:36:53.837 [FXGL Background Thread 3 ] DEBUG Engine               - globalSoundVolumeProperty: DoubleProperty [value: 0.5]
15:36:53.837 [FXGL Background Thread 3 ] DEBUG Engine               - height: 800
15:36:53.837 [FXGL Background Thread 3 ] DEBUG Engine               - is3D: false
15:36:53.837 [FXGL Background Thread 3 ] DEBUG Engine               - isAndroid: false
15:36:53.837 [FXGL Background Thread 3 ] DEBUG Engine               - isBrowser: false
15:36:53.837 [FXGL Background Thread 3 ] DEBUG Engine               - isClickFeedbackEnabled: false
15:36:53.838 [FXGL Background Thread 3 ] DEBUG Engine               - isCloseConfirmation: false
15:36:53.838 [FXGL Background Thread 3 ] DEBUG Engine               - isDesktop: true
15:36:53.838 [FXGL Background Thread 3 ] DEBUG Engine               - isDeveloperMenuEnabled: false
15:36:53.838 [FXGL Background Thread 3 ] DEBUG Engine               - isEntityPreloadEnabled: true
15:36:53.838 [FXGL Background Thread 3 ] DEBUG Engine               - isExperimentalTiledLargeMap: false
15:36:53.838 [FXGL Background Thread 3 ] DEBUG Engine               - isFileSystemWriteAllowed: true
15:36:53.838 [FXGL Background Thread 3 ] DEBUG Engine               - isFullScreenAllowed: false
15:36:53.838 [FXGL Background Thread 3 ] DEBUG Engine               - isFullScreenFromStart: false
15:36:53.838 [FXGL Background Thread 3 ] DEBUG Engine               - isGameMenuEnabled: true
15:36:53.838 [FXGL Background Thread 3 ] DEBUG Engine               - isIOS: false
15:36:53.838 [FXGL Background Thread 3 ] DEBUG Engine               - isIntroEnabled: false
15:36:53.839 [FXGL Background Thread 3 ] DEBUG Engine               - isLinux: false
15:36:53.839 [FXGL Background Thread 3 ] DEBUG Engine               - isMac: false
15:36:53.839 [FXGL Background Thread 3 ] DEBUG Engine               - isMainMenuEnabled: false
15:36:53.839 [FXGL Background Thread 3 ] DEBUG Engine               - isManualResizeEnabled: false
15:36:53.839 [FXGL Background Thread 3 ] DEBUG Engine               - isMobile: false
15:36:53.839 [FXGL Background Thread 3 ] DEBUG Engine               - isNative: false
15:36:53.839 [FXGL Background Thread 3 ] DEBUG Engine               - isPreserveResizeRatio: false
15:36:53.839 [FXGL Background Thread 3 ] DEBUG Engine               - isProfilingEnabled: false
15:36:53.839 [FXGL Background Thread 3 ] DEBUG Engine               - isScaleAffectedOnResize: true
15:36:53.839 [FXGL Background Thread 3 ] DEBUG Engine               - isSingleStep: false
15:36:53.839 [FXGL Background Thread 3 ] DEBUG Engine               - isUserProfileEnabled: false
15:36:53.839 [FXGL Background Thread 3 ] DEBUG Engine               - isWindows: true
15:36:53.840 [FXGL Background Thread 3 ] DEBUG Engine               - language: ObjectProperty [value: ENGLISH]
15:36:53.840 [FXGL Background Thread 3 ] DEBUG Engine               - menuKey: ESCAPE
15:36:53.840 [FXGL Background Thread 3 ] DEBUG Engine               - mouseSensitivity: 0.2
15:36:53.840 [FXGL Background Thread 3 ] DEBUG Engine               - notificationViewClass: class com.almasb.fxgl.notification.view.XboxNotificationView
15:36:53.840 [FXGL Background Thread 3 ] DEBUG Engine               - pixelsPerMeter: 50.0
15:36:53.840 [FXGL Background Thread 3 ] DEBUG Engine               - platform: WINDOWS
15:36:53.840 [FXGL Background Thread 3 ] DEBUG Engine               - prefHeightProperty: ReadOnlyDoubleProperty [value: 800.0]
15:36:53.840 [FXGL Background Thread 3 ] DEBUG Engine               - prefWidthProperty: ReadOnlyDoubleProperty [value: 1000.0]
15:36:53.840 [FXGL Background Thread 3 ] DEBUG Engine               - profileDir: profiles/
15:36:53.840 [FXGL Background Thread 3 ] DEBUG Engine               - profileName: StringProperty [value: DEFAULT]
15:36:53.841 [FXGL Background Thread 3 ] DEBUG Engine               - randomSeed: -1
15:36:53.841 [FXGL Background Thread 3 ] DEBUG Engine               - runtimeInfo: RuntimeInfo(platform=WINDOWS, version=11.16, build=25.05.2021 08.16)
15:36:53.841 [FXGL Background Thread 3 ] DEBUG Engine               - saveFileExt: sav
15:36:53.841 [FXGL Background Thread 3 ] DEBUG Engine               - scaledHeightProp$fxgl: DoubleProperty [bound, value: 800.0]
15:36:53.841 [FXGL Background Thread 3 ] DEBUG Engine               - scaledWidthProp$fxgl: DoubleProperty [bound, value: 1000.0]
15:36:53.841 [FXGL Background Thread 3 ] DEBUG Engine               - sceneFactory: com.almasb.fxgl.app.scene.SceneFactory@7c3c399b
15:36:53.841 [FXGL Background Thread 3 ] DEBUG Engine               - secondsIn24h: 60
15:36:53.841 [FXGL Background Thread 3 ] DEBUG Engine               - soundMenuBack: menu/back.wav
15:36:53.841 [FXGL Background Thread 3 ] DEBUG Engine               - soundMenuPress: menu/press.wav
15:36:53.841 [FXGL Background Thread 3 ] DEBUG Engine               - soundMenuSelect: menu/select.wav
15:36:53.842 [FXGL Background Thread 3 ] DEBUG Engine               - soundNotification: core/notification.wav
15:36:53.842 [FXGL Background Thread 3 ] DEBUG Engine               - stageStyle: DECORATED
15:36:53.842 [FXGL Background Thread 3 ] DEBUG Engine               - supportedLanguages: [ENGLISH, FRENCH, GERMAN, HUNGARIAN, RUSSIAN]
15:36:53.842 [FXGL Background Thread 3 ] DEBUG Engine               - ticksPerSecond: -1
15:36:53.842 [FXGL Background Thread 3 ] DEBUG Engine               - title: Cloud Hopper
15:36:53.842 [FXGL Background Thread 3 ] DEBUG Engine               - urlGithub: https://github.com/AlmasB/FXGL
15:36:53.842 [FXGL Background Thread 3 ] DEBUG Engine               - urlLeaderboard: http://fxgl-top.herokuapp.com/
15:36:53.842 [FXGL Background Thread 3 ] DEBUG Engine               - urlPOM: https://raw.githubusercontent.com/AlmasB/FXGL/release/README.md
15:36:53.842 [FXGL Background Thread 3 ] DEBUG Engine               - userAppClass: class com.cloudHopper.PlatformerApp
15:36:53.842 [FXGL Background Thread 3 ] DEBUG Engine               - version: 0.1
15:36:53.842 [FXGL Background Thread 3 ] DEBUG Engine               - versionCheckDays: 7
15:36:53.842 [FXGL Background Thread 3 ] DEBUG Engine               - width: 1000
15:36:53.842 [FXGL Background Thread 3 ] DEBUG Engine               - Logging services
15:36:53.843 [FXGL Background Thread 3 ] DEBUG Engine               - class com.almasb.fxgl.app.services.FXGLAssetLoaderService
15:36:53.843 [FXGL Background Thread 3 ] DEBUG Engine               - class com.almasb.fxgl.app.FXGLApplication$GameApplicationService
15:36:53.843 [FXGL Background Thread 3 ] DEBUG Engine               - class com.almasb.fxgl.app.services.FXGLDialogService
15:36:53.843 [FXGL Background Thread 3 ] DEBUG Engine               - class com.almasb.fxgl.app.services.IOTaskExecutorService
15:36:53.843 [FXGL Background Thread 3 ] DEBUG Engine               - class com.almasb.fxgl.io.FileSystemService
15:36:53.843 [FXGL Background Thread 3 ] DEBUG Engine               - class com.almasb.fxgl.localization.LocalizationService
15:36:53.843 [FXGL Background Thread 3 ] DEBUG Engine               - class com.almasb.fxgl.app.services.SystemBundleService
15:36:53.843 [FXGL Background Thread 3 ] DEBUG Engine               - class com.almasb.fxgl.profile.SaveLoadService
15:36:53.843 [FXGL Background Thread 3 ] DEBUG Engine               - class com.almasb.fxgl.ui.FXGLUIFactoryServiceProvider
15:36:53.843 [FXGL Background Thread 3 ] DEBUG Engine               - class com.almasb.fxgl.ui.FXGLDialogFactoryServiceProvider
15:36:53.843 [FXGL Background Thread 3 ] DEBUG Engine               - class com.almasb.fxgl.audio.AudioPlayer
15:36:53.843 [FXGL Background Thread 3 ] DEBUG Engine               - class com.almasb.fxgl.notification.impl.NotificationServiceProvider
15:36:53.843 [FXGL Background Thread 3 ] DEBUG Engine               - class com.almasb.fxgl.achievement.AchievementService
15:36:53.844 [FXGL Background Thread 3 ] DEBUG Engine               - class com.almasb.fxgl.cutscene.CutsceneService
15:36:53.844 [FXGL Background Thread 3 ] DEBUG Engine               - class com.almasb.fxgl.minigames.MiniGameService
15:36:53.844 [FXGL Background Thread 3 ] DEBUG Engine               - class com.almasb.fxgl.net.NetService
15:36:53.844 [FXGL Background Thread 3 ] DEBUG Engine               - class com.almasb.fxgl.app.services.UpdaterService
15:36:53.844 [FXGL Background Thread 3 ] DEBUG Engine               - class com.almasb.fxgl.dev.DevService
15:36:55.131 [JavaFX Application Thread] DEBUG FXGLApplication      - Exiting FXGL
15:36:55.131 [JavaFX Application Thread] DEBUG Async                - Shutting down background threads
15:36:55.131 [JavaFX Application Thread] DEBUG PrimaryStageWindow   - Closing main window
15:36:55.141 [JavaFX Application Thread] DEBUG Logger               - Closing Logger
