12:24:08.945 [main                     ] DEBUG Logger               - Configured Logger
12:24:08.952 [main                     ] DEBUG GameApplication      - Logging settings
Title: Cloud Hopper
Version: 0.1
Width: 1000
Height: 800
Fullscreen: false
Intro: false
Profiling: false
Single step:false
App Mode: DEVELOPER
Menu Key: ESCAPE
Stage Style: DECORATED
Scene Factory: class com.almasb.fxgl.app.scene.SceneFactory

12:24:09.505 [JavaFX Application Thread] DEBUG FXGLApplication      - Initializing FXGL
12:24:09.507 [JavaFX Application Thread] INFO  Engine               - FXGL-11.16 (25.05.2021 08.16) on WINDOWS (J:16 FX:16)
12:24:09.508 [JavaFX Application Thread] DEBUG Engine               - JRE Vendor Name: Oracle Corporation
12:24:09.508 [JavaFX Application Thread] DEBUG Engine               - Running on OS: Windows 10 version 10.0
12:24:09.508 [JavaFX Application Thread] DEBUG Engine               - Architecture: amd64
12:24:09.508 [JavaFX Application Thread] INFO  Engine               - Source code and latest versions at: https://github.com/AlmasB/FXGL
12:24:09.509 [JavaFX Application Thread] INFO  Engine               -              Join the FXGL chat at: https://gitter.im/AlmasB/FXGL
12:24:09.674 [JavaFX Application Thread] DEBUG PrimaryStageWindow   - Creating a JavaFX scene
12:24:09.745 [JavaFX Application Thread] DEBUG PrimaryStageWindow   - Target settings size: 1000.0 x 800.0
12:24:09.745 [JavaFX Application Thread] DEBUG PrimaryStageWindow   - Scaled scene size:    1000.0 x 800.0
12:24:09.745 [JavaFX Application Thread] DEBUG PrimaryStageWindow   - Scaled ratio: (1.0, 1.0)
12:24:09.747 [JavaFX Application Thread] DEBUG PrimaryStageWindow   - Set initial scene to FXGLStartupScene
12:24:09.758 [JavaFX Application Thread] DEBUG PrimaryStageWindow   - Opening main window
12:24:09.857 [JavaFX Application Thread] DEBUG PrimaryStageWindow   - Window border size: (16.0, 39.0)
12:24:09.857 [JavaFX Application Thread] DEBUG PrimaryStageWindow   - Scaled size: 1000.0 x 800.0
12:24:09.857 [JavaFX Application Thread] DEBUG PrimaryStageWindow   - Scaled ratio: (1.0, 1.0)
12:24:09.858 [JavaFX Application Thread] DEBUG PrimaryStageWindow   - Scene size: 1000.0 x 800.0
12:24:09.858 [JavaFX Application Thread] DEBUG PrimaryStageWindow   - Stage size: 1016.0 x 839.0
12:24:09.867 [FXGL Background Thread 1 ] DEBUG Engine               - Initializing environment variables
12:24:09.916 [FXGL Background Thread 1 ] DEBUG FXGLAssetLoaderServi - User app class for loading assets: class com.cloudHopper.PlatformerApp
12:24:09.916 [FXGL Background Thread 1 ] DEBUG GameApplicationServi - Applying CSS: fxgl_dark.css
12:24:09.917 [FXGL Background Thread 1 ] DEBUG FXGLAssetLoaderServi - Loading from file system: jar:file:/C:/Users/russl/.m2/repository/com/github/almasb/fxgl/11.16/fxgl-11.16.jar!/fxglassets/ui/css/fxgl_dark.css
12:24:09.975 [FXGL Background Thread 1 ] DEBUG GameApplicationServi - Initializing application scenes
12:24:10.020 [FXGL Background Thread 1 ] DEBUG GameWorld            - Game world initialized
12:24:10.098 [FXGL Background Thread 1 ] DEBUG PhysicsWorld         - Physics world initialized: appHeight=800, physics.ppm=50.0
12:24:10.098 [FXGL Background Thread 1 ] DEBUG PhysicsWorld         - Using strategy: BRUTE_FORCE
12:24:10.102 [FXGL Background Thread 1 ] DEBUG GameScene            - Game scene initialized: 1000x800
12:24:10.118 [FXGL Background Thread 1 ] DEBUG FXGL.DefaultMenu     - createMenuBodyGameMenu()
12:24:10.138 [FXGL Background Thread 1 ] DEBUG FXGL.DefaultMenu     - createOptionsMenu()
12:24:10.149 [FXGL Background Thread 1 ] DEBUG FXGLAssetLoaderServi - Loading from file system: jar:file:/C:/Users/russl/.m2/repository/com/github/almasb/fxgl/11.16/fxgl-11.16.jar!/fxglassets/textures/particles/smoke.png
12:24:10.270 [FXGL Background Thread 1 ] DEBUG FXGLAssetLoaderServi - Loading from file system: jar:file:/C:/Users/russl/.m2/repository/com/github/almasb/fxgl/11.16/fxgl-11.16.jar!/fxglassets/textures/particles/trace_horizontal.png
12:24:10.308 [FXGL Background Thread 1 ] DEBUG GameApplicationServi - Application scenes initialized
12:24:10.318 [FXGL Background Thread 1 ] DEBUG SystemBundleService  - Loading FXGL system data
12:24:10.322 [FXGL Background Thread 1 ] DEBUG FileSystemAccess     - Reading from: C:\Users\russl\IdeaProjects\cloudHopper\system\fxgl.bundle
12:24:10.327 [FXGL Background Thread 1 ] DEBUG SystemBundleService  - Bundle FXGL: {}
12:24:10.327 [FXGL Background Thread 1 ] DEBUG UpdaterService       - Checking for updates
12:24:10.332 [FXGL Background Thread 4 ] DEBUG FXGLApplication      - Loading fonts
12:24:10.332 [FXGL Background Thread 1 ] DEBUG FXGLApplication      - Loading default localization
12:24:10.333 [FXGL Background Thread 4 ] DEBUG FXGLAssetLoaderServi - Loading from file system: jar:file:/C:/Users/russl/.m2/repository/com/github/almasb/fxgl/11.16/fxgl-11.16.jar!/fxglassets/ui/fonts/VarelaRound-Regular.ttf
12:24:10.333 [FXGL Background Thread 1 ] DEBUG FXGLAssetLoaderServi - Loading from file system: jar:file:/C:/Users/russl/.m2/repository/com/github/almasb/fxgl/11.16/fxgl-11.16.jar!/fxglassets/languages/english.lang
12:24:10.354 [FXGL Background Thread 1 ] INFO  FXGLApplication      - FXGL initialization took: 0.488 sec
12:24:10.367 [JavaFX Application Thread] DEBUG Input                - Registered new binding: action0 - A
12:24:10.368 [JavaFX Application Thread] DEBUG Input                - Registered new binding: action1 - D
12:24:10.369 [JavaFX Application Thread] DEBUG Input                - Registered new binding: action2 - Space
12:24:10.369 [JavaFX Application Thread] DEBUG Input                - Registered new binding: action3 - W
12:24:10.370 [JavaFX Application Thread] DEBUG Input                - Registered new binding: action4 - S
12:24:10.370 [JavaFX Application Thread] DEBUG FXGLAssetLoaderServi - Loading from file system: jar:file:/C:/Users/russl/.m2/repository/com/github/almasb/fxgl/11.16/fxgl-11.16.jar!/fxglassets/textures/fxgl_icon.png
12:24:10.389 [FXGL Background Thread 4 ] DEBUG FXGLAssetLoaderServi - Loading from file system: jar:file:/C:/Users/russl/.m2/repository/com/github/almasb/fxgl/11.16/fxgl-11.16.jar!/fxglassets/ui/fonts/Abel-Regular.ttf
12:24:10.393 [FXGL Background Thread 4 ] DEBUG FXGLAssetLoaderServi - Loading from file system: jar:file:/C:/Users/russl/.m2/repository/com/github/almasb/fxgl/11.16/fxgl-11.16.jar!/fxglassets/ui/fonts/lucida_console.ttf
12:24:10.400 [JavaFX Application Thread] DEBUG FXGLAssetLoaderServi - Loading from file system: jar:file:/C:/Users/russl/.m2/repository/com/github/almasb/fxgl/11.16/fxgl-11.16.jar!/fxglassets/textures/fxgl_default_cursor.png
12:24:10.403 [JavaFX Application Thread] DEBUG Input                - Registered new binding: Screenshot - CTRL+8
12:24:10.404 [JavaFX Application Thread] DEBUG Input                - Registered new binding: System info dump - CTRL+9
12:24:10.405 [JavaFX Application Thread] DEBUG Input                - Registered new binding: Restart - CTRL+R
12:24:10.406 [JavaFX Application Thread] DEBUG Input                - Registered new binding: Toggle Debug Camera - CTRL+C
12:24:10.409 [JavaFX Application Thread] DEBUG LoopRunner           - Starting loop
12:24:10.409 [JavaFX Application Thread] DEBUG LoopRunner           - Initializing JavaFX AnimationTimerLoop
12:24:10.412 [JavaFX Application Thread] DEBUG GameApplicationServi - Starting new game
12:24:10.412 [JavaFX Application Thread] DEBUG Input                - Clearing active input actions
12:24:10.426 [JavaFX Application Thread] DEBUG GameApplicationServi - Removing overlay from FXGLStartupScene and adding to FXGLLoadingScene
12:24:10.427 [JavaFX Application Thread] DEBUG PrimaryStageWindow   - FXGLStartupScene -> FXGLLoadingScene
12:24:10.427 [JavaFX Application Thread] DEBUG GameApplicationServi - Clearing previous game
12:24:10.427 [JavaFX Application Thread] DEBUG GameScene            - Clearing game scene
12:24:10.427 [JavaFX Application Thread] DEBUG GameWorld            - Clearing game world
12:24:10.427 [JavaFX Application Thread] DEBUG PhysicsWorld         - Clearing physics world
12:24:10.429 [JavaFX Application Thread] DEBUG FXGLApplication      - Registering font factories with UI factory
12:24:10.429 [FXGL Background Thread 4 ] DEBUG FXGLApplication      - Initializing game
12:24:10.478 [FXGL Background Thread 4 ] WARN  TMXLevelLoader       - TiledMap generated from 1.7.1. Supported version: 1.2.3. Some features may not be parsed fully.
12:24:10.532 [FXGL Background Thread 4 ] DEBUG TMXLevelLoader       - Parsed TiledMap: file:/C:/Users/russl/IdeaProjects/cloudHopper/target/classes/assets/levels/level1.tmx
12:24:10.534 [FXGL Background Thread 4 ] DEBUG TMXLevelLoader       - Creating tile layer entities
12:24:10.534 [FXGL Background Thread 4 ] DEBUG TilesetLoader        - Loading view for layer Tile Layer 1
12:24:10.586 [FXGL Background Thread 4 ] DEBUG TilesetLoader        - Created buffer with size 20480.0x1280.0
12:24:10.692 [FXGL Background Thread 4 ] DEBUG TMXLevelLoader       - Creating object layer entities
12:24:10.715 [FXGL Background Thread 4 ] DEBUG FXGLAssetLoaderServi - Loading from file system: file:/C:/Users/russl/IdeaProjects/cloudHopper/target/classes/assets/textures/crate.png
12:24:10.731 [FXGL Background Thread 4 ] DEBUG FXGLAssetLoaderServi - Loading from file system: file:/C:/Users/russl/IdeaProjects/cloudHopper/target/classes/assets/textures/StoneBlock.png
12:24:10.740 [FXGL Background Thread 4 ] DEBUG FXGLAssetLoaderServi - Loading from file system: file:/C:/Users/russl/IdeaProjects/cloudHopper/target/classes/assets/textures/characters_packed.png
12:24:10.773 [FXGL Background Thread 4 ] DEBUG FXGLAssetLoaderServi - Loading from file system: file:/C:/Users/russl/IdeaProjects/cloudHopper/target/classes/assets/textures/keyAnimation.png
12:24:10.803 [FXGL Background Thread 4 ] DEBUG FXGLAssetLoaderServi - Loading from file system: file:/C:/Users/russl/IdeaProjects/cloudHopper/target/classes/assets/textures/starAnimation.png
12:24:10.822 [FXGL Background Thread 4 ] DEBUG FXGLAssetLoaderServi - Loading from file system: file:/C:/Users/russl/IdeaProjects/cloudHopper/target/classes/assets/textures/button_pressed.png
12:24:10.823 [FXGL Background Thread 4 ] DEBUG FXGLAssetLoaderServi - Loading from file system: file:/C:/Users/russl/IdeaProjects/cloudHopper/target/classes/assets/textures/button.png
12:24:10.829 [FXGL Background Thread 4 ] DEBUG GameWorld            - Clearing removable entities
12:24:10.830 [FXGL Background Thread 4 ] DEBUG GameWorld            - Setting level: com.almasb.fxgl.entity.level.Level@83483a8
12:24:10.856 [FXGL Background Thread 4 ] DEBUG FXGLAssetLoaderServi - Loading from file system: file:/C:/Users/russl/IdeaProjects/cloudHopper/target/classes/assets/textures/single.png
12:24:10.859 [FXGL Background Thread 4 ] DEBUG FXGLAssetLoaderServi - Loading from file system: file:/C:/Users/russl/IdeaProjects/cloudHopper/target/classes/assets/textures/singlePushing.png
12:24:10.861 [FXGL Background Thread 4 ] WARN  Entity               - Entity already has component: com.almasb.fxgl.entity.components.CollidableComponent
12:24:10.862 [FXGL Background Thread 4 ] DEBUG FXGLAssetLoaderServi - Loading from file system: file:/C:/Users/russl/IdeaProjects/cloudHopper/target/classes/assets/textures/z-2.png
12:24:10.875 [FXGL Background Thread 2 ] INFO  UpdaterService       - Your current version:  11.16
12:24:10.876 [FXGL Background Thread 2 ] INFO  UpdaterService       - Latest stable version: 11.17
12:24:10.896 [FXGL Background Thread 4 ] WARN  GameWorld            - Entity is already attached to world
12:24:10.897 [FXGL Background Thread 4 ] DEBUG FXGLAssetLoaderServi - Loading from file system: file:/C:/Users/russl/IdeaProjects/cloudHopper/target/classes/assets/textures/z-1.png
12:24:10.931 [FXGL Background Thread 4 ] WARN  GameWorld            - Entity is already attached to world
12:24:10.941 [FXGL Background Thread 4 ] DEBUG FXGLAssetLoaderServi - Loading from file system: file:/C:/Users/russl/IdeaProjects/cloudHopper/target/classes/assets/textures/hearts.png
12:24:10.944 [FXGL Background Thread 4 ] INFO  FXGLApplication      - Game initialization took: 0.514 sec
12:24:10.946 [JavaFX Application Thread] DEBUG Input                - Clearing active input actions
12:24:10.962 [JavaFX Application Thread] DEBUG GameApplicationServi - Removing overlay from FXGLLoadingScene and adding to GameScene
12:24:10.962 [JavaFX Application Thread] DEBUG PrimaryStageWindow   - FXGLLoadingScene -> GameScene
12:24:12.576 [JavaFX Application Thread] DEBUG FXGLAssetLoaderServi - Loading from file system: file:/C:/Users/russl/IdeaProjects/cloudHopper/target/classes/assets/textures/key.png
12:24:13.332 [FXGL Background Thread 3 ] DEBUG Engine               - Logging environment variables
12:24:13.332 [FXGL Background Thread 3 ] DEBUG Engine               - achievements: []
12:24:13.332 [FXGL Background Thread 3 ] DEBUG Engine               - actualHeight: 800.0
12:24:13.332 [FXGL Background Thread 3 ] DEBUG Engine               - actualHeightProperty: ReadOnlyDoubleProperty [value: 800.0]
12:24:13.332 [FXGL Background Thread 3 ] DEBUG Engine               - actualWidth: 1000.0
12:24:13.333 [FXGL Background Thread 3 ] DEBUG Engine               - actualWidthProperty: ReadOnlyDoubleProperty [value: 1000.0]
12:24:13.333 [FXGL Background Thread 3 ] DEBUG Engine               - appIcon: fxgl_icon.png
12:24:13.333 [FXGL Background Thread 3 ] DEBUG Engine               - applicationMode: DEVELOPER
12:24:13.333 [FXGL Background Thread 3 ] DEBUG Engine               - cSSList: [fxgl_dark.css]
12:24:13.333 [FXGL Background Thread 3 ] DEBUG Engine               - collisionDetectionStrategy: BRUTE_FORCE
12:24:13.333 [FXGL Background Thread 3 ] DEBUG Engine               - configClass: Optional.empty
12:24:13.333 [FXGL Background Thread 3 ] DEBUG Engine               - credits: []
12:24:13.333 [FXGL Background Thread 3 ] DEBUG Engine               - defaultCursor: CursorInfo(imageName=fxgl_default_cursor.png, hotspotX=7.0, hotspotY=6.0)
12:24:13.334 [FXGL Background Thread 3 ] DEBUG Engine               - devBBoxColorProperty: ObjectProperty [value: 0xff0000ff]
12:24:13.334 [FXGL Background Thread 3 ] DEBUG Engine               - devEnableDebugCameraProperty: BooleanProperty [value: false]
12:24:13.334 [FXGL Background Thread 3 ] DEBUG Engine               - devSensorColorProperty: ObjectProperty [value: 0xffff00ff]
12:24:13.334 [FXGL Background Thread 3 ] DEBUG Engine               - devShowBBoxProperty: BooleanProperty [value: false]
12:24:13.334 [FXGL Background Thread 3 ] DEBUG Engine               - devShowPositionProperty: BooleanProperty [value: false]
12:24:13.334 [FXGL Background Thread 3 ] DEBUG Engine               - enabledMenuItems: []
12:24:13.334 [FXGL Background Thread 3 ] DEBUG Engine               - engineServices: [class com.almasb.fxgl.app.services.FXGLAssetLoaderService, class com.almasb.fxgl.app.FXGLApplication$GameApplicationService, class com.almasb.fxgl.app.services.FXGLDialogService, class com.almasb.fxgl.app.services.IOTaskExecutorService, class com.almasb.fxgl.io.FileSystemService, class com.almasb.fxgl.localization.LocalizationService, class com.almasb.fxgl.app.services.SystemBundleService, class com.almasb.fxgl.profile.SaveLoadService, class com.almasb.fxgl.ui.FXGLUIFactoryServiceProvider, class com.almasb.fxgl.ui.FXGLDialogFactoryServiceProvider, class com.almasb.fxgl.audio.AudioPlayer, class com.almasb.fxgl.notification.impl.NotificationServiceProvider, class com.almasb.fxgl.achievement.AchievementService, class com.almasb.fxgl.cutscene.CutsceneService, class com.almasb.fxgl.minigames.MiniGameService, class com.almasb.fxgl.net.NetService, class com.almasb.fxgl.app.services.UpdaterService, class com.almasb.fxgl.dev.DevService]
12:24:13.334 [FXGL Background Thread 3 ] DEBUG Engine               - fontGame: Abel-Regular.ttf
12:24:13.335 [FXGL Background Thread 3 ] DEBUG Engine               - fontMono: lucida_console.ttf
12:24:13.335 [FXGL Background Thread 3 ] DEBUG Engine               - fontText: Courier-Prime.ttf
12:24:13.335 [FXGL Background Thread 3 ] DEBUG Engine               - fontUI: VarelaRound-Regular.ttf
12:24:13.335 [FXGL Background Thread 3 ] DEBUG Engine               - fullScreen: BooleanProperty [value: false]
12:24:13.335 [FXGL Background Thread 3 ] DEBUG Engine               - gameDifficulty: MEDIUM
12:24:13.335 [FXGL Background Thread 3 ] DEBUG Engine               - gameDifficultyProperty: ObjectProperty [value: MEDIUM]
12:24:13.335 [FXGL Background Thread 3 ] DEBUG Engine               - globalMusicVolume: 0.5
12:24:13.335 [FXGL Background Thread 3 ] DEBUG Engine               - globalMusicVolumeProperty: DoubleProperty [value: 0.5]
12:24:13.335 [FXGL Background Thread 3 ] DEBUG Engine               - globalSoundVolume: 0.5
12:24:13.335 [FXGL Background Thread 3 ] DEBUG Engine               - globalSoundVolumeProperty: DoubleProperty [value: 0.5]
12:24:13.336 [FXGL Background Thread 3 ] DEBUG Engine               - height: 800
12:24:13.336 [FXGL Background Thread 3 ] DEBUG Engine               - is3D: false
12:24:13.336 [FXGL Background Thread 3 ] DEBUG Engine               - isAndroid: false
12:24:13.336 [FXGL Background Thread 3 ] DEBUG Engine               - isBrowser: false
12:24:13.336 [FXGL Background Thread 3 ] DEBUG Engine               - isClickFeedbackEnabled: false
12:24:13.336 [FXGL Background Thread 3 ] DEBUG Engine               - isCloseConfirmation: false
12:24:13.336 [FXGL Background Thread 3 ] DEBUG Engine               - isDesktop: true
12:24:13.337 [FXGL Background Thread 3 ] DEBUG Engine               - isDeveloperMenuEnabled: false
12:24:13.337 [FXGL Background Thread 3 ] DEBUG Engine               - isEntityPreloadEnabled: true
12:24:13.337 [FXGL Background Thread 3 ] DEBUG Engine               - isExperimentalTiledLargeMap: false
12:24:13.337 [FXGL Background Thread 3 ] DEBUG Engine               - isFileSystemWriteAllowed: true
12:24:13.337 [FXGL Background Thread 3 ] DEBUG Engine               - isFullScreenAllowed: false
12:24:13.337 [FXGL Background Thread 3 ] DEBUG Engine               - isFullScreenFromStart: false
12:24:13.337 [FXGL Background Thread 3 ] DEBUG Engine               - isGameMenuEnabled: true
12:24:13.337 [FXGL Background Thread 3 ] DEBUG Engine               - isIOS: false
12:24:13.337 [FXGL Background Thread 3 ] DEBUG Engine               - isIntroEnabled: false
12:24:13.337 [FXGL Background Thread 3 ] DEBUG Engine               - isLinux: false
12:24:13.337 [FXGL Background Thread 3 ] DEBUG Engine               - isMac: false
12:24:13.337 [FXGL Background Thread 3 ] DEBUG Engine               - isMainMenuEnabled: false
12:24:13.338 [FXGL Background Thread 3 ] DEBUG Engine               - isManualResizeEnabled: false
12:24:13.338 [FXGL Background Thread 3 ] DEBUG Engine               - isMobile: false
12:24:13.338 [FXGL Background Thread 3 ] DEBUG Engine               - isNative: false
12:24:13.338 [FXGL Background Thread 3 ] DEBUG Engine               - isPreserveResizeRatio: false
12:24:13.338 [FXGL Background Thread 3 ] DEBUG Engine               - isProfilingEnabled: false
12:24:13.338 [FXGL Background Thread 3 ] DEBUG Engine               - isScaleAffectedOnResize: true
12:24:13.338 [FXGL Background Thread 3 ] DEBUG Engine               - isSingleStep: false
12:24:13.338 [FXGL Background Thread 3 ] DEBUG Engine               - isUserProfileEnabled: false
12:24:13.338 [FXGL Background Thread 3 ] DEBUG Engine               - isWindows: true
12:24:13.338 [FXGL Background Thread 3 ] DEBUG Engine               - language: ObjectProperty [value: ENGLISH]
12:24:13.338 [FXGL Background Thread 3 ] DEBUG Engine               - menuKey: ESCAPE
12:24:13.338 [FXGL Background Thread 3 ] DEBUG Engine               - mouseSensitivity: 0.2
12:24:13.338 [FXGL Background Thread 3 ] DEBUG Engine               - notificationViewClass: class com.almasb.fxgl.notification.view.XboxNotificationView
12:24:13.339 [FXGL Background Thread 3 ] DEBUG Engine               - pixelsPerMeter: 50.0
12:24:13.339 [FXGL Background Thread 3 ] DEBUG Engine               - platform: WINDOWS
12:24:13.339 [FXGL Background Thread 3 ] DEBUG Engine               - prefHeightProperty: ReadOnlyDoubleProperty [value: 800.0]
12:24:13.339 [FXGL Background Thread 3 ] DEBUG Engine               - prefWidthProperty: ReadOnlyDoubleProperty [value: 1000.0]
12:24:13.339 [FXGL Background Thread 3 ] DEBUG Engine               - profileDir: profiles/
12:24:13.339 [FXGL Background Thread 3 ] DEBUG Engine               - profileName: StringProperty [value: DEFAULT]
12:24:13.339 [FXGL Background Thread 3 ] DEBUG Engine               - randomSeed: -1
12:24:13.339 [FXGL Background Thread 3 ] DEBUG Engine               - runtimeInfo: RuntimeInfo(platform=WINDOWS, version=11.16, build=25.05.2021 08.16)
12:24:13.339 [FXGL Background Thread 3 ] DEBUG Engine               - saveFileExt: sav
12:24:13.339 [FXGL Background Thread 3 ] DEBUG Engine               - scaledHeightProp$fxgl: DoubleProperty [bound, value: 800.0]
12:24:13.340 [FXGL Background Thread 3 ] DEBUG Engine               - scaledWidthProp$fxgl: DoubleProperty [bound, value: 1000.0]
12:24:13.340 [FXGL Background Thread 3 ] DEBUG Engine               - sceneFactory: com.almasb.fxgl.app.scene.SceneFactory@45b8ab6b
12:24:13.340 [FXGL Background Thread 3 ] DEBUG Engine               - secondsIn24h: 60
12:24:13.340 [FXGL Background Thread 3 ] DEBUG Engine               - soundMenuBack: menu/back.wav
12:24:13.340 [FXGL Background Thread 3 ] DEBUG Engine               - soundMenuPress: menu/press.wav
12:24:13.340 [FXGL Background Thread 3 ] DEBUG Engine               - soundMenuSelect: menu/select.wav
12:24:13.340 [FXGL Background Thread 3 ] DEBUG Engine               - soundNotification: core/notification.wav
12:24:13.340 [FXGL Background Thread 3 ] DEBUG Engine               - stageStyle: DECORATED
12:24:13.340 [FXGL Background Thread 3 ] DEBUG Engine               - supportedLanguages: [ENGLISH, FRENCH, GERMAN, HUNGARIAN, RUSSIAN]
12:24:13.340 [FXGL Background Thread 3 ] DEBUG Engine               - ticksPerSecond: -1
12:24:13.340 [FXGL Background Thread 3 ] DEBUG Engine               - title: Cloud Hopper
12:24:13.340 [FXGL Background Thread 3 ] DEBUG Engine               - urlGithub: https://github.com/AlmasB/FXGL
12:24:13.341 [FXGL Background Thread 3 ] DEBUG Engine               - urlLeaderboard: http://fxgl-top.herokuapp.com/
12:24:13.341 [FXGL Background Thread 3 ] DEBUG Engine               - urlPOM: https://raw.githubusercontent.com/AlmasB/FXGL/release/README.md
12:24:13.341 [FXGL Background Thread 3 ] DEBUG Engine               - userAppClass: class com.cloudHopper.PlatformerApp
12:24:13.341 [FXGL Background Thread 3 ] DEBUG Engine               - version: 0.1
12:24:13.341 [FXGL Background Thread 3 ] DEBUG Engine               - versionCheckDays: 7
12:24:13.341 [FXGL Background Thread 3 ] DEBUG Engine               - width: 1000
12:24:13.341 [FXGL Background Thread 3 ] DEBUG Engine               - Logging services
12:24:13.341 [FXGL Background Thread 3 ] DEBUG Engine               - class com.almasb.fxgl.app.services.FXGLAssetLoaderService
12:24:13.341 [FXGL Background Thread 3 ] DEBUG Engine               - class com.almasb.fxgl.app.FXGLApplication$GameApplicationService
12:24:13.341 [FXGL Background Thread 3 ] DEBUG Engine               - class com.almasb.fxgl.app.services.FXGLDialogService
12:24:13.341 [FXGL Background Thread 3 ] DEBUG Engine               - class com.almasb.fxgl.app.services.IOTaskExecutorService
12:24:13.341 [FXGL Background Thread 3 ] DEBUG Engine               - class com.almasb.fxgl.io.FileSystemService
12:24:13.342 [FXGL Background Thread 3 ] DEBUG Engine               - class com.almasb.fxgl.localization.LocalizationService
12:24:13.342 [FXGL Background Thread 3 ] DEBUG Engine               - class com.almasb.fxgl.app.services.SystemBundleService
12:24:13.342 [FXGL Background Thread 3 ] DEBUG Engine               - class com.almasb.fxgl.profile.SaveLoadService
12:24:13.342 [FXGL Background Thread 3 ] DEBUG Engine               - class com.almasb.fxgl.ui.FXGLUIFactoryServiceProvider
12:24:13.342 [FXGL Background Thread 3 ] DEBUG Engine               - class com.almasb.fxgl.ui.FXGLDialogFactoryServiceProvider
12:24:13.342 [FXGL Background Thread 3 ] DEBUG Engine               - class com.almasb.fxgl.audio.AudioPlayer
12:24:13.342 [FXGL Background Thread 3 ] DEBUG Engine               - class com.almasb.fxgl.notification.impl.NotificationServiceProvider
12:24:13.342 [FXGL Background Thread 3 ] DEBUG Engine               - class com.almasb.fxgl.achievement.AchievementService
12:24:13.343 [FXGL Background Thread 3 ] DEBUG Engine               - class com.almasb.fxgl.cutscene.CutsceneService
12:24:13.343 [FXGL Background Thread 3 ] DEBUG Engine               - class com.almasb.fxgl.minigames.MiniGameService
12:24:13.343 [FXGL Background Thread 3 ] DEBUG Engine               - class com.almasb.fxgl.net.NetService
12:24:13.343 [FXGL Background Thread 3 ] DEBUG Engine               - class com.almasb.fxgl.app.services.UpdaterService
12:24:13.343 [FXGL Background Thread 3 ] DEBUG Engine               - class com.almasb.fxgl.dev.DevService
12:24:47.755 [JavaFX Application Thread] DEBUG FXGLApplication      - Exiting FXGL
12:24:47.755 [JavaFX Application Thread] DEBUG LoopRunner           - Stopping loop
12:24:47.755 [JavaFX Application Thread] DEBUG SystemBundleService  - Saving FXGL system data
12:24:47.757 [JavaFX Application Thread] DEBUG FileSystemAccess     - Writing to: C:\Users\russl\IdeaProjects\cloudHopper\system\fxgl.bundle
12:24:47.758 [JavaFX Application Thread] DEBUG Async                - Shutting down background threads
12:24:47.759 [JavaFX Application Thread] DEBUG PrimaryStageWindow   - Closing main window
12:24:47.769 [JavaFX Application Thread] DEBUG Logger               - Closing Logger
