21:15:20.957 [main                     ] DEBUG Logger               - Configured Logger
21:15:20.962 [main                     ] DEBUG GameApplication      - Logging settings
Title: Cloud Hopper
Version: 0.1
Width: 1000
Height: 800
Fullscreen: false
Intro: false
Profiling: false
Single step:false
App Mode: DEVELOPER
Menu Key: ESCAPE
Stage Style: DECORATED
Scene Factory: class com.almasb.fxgl.app.scene.SceneFactory

21:15:21.540 [JavaFX Application Thread] DEBUG FXGLApplication      - Initializing FXGL
21:15:21.542 [JavaFX Application Thread] INFO  Engine               - FXGL-11.16 (25.05.2021 08.16) on WINDOWS (J:16 FX:16)
21:15:21.543 [JavaFX Application Thread] DEBUG Engine               - JRE Vendor Name: Oracle Corporation
21:15:21.543 [JavaFX Application Thread] DEBUG Engine               - Running on OS: Windows 10 version 10.0
21:15:21.543 [JavaFX Application Thread] DEBUG Engine               - Architecture: amd64
21:15:21.543 [JavaFX Application Thread] INFO  Engine               - Source code and latest versions at: https://github.com/AlmasB/FXGL
21:15:21.543 [JavaFX Application Thread] INFO  Engine               -              Join the FXGL chat at: https://gitter.im/AlmasB/FXGL
21:15:21.701 [JavaFX Application Thread] DEBUG PrimaryStageWindow   - Creating a JavaFX scene
21:15:21.766 [JavaFX Application Thread] DEBUG PrimaryStageWindow   - Target settings size: 1000.0 x 800.0
21:15:21.766 [JavaFX Application Thread] DEBUG PrimaryStageWindow   - Scaled scene size:    1000.0 x 800.0
21:15:21.766 [JavaFX Application Thread] DEBUG PrimaryStageWindow   - Scaled ratio: (1.0, 1.0)
21:15:21.767 [JavaFX Application Thread] DEBUG PrimaryStageWindow   - Set initial scene to FXGLStartupScene
21:15:21.777 [JavaFX Application Thread] DEBUG PrimaryStageWindow   - Opening main window
21:15:21.905 [JavaFX Application Thread] DEBUG PrimaryStageWindow   - Window border size: (16.0, 39.0)
21:15:21.906 [JavaFX Application Thread] DEBUG PrimaryStageWindow   - Scaled size: 1000.0 x 800.0
21:15:21.906 [JavaFX Application Thread] DEBUG PrimaryStageWindow   - Scaled ratio: (1.0, 1.0)
21:15:21.906 [JavaFX Application Thread] DEBUG PrimaryStageWindow   - Scene size: 1000.0 x 800.0
21:15:21.906 [JavaFX Application Thread] DEBUG PrimaryStageWindow   - Stage size: 1016.0 x 839.0
21:15:21.915 [FXGL Background Thread 1 ] DEBUG Engine               - Initializing environment variables
21:15:21.964 [FXGL Background Thread 1 ] DEBUG FXGLAssetLoaderServi - User app class for loading assets: class com.cloudHopper.PlatformerApp
21:15:21.965 [FXGL Background Thread 1 ] DEBUG GameApplicationServi - Applying CSS: fxgl_dark.css
21:15:21.966 [FXGL Background Thread 1 ] DEBUG FXGLAssetLoaderServi - Loading from file system: jar:file:/C:/Users/russl/.m2/repository/com/github/almasb/fxgl/11.16/fxgl-11.16.jar!/fxglassets/ui/css/fxgl_dark.css
21:15:22.016 [FXGL Background Thread 1 ] DEBUG GameApplicationServi - Initializing application scenes
21:15:22.064 [FXGL Background Thread 1 ] DEBUG GameWorld            - Game world initialized
21:15:22.135 [FXGL Background Thread 1 ] DEBUG PhysicsWorld         - Physics world initialized: appHeight=800, physics.ppm=50.0
21:15:22.135 [FXGL Background Thread 1 ] DEBUG PhysicsWorld         - Using strategy: BRUTE_FORCE
21:15:22.139 [FXGL Background Thread 1 ] DEBUG GameScene            - Game scene initialized: 1000x800
21:15:22.153 [FXGL Background Thread 1 ] DEBUG FXGL.DefaultMenu     - createMenuBodyGameMenu()
21:15:22.172 [FXGL Background Thread 1 ] DEBUG FXGL.DefaultMenu     - createOptionsMenu()
21:15:22.183 [FXGL Background Thread 1 ] DEBUG FXGLAssetLoaderServi - Loading from file system: jar:file:/C:/Users/russl/.m2/repository/com/github/almasb/fxgl/11.16/fxgl-11.16.jar!/fxglassets/textures/particles/smoke.png
21:15:22.295 [FXGL Background Thread 1 ] DEBUG FXGLAssetLoaderServi - Loading from file system: jar:file:/C:/Users/russl/.m2/repository/com/github/almasb/fxgl/11.16/fxgl-11.16.jar!/fxglassets/textures/particles/trace_horizontal.png
21:15:22.335 [FXGL Background Thread 1 ] DEBUG GameApplicationServi - Application scenes initialized
21:15:22.348 [FXGL Background Thread 1 ] DEBUG SystemBundleService  - Loading FXGL system data
21:15:22.352 [FXGL Background Thread 1 ] DEBUG FileSystemAccess     - Reading from: C:\Users\russl\IdeaProjects\cloudHopper\system\fxgl.bundle
21:15:22.358 [FXGL Background Thread 1 ] DEBUG SystemBundleService  - Bundle FXGL: {}
21:15:22.358 [FXGL Background Thread 1 ] DEBUG UpdaterService       - Checking for updates
21:15:22.362 [FXGL Background Thread 4 ] DEBUG FXGLApplication      - Loading fonts
21:15:22.363 [FXGL Background Thread 1 ] DEBUG FXGLApplication      - Loading default localization
21:15:22.363 [FXGL Background Thread 1 ] DEBUG FXGLAssetLoaderServi - Loading from file system: jar:file:/C:/Users/russl/.m2/repository/com/github/almasb/fxgl/11.16/fxgl-11.16.jar!/fxglassets/languages/english.lang
21:15:22.364 [FXGL Background Thread 4 ] DEBUG FXGLAssetLoaderServi - Loading from file system: jar:file:/C:/Users/russl/.m2/repository/com/github/almasb/fxgl/11.16/fxgl-11.16.jar!/fxglassets/ui/fonts/VarelaRound-Regular.ttf
21:15:22.385 [FXGL Background Thread 1 ] INFO  FXGLApplication      - FXGL initialization took: 0.470 sec
21:15:22.401 [JavaFX Application Thread] DEBUG Input                - Registered new binding: action0 - A
21:15:22.402 [JavaFX Application Thread] DEBUG Input                - Registered new binding: action1 - D
21:15:22.403 [JavaFX Application Thread] DEBUG Input                - Registered new binding: action2 - Space
21:15:22.403 [JavaFX Application Thread] DEBUG Input                - Registered new binding: action3 - W
21:15:22.404 [JavaFX Application Thread] DEBUG FXGLAssetLoaderServi - Loading from file system: jar:file:/C:/Users/russl/.m2/repository/com/github/almasb/fxgl/11.16/fxgl-11.16.jar!/fxglassets/textures/fxgl_icon.png
21:15:22.411 [FXGL Background Thread 4 ] DEBUG FXGLAssetLoaderServi - Loading from file system: jar:file:/C:/Users/russl/.m2/repository/com/github/almasb/fxgl/11.16/fxgl-11.16.jar!/fxglassets/ui/fonts/Abel-Regular.ttf
21:15:22.415 [FXGL Background Thread 4 ] DEBUG FXGLAssetLoaderServi - Loading from file system: jar:file:/C:/Users/russl/.m2/repository/com/github/almasb/fxgl/11.16/fxgl-11.16.jar!/fxglassets/ui/fonts/lucida_console.ttf
21:15:22.420 [FXGL Background Thread 4 ] DEBUG FXGLAssetLoaderServi - Loading from file system: jar:file:/C:/Users/russl/.m2/repository/com/github/almasb/fxgl/11.16/fxgl-11.16.jar!/fxglassets/ui/fonts/Courier-Prime.ttf
21:15:22.434 [JavaFX Application Thread] DEBUG FXGLAssetLoaderServi - Loading from file system: jar:file:/C:/Users/russl/.m2/repository/com/github/almasb/fxgl/11.16/fxgl-11.16.jar!/fxglassets/textures/fxgl_default_cursor.png
21:15:22.437 [JavaFX Application Thread] DEBUG Input                - Registered new binding: Screenshot - CTRL+8
21:15:22.437 [JavaFX Application Thread] DEBUG Input                - Registered new binding: System info dump - CTRL+9
21:15:22.438 [JavaFX Application Thread] DEBUG Input                - Registered new binding: Restart - CTRL+R
21:15:22.439 [JavaFX Application Thread] DEBUG Input                - Registered new binding: Toggle Debug Camera - CTRL+C
21:15:22.442 [JavaFX Application Thread] DEBUG LoopRunner           - Starting loop
21:15:22.443 [JavaFX Application Thread] DEBUG LoopRunner           - Initializing JavaFX AnimationTimerLoop
21:15:22.446 [JavaFX Application Thread] DEBUG GameApplicationServi - Starting new game
21:15:22.447 [JavaFX Application Thread] DEBUG Input                - Clearing active input actions
21:15:22.459 [JavaFX Application Thread] DEBUG GameApplicationServi - Removing overlay from FXGLStartupScene and adding to FXGLLoadingScene
21:15:22.460 [JavaFX Application Thread] DEBUG PrimaryStageWindow   - FXGLStartupScene -> FXGLLoadingScene
21:15:22.460 [JavaFX Application Thread] DEBUG GameApplicationServi - Clearing previous game
21:15:22.460 [JavaFX Application Thread] DEBUG GameScene            - Clearing game scene
21:15:22.460 [JavaFX Application Thread] DEBUG GameWorld            - Clearing game world
21:15:22.461 [JavaFX Application Thread] DEBUG PhysicsWorld         - Clearing physics world
21:15:22.462 [JavaFX Application Thread] DEBUG FXGLApplication      - Registering font factories with UI factory
21:15:22.510 [FXGL Background Thread 4 ] WARN  TMXLevelLoader       - TiledMap generated from 1.7.1. Supported version: 1.2.3. Some features may not be parsed fully.
21:15:22.565 [FXGL Background Thread 4 ] DEBUG TMXLevelLoader       - Parsed TiledMap: file:/C:/Users/russl/IdeaProjects/cloudHopper/target/classes/assets/levels/level1.tmx
21:15:22.566 [FXGL Background Thread 4 ] DEBUG TMXLevelLoader       - Creating tile layer entities
21:15:22.567 [FXGL Background Thread 4 ] DEBUG TilesetLoader        - Loading view for layer Tile Layer 1
21:15:22.620 [FXGL Background Thread 4 ] DEBUG TilesetLoader        - Created buffer with size 20480.0x1280.0
21:15:22.732 [FXGL Background Thread 4 ] DEBUG TMXLevelLoader       - Creating object layer entities
21:15:22.760 [FXGL Background Thread 4 ] DEBUG FXGLAssetLoaderServi - Loading from file system: file:/C:/Users/russl/IdeaProjects/cloudHopper/target/classes/assets/textures/crate.png
21:15:22.780 [FXGL Background Thread 4 ] DEBUG FXGLAssetLoaderServi - Loading from file system: file:/C:/Users/russl/IdeaProjects/cloudHopper/target/classes/assets/textures/StoneBlock.png
21:15:22.789 [FXGL Background Thread 4 ] DEBUG FXGLAssetLoaderServi - Loading from file system: file:/C:/Users/russl/IdeaProjects/cloudHopper/target/classes/assets/textures/characters_packed.png
21:15:22.822 [FXGL Background Thread 4 ] DEBUG FXGLAssetLoaderServi - Loading from file system: file:/C:/Users/russl/IdeaProjects/cloudHopper/target/classes/assets/textures/keyAnimation.png
21:15:22.850 [FXGL Background Thread 4 ] DEBUG FXGLAssetLoaderServi - Loading from file system: file:/C:/Users/russl/IdeaProjects/cloudHopper/target/classes/assets/textures/starAnimation.png
21:15:22.858 [FXGL Background Thread 4 ] DEBUG GameWorld            - Clearing removable entities
21:15:22.859 [FXGL Background Thread 4 ] DEBUG GameWorld            - Setting level: com.almasb.fxgl.entity.level.Level@6603934e
21:15:22.863 [FXGL Background Thread 2 ] INFO  UpdaterService       - Your current version:  11.16
21:15:22.863 [FXGL Background Thread 2 ] INFO  UpdaterService       - Latest stable version: 11.17
21:15:22.882 [FXGL Background Thread 4 ] DEBUG FXGLAssetLoaderServi - Loading from file system: file:/C:/Users/russl/IdeaProjects/cloudHopper/target/classes/assets/textures/single.png
21:15:22.885 [FXGL Background Thread 4 ] DEBUG FXGLAssetLoaderServi - Loading from file system: file:/C:/Users/russl/IdeaProjects/cloudHopper/target/classes/assets/textures/singlePushing.png
21:15:22.888 [FXGL Background Thread 4 ] DEBUG FXGLAssetLoaderServi - Loading from file system: file:/C:/Users/russl/IdeaProjects/cloudHopper/target/classes/assets/textures/z-2.png
21:15:22.915 [FXGL Background Thread 4 ] WARN  GameWorld            - Entity is already attached to world
21:15:22.916 [FXGL Background Thread 4 ] DEBUG FXGLAssetLoaderServi - Loading from file system: file:/C:/Users/russl/IdeaProjects/cloudHopper/target/classes/assets/textures/z-1.png
21:15:22.941 [FXGL Background Thread 4 ] WARN  GameWorld            - Entity is already attached to world
21:15:22.949 [FXGL Background Thread 4 ] DEBUG FXGLAssetLoaderServi - Loading from file system: file:/C:/Users/russl/IdeaProjects/cloudHopper/target/classes/assets/textures/hearts.png
21:15:22.953 [FXGL Background Thread 4 ] INFO  FXGLApplication      - Game initialization took: 0.490 sec
21:15:22.953 [JavaFX Application Thread] DEBUG Input                - Clearing active input actions
21:15:22.967 [JavaFX Application Thread] DEBUG GameApplicationServi - Removing overlay from FXGLLoadingScene and adding to GameScene
21:15:22.967 [JavaFX Application Thread] DEBUG PrimaryStageWindow   - FXGLLoadingScene -> GameScene
21:15:24.831 [JavaFX Application Thread] DEBUG FXGLApplication      - Exiting FXGL
21:15:24.831 [JavaFX Application Thread] DEBUG LoopRunner           - Stopping loop
21:15:24.832 [JavaFX Application Thread] DEBUG SystemBundleService  - Saving FXGL system data
21:15:24.834 [JavaFX Application Thread] DEBUG FileSystemAccess     - Writing to: C:\Users\russl\IdeaProjects\cloudHopper\system\fxgl.bundle
21:15:24.835 [JavaFX Application Thread] DEBUG Async                - Shutting down background threads
21:15:24.836 [JavaFX Application Thread] DEBUG PrimaryStageWindow   - Closing main window
21:15:24.845 [JavaFX Application Thread] DEBUG Logger               - Closing Logger
