18:27:46.089 [main                     ] DEBUG Logger               - Configured Logger
18:27:46.097 [main                     ] DEBUG GameApplication      - Logging settings
Title: Cloud Hopper
Version: 0.1
Width: 1000
Height: 800
Fullscreen: false
Intro: false
Profiling: false
Single step:false
App Mode: DEVELOPER
Menu Key: ESCAPE
Stage Style: DECORATED
Scene Factory: class com.almasb.fxgl.app.scene.SceneFactory

18:27:46.673 [JavaFX Application Thread] DEBUG FXGLApplication      - Initializing FXGL
18:27:46.676 [JavaFX Application Thread] INFO  Engine               - FXGL-11.16 (25.05.2021 08.16) on WINDOWS (J:16 FX:16)
18:27:46.677 [JavaFX Application Thread] DEBUG Engine               - JRE Vendor Name: Oracle Corporation
18:27:46.677 [JavaFX Application Thread] DEBUG Engine               - Running on OS: Windows 10 version 10.0
18:27:46.677 [JavaFX Application Thread] DEBUG Engine               - Architecture: amd64
18:27:46.678 [JavaFX Application Thread] INFO  Engine               - Source code and latest versions at: https://github.com/AlmasB/FXGL
18:27:46.678 [JavaFX Application Thread] INFO  Engine               -              Join the FXGL chat at: https://gitter.im/AlmasB/FXGL
18:27:46.842 [JavaFX Application Thread] DEBUG PrimaryStageWindow   - Creating a JavaFX scene
18:27:46.908 [JavaFX Application Thread] DEBUG PrimaryStageWindow   - Target settings size: 1000.0 x 800.0
18:27:46.908 [JavaFX Application Thread] DEBUG PrimaryStageWindow   - Scaled scene size:    1000.0 x 800.0
18:27:46.908 [JavaFX Application Thread] DEBUG PrimaryStageWindow   - Scaled ratio: (1.0, 1.0)
18:27:46.909 [JavaFX Application Thread] DEBUG PrimaryStageWindow   - Set initial scene to FXGLStartupScene
18:27:46.919 [JavaFX Application Thread] DEBUG PrimaryStageWindow   - Opening main window
18:27:47.074 [JavaFX Application Thread] DEBUG PrimaryStageWindow   - Window border size: (16.0, 39.0)
18:27:47.075 [JavaFX Application Thread] DEBUG PrimaryStageWindow   - Scaled size: 1000.0 x 800.0
18:27:47.075 [JavaFX Application Thread] DEBUG PrimaryStageWindow   - Scaled ratio: (1.0, 1.0)
18:27:47.075 [JavaFX Application Thread] DEBUG PrimaryStageWindow   - Scene size: 1000.0 x 800.0
18:27:47.075 [JavaFX Application Thread] DEBUG PrimaryStageWindow   - Stage size: 1016.0 x 839.0
18:27:47.084 [FXGL Background Thread 1 ] DEBUG Engine               - Initializing environment variables
18:27:47.134 [FXGL Background Thread 1 ] DEBUG FXGLAssetLoaderServi - User app class for loading assets: class com.cloudHopper.PlatformerApp
18:27:47.134 [FXGL Background Thread 1 ] DEBUG GameApplicationServi - Applying CSS: fxgl_dark.css
18:27:47.135 [FXGL Background Thread 1 ] DEBUG FXGLAssetLoaderServi - Loading from file system: jar:file:/C:/Users/russl/.m2/repository/com/github/almasb/fxgl/11.16/fxgl-11.16.jar!/fxglassets/ui/css/fxgl_dark.css
18:27:47.190 [FXGL Background Thread 1 ] DEBUG GameApplicationServi - Initializing application scenes
18:27:47.231 [FXGL Background Thread 1 ] DEBUG GameWorld            - Game world initialized
18:27:47.313 [FXGL Background Thread 1 ] DEBUG PhysicsWorld         - Physics world initialized: appHeight=800, physics.ppm=50.0
18:27:47.314 [FXGL Background Thread 1 ] DEBUG PhysicsWorld         - Using strategy: BRUTE_FORCE
18:27:47.317 [FXGL Background Thread 1 ] DEBUG GameScene            - Game scene initialized: 1000x800
18:27:47.335 [FXGL Background Thread 1 ] DEBUG FXGL.DefaultMenu     - createMenuBodyGameMenu()
18:27:47.355 [FXGL Background Thread 1 ] DEBUG FXGL.DefaultMenu     - createOptionsMenu()
18:27:47.366 [FXGL Background Thread 1 ] DEBUG FXGLAssetLoaderServi - Loading from file system: jar:file:/C:/Users/russl/.m2/repository/com/github/almasb/fxgl/11.16/fxgl-11.16.jar!/fxglassets/textures/particles/smoke.png
18:27:47.482 [FXGL Background Thread 1 ] DEBUG FXGLAssetLoaderServi - Loading from file system: jar:file:/C:/Users/russl/.m2/repository/com/github/almasb/fxgl/11.16/fxgl-11.16.jar!/fxglassets/textures/particles/trace_horizontal.png
18:27:47.521 [FXGL Background Thread 1 ] DEBUG GameApplicationServi - Application scenes initialized
18:27:47.532 [FXGL Background Thread 1 ] DEBUG SystemBundleService  - Loading FXGL system data
18:27:47.536 [FXGL Background Thread 1 ] DEBUG FileSystemAccess     - Reading from: C:\Users\russl\IdeaProjects\cloudHopper\system\fxgl.bundle
18:27:47.542 [FXGL Background Thread 1 ] DEBUG SystemBundleService  - Bundle FXGL: {}
18:27:47.542 [FXGL Background Thread 1 ] DEBUG UpdaterService       - Checking for updates
18:27:47.546 [FXGL Background Thread 4 ] DEBUG FXGLApplication      - Loading fonts
18:27:47.547 [FXGL Background Thread 1 ] DEBUG FXGLApplication      - Loading default localization
18:27:47.547 [FXGL Background Thread 4 ] DEBUG FXGLAssetLoaderServi - Loading from file system: jar:file:/C:/Users/russl/.m2/repository/com/github/almasb/fxgl/11.16/fxgl-11.16.jar!/fxglassets/ui/fonts/VarelaRound-Regular.ttf
18:27:47.548 [FXGL Background Thread 1 ] DEBUG FXGLAssetLoaderServi - Loading from file system: jar:file:/C:/Users/russl/.m2/repository/com/github/almasb/fxgl/11.16/fxgl-11.16.jar!/fxglassets/languages/english.lang
18:27:47.572 [FXGL Background Thread 1 ] INFO  FXGLApplication      - FXGL initialization took: 0.488 sec
18:27:47.586 [JavaFX Application Thread] DEBUG Input                - Registered new binding: action0 - A
18:27:47.587 [JavaFX Application Thread] DEBUG Input                - Registered new binding: action1 - D
18:27:47.588 [JavaFX Application Thread] DEBUG Input                - Registered new binding: action2 - Space
18:27:47.589 [JavaFX Application Thread] DEBUG Input                - Registered new binding: action3 - W
18:27:47.589 [JavaFX Application Thread] DEBUG FXGLAssetLoaderServi - Loading from file system: jar:file:/C:/Users/russl/.m2/repository/com/github/almasb/fxgl/11.16/fxgl-11.16.jar!/fxglassets/textures/fxgl_icon.png
18:27:47.596 [FXGL Background Thread 4 ] DEBUG FXGLAssetLoaderServi - Loading from file system: jar:file:/C:/Users/russl/.m2/repository/com/github/almasb/fxgl/11.16/fxgl-11.16.jar!/fxglassets/ui/fonts/Abel-Regular.ttf
18:27:47.600 [FXGL Background Thread 4 ] DEBUG FXGLAssetLoaderServi - Loading from file system: jar:file:/C:/Users/russl/.m2/repository/com/github/almasb/fxgl/11.16/fxgl-11.16.jar!/fxglassets/ui/fonts/lucida_console.ttf
18:27:47.607 [FXGL Background Thread 4 ] DEBUG FXGLAssetLoaderServi - Loading from file system: jar:file:/C:/Users/russl/.m2/repository/com/github/almasb/fxgl/11.16/fxgl-11.16.jar!/fxglassets/ui/fonts/Courier-Prime.ttf
18:27:47.618 [JavaFX Application Thread] DEBUG FXGLAssetLoaderServi - Loading from file system: jar:file:/C:/Users/russl/.m2/repository/com/github/almasb/fxgl/11.16/fxgl-11.16.jar!/fxglassets/textures/fxgl_default_cursor.png
18:27:47.621 [JavaFX Application Thread] DEBUG Input                - Registered new binding: Screenshot - CTRL+8
18:27:47.622 [JavaFX Application Thread] DEBUG Input                - Registered new binding: System info dump - CTRL+9
18:27:47.622 [JavaFX Application Thread] DEBUG Input                - Registered new binding: Restart - CTRL+R
18:27:47.623 [JavaFX Application Thread] DEBUG Input                - Registered new binding: Toggle Debug Camera - CTRL+C
18:27:47.627 [JavaFX Application Thread] DEBUG LoopRunner           - Starting loop
18:27:47.628 [JavaFX Application Thread] DEBUG LoopRunner           - Initializing JavaFX AnimationTimerLoop
18:27:47.630 [JavaFX Application Thread] DEBUG GameApplicationServi - Starting new game
18:27:47.631 [JavaFX Application Thread] DEBUG Input                - Clearing active input actions
18:27:47.645 [JavaFX Application Thread] DEBUG GameApplicationServi - Removing overlay from FXGLStartupScene and adding to FXGLLoadingScene
18:27:47.645 [JavaFX Application Thread] DEBUG PrimaryStageWindow   - FXGLStartupScene -> FXGLLoadingScene
18:27:47.646 [JavaFX Application Thread] DEBUG GameApplicationServi - Clearing previous game
18:27:47.646 [JavaFX Application Thread] DEBUG GameScene            - Clearing game scene
18:27:47.646 [JavaFX Application Thread] DEBUG GameWorld            - Clearing game world
18:27:47.646 [JavaFX Application Thread] DEBUG PhysicsWorld         - Clearing physics world
18:27:47.648 [JavaFX Application Thread] DEBUG FXGLApplication      - Registering font factories with UI factory
18:27:47.648 [FXGL Background Thread 4 ] DEBUG FXGLApplication      - Initializing game
18:27:47.711 [FXGL Background Thread 4 ] WARN  TMXLevelLoader       - TiledMap generated from 1.7.1. Supported version: 1.2.3. Some features may not be parsed fully.
18:27:47.761 [FXGL Background Thread 4 ] DEBUG TMXLevelLoader       - Parsed TiledMap: file:/C:/Users/russl/IdeaProjects/cloudHopper/target/classes/assets/levels/level1.tmx
18:27:47.762 [FXGL Background Thread 4 ] DEBUG TMXLevelLoader       - Creating tile layer entities
18:27:47.763 [FXGL Background Thread 4 ] DEBUG TilesetLoader        - Loading view for layer Tile Layer 1
18:27:47.816 [FXGL Background Thread 4 ] DEBUG TilesetLoader        - Created buffer with size 20480.0x1280.0
18:27:47.931 [FXGL Background Thread 4 ] DEBUG TMXLevelLoader       - Creating object layer entities
18:27:47.967 [FXGL Background Thread 4 ] DEBUG FXGLAssetLoaderServi - Loading from file system: file:/C:/Users/russl/IdeaProjects/cloudHopper/target/classes/assets/textures/crate.png
18:27:47.989 [FXGL Background Thread 4 ] DEBUG FXGLAssetLoaderServi - Loading from file system: file:/C:/Users/russl/IdeaProjects/cloudHopper/target/classes/assets/textures/StoneBlock.png
18:27:47.998 [FXGL Background Thread 4 ] DEBUG FXGLAssetLoaderServi - Loading from file system: file:/C:/Users/russl/IdeaProjects/cloudHopper/target/classes/assets/textures/characters_packed.png
18:27:48.035 [FXGL Background Thread 4 ] DEBUG FXGLAssetLoaderServi - Loading from file system: file:/C:/Users/russl/IdeaProjects/cloudHopper/target/classes/assets/textures/keyAnimation.png
18:27:48.053 [FXGL Background Thread 2 ] INFO  UpdaterService       - Your current version:  11.16
18:27:48.054 [FXGL Background Thread 2 ] INFO  UpdaterService       - Latest stable version: 11.17
18:27:48.058 [FXGL Background Thread 4 ] DEBUG GameWorld            - Clearing removable entities
18:27:48.059 [FXGL Background Thread 4 ] DEBUG GameWorld            - Setting level: com.almasb.fxgl.entity.level.Level@71a7e648
18:27:48.080 [FXGL Background Thread 4 ] DEBUG FXGLAssetLoaderServi - Loading from file system: file:/C:/Users/russl/IdeaProjects/cloudHopper/target/classes/assets/textures/single.png
18:27:48.083 [FXGL Background Thread 4 ] DEBUG FXGLAssetLoaderServi - Loading from file system: file:/C:/Users/russl/IdeaProjects/cloudHopper/target/classes/assets/textures/singlePushing.png
18:27:48.085 [FXGL Background Thread 4 ] DEBUG FXGLAssetLoaderServi - Loading from file system: file:/C:/Users/russl/IdeaProjects/cloudHopper/target/classes/assets/textures/z-2.png
18:27:48.110 [FXGL Background Thread 4 ] WARN  GameWorld            - Entity is already attached to world
18:27:48.110 [FXGL Background Thread 4 ] DEBUG FXGLAssetLoaderServi - Loading from file system: file:/C:/Users/russl/IdeaProjects/cloudHopper/target/classes/assets/textures/z-1.png
18:27:48.144 [FXGL Background Thread 4 ] WARN  GameWorld            - Entity is already attached to world
18:27:48.152 [FXGL Background Thread 4 ] INFO  FXGLApplication      - Game initialization took: 0.504 sec
18:27:48.153 [JavaFX Application Thread] DEBUG Input                - Clearing active input actions
18:27:48.169 [JavaFX Application Thread] DEBUG GameApplicationServi - Removing overlay from FXGLLoadingScene and adding to GameScene
18:27:48.169 [JavaFX Application Thread] DEBUG PrimaryStageWindow   - FXGLLoadingScene -> GameScene
18:27:50.547 [FXGL Background Thread 3 ] DEBUG Engine               - Logging environment variables
18:27:50.547 [FXGL Background Thread 3 ] DEBUG Engine               - achievements: []
18:27:50.547 [FXGL Background Thread 3 ] DEBUG Engine               - actualHeight: 800.0
18:27:50.547 [FXGL Background Thread 3 ] DEBUG Engine               - actualHeightProperty: ReadOnlyDoubleProperty [value: 800.0]
18:27:50.547 [FXGL Background Thread 3 ] DEBUG Engine               - actualWidth: 1000.0
18:27:50.548 [FXGL Background Thread 3 ] DEBUG Engine               - actualWidthProperty: ReadOnlyDoubleProperty [value: 1000.0]
18:27:50.548 [FXGL Background Thread 3 ] DEBUG Engine               - appIcon: fxgl_icon.png
18:27:50.548 [FXGL Background Thread 3 ] DEBUG Engine               - applicationMode: DEVELOPER
18:27:50.548 [FXGL Background Thread 3 ] DEBUG Engine               - cSSList: [fxgl_dark.css]
18:27:50.548 [FXGL Background Thread 3 ] DEBUG Engine               - collisionDetectionStrategy: BRUTE_FORCE
18:27:50.548 [FXGL Background Thread 3 ] DEBUG Engine               - configClass: Optional.empty
18:27:50.548 [FXGL Background Thread 3 ] DEBUG Engine               - credits: []
18:27:50.548 [FXGL Background Thread 3 ] DEBUG Engine               - defaultCursor: CursorInfo(imageName=fxgl_default_cursor.png, hotspotX=7.0, hotspotY=6.0)
18:27:50.548 [FXGL Background Thread 3 ] DEBUG Engine               - devBBoxColorProperty: ObjectProperty [value: 0xff0000ff]
18:27:50.549 [FXGL Background Thread 3 ] DEBUG Engine               - devEnableDebugCameraProperty: BooleanProperty [value: false]
18:27:50.549 [FXGL Background Thread 3 ] DEBUG Engine               - devSensorColorProperty: ObjectProperty [value: 0xffff00ff]
18:27:50.549 [FXGL Background Thread 3 ] DEBUG Engine               - devShowBBoxProperty: BooleanProperty [value: false]
18:27:50.549 [FXGL Background Thread 3 ] DEBUG Engine               - devShowPositionProperty: BooleanProperty [value: false]
18:27:50.549 [FXGL Background Thread 3 ] DEBUG Engine               - enabledMenuItems: []
18:27:50.549 [FXGL Background Thread 3 ] DEBUG Engine               - engineServices: [class com.almasb.fxgl.app.services.FXGLAssetLoaderService, class com.almasb.fxgl.app.FXGLApplication$GameApplicationService, class com.almasb.fxgl.app.services.FXGLDialogService, class com.almasb.fxgl.app.services.IOTaskExecutorService, class com.almasb.fxgl.io.FileSystemService, class com.almasb.fxgl.localization.LocalizationService, class com.almasb.fxgl.app.services.SystemBundleService, class com.almasb.fxgl.profile.SaveLoadService, class com.almasb.fxgl.ui.FXGLUIFactoryServiceProvider, class com.almasb.fxgl.ui.FXGLDialogFactoryServiceProvider, class com.almasb.fxgl.audio.AudioPlayer, class com.almasb.fxgl.notification.impl.NotificationServiceProvider, class com.almasb.fxgl.achievement.AchievementService, class com.almasb.fxgl.cutscene.CutsceneService, class com.almasb.fxgl.minigames.MiniGameService, class com.almasb.fxgl.net.NetService, class com.almasb.fxgl.app.services.UpdaterService, class com.almasb.fxgl.dev.DevService]
18:27:50.549 [FXGL Background Thread 3 ] DEBUG Engine               - fontGame: Abel-Regular.ttf
18:27:50.550 [FXGL Background Thread 3 ] DEBUG Engine               - fontMono: lucida_console.ttf
18:27:50.550 [FXGL Background Thread 3 ] DEBUG Engine               - fontText: Courier-Prime.ttf
18:27:50.550 [FXGL Background Thread 3 ] DEBUG Engine               - fontUI: VarelaRound-Regular.ttf
18:27:50.550 [FXGL Background Thread 3 ] DEBUG Engine               - fullScreen: BooleanProperty [value: false]
18:27:50.550 [FXGL Background Thread 3 ] DEBUG Engine               - gameDifficulty: MEDIUM
18:27:50.550 [FXGL Background Thread 3 ] DEBUG Engine               - gameDifficultyProperty: ObjectProperty [value: MEDIUM]
18:27:50.550 [FXGL Background Thread 3 ] DEBUG Engine               - globalMusicVolume: 0.5
18:27:50.550 [FXGL Background Thread 3 ] DEBUG Engine               - globalMusicVolumeProperty: DoubleProperty [value: 0.5]
18:27:50.550 [FXGL Background Thread 3 ] DEBUG Engine               - globalSoundVolume: 0.5
18:27:50.551 [FXGL Background Thread 3 ] DEBUG Engine               - globalSoundVolumeProperty: DoubleProperty [value: 0.5]
18:27:50.551 [FXGL Background Thread 3 ] DEBUG Engine               - height: 800
18:27:50.551 [FXGL Background Thread 3 ] DEBUG Engine               - is3D: false
18:27:50.551 [FXGL Background Thread 3 ] DEBUG Engine               - isAndroid: false
18:27:50.551 [FXGL Background Thread 3 ] DEBUG Engine               - isBrowser: false
18:27:50.551 [FXGL Background Thread 3 ] DEBUG Engine               - isClickFeedbackEnabled: false
18:27:50.551 [FXGL Background Thread 3 ] DEBUG Engine               - isCloseConfirmation: false
18:27:50.551 [FXGL Background Thread 3 ] DEBUG Engine               - isDesktop: true
18:27:50.552 [FXGL Background Thread 3 ] DEBUG Engine               - isDeveloperMenuEnabled: false
18:27:50.552 [FXGL Background Thread 3 ] DEBUG Engine               - isEntityPreloadEnabled: true
18:27:50.552 [FXGL Background Thread 3 ] DEBUG Engine               - isExperimentalTiledLargeMap: false
18:27:50.552 [FXGL Background Thread 3 ] DEBUG Engine               - isFileSystemWriteAllowed: true
18:27:50.552 [FXGL Background Thread 3 ] DEBUG Engine               - isFullScreenAllowed: false
18:27:50.552 [FXGL Background Thread 3 ] DEBUG Engine               - isFullScreenFromStart: false
18:27:50.552 [FXGL Background Thread 3 ] DEBUG Engine               - isGameMenuEnabled: true
18:27:50.552 [FXGL Background Thread 3 ] DEBUG Engine               - isIOS: false
18:27:50.552 [FXGL Background Thread 3 ] DEBUG Engine               - isIntroEnabled: false
18:27:50.552 [FXGL Background Thread 3 ] DEBUG Engine               - isLinux: false
18:27:50.553 [FXGL Background Thread 3 ] DEBUG Engine               - isMac: false
18:27:50.553 [FXGL Background Thread 3 ] DEBUG Engine               - isMainMenuEnabled: false
18:27:50.553 [FXGL Background Thread 3 ] DEBUG Engine               - isManualResizeEnabled: false
18:27:50.553 [FXGL Background Thread 3 ] DEBUG Engine               - isMobile: false
18:27:50.553 [FXGL Background Thread 3 ] DEBUG Engine               - isNative: false
18:27:50.553 [FXGL Background Thread 3 ] DEBUG Engine               - isPreserveResizeRatio: false
18:27:50.553 [FXGL Background Thread 3 ] DEBUG Engine               - isProfilingEnabled: false
18:27:50.553 [FXGL Background Thread 3 ] DEBUG Engine               - isScaleAffectedOnResize: true
18:27:50.553 [FXGL Background Thread 3 ] DEBUG Engine               - isSingleStep: false
18:27:50.553 [FXGL Background Thread 3 ] DEBUG Engine               - isUserProfileEnabled: false
18:27:50.554 [FXGL Background Thread 3 ] DEBUG Engine               - isWindows: true
18:27:50.554 [FXGL Background Thread 3 ] DEBUG Engine               - language: ObjectProperty [value: ENGLISH]
18:27:50.554 [FXGL Background Thread 3 ] DEBUG Engine               - menuKey: ESCAPE
18:27:50.554 [FXGL Background Thread 3 ] DEBUG Engine               - mouseSensitivity: 0.2
18:27:50.554 [FXGL Background Thread 3 ] DEBUG Engine               - notificationViewClass: class com.almasb.fxgl.notification.view.XboxNotificationView
18:27:50.554 [FXGL Background Thread 3 ] DEBUG Engine               - pixelsPerMeter: 50.0
18:27:50.554 [FXGL Background Thread 3 ] DEBUG Engine               - platform: WINDOWS
18:27:50.554 [FXGL Background Thread 3 ] DEBUG Engine               - prefHeightProperty: ReadOnlyDoubleProperty [value: 800.0]
18:27:50.554 [FXGL Background Thread 3 ] DEBUG Engine               - prefWidthProperty: ReadOnlyDoubleProperty [value: 1000.0]
18:27:50.554 [FXGL Background Thread 3 ] DEBUG Engine               - profileDir: profiles/
18:27:50.555 [FXGL Background Thread 3 ] DEBUG Engine               - profileName: StringProperty [value: DEFAULT]
18:27:50.555 [FXGL Background Thread 3 ] DEBUG Engine               - randomSeed: -1
18:27:50.555 [FXGL Background Thread 3 ] DEBUG Engine               - runtimeInfo: RuntimeInfo(platform=WINDOWS, version=11.16, build=25.05.2021 08.16)
18:27:50.555 [FXGL Background Thread 3 ] DEBUG Engine               - saveFileExt: sav
18:27:50.555 [FXGL Background Thread 3 ] DEBUG Engine               - scaledHeightProp$fxgl: DoubleProperty [bound, value: 800.0]
18:27:50.555 [FXGL Background Thread 3 ] DEBUG Engine               - scaledWidthProp$fxgl: DoubleProperty [bound, value: 1000.0]
18:27:50.555 [FXGL Background Thread 3 ] DEBUG Engine               - sceneFactory: com.almasb.fxgl.app.scene.SceneFactory@510c5fec
18:27:50.555 [FXGL Background Thread 3 ] DEBUG Engine               - secondsIn24h: 60
18:27:50.555 [FXGL Background Thread 3 ] DEBUG Engine               - soundMenuBack: menu/back.wav
18:27:50.555 [FXGL Background Thread 3 ] DEBUG Engine               - soundMenuPress: menu/press.wav
18:27:50.556 [FXGL Background Thread 3 ] DEBUG Engine               - soundMenuSelect: menu/select.wav
18:27:50.556 [FXGL Background Thread 3 ] DEBUG Engine               - soundNotification: core/notification.wav
18:27:50.556 [FXGL Background Thread 3 ] DEBUG Engine               - stageStyle: DECORATED
18:27:50.556 [FXGL Background Thread 3 ] DEBUG Engine               - supportedLanguages: [ENGLISH, FRENCH, GERMAN, HUNGARIAN, RUSSIAN]
18:27:50.556 [FXGL Background Thread 3 ] DEBUG Engine               - ticksPerSecond: -1
18:27:50.556 [FXGL Background Thread 3 ] DEBUG Engine               - title: Cloud Hopper
18:27:50.556 [FXGL Background Thread 3 ] DEBUG Engine               - urlGithub: https://github.com/AlmasB/FXGL
18:27:50.556 [FXGL Background Thread 3 ] DEBUG Engine               - urlLeaderboard: http://fxgl-top.herokuapp.com/
18:27:50.556 [FXGL Background Thread 3 ] DEBUG Engine               - urlPOM: https://raw.githubusercontent.com/AlmasB/FXGL/release/README.md
18:27:50.556 [FXGL Background Thread 3 ] DEBUG Engine               - userAppClass: class com.cloudHopper.PlatformerApp
18:27:50.556 [FXGL Background Thread 3 ] DEBUG Engine               - version: 0.1
18:27:50.557 [FXGL Background Thread 3 ] DEBUG Engine               - versionCheckDays: 7
18:27:50.557 [FXGL Background Thread 3 ] DEBUG Engine               - width: 1000
18:27:50.557 [FXGL Background Thread 3 ] DEBUG Engine               - Logging services
18:27:50.557 [FXGL Background Thread 3 ] DEBUG Engine               - class com.almasb.fxgl.app.services.FXGLAssetLoaderService
18:27:50.557 [FXGL Background Thread 3 ] DEBUG Engine               - class com.almasb.fxgl.app.FXGLApplication$GameApplicationService
18:27:50.557 [FXGL Background Thread 3 ] DEBUG Engine               - class com.almasb.fxgl.app.services.FXGLDialogService
18:27:50.557 [FXGL Background Thread 3 ] DEBUG Engine               - class com.almasb.fxgl.app.services.IOTaskExecutorService
18:27:50.557 [FXGL Background Thread 3 ] DEBUG Engine               - class com.almasb.fxgl.io.FileSystemService
18:27:50.557 [FXGL Background Thread 3 ] DEBUG Engine               - class com.almasb.fxgl.localization.LocalizationService
18:27:50.557 [FXGL Background Thread 3 ] DEBUG Engine               - class com.almasb.fxgl.app.services.SystemBundleService
18:27:50.557 [FXGL Background Thread 3 ] DEBUG Engine               - class com.almasb.fxgl.profile.SaveLoadService
18:27:50.557 [FXGL Background Thread 3 ] DEBUG Engine               - class com.almasb.fxgl.ui.FXGLUIFactoryServiceProvider
18:27:50.557 [FXGL Background Thread 3 ] DEBUG Engine               - class com.almasb.fxgl.ui.FXGLDialogFactoryServiceProvider
18:27:50.557 [FXGL Background Thread 3 ] DEBUG Engine               - class com.almasb.fxgl.audio.AudioPlayer
18:27:50.558 [FXGL Background Thread 3 ] DEBUG Engine               - class com.almasb.fxgl.notification.impl.NotificationServiceProvider
18:27:50.558 [FXGL Background Thread 3 ] DEBUG Engine               - class com.almasb.fxgl.achievement.AchievementService
18:27:50.558 [FXGL Background Thread 3 ] DEBUG Engine               - class com.almasb.fxgl.cutscene.CutsceneService
18:27:50.558 [FXGL Background Thread 3 ] DEBUG Engine               - class com.almasb.fxgl.minigames.MiniGameService
18:27:50.558 [FXGL Background Thread 3 ] DEBUG Engine               - class com.almasb.fxgl.net.NetService
18:27:50.558 [FXGL Background Thread 3 ] DEBUG Engine               - class com.almasb.fxgl.app.services.UpdaterService
18:27:50.558 [FXGL Background Thread 3 ] DEBUG Engine               - class com.almasb.fxgl.dev.DevService
18:27:51.888 [JavaFX Application Thread] DEBUG FXGLAssetLoaderServi - Loading from file system: file:/C:/Users/russl/IdeaProjects/cloudHopper/target/classes/assets/textures/key.png
18:27:55.992 [JavaFX Application Thread] DEBUG FXGLAssetLoaderServi - Loading from file system: file:/C:/Users/russl/IdeaProjects/cloudHopper/target/classes/assets/textures/floatingPlatform.png
18:28:21.838 [JavaFX Application Thread] DEBUG FXGLAssetLoaderServi - Loading from file system: file:/C:/Users/russl/IdeaProjects/cloudHopper/target/classes/assets/textures/stone.png
18:33:26.206 [JavaFX Application Thread] DEBUG FXGLApplication      - Exiting FXGL
18:33:26.206 [JavaFX Application Thread] DEBUG LoopRunner           - Stopping loop
18:33:26.206 [JavaFX Application Thread] DEBUG SystemBundleService  - Saving FXGL system data
18:33:26.208 [JavaFX Application Thread] DEBUG FileSystemAccess     - Writing to: C:\Users\russl\IdeaProjects\cloudHopper\system\fxgl.bundle
18:33:26.209 [JavaFX Application Thread] DEBUG Async                - Shutting down background threads
18:33:26.210 [JavaFX Application Thread] DEBUG PrimaryStageWindow   - Closing main window
18:33:26.220 [JavaFX Application Thread] DEBUG Logger               - Closing Logger
