17:21:12.635 [main                     ] DEBUG Logger               - Configured Logger
17:21:12.640 [main                     ] DEBUG GameApplication      - Logging settings
Title: Cloud Hopper
Version: 0.1
Width: 1000
Height: 800
Fullscreen: false
Intro: false
Profiling: false
Single step:false
App Mode: DEVELOPER
Menu Key: ESCAPE
Stage Style: DECORATED
Scene Factory: class com.almasb.fxgl.app.scene.SceneFactory

17:21:13.191 [JavaFX Application Thread] DEBUG FXGLApplication      - Initializing FXGL
17:21:13.194 [JavaFX Application Thread] INFO  Engine               - FXGL-11.16 (25.05.2021 08.16) on WINDOWS (J:16 FX:16)
17:21:13.194 [JavaFX Application Thread] DEBUG Engine               - JRE Vendor Name: Oracle Corporation
17:21:13.195 [JavaFX Application Thread] DEBUG Engine               - Running on OS: Windows 10 version 10.0
17:21:13.195 [JavaFX Application Thread] DEBUG Engine               - Architecture: amd64
17:21:13.195 [JavaFX Application Thread] INFO  Engine               - Source code and latest versions at: https://github.com/AlmasB/FXGL
17:21:13.195 [JavaFX Application Thread] INFO  Engine               -              Join the FXGL chat at: https://gitter.im/AlmasB/FXGL
17:21:13.358 [JavaFX Application Thread] DEBUG PrimaryStageWindow   - Creating a JavaFX scene
17:21:13.424 [JavaFX Application Thread] DEBUG PrimaryStageWindow   - Target settings size: 1000.0 x 800.0
17:21:13.424 [JavaFX Application Thread] DEBUG PrimaryStageWindow   - Scaled scene size:    1000.0 x 800.0
17:21:13.424 [JavaFX Application Thread] DEBUG PrimaryStageWindow   - Scaled ratio: (1.0, 1.0)
17:21:13.427 [JavaFX Application Thread] DEBUG PrimaryStageWindow   - Set initial scene to FXGLStartupScene
17:21:13.439 [JavaFX Application Thread] DEBUG PrimaryStageWindow   - Opening main window
17:21:13.546 [JavaFX Application Thread] DEBUG PrimaryStageWindow   - Window border size: (16.0, 39.0)
17:21:13.546 [JavaFX Application Thread] DEBUG PrimaryStageWindow   - Scaled size: 1000.0 x 800.0
17:21:13.546 [JavaFX Application Thread] DEBUG PrimaryStageWindow   - Scaled ratio: (1.0, 1.0)
17:21:13.546 [JavaFX Application Thread] DEBUG PrimaryStageWindow   - Scene size: 1000.0 x 800.0
17:21:13.547 [JavaFX Application Thread] DEBUG PrimaryStageWindow   - Stage size: 1016.0 x 839.0
17:21:13.555 [FXGL Background Thread 1 ] DEBUG Engine               - Initializing environment variables
17:21:13.606 [FXGL Background Thread 1 ] DEBUG FXGLAssetLoaderServi - User app class for loading assets: class com.cloudHopper.PlatformerApp
17:21:13.606 [FXGL Background Thread 1 ] DEBUG GameApplicationServi - Applying CSS: fxgl_dark.css
17:21:13.608 [FXGL Background Thread 1 ] DEBUG FXGLAssetLoaderServi - Loading from file system: jar:file:/C:/Users/russl/.m2/repository/com/github/almasb/fxgl/11.16/fxgl-11.16.jar!/fxglassets/ui/css/fxgl_dark.css
17:21:13.661 [FXGL Background Thread 1 ] DEBUG GameApplicationServi - Initializing application scenes
17:21:13.725 [FXGL Background Thread 1 ] DEBUG GameWorld            - Game world initialized
17:21:13.796 [FXGL Background Thread 1 ] DEBUG PhysicsWorld         - Physics world initialized: appHeight=800, physics.ppm=50.0
17:21:13.796 [FXGL Background Thread 1 ] DEBUG PhysicsWorld         - Using strategy: BRUTE_FORCE
17:21:13.799 [FXGL Background Thread 1 ] DEBUG GameScene            - Game scene initialized: 1000x800
17:21:13.812 [FXGL Background Thread 1 ] DEBUG FXGL.DefaultMenu     - createMenuBodyGameMenu()
17:21:13.835 [FXGL Background Thread 1 ] DEBUG FXGL.DefaultMenu     - createOptionsMenu()
17:21:13.849 [FXGL Background Thread 1 ] DEBUG FXGLAssetLoaderServi - Loading from file system: jar:file:/C:/Users/russl/.m2/repository/com/github/almasb/fxgl/11.16/fxgl-11.16.jar!/fxglassets/textures/particles/smoke.png
17:21:13.965 [FXGL Background Thread 1 ] DEBUG FXGLAssetLoaderServi - Loading from file system: jar:file:/C:/Users/russl/.m2/repository/com/github/almasb/fxgl/11.16/fxgl-11.16.jar!/fxglassets/textures/particles/trace_horizontal.png
17:21:14.004 [FXGL Background Thread 1 ] DEBUG GameApplicationServi - Application scenes initialized
17:21:14.021 [FXGL Background Thread 1 ] DEBUG SystemBundleService  - Loading FXGL system data
17:21:14.026 [FXGL Background Thread 1 ] DEBUG FileSystemAccess     - Reading from: C:\Users\russl\IdeaProjects\cloudHopper\system\fxgl.bundle
17:21:14.033 [FXGL Background Thread 1 ] DEBUG SystemBundleService  - Bundle FXGL: {}
17:21:14.033 [FXGL Background Thread 1 ] DEBUG UpdaterService       - Checking for updates
17:21:14.038 [FXGL Background Thread 4 ] DEBUG FXGLApplication      - Loading fonts
17:21:14.038 [FXGL Background Thread 1 ] DEBUG FXGLApplication      - Loading default localization
17:21:14.038 [FXGL Background Thread 4 ] DEBUG FXGLAssetLoaderServi - Loading from file system: jar:file:/C:/Users/russl/.m2/repository/com/github/almasb/fxgl/11.16/fxgl-11.16.jar!/fxglassets/ui/fonts/VarelaRound-Regular.ttf
17:21:14.039 [FXGL Background Thread 1 ] DEBUG FXGLAssetLoaderServi - Loading from file system: jar:file:/C:/Users/russl/.m2/repository/com/github/almasb/fxgl/11.16/fxgl-11.16.jar!/fxglassets/languages/english.lang
17:21:14.063 [FXGL Background Thread 1 ] INFO  FXGLApplication      - FXGL initialization took: 0.508 sec
17:21:14.076 [JavaFX Application Thread] DEBUG Input                - Registered new binding: action0 - A
17:21:14.077 [JavaFX Application Thread] DEBUG Input                - Registered new binding: action1 - D
17:21:14.078 [JavaFX Application Thread] DEBUG Input                - Registered new binding: action2 - Space
17:21:14.078 [JavaFX Application Thread] DEBUG Input                - Registered new binding: action3 - W
17:21:14.079 [JavaFX Application Thread] DEBUG FXGLAssetLoaderServi - Loading from file system: jar:file:/C:/Users/russl/.m2/repository/com/github/almasb/fxgl/11.16/fxgl-11.16.jar!/fxglassets/textures/fxgl_icon.png
17:21:14.083 [FXGL Background Thread 4 ] DEBUG FXGLAssetLoaderServi - Loading from file system: jar:file:/C:/Users/russl/.m2/repository/com/github/almasb/fxgl/11.16/fxgl-11.16.jar!/fxglassets/ui/fonts/Abel-Regular.ttf
17:21:14.086 [FXGL Background Thread 4 ] DEBUG FXGLAssetLoaderServi - Loading from file system: jar:file:/C:/Users/russl/.m2/repository/com/github/almasb/fxgl/11.16/fxgl-11.16.jar!/fxglassets/ui/fonts/lucida_console.ttf
17:21:14.092 [FXGL Background Thread 4 ] DEBUG FXGLAssetLoaderServi - Loading from file system: jar:file:/C:/Users/russl/.m2/repository/com/github/almasb/fxgl/11.16/fxgl-11.16.jar!/fxglassets/ui/fonts/Courier-Prime.ttf
17:21:14.107 [JavaFX Application Thread] DEBUG FXGLAssetLoaderServi - Loading from file system: jar:file:/C:/Users/russl/.m2/repository/com/github/almasb/fxgl/11.16/fxgl-11.16.jar!/fxglassets/textures/fxgl_default_cursor.png
17:21:14.110 [JavaFX Application Thread] DEBUG Input                - Registered new binding: Screenshot - CTRL+8
17:21:14.111 [JavaFX Application Thread] DEBUG Input                - Registered new binding: System info dump - CTRL+9
17:21:14.111 [JavaFX Application Thread] DEBUG Input                - Registered new binding: Restart - CTRL+R
17:21:14.112 [JavaFX Application Thread] DEBUG Input                - Registered new binding: Toggle Debug Camera - CTRL+C
17:21:14.116 [JavaFX Application Thread] DEBUG LoopRunner           - Starting loop
17:21:14.116 [JavaFX Application Thread] DEBUG LoopRunner           - Initializing JavaFX AnimationTimerLoop
17:21:14.118 [JavaFX Application Thread] DEBUG GameApplicationServi - Starting new game
17:21:14.118 [JavaFX Application Thread] DEBUG Input                - Clearing active input actions
17:21:14.131 [JavaFX Application Thread] DEBUG GameApplicationServi - Removing overlay from FXGLStartupScene and adding to FXGLLoadingScene
17:21:14.132 [JavaFX Application Thread] DEBUG PrimaryStageWindow   - FXGLStartupScene -> FXGLLoadingScene
17:21:14.132 [JavaFX Application Thread] DEBUG GameApplicationServi - Clearing previous game
17:21:14.132 [JavaFX Application Thread] DEBUG GameScene            - Clearing game scene
17:21:14.132 [JavaFX Application Thread] DEBUG GameWorld            - Clearing game world
17:21:14.132 [JavaFX Application Thread] DEBUG PhysicsWorld         - Clearing physics world
17:21:14.134 [JavaFX Application Thread] DEBUG FXGLApplication      - Registering font factories with UI factory
17:21:14.134 [FXGL Background Thread 4 ] DEBUG FXGLApplication      - Initializing game
17:21:14.179 [FXGL Background Thread 4 ] WARN  TMXLevelLoader       - TiledMap generated from 1.7.1. Supported version: 1.2.3. Some features may not be parsed fully.
17:21:14.225 [FXGL Background Thread 4 ] DEBUG TMXLevelLoader       - Parsed TiledMap: file:/C:/Users/russl/IdeaProjects/cloudHopper/target/classes/assets/levels/level1.tmx
17:21:14.226 [FXGL Background Thread 4 ] DEBUG TMXLevelLoader       - Creating tile layer entities
17:21:14.227 [FXGL Background Thread 4 ] DEBUG TilesetLoader        - Loading view for layer Tile Layer 1
17:21:14.274 [FXGL Background Thread 4 ] DEBUG TilesetLoader        - Created buffer with size 20480.0x1280.0
17:21:14.363 [FXGL Background Thread 4 ] DEBUG TMXLevelLoader       - Creating object layer entities
17:21:14.388 [FXGL Background Thread 4 ] DEBUG FXGLAssetLoaderServi - Loading from file system: file:/C:/Users/russl/IdeaProjects/cloudHopper/target/classes/assets/textures/crate.png
17:21:14.404 [FXGL Background Thread 4 ] DEBUG FXGLAssetLoaderServi - Loading from file system: file:/C:/Users/russl/IdeaProjects/cloudHopper/target/classes/assets/textures/StoneBlock.png
17:21:14.411 [FXGL Background Thread 4 ] DEBUG FXGLAssetLoaderServi - Loading from file system: file:/C:/Users/russl/IdeaProjects/cloudHopper/target/classes/assets/textures/characters_packed.png
17:21:14.442 [FXGL Background Thread 4 ] DEBUG FXGLAssetLoaderServi - Loading from file system: file:/C:/Users/russl/IdeaProjects/cloudHopper/target/classes/assets/textures/keyAnimation.png
17:21:14.453 [FXGL Background Thread 4 ] DEBUG GameWorld            - Clearing removable entities
17:21:14.454 [FXGL Background Thread 4 ] DEBUG GameWorld            - Setting level: com.almasb.fxgl.entity.level.Level@42000003
17:21:14.474 [FXGL Background Thread 4 ] DEBUG FXGLAssetLoaderServi - Loading from file system: file:/C:/Users/russl/IdeaProjects/cloudHopper/target/classes/assets/textures/player_idle.png
17:21:14.475 [FXGL Background Thread 4 ] DEBUG FXGLAssetLoaderServi - Loading from file system: file:/C:/Users/russl/IdeaProjects/cloudHopper/target/classes/assets/textures/player_walking.png
17:21:14.478 [FXGL Background Thread 4 ] DEBUG FXGLAssetLoaderServi - Loading from file system: file:/C:/Users/russl/IdeaProjects/cloudHopper/target/classes/assets/textures/bgPyramid.png
17:21:14.538 [FXGL Background Thread 4 ] WARN  GameWorld            - Entity is already attached to world
17:21:14.538 [FXGL Background Thread 4 ] DEBUG FXGLAssetLoaderServi - Loading from file system: file:/C:/Users/russl/IdeaProjects/cloudHopper/target/classes/assets/textures/bgTower.png
17:21:14.567 [FXGL Background Thread 2 ] INFO  UpdaterService       - Your current version:  11.16
17:21:14.568 [FXGL Background Thread 2 ] INFO  UpdaterService       - Latest stable version: 11.17
17:21:14.581 [FXGL Background Thread 4 ] WARN  GameWorld            - Entity is already attached to world
17:21:14.582 [FXGL Background Thread 4 ] DEBUG FXGLAssetLoaderServi - Loading from file system: file:/C:/Users/russl/IdeaProjects/cloudHopper/target/classes/assets/textures/BG.png
17:21:14.625 [FXGL Background Thread 4 ] WARN  GameWorld            - Entity is already attached to world
17:21:14.634 [FXGL Background Thread 4 ] INFO  FXGLApplication      - Game initialization took: 0.500 sec
17:21:14.634 [JavaFX Application Thread] DEBUG Input                - Clearing active input actions
17:21:14.648 [JavaFX Application Thread] DEBUG GameApplicationServi - Removing overlay from FXGLLoadingScene and adding to GameScene
17:21:14.648 [JavaFX Application Thread] DEBUG PrimaryStageWindow   - FXGLLoadingScene -> GameScene
17:21:17.038 [FXGL Background Thread 3 ] DEBUG Engine               - Logging environment variables
17:21:17.038 [FXGL Background Thread 3 ] DEBUG Engine               - achievements: []
17:21:17.038 [FXGL Background Thread 3 ] DEBUG Engine               - actualHeight: 800.0
17:21:17.039 [FXGL Background Thread 3 ] DEBUG Engine               - actualHeightProperty: ReadOnlyDoubleProperty [value: 800.0]
17:21:17.039 [FXGL Background Thread 3 ] DEBUG Engine               - actualWidth: 1000.0
17:21:17.039 [FXGL Background Thread 3 ] DEBUG Engine               - actualWidthProperty: ReadOnlyDoubleProperty [value: 1000.0]
17:21:17.039 [FXGL Background Thread 3 ] DEBUG Engine               - appIcon: fxgl_icon.png
17:21:17.039 [FXGL Background Thread 3 ] DEBUG Engine               - applicationMode: DEVELOPER
17:21:17.039 [FXGL Background Thread 3 ] DEBUG Engine               - cSSList: [fxgl_dark.css]
17:21:17.039 [FXGL Background Thread 3 ] DEBUG Engine               - collisionDetectionStrategy: BRUTE_FORCE
17:21:17.039 [FXGL Background Thread 3 ] DEBUG Engine               - configClass: Optional.empty
17:21:17.039 [FXGL Background Thread 3 ] DEBUG Engine               - credits: []
17:21:17.039 [FXGL Background Thread 3 ] DEBUG Engine               - defaultCursor: CursorInfo(imageName=fxgl_default_cursor.png, hotspotX=7.0, hotspotY=6.0)
17:21:17.040 [FXGL Background Thread 3 ] DEBUG Engine               - devBBoxColorProperty: ObjectProperty [value: 0xff0000ff]
17:21:17.040 [FXGL Background Thread 3 ] DEBUG Engine               - devEnableDebugCameraProperty: BooleanProperty [value: false]
17:21:17.040 [FXGL Background Thread 3 ] DEBUG Engine               - devSensorColorProperty: ObjectProperty [value: 0xffff00ff]
17:21:17.040 [FXGL Background Thread 3 ] DEBUG Engine               - devShowBBoxProperty: BooleanProperty [value: false]
17:21:17.040 [FXGL Background Thread 3 ] DEBUG Engine               - devShowPositionProperty: BooleanProperty [value: false]
17:21:17.040 [FXGL Background Thread 3 ] DEBUG Engine               - enabledMenuItems: []
17:21:17.040 [FXGL Background Thread 3 ] DEBUG Engine               - engineServices: [class com.almasb.fxgl.app.services.FXGLAssetLoaderService, class com.almasb.fxgl.app.FXGLApplication$GameApplicationService, class com.almasb.fxgl.app.services.FXGLDialogService, class com.almasb.fxgl.app.services.IOTaskExecutorService, class com.almasb.fxgl.io.FileSystemService, class com.almasb.fxgl.localization.LocalizationService, class com.almasb.fxgl.app.services.SystemBundleService, class com.almasb.fxgl.profile.SaveLoadService, class com.almasb.fxgl.ui.FXGLUIFactoryServiceProvider, class com.almasb.fxgl.ui.FXGLDialogFactoryServiceProvider, class com.almasb.fxgl.audio.AudioPlayer, class com.almasb.fxgl.notification.impl.NotificationServiceProvider, class com.almasb.fxgl.achievement.AchievementService, class com.almasb.fxgl.cutscene.CutsceneService, class com.almasb.fxgl.minigames.MiniGameService, class com.almasb.fxgl.net.NetService, class com.almasb.fxgl.app.services.UpdaterService, class com.almasb.fxgl.dev.DevService]
17:21:17.041 [FXGL Background Thread 3 ] DEBUG Engine               - fontGame: Abel-Regular.ttf
17:21:17.041 [FXGL Background Thread 3 ] DEBUG Engine               - fontMono: lucida_console.ttf
17:21:17.041 [FXGL Background Thread 3 ] DEBUG Engine               - fontText: Courier-Prime.ttf
17:21:17.041 [FXGL Background Thread 3 ] DEBUG Engine               - fontUI: VarelaRound-Regular.ttf
17:21:17.041 [FXGL Background Thread 3 ] DEBUG Engine               - fullScreen: BooleanProperty [value: false]
17:21:17.041 [FXGL Background Thread 3 ] DEBUG Engine               - gameDifficulty: MEDIUM
17:21:17.041 [FXGL Background Thread 3 ] DEBUG Engine               - gameDifficultyProperty: ObjectProperty [value: MEDIUM]
17:21:17.041 [FXGL Background Thread 3 ] DEBUG Engine               - globalMusicVolume: 0.5
17:21:17.041 [FXGL Background Thread 3 ] DEBUG Engine               - globalMusicVolumeProperty: DoubleProperty [value: 0.5]
17:21:17.041 [FXGL Background Thread 3 ] DEBUG Engine               - globalSoundVolume: 0.5
17:21:17.041 [FXGL Background Thread 3 ] DEBUG Engine               - globalSoundVolumeProperty: DoubleProperty [value: 0.5]
17:21:17.042 [FXGL Background Thread 3 ] DEBUG Engine               - height: 800
17:21:17.042 [FXGL Background Thread 3 ] DEBUG Engine               - is3D: false
17:21:17.042 [FXGL Background Thread 3 ] DEBUG Engine               - isAndroid: false
17:21:17.042 [FXGL Background Thread 3 ] DEBUG Engine               - isBrowser: false
17:21:17.042 [FXGL Background Thread 3 ] DEBUG Engine               - isClickFeedbackEnabled: false
17:21:17.042 [FXGL Background Thread 3 ] DEBUG Engine               - isCloseConfirmation: false
17:21:17.042 [FXGL Background Thread 3 ] DEBUG Engine               - isDesktop: true
17:21:17.042 [FXGL Background Thread 3 ] DEBUG Engine               - isDeveloperMenuEnabled: false
17:21:17.043 [FXGL Background Thread 3 ] DEBUG Engine               - isEntityPreloadEnabled: true
17:21:17.043 [FXGL Background Thread 3 ] DEBUG Engine               - isExperimentalTiledLargeMap: false
17:21:17.043 [FXGL Background Thread 3 ] DEBUG Engine               - isFileSystemWriteAllowed: true
17:21:17.043 [FXGL Background Thread 3 ] DEBUG Engine               - isFullScreenAllowed: false
17:21:17.043 [FXGL Background Thread 3 ] DEBUG Engine               - isFullScreenFromStart: false
17:21:17.043 [FXGL Background Thread 3 ] DEBUG Engine               - isGameMenuEnabled: true
17:21:17.043 [FXGL Background Thread 3 ] DEBUG Engine               - isIOS: false
17:21:17.043 [FXGL Background Thread 3 ] DEBUG Engine               - isIntroEnabled: false
17:21:17.043 [FXGL Background Thread 3 ] DEBUG Engine               - isLinux: false
17:21:17.043 [FXGL Background Thread 3 ] DEBUG Engine               - isMac: false
17:21:17.043 [FXGL Background Thread 3 ] DEBUG Engine               - isMainMenuEnabled: false
17:21:17.044 [FXGL Background Thread 3 ] DEBUG Engine               - isManualResizeEnabled: false
17:21:17.044 [FXGL Background Thread 3 ] DEBUG Engine               - isMobile: false
17:21:17.044 [FXGL Background Thread 3 ] DEBUG Engine               - isNative: false
17:21:17.044 [FXGL Background Thread 3 ] DEBUG Engine               - isPreserveResizeRatio: false
17:21:17.044 [FXGL Background Thread 3 ] DEBUG Engine               - isProfilingEnabled: false
17:21:17.044 [FXGL Background Thread 3 ] DEBUG Engine               - isScaleAffectedOnResize: true
17:21:17.044 [FXGL Background Thread 3 ] DEBUG Engine               - isSingleStep: false
17:21:17.044 [FXGL Background Thread 3 ] DEBUG Engine               - isUserProfileEnabled: false
17:21:17.044 [FXGL Background Thread 3 ] DEBUG Engine               - isWindows: true
17:21:17.044 [FXGL Background Thread 3 ] DEBUG Engine               - language: ObjectProperty [value: ENGLISH]
17:21:17.045 [FXGL Background Thread 3 ] DEBUG Engine               - menuKey: ESCAPE
17:21:17.045 [FXGL Background Thread 3 ] DEBUG Engine               - mouseSensitivity: 0.2
17:21:17.045 [FXGL Background Thread 3 ] DEBUG Engine               - notificationViewClass: class com.almasb.fxgl.notification.view.XboxNotificationView
17:21:17.045 [FXGL Background Thread 3 ] DEBUG Engine               - pixelsPerMeter: 50.0
17:21:17.045 [FXGL Background Thread 3 ] DEBUG Engine               - platform: WINDOWS
17:21:17.045 [FXGL Background Thread 3 ] DEBUG Engine               - prefHeightProperty: ReadOnlyDoubleProperty [value: 800.0]
17:21:17.045 [FXGL Background Thread 3 ] DEBUG Engine               - prefWidthProperty: ReadOnlyDoubleProperty [value: 1000.0]
17:21:17.045 [FXGL Background Thread 3 ] DEBUG Engine               - profileDir: profiles/
17:21:17.045 [FXGL Background Thread 3 ] DEBUG Engine               - profileName: StringProperty [value: DEFAULT]
17:21:17.045 [FXGL Background Thread 3 ] DEBUG Engine               - randomSeed: -1
17:21:17.046 [FXGL Background Thread 3 ] DEBUG Engine               - runtimeInfo: RuntimeInfo(platform=WINDOWS, version=11.16, build=25.05.2021 08.16)
17:21:17.046 [FXGL Background Thread 3 ] DEBUG Engine               - saveFileExt: sav
17:21:17.046 [FXGL Background Thread 3 ] DEBUG Engine               - scaledHeightProp$fxgl: DoubleProperty [bound, value: 800.0]
17:21:17.046 [FXGL Background Thread 3 ] DEBUG Engine               - scaledWidthProp$fxgl: DoubleProperty [bound, value: 1000.0]
17:21:17.046 [FXGL Background Thread 3 ] DEBUG Engine               - sceneFactory: com.almasb.fxgl.app.scene.SceneFactory@6517e3dc
17:21:17.046 [FXGL Background Thread 3 ] DEBUG Engine               - secondsIn24h: 60
17:21:17.046 [FXGL Background Thread 3 ] DEBUG Engine               - soundMenuBack: menu/back.wav
17:21:17.046 [FXGL Background Thread 3 ] DEBUG Engine               - soundMenuPress: menu/press.wav
17:21:17.046 [FXGL Background Thread 3 ] DEBUG Engine               - soundMenuSelect: menu/select.wav
17:21:17.047 [FXGL Background Thread 3 ] DEBUG Engine               - soundNotification: core/notification.wav
17:21:17.047 [FXGL Background Thread 3 ] DEBUG Engine               - stageStyle: DECORATED
17:21:17.047 [FXGL Background Thread 3 ] DEBUG Engine               - supportedLanguages: [ENGLISH, FRENCH, GERMAN, HUNGARIAN, RUSSIAN]
17:21:17.047 [FXGL Background Thread 3 ] DEBUG Engine               - ticksPerSecond: -1
17:21:17.047 [FXGL Background Thread 3 ] DEBUG Engine               - title: Cloud Hopper
17:21:17.047 [FXGL Background Thread 3 ] DEBUG Engine               - urlGithub: https://github.com/AlmasB/FXGL
17:21:17.047 [FXGL Background Thread 3 ] DEBUG Engine               - urlLeaderboard: http://fxgl-top.herokuapp.com/
17:21:17.047 [FXGL Background Thread 3 ] DEBUG Engine               - urlPOM: https://raw.githubusercontent.com/AlmasB/FXGL/release/README.md
17:21:17.047 [FXGL Background Thread 3 ] DEBUG Engine               - userAppClass: class com.cloudHopper.PlatformerApp
17:21:17.047 [FXGL Background Thread 3 ] DEBUG Engine               - version: 0.1
17:21:17.047 [FXGL Background Thread 3 ] DEBUG Engine               - versionCheckDays: 7
17:21:17.047 [FXGL Background Thread 3 ] DEBUG Engine               - width: 1000
17:21:17.047 [FXGL Background Thread 3 ] DEBUG Engine               - Logging services
17:21:17.048 [FXGL Background Thread 3 ] DEBUG Engine               - class com.almasb.fxgl.app.services.FXGLAssetLoaderService
17:21:17.048 [FXGL Background Thread 3 ] DEBUG Engine               - class com.almasb.fxgl.app.FXGLApplication$GameApplicationService
17:21:17.048 [FXGL Background Thread 3 ] DEBUG Engine               - class com.almasb.fxgl.app.services.FXGLDialogService
17:21:17.048 [FXGL Background Thread 3 ] DEBUG Engine               - class com.almasb.fxgl.app.services.IOTaskExecutorService
17:21:17.048 [FXGL Background Thread 3 ] DEBUG Engine               - class com.almasb.fxgl.io.FileSystemService
17:21:17.048 [FXGL Background Thread 3 ] DEBUG Engine               - class com.almasb.fxgl.localization.LocalizationService
17:21:17.048 [FXGL Background Thread 3 ] DEBUG Engine               - class com.almasb.fxgl.app.services.SystemBundleService
17:21:17.048 [FXGL Background Thread 3 ] DEBUG Engine               - class com.almasb.fxgl.profile.SaveLoadService
17:21:17.048 [FXGL Background Thread 3 ] DEBUG Engine               - class com.almasb.fxgl.ui.FXGLUIFactoryServiceProvider
17:21:17.049 [FXGL Background Thread 3 ] DEBUG Engine               - class com.almasb.fxgl.ui.FXGLDialogFactoryServiceProvider
17:21:17.049 [FXGL Background Thread 3 ] DEBUG Engine               - class com.almasb.fxgl.audio.AudioPlayer
17:21:17.049 [FXGL Background Thread 3 ] DEBUG Engine               - class com.almasb.fxgl.notification.impl.NotificationServiceProvider
17:21:17.049 [FXGL Background Thread 3 ] DEBUG Engine               - class com.almasb.fxgl.achievement.AchievementService
17:21:17.049 [FXGL Background Thread 3 ] DEBUG Engine               - class com.almasb.fxgl.cutscene.CutsceneService
17:21:17.049 [FXGL Background Thread 3 ] DEBUG Engine               - class com.almasb.fxgl.minigames.MiniGameService
17:21:17.049 [FXGL Background Thread 3 ] DEBUG Engine               - class com.almasb.fxgl.net.NetService
17:21:17.049 [FXGL Background Thread 3 ] DEBUG Engine               - class com.almasb.fxgl.app.services.UpdaterService
17:21:17.049 [FXGL Background Thread 3 ] DEBUG Engine               - class com.almasb.fxgl.dev.DevService
17:21:20.292 [JavaFX Application Thread] DEBUG PrimaryStageWindow   - Push state: DialogSubScene
17:21:20.292 [JavaFX Application Thread] DEBUG Input                - Clearing active input actions
17:21:20.295 [JavaFX Application Thread] DEBUG GameApplicationServi - Removing overlay from GameScene and adding to DialogSubScene
17:21:20.296 [JavaFX Application Thread] DEBUG PrimaryStageWindow   - GameScene -> DialogSubScene
17:21:20.296 [JavaFX Application Thread] DEBUG FXGLAssetLoaderServi - Loading from file system: file:/C:/Users/russl/IdeaProjects/cloudHopper/target/classes/assets/textures/key.png
17:21:21.584 [JavaFX Application Thread] DEBUG PrimaryStageWindow   - Pop state: DialogSubScene
17:21:21.584 [JavaFX Application Thread] DEBUG Input                - Clearing active input actions
17:21:21.585 [JavaFX Application Thread] DEBUG GameApplicationServi - Removing overlay from DialogSubScene and adding to GameScene
17:21:21.586 [JavaFX Application Thread] DEBUG PrimaryStageWindow   - GameScene <- DialogSubScene
17:21:24.387 [JavaFX Application Thread] DEBUG FXGLAssetLoaderServi - Loading from file system: file:/C:/Users/russl/IdeaProjects/cloudHopper/target/classes/assets/textures/floatingPlatform.png
17:21:24.390 [JavaFX Application Thread] DEBUG PrimaryStageWindow   - Push state: DialogSubScene
17:21:24.390 [JavaFX Application Thread] DEBUG Input                - Clearing active input actions
17:21:24.391 [JavaFX Application Thread] DEBUG GameApplicationServi - Removing overlay from GameScene and adding to DialogSubScene
17:21:24.391 [JavaFX Application Thread] DEBUG PrimaryStageWindow   - GameScene -> DialogSubScene
17:21:25.562 [JavaFX Application Thread] DEBUG PrimaryStageWindow   - Pop state: DialogSubScene
17:21:25.562 [JavaFX Application Thread] DEBUG Input                - Clearing active input actions
17:21:25.563 [JavaFX Application Thread] DEBUG GameApplicationServi - Removing overlay from DialogSubScene and adding to GameScene
17:21:25.563 [JavaFX Application Thread] DEBUG PrimaryStageWindow   - GameScene <- DialogSubScene
17:21:38.562 [JavaFX Application Thread] DEBUG PrimaryStageWindow   - Push state: DialogSubScene
17:21:38.562 [JavaFX Application Thread] DEBUG Input                - Clearing active input actions
17:21:38.563 [JavaFX Application Thread] DEBUG GameApplicationServi - Removing overlay from GameScene and adding to DialogSubScene
17:21:38.563 [JavaFX Application Thread] DEBUG PrimaryStageWindow   - GameScene -> DialogSubScene
17:21:40.740 [JavaFX Application Thread] DEBUG PrimaryStageWindow   - Pop state: DialogSubScene
17:21:40.740 [JavaFX Application Thread] DEBUG Input                - Clearing active input actions
17:21:40.741 [JavaFX Application Thread] DEBUG GameApplicationServi - Removing overlay from DialogSubScene and adding to GameScene
17:21:40.741 [JavaFX Application Thread] DEBUG PrimaryStageWindow   - GameScene <- DialogSubScene
17:21:41.339 [JavaFX Application Thread] DEBUG FXGLAssetLoaderServi - Loading from file system: file:/C:/Users/russl/IdeaProjects/cloudHopper/target/classes/assets/textures/stone.png
17:21:50.370 [JavaFX Application Thread] DEBUG PrimaryStageWindow   - Push state: DialogSubScene
17:21:50.371 [JavaFX Application Thread] DEBUG Input                - Clearing active input actions
17:21:50.371 [JavaFX Application Thread] DEBUG GameApplicationServi - Removing overlay from GameScene and adding to DialogSubScene
17:21:50.371 [JavaFX Application Thread] DEBUG PrimaryStageWindow   - GameScene -> DialogSubScene
17:21:51.320 [JavaFX Application Thread] DEBUG PrimaryStageWindow   - Pop state: DialogSubScene
17:21:51.320 [JavaFX Application Thread] DEBUG Input                - Clearing active input actions
17:21:51.321 [JavaFX Application Thread] DEBUG GameApplicationServi - Removing overlay from DialogSubScene and adding to GameScene
17:21:51.321 [JavaFX Application Thread] DEBUG PrimaryStageWindow   - GameScene <- DialogSubScene
17:22:41.333 [JavaFX Application Thread] DEBUG PrimaryStageWindow   - Push state: DialogSubScene
17:22:41.333 [JavaFX Application Thread] DEBUG Input                - Clearing active input actions
17:22:41.334 [JavaFX Application Thread] DEBUG GameApplicationServi - Removing overlay from GameScene and adding to DialogSubScene
17:22:41.334 [JavaFX Application Thread] DEBUG PrimaryStageWindow   - GameScene -> DialogSubScene
17:22:43.343 [JavaFX Application Thread] DEBUG PrimaryStageWindow   - Pop state: DialogSubScene
17:22:43.343 [JavaFX Application Thread] DEBUG Input                - Clearing active input actions
17:22:43.344 [JavaFX Application Thread] DEBUG GameApplicationServi - Removing overlay from DialogSubScene and adding to GameScene
17:22:43.344 [JavaFX Application Thread] DEBUG PrimaryStageWindow   - GameScene <- DialogSubScene
17:22:43.345 [JavaFX Application Thread] DEBUG PrimaryStageWindow   - Push state: DialogSubScene
17:22:43.345 [JavaFX Application Thread] DEBUG Input                - Clearing active input actions
17:22:43.345 [JavaFX Application Thread] DEBUG GameApplicationServi - Removing overlay from GameScene and adding to DialogSubScene
17:22:43.345 [JavaFX Application Thread] DEBUG PrimaryStageWindow   - GameScene -> DialogSubScene
17:22:44.657 [JavaFX Application Thread] DEBUG PrimaryStageWindow   - Pop state: DialogSubScene
17:22:44.658 [JavaFX Application Thread] DEBUG Input                - Clearing active input actions
17:22:44.658 [JavaFX Application Thread] DEBUG GameApplicationServi - Removing overlay from DialogSubScene and adding to GameScene
17:22:44.658 [JavaFX Application Thread] DEBUG PrimaryStageWindow   - GameScene <- DialogSubScene
17:22:44.658 [JavaFX Application Thread] DEBUG FXGLApplication      - Exiting FXGL
17:22:44.658 [JavaFX Application Thread] DEBUG LoopRunner           - Stopping loop
17:22:44.659 [JavaFX Application Thread] DEBUG SystemBundleService  - Saving FXGL system data
17:22:44.660 [JavaFX Application Thread] DEBUG FileSystemAccess     - Writing to: C:\Users\russl\IdeaProjects\cloudHopper\system\fxgl.bundle
17:22:44.661 [JavaFX Application Thread] DEBUG Async                - Shutting down background threads
17:22:44.662 [JavaFX Application Thread] DEBUG PrimaryStageWindow   - Closing main window
17:22:44.672 [JavaFX Application Thread] DEBUG Logger               - Closing Logger
