13:13:24.202 [main                     ] DEBUG Logger               - Configured Logger
13:13:24.208 [main                     ] DEBUG GameApplication      - Logging settings
Title: Cloud Hopper
Version: 0.1
Width: 1000
Height: 800
Fullscreen: false
Intro: false
Profiling: false
Single step:false
App Mode: DEVELOPER
Menu Key: ESCAPE
Stage Style: DECORATED
Scene Factory: class com.almasb.fxgl.app.scene.SceneFactory

13:13:24.798 [JavaFX Application Thread] DEBUG FXGLApplication      - Initializing FXGL
13:13:24.801 [JavaFX Application Thread] INFO  Engine               - FXGL-11.16 (25.05.2021 08.16) on WINDOWS (J:16 FX:16)
13:13:24.801 [JavaFX Application Thread] DEBUG Engine               - JRE Vendor Name: Oracle Corporation
13:13:24.802 [JavaFX Application Thread] DEBUG Engine               - Running on OS: Windows 10 version 10.0
13:13:24.802 [JavaFX Application Thread] DEBUG Engine               - Architecture: amd64
13:13:24.802 [JavaFX Application Thread] INFO  Engine               - Source code and latest versions at: https://github.com/AlmasB/FXGL
13:13:24.802 [JavaFX Application Thread] INFO  Engine               -              Join the FXGL chat at: https://gitter.im/AlmasB/FXGL
13:13:24.971 [JavaFX Application Thread] DEBUG PrimaryStageWindow   - Creating a JavaFX scene
13:13:25.033 [JavaFX Application Thread] DEBUG PrimaryStageWindow   - Target settings size: 1000.0 x 800.0
13:13:25.034 [JavaFX Application Thread] DEBUG PrimaryStageWindow   - Scaled scene size:    1000.0 x 800.0
13:13:25.034 [JavaFX Application Thread] DEBUG PrimaryStageWindow   - Scaled ratio: (1.0, 1.0)
13:13:25.035 [JavaFX Application Thread] DEBUG PrimaryStageWindow   - Set initial scene to FXGLStartupScene
13:13:25.046 [JavaFX Application Thread] DEBUG PrimaryStageWindow   - Opening main window
13:13:25.170 [JavaFX Application Thread] DEBUG PrimaryStageWindow   - Window border size: (16.0, 39.0)
13:13:25.170 [JavaFX Application Thread] DEBUG PrimaryStageWindow   - Scaled size: 1000.0 x 800.0
13:13:25.170 [JavaFX Application Thread] DEBUG PrimaryStageWindow   - Scaled ratio: (1.0, 1.0)
13:13:25.170 [JavaFX Application Thread] DEBUG PrimaryStageWindow   - Scene size: 1000.0 x 800.0
13:13:25.170 [JavaFX Application Thread] DEBUG PrimaryStageWindow   - Stage size: 1016.0 x 839.0
13:13:25.179 [FXGL Background Thread 1 ] DEBUG Engine               - Initializing environment variables
13:13:25.228 [FXGL Background Thread 1 ] DEBUG FXGLAssetLoaderServi - User app class for loading assets: class com.cloudHopper.PlatformerApp
13:13:25.228 [FXGL Background Thread 1 ] DEBUG GameApplicationServi - Applying CSS: fxgl_dark.css
13:13:25.229 [FXGL Background Thread 1 ] DEBUG FXGLAssetLoaderServi - Loading from file system: jar:file:/C:/Users/russl/.m2/repository/com/github/almasb/fxgl/11.16/fxgl-11.16.jar!/fxglassets/ui/css/fxgl_dark.css
13:13:25.285 [FXGL Background Thread 1 ] DEBUG GameApplicationServi - Initializing application scenes
13:13:25.332 [FXGL Background Thread 1 ] DEBUG GameWorld            - Game world initialized
13:13:25.404 [FXGL Background Thread 1 ] DEBUG PhysicsWorld         - Physics world initialized: appHeight=800, physics.ppm=50.0
13:13:25.404 [FXGL Background Thread 1 ] DEBUG PhysicsWorld         - Using strategy: BRUTE_FORCE
13:13:25.407 [FXGL Background Thread 1 ] DEBUG GameScene            - Game scene initialized: 1000x800
13:13:25.424 [FXGL Background Thread 1 ] DEBUG FXGL.DefaultMenu     - createMenuBodyGameMenu()
13:13:25.441 [FXGL Background Thread 1 ] DEBUG FXGL.DefaultMenu     - createOptionsMenu()
13:13:25.449 [FXGL Background Thread 1 ] DEBUG FXGLAssetLoaderServi - Loading from file system: jar:file:/C:/Users/russl/.m2/repository/com/github/almasb/fxgl/11.16/fxgl-11.16.jar!/fxglassets/textures/particles/smoke.png
13:13:25.561 [FXGL Background Thread 1 ] DEBUG FXGLAssetLoaderServi - Loading from file system: jar:file:/C:/Users/russl/.m2/repository/com/github/almasb/fxgl/11.16/fxgl-11.16.jar!/fxglassets/textures/particles/trace_horizontal.png
13:13:25.598 [FXGL Background Thread 1 ] DEBUG GameApplicationServi - Application scenes initialized
13:13:25.610 [FXGL Background Thread 1 ] DEBUG SystemBundleService  - Loading FXGL system data
13:13:25.615 [FXGL Background Thread 1 ] DEBUG FileSystemAccess     - Reading from: C:\Users\russl\IdeaProjects\cloudHopper\system\fxgl.bundle
13:13:25.621 [FXGL Background Thread 1 ] DEBUG SystemBundleService  - Bundle FXGL: {}
13:13:25.621 [FXGL Background Thread 1 ] DEBUG UpdaterService       - Checking for updates
13:13:25.626 [FXGL Background Thread 4 ] DEBUG FXGLApplication      - Loading fonts
13:13:25.626 [FXGL Background Thread 1 ] DEBUG FXGLApplication      - Loading default localization
13:13:25.627 [FXGL Background Thread 1 ] DEBUG FXGLAssetLoaderServi - Loading from file system: jar:file:/C:/Users/russl/.m2/repository/com/github/almasb/fxgl/11.16/fxgl-11.16.jar!/fxglassets/languages/english.lang
13:13:25.627 [FXGL Background Thread 4 ] DEBUG FXGLAssetLoaderServi - Loading from file system: jar:file:/C:/Users/russl/.m2/repository/com/github/almasb/fxgl/11.16/fxgl-11.16.jar!/fxglassets/ui/fonts/VarelaRound-Regular.ttf
13:13:25.653 [FXGL Background Thread 1 ] INFO  FXGLApplication      - FXGL initialization took: 0.474 sec
13:13:25.673 [JavaFX Application Thread] DEBUG Input                - Registered new binding: action0 - A
13:13:25.674 [JavaFX Application Thread] DEBUG Input                - Registered new binding: action1 - D
13:13:25.675 [JavaFX Application Thread] DEBUG Input                - Registered new binding: action2 - Space
13:13:25.676 [JavaFX Application Thread] DEBUG Input                - Registered new binding: action3 - W
13:13:25.677 [JavaFX Application Thread] DEBUG FXGLAssetLoaderServi - Loading from file system: jar:file:/C:/Users/russl/.m2/repository/com/github/almasb/fxgl/11.16/fxgl-11.16.jar!/fxglassets/textures/fxgl_icon.png
13:13:25.683 [FXGL Background Thread 4 ] DEBUG FXGLAssetLoaderServi - Loading from file system: jar:file:/C:/Users/russl/.m2/repository/com/github/almasb/fxgl/11.16/fxgl-11.16.jar!/fxglassets/ui/fonts/Abel-Regular.ttf
13:13:25.686 [FXGL Background Thread 4 ] DEBUG FXGLAssetLoaderServi - Loading from file system: jar:file:/C:/Users/russl/.m2/repository/com/github/almasb/fxgl/11.16/fxgl-11.16.jar!/fxglassets/ui/fonts/lucida_console.ttf
13:13:25.693 [FXGL Background Thread 4 ] DEBUG FXGLAssetLoaderServi - Loading from file system: jar:file:/C:/Users/russl/.m2/repository/com/github/almasb/fxgl/11.16/fxgl-11.16.jar!/fxglassets/ui/fonts/Courier-Prime.ttf
13:13:25.708 [JavaFX Application Thread] DEBUG FXGLAssetLoaderServi - Loading from file system: jar:file:/C:/Users/russl/.m2/repository/com/github/almasb/fxgl/11.16/fxgl-11.16.jar!/fxglassets/textures/fxgl_default_cursor.png
13:13:25.711 [JavaFX Application Thread] DEBUG Input                - Registered new binding: Screenshot - CTRL+8
13:13:25.712 [JavaFX Application Thread] DEBUG Input                - Registered new binding: System info dump - CTRL+9
13:13:25.713 [JavaFX Application Thread] DEBUG Input                - Registered new binding: Restart - CTRL+R
13:13:25.714 [JavaFX Application Thread] DEBUG Input                - Registered new binding: Toggle Debug Camera - CTRL+C
13:13:25.719 [JavaFX Application Thread] DEBUG LoopRunner           - Starting loop
13:13:25.719 [JavaFX Application Thread] DEBUG LoopRunner           - Initializing JavaFX AnimationTimerLoop
13:13:25.721 [JavaFX Application Thread] DEBUG GameApplicationServi - Starting new game
13:13:25.722 [JavaFX Application Thread] DEBUG Input                - Clearing active input actions
13:13:25.737 [JavaFX Application Thread] DEBUG GameApplicationServi - Removing overlay from FXGLStartupScene and adding to FXGLLoadingScene
13:13:25.738 [JavaFX Application Thread] DEBUG PrimaryStageWindow   - FXGLStartupScene -> FXGLLoadingScene
13:13:25.738 [JavaFX Application Thread] DEBUG GameApplicationServi - Clearing previous game
13:13:25.738 [JavaFX Application Thread] DEBUG GameScene            - Clearing game scene
13:13:25.739 [JavaFX Application Thread] DEBUG GameWorld            - Clearing game world
13:13:25.739 [JavaFX Application Thread] DEBUG PhysicsWorld         - Clearing physics world
13:13:25.741 [JavaFX Application Thread] DEBUG FXGLApplication      - Registering font factories with UI factory
13:13:25.741 [FXGL Background Thread 4 ] DEBUG FXGLApplication      - Initializing game
13:13:25.805 [FXGL Background Thread 4 ] WARN  TMXLevelLoader       - TiledMap generated from 1.7.1. Supported version: 1.2.3. Some features may not be parsed fully.
13:13:25.863 [FXGL Background Thread 4 ] DEBUG TMXLevelLoader       - Parsed TiledMap: file:/C:/Users/russl/IdeaProjects/cloudHopper/target/classes/assets/levels/level1.tmx
13:13:25.864 [FXGL Background Thread 4 ] DEBUG TMXLevelLoader       - Creating tile layer entities
13:13:25.865 [FXGL Background Thread 4 ] DEBUG TilesetLoader        - Loading view for layer Tile Layer 1
13:13:25.917 [FXGL Background Thread 4 ] DEBUG TilesetLoader        - Created buffer with size 20480.0x1280.0
13:13:26.032 [FXGL Background Thread 4 ] DEBUG TMXLevelLoader       - Creating object layer entities
13:13:26.058 [FXGL Background Thread 4 ] DEBUG FXGLAssetLoaderServi - Loading from file system: file:/C:/Users/russl/IdeaProjects/cloudHopper/target/classes/assets/textures/crate.png
13:13:26.080 [FXGL Background Thread 4 ] DEBUG FXGLAssetLoaderServi - Loading from file system: file:/C:/Users/russl/IdeaProjects/cloudHopper/target/classes/assets/textures/StoneBlock.png
13:13:26.091 [FXGL Background Thread 4 ] DEBUG FXGLAssetLoaderServi - Loading from file system: file:/C:/Users/russl/IdeaProjects/cloudHopper/target/classes/assets/textures/characters_packed.png
13:13:26.127 [FXGL Background Thread 4 ] DEBUG FXGLAssetLoaderServi - Loading from file system: file:/C:/Users/russl/IdeaProjects/cloudHopper/target/classes/assets/textures/keyAnimation.png
13:13:26.129 [FXGL Background Thread 2 ] INFO  UpdaterService       - Your current version:  11.16
13:13:26.129 [FXGL Background Thread 2 ] INFO  UpdaterService       - Latest stable version: 11.17
13:13:26.156 [FXGL Background Thread 4 ] DEBUG FXGLAssetLoaderServi - Loading from file system: file:/C:/Users/russl/IdeaProjects/cloudHopper/target/classes/assets/textures/starAnimation.png
13:13:26.173 [FXGL Background Thread 4 ] DEBUG GameWorld            - Clearing removable entities
13:13:26.173 [FXGL Background Thread 4 ] DEBUG GameWorld            - Setting level: com.almasb.fxgl.entity.level.Level@50989ac
13:13:26.194 [FXGL Background Thread 4 ] DEBUG FXGLAssetLoaderServi - Loading from file system: file:/C:/Users/russl/IdeaProjects/cloudHopper/target/classes/assets/textures/single.png
13:13:26.196 [FXGL Background Thread 4 ] DEBUG FXGLAssetLoaderServi - Loading from file system: file:/C:/Users/russl/IdeaProjects/cloudHopper/target/classes/assets/textures/singlePushing.png
13:13:26.198 [FXGL Background Thread 4 ] DEBUG FXGLAssetLoaderServi - Loading from file system: file:/C:/Users/russl/IdeaProjects/cloudHopper/target/classes/assets/textures/z-2.png
13:13:26.229 [FXGL Background Thread 4 ] WARN  GameWorld            - Entity is already attached to world
13:13:26.229 [FXGL Background Thread 4 ] DEBUG FXGLAssetLoaderServi - Loading from file system: file:/C:/Users/russl/IdeaProjects/cloudHopper/target/classes/assets/textures/z-1.png
13:13:26.258 [FXGL Background Thread 4 ] WARN  GameWorld            - Entity is already attached to world
13:13:26.266 [FXGL Background Thread 4 ] DEBUG FXGLAssetLoaderServi - Loading from file system: file:/C:/Users/russl/IdeaProjects/cloudHopper/target/classes/assets/textures/hearts.png
13:13:26.270 [FXGL Background Thread 4 ] INFO  FXGLApplication      - Game initialization took: 0.529 sec
13:13:26.271 [JavaFX Application Thread] DEBUG Input                - Clearing active input actions
13:13:26.288 [JavaFX Application Thread] DEBUG GameApplicationServi - Removing overlay from FXGLLoadingScene and adding to GameScene
13:13:26.288 [JavaFX Application Thread] DEBUG PrimaryStageWindow   - FXGLLoadingScene -> GameScene
13:13:28.294 [JavaFX Application Thread] DEBUG FXGLApplication      - Exiting FXGL
13:13:28.294 [JavaFX Application Thread] DEBUG LoopRunner           - Stopping loop
13:13:28.294 [JavaFX Application Thread] DEBUG SystemBundleService  - Saving FXGL system data
13:13:28.297 [JavaFX Application Thread] DEBUG FileSystemAccess     - Writing to: C:\Users\russl\IdeaProjects\cloudHopper\system\fxgl.bundle
13:13:28.298 [JavaFX Application Thread] DEBUG Async                - Shutting down background threads
13:13:28.299 [JavaFX Application Thread] DEBUG PrimaryStageWindow   - Closing main window
13:13:28.309 [JavaFX Application Thread] DEBUG Logger               - Closing Logger
