13:03:01.879 [main                     ] DEBUG Logger               - Configured Logger
13:03:01.884 [main                     ] DEBUG GameApplication      - Logging settings
Title: Cloud Hopper
Version: 0.1
Width: 1000
Height: 800
Fullscreen: false
Intro: false
Profiling: false
Single step:false
App Mode: DEVELOPER
Menu Key: ESCAPE
Stage Style: DECORATED
Scene Factory: class com.almasb.fxgl.app.scene.SceneFactory

13:03:02.453 [JavaFX Application Thread] DEBUG FXGLApplication      - Initializing FXGL
13:03:02.457 [JavaFX Application Thread] INFO  Engine               - FXGL-11.16 (25.05.2021 08.16) on WINDOWS (J:16 FX:16)
13:03:02.458 [JavaFX Application Thread] DEBUG Engine               - JRE Vendor Name: Oracle Corporation
13:03:02.458 [JavaFX Application Thread] DEBUG Engine               - Running on OS: Windows 10 version 10.0
13:03:02.458 [JavaFX Application Thread] DEBUG Engine               - Architecture: amd64
13:03:02.458 [JavaFX Application Thread] INFO  Engine               - Source code and latest versions at: https://github.com/AlmasB/FXGL
13:03:02.459 [JavaFX Application Thread] INFO  Engine               -              Join the FXGL chat at: https://gitter.im/AlmasB/FXGL
13:03:02.626 [JavaFX Application Thread] DEBUG PrimaryStageWindow   - Creating a JavaFX scene
13:03:02.694 [JavaFX Application Thread] DEBUG PrimaryStageWindow   - Target settings size: 1000.0 x 800.0
13:03:02.694 [JavaFX Application Thread] DEBUG PrimaryStageWindow   - Scaled scene size:    1000.0 x 800.0
13:03:02.694 [JavaFX Application Thread] DEBUG PrimaryStageWindow   - Scaled ratio: (1.0, 1.0)
13:03:02.696 [JavaFX Application Thread] DEBUG PrimaryStageWindow   - Set initial scene to FXGLStartupScene
13:03:02.706 [JavaFX Application Thread] DEBUG PrimaryStageWindow   - Opening main window
13:03:02.803 [JavaFX Application Thread] DEBUG PrimaryStageWindow   - Window border size: (16.0, 39.0)
13:03:02.803 [JavaFX Application Thread] DEBUG PrimaryStageWindow   - Scaled size: 1000.0 x 800.0
13:03:02.803 [JavaFX Application Thread] DEBUG PrimaryStageWindow   - Scaled ratio: (1.0, 1.0)
13:03:02.803 [JavaFX Application Thread] DEBUG PrimaryStageWindow   - Scene size: 1000.0 x 800.0
13:03:02.803 [JavaFX Application Thread] DEBUG PrimaryStageWindow   - Stage size: 1016.0 x 839.0
13:03:02.814 [FXGL Background Thread 1 ] DEBUG Engine               - Initializing environment variables
13:03:02.865 [FXGL Background Thread 1 ] DEBUG FXGLAssetLoaderServi - User app class for loading assets: class com.cloudHopper.PlatformerApp
13:03:02.865 [FXGL Background Thread 1 ] DEBUG GameApplicationServi - Applying CSS: fxgl_dark.css
13:03:02.866 [FXGL Background Thread 1 ] DEBUG FXGLAssetLoaderServi - Loading from file system: jar:file:/C:/Users/russl/.m2/repository/com/github/almasb/fxgl/11.16/fxgl-11.16.jar!/fxglassets/ui/css/fxgl_dark.css
13:03:02.921 [FXGL Background Thread 1 ] DEBUG GameApplicationServi - Initializing application scenes
13:03:02.974 [FXGL Background Thread 1 ] DEBUG GameWorld            - Game world initialized
13:03:03.044 [FXGL Background Thread 1 ] DEBUG PhysicsWorld         - Physics world initialized: appHeight=800, physics.ppm=50.0
13:03:03.044 [FXGL Background Thread 1 ] DEBUG PhysicsWorld         - Using strategy: BRUTE_FORCE
13:03:03.046 [FXGL Background Thread 1 ] DEBUG GameScene            - Game scene initialized: 1000x800
13:03:03.061 [FXGL Background Thread 1 ] DEBUG FXGL.DefaultMenu     - createMenuBodyGameMenu()
13:03:03.081 [FXGL Background Thread 1 ] DEBUG FXGL.DefaultMenu     - createOptionsMenu()
13:03:03.091 [FXGL Background Thread 1 ] DEBUG FXGLAssetLoaderServi - Loading from file system: jar:file:/C:/Users/russl/.m2/repository/com/github/almasb/fxgl/11.16/fxgl-11.16.jar!/fxglassets/textures/particles/smoke.png
13:03:03.203 [FXGL Background Thread 1 ] DEBUG FXGLAssetLoaderServi - Loading from file system: jar:file:/C:/Users/russl/.m2/repository/com/github/almasb/fxgl/11.16/fxgl-11.16.jar!/fxglassets/textures/particles/trace_horizontal.png
13:03:03.238 [FXGL Background Thread 1 ] DEBUG GameApplicationServi - Application scenes initialized
13:03:03.249 [FXGL Background Thread 1 ] DEBUG SystemBundleService  - Loading FXGL system data
13:03:03.253 [FXGL Background Thread 1 ] DEBUG FileSystemAccess     - Reading from: C:\Users\russl\IdeaProjects\cloudHopper\system\fxgl.bundle
13:03:03.259 [FXGL Background Thread 1 ] DEBUG SystemBundleService  - Bundle FXGL: {}
13:03:03.260 [FXGL Background Thread 1 ] DEBUG UpdaterService       - Checking for updates
13:03:03.264 [FXGL Background Thread 4 ] DEBUG FXGLApplication      - Loading fonts
13:03:03.265 [FXGL Background Thread 1 ] DEBUG FXGLApplication      - Loading default localization
13:03:03.265 [FXGL Background Thread 4 ] DEBUG FXGLAssetLoaderServi - Loading from file system: jar:file:/C:/Users/russl/.m2/repository/com/github/almasb/fxgl/11.16/fxgl-11.16.jar!/fxglassets/ui/fonts/VarelaRound-Regular.ttf
13:03:03.265 [FXGL Background Thread 1 ] DEBUG FXGLAssetLoaderServi - Loading from file system: jar:file:/C:/Users/russl/.m2/repository/com/github/almasb/fxgl/11.16/fxgl-11.16.jar!/fxglassets/languages/english.lang
13:03:03.292 [FXGL Background Thread 1 ] INFO  FXGLApplication      - FXGL initialization took: 0.478 sec
13:03:03.307 [JavaFX Application Thread] DEBUG Input                - Registered new binding: action0 - A
13:03:03.308 [JavaFX Application Thread] DEBUG Input                - Registered new binding: action1 - D
13:03:03.309 [JavaFX Application Thread] DEBUG Input                - Registered new binding: action2 - Space
13:03:03.310 [JavaFX Application Thread] DEBUG Input                - Registered new binding: action3 - W
13:03:03.310 [JavaFX Application Thread] DEBUG Input                - Registered new binding: action4 - S
13:03:03.310 [JavaFX Application Thread] DEBUG FXGLAssetLoaderServi - Loading from file system: jar:file:/C:/Users/russl/.m2/repository/com/github/almasb/fxgl/11.16/fxgl-11.16.jar!/fxglassets/textures/fxgl_icon.png
13:03:03.317 [FXGL Background Thread 4 ] DEBUG FXGLAssetLoaderServi - Loading from file system: jar:file:/C:/Users/russl/.m2/repository/com/github/almasb/fxgl/11.16/fxgl-11.16.jar!/fxglassets/ui/fonts/Abel-Regular.ttf
13:03:03.321 [FXGL Background Thread 4 ] DEBUG FXGLAssetLoaderServi - Loading from file system: jar:file:/C:/Users/russl/.m2/repository/com/github/almasb/fxgl/11.16/fxgl-11.16.jar!/fxglassets/ui/fonts/lucida_console.ttf
13:03:03.327 [FXGL Background Thread 4 ] DEBUG FXGLAssetLoaderServi - Loading from file system: jar:file:/C:/Users/russl/.m2/repository/com/github/almasb/fxgl/11.16/fxgl-11.16.jar!/fxglassets/ui/fonts/Courier-Prime.ttf
13:03:03.338 [JavaFX Application Thread] DEBUG FXGLAssetLoaderServi - Loading from file system: jar:file:/C:/Users/russl/.m2/repository/com/github/almasb/fxgl/11.16/fxgl-11.16.jar!/fxglassets/textures/fxgl_default_cursor.png
13:03:03.341 [JavaFX Application Thread] DEBUG Input                - Registered new binding: Screenshot - CTRL+8
13:03:03.342 [JavaFX Application Thread] DEBUG Input                - Registered new binding: System info dump - CTRL+9
13:03:03.342 [JavaFX Application Thread] DEBUG Input                - Registered new binding: Restart - CTRL+R
13:03:03.343 [JavaFX Application Thread] DEBUG Input                - Registered new binding: Toggle Debug Camera - CTRL+C
13:03:03.346 [JavaFX Application Thread] DEBUG LoopRunner           - Starting loop
13:03:03.346 [JavaFX Application Thread] DEBUG LoopRunner           - Initializing JavaFX AnimationTimerLoop
13:03:03.348 [JavaFX Application Thread] DEBUG GameApplicationServi - Starting new game
13:03:03.349 [JavaFX Application Thread] DEBUG Input                - Clearing active input actions
13:03:03.363 [JavaFX Application Thread] DEBUG GameApplicationServi - Removing overlay from FXGLStartupScene and adding to FXGLLoadingScene
13:03:03.364 [JavaFX Application Thread] DEBUG PrimaryStageWindow   - FXGLStartupScene -> FXGLLoadingScene
13:03:03.364 [JavaFX Application Thread] DEBUG GameApplicationServi - Clearing previous game
13:03:03.364 [JavaFX Application Thread] DEBUG GameScene            - Clearing game scene
13:03:03.364 [JavaFX Application Thread] DEBUG GameWorld            - Clearing game world
13:03:03.365 [JavaFX Application Thread] DEBUG PhysicsWorld         - Clearing physics world
13:03:03.366 [FXGL Background Thread 4 ] DEBUG FXGLApplication      - Initializing game
13:03:03.426 [FXGL Background Thread 4 ] WARN  TMXLevelLoader       - TiledMap generated from 1.7.1. Supported version: 1.2.3. Some features may not be parsed fully.
13:03:03.479 [FXGL Background Thread 4 ] DEBUG TMXLevelLoader       - Parsed TiledMap: file:/C:/Users/russl/IdeaProjects/cloudHopper/target/classes/assets/levels/level1.tmx
13:03:03.481 [FXGL Background Thread 4 ] DEBUG TMXLevelLoader       - Creating tile layer entities
13:03:03.482 [FXGL Background Thread 4 ] DEBUG TilesetLoader        - Loading view for layer Tile Layer 1
13:03:03.533 [FXGL Background Thread 4 ] DEBUG TilesetLoader        - Created buffer with size 20480.0x1280.0
13:03:03.635 [FXGL Background Thread 4 ] DEBUG TMXLevelLoader       - Creating object layer entities
13:03:03.662 [FXGL Background Thread 4 ] DEBUG FXGLAssetLoaderServi - Loading from file system: file:/C:/Users/russl/IdeaProjects/cloudHopper/target/classes/assets/textures/crate.png
13:03:03.681 [FXGL Background Thread 4 ] DEBUG FXGLAssetLoaderServi - Loading from file system: file:/C:/Users/russl/IdeaProjects/cloudHopper/target/classes/assets/textures/StoneBlock.png
13:03:03.690 [FXGL Background Thread 4 ] DEBUG FXGLAssetLoaderServi - Loading from file system: file:/C:/Users/russl/IdeaProjects/cloudHopper/target/classes/assets/textures/characters_packed.png
13:03:03.725 [FXGL Background Thread 4 ] DEBUG FXGLAssetLoaderServi - Loading from file system: file:/C:/Users/russl/IdeaProjects/cloudHopper/target/classes/assets/textures/keyAnimation.png
13:03:03.752 [FXGL Background Thread 4 ] DEBUG FXGLAssetLoaderServi - Loading from file system: file:/C:/Users/russl/IdeaProjects/cloudHopper/target/classes/assets/textures/starAnimation.png
13:03:03.767 [FXGL Background Thread 4 ] DEBUG FXGLAssetLoaderServi - Loading from file system: file:/C:/Users/russl/IdeaProjects/cloudHopper/target/classes/assets/textures/button_pressed.png
13:03:03.768 [FXGL Background Thread 4 ] DEBUG FXGLAssetLoaderServi - Loading from file system: file:/C:/Users/russl/IdeaProjects/cloudHopper/target/classes/assets/textures/button.png
13:03:03.774 [FXGL Background Thread 4 ] DEBUG GameWorld            - Clearing removable entities
13:03:03.774 [FXGL Background Thread 4 ] DEBUG GameWorld            - Setting level: com.almasb.fxgl.entity.level.Level@70371e35
13:03:03.797 [FXGL Background Thread 4 ] DEBUG FXGLAssetLoaderServi - Loading from file system: file:/C:/Users/russl/IdeaProjects/cloudHopper/target/classes/assets/textures/single.png
13:03:03.801 [FXGL Background Thread 4 ] DEBUG FXGLAssetLoaderServi - Loading from file system: file:/C:/Users/russl/IdeaProjects/cloudHopper/target/classes/assets/textures/singlePushing.png
13:03:03.803 [FXGL Background Thread 4 ] WARN  Entity               - Entity already has component: com.almasb.fxgl.entity.components.CollidableComponent
13:03:03.804 [FXGL Background Thread 4 ] DEBUG FXGLAssetLoaderServi - Loading from file system: file:/C:/Users/russl/IdeaProjects/cloudHopper/target/classes/assets/textures/z-2.png
13:03:03.834 [FXGL Background Thread 4 ] WARN  GameWorld            - Entity is already attached to world
13:03:03.834 [FXGL Background Thread 4 ] DEBUG FXGLAssetLoaderServi - Loading from file system: file:/C:/Users/russl/IdeaProjects/cloudHopper/target/classes/assets/textures/z-1.png
13:03:03.869 [FXGL Background Thread 4 ] WARN  GameWorld            - Entity is already attached to world
13:03:03.870 [FXGL Background Thread 2 ] INFO  UpdaterService       - Your current version:  11.16
13:03:03.871 [FXGL Background Thread 2 ] INFO  UpdaterService       - Latest stable version: 11.17
13:03:03.879 [FXGL Background Thread 4 ] DEBUG FXGLAssetLoaderServi - Loading from file system: file:/C:/Users/russl/IdeaProjects/cloudHopper/target/classes/assets/textures/hearts.png
13:03:03.882 [FXGL Background Thread 4 ] INFO  FXGLApplication      - Game initialization took: 0.515 sec
13:03:03.882 [JavaFX Application Thread] DEBUG Input                - Clearing active input actions
13:03:03.896 [JavaFX Application Thread] DEBUG GameApplicationServi - Removing overlay from FXGLLoadingScene and adding to GameScene
13:03:03.896 [JavaFX Application Thread] DEBUG PrimaryStageWindow   - FXGLLoadingScene -> GameScene
13:03:06.264 [FXGL Background Thread 3 ] DEBUG Engine               - Logging environment variables
13:03:06.264 [FXGL Background Thread 3 ] DEBUG Engine               - achievements: []
13:03:06.264 [FXGL Background Thread 3 ] DEBUG Engine               - actualHeight: 800.0
13:03:06.264 [FXGL Background Thread 3 ] DEBUG Engine               - actualHeightProperty: ReadOnlyDoubleProperty [value: 800.0]
13:03:06.264 [FXGL Background Thread 3 ] DEBUG Engine               - actualWidth: 1000.0
13:03:06.265 [FXGL Background Thread 3 ] DEBUG Engine               - actualWidthProperty: ReadOnlyDoubleProperty [value: 1000.0]
13:03:06.265 [FXGL Background Thread 3 ] DEBUG Engine               - appIcon: fxgl_icon.png
13:03:06.265 [FXGL Background Thread 3 ] DEBUG Engine               - applicationMode: DEVELOPER
13:03:06.265 [FXGL Background Thread 3 ] DEBUG Engine               - cSSList: [fxgl_dark.css]
13:03:06.265 [FXGL Background Thread 3 ] DEBUG Engine               - collisionDetectionStrategy: BRUTE_FORCE
13:03:06.265 [FXGL Background Thread 3 ] DEBUG Engine               - configClass: Optional.empty
13:03:06.265 [FXGL Background Thread 3 ] DEBUG Engine               - credits: []
13:03:06.265 [FXGL Background Thread 3 ] DEBUG Engine               - defaultCursor: CursorInfo(imageName=fxgl_default_cursor.png, hotspotX=7.0, hotspotY=6.0)
13:03:06.266 [FXGL Background Thread 3 ] DEBUG Engine               - devBBoxColorProperty: ObjectProperty [value: 0xff0000ff]
13:03:06.266 [FXGL Background Thread 3 ] DEBUG Engine               - devEnableDebugCameraProperty: BooleanProperty [value: false]
13:03:06.266 [FXGL Background Thread 3 ] DEBUG Engine               - devSensorColorProperty: ObjectProperty [value: 0xffff00ff]
13:03:06.266 [FXGL Background Thread 3 ] DEBUG Engine               - devShowBBoxProperty: BooleanProperty [value: false]
13:03:06.266 [FXGL Background Thread 3 ] DEBUG Engine               - devShowPositionProperty: BooleanProperty [value: false]
13:03:06.266 [FXGL Background Thread 3 ] DEBUG Engine               - enabledMenuItems: []
13:03:06.266 [FXGL Background Thread 3 ] DEBUG Engine               - engineServices: [class com.almasb.fxgl.app.services.FXGLAssetLoaderService, class com.almasb.fxgl.app.FXGLApplication$GameApplicationService, class com.almasb.fxgl.app.services.FXGLDialogService, class com.almasb.fxgl.app.services.IOTaskExecutorService, class com.almasb.fxgl.io.FileSystemService, class com.almasb.fxgl.localization.LocalizationService, class com.almasb.fxgl.app.services.SystemBundleService, class com.almasb.fxgl.profile.SaveLoadService, class com.almasb.fxgl.ui.FXGLUIFactoryServiceProvider, class com.almasb.fxgl.ui.FXGLDialogFactoryServiceProvider, class com.almasb.fxgl.audio.AudioPlayer, class com.almasb.fxgl.notification.impl.NotificationServiceProvider, class com.almasb.fxgl.achievement.AchievementService, class com.almasb.fxgl.cutscene.CutsceneService, class com.almasb.fxgl.minigames.MiniGameService, class com.almasb.fxgl.net.NetService, class com.almasb.fxgl.app.services.UpdaterService, class com.almasb.fxgl.dev.DevService]
13:03:06.266 [FXGL Background Thread 3 ] DEBUG Engine               - fontGame: Abel-Regular.ttf
13:03:06.266 [FXGL Background Thread 3 ] DEBUG Engine               - fontMono: lucida_console.ttf
13:03:06.266 [FXGL Background Thread 3 ] DEBUG Engine               - fontText: Courier-Prime.ttf
13:03:06.267 [FXGL Background Thread 3 ] DEBUG Engine               - fontUI: VarelaRound-Regular.ttf
13:03:06.267 [FXGL Background Thread 3 ] DEBUG Engine               - fullScreen: BooleanProperty [value: false]
13:03:06.267 [FXGL Background Thread 3 ] DEBUG Engine               - gameDifficulty: MEDIUM
13:03:06.267 [FXGL Background Thread 3 ] DEBUG Engine               - gameDifficultyProperty: ObjectProperty [value: MEDIUM]
13:03:06.267 [FXGL Background Thread 3 ] DEBUG Engine               - globalMusicVolume: 0.5
13:03:06.267 [FXGL Background Thread 3 ] DEBUG Engine               - globalMusicVolumeProperty: DoubleProperty [value: 0.5]
13:03:06.267 [FXGL Background Thread 3 ] DEBUG Engine               - globalSoundVolume: 0.5
13:03:06.267 [FXGL Background Thread 3 ] DEBUG Engine               - globalSoundVolumeProperty: DoubleProperty [value: 0.5]
13:03:06.267 [FXGL Background Thread 3 ] DEBUG Engine               - height: 800
13:03:06.267 [FXGL Background Thread 3 ] DEBUG Engine               - is3D: false
13:03:06.267 [FXGL Background Thread 3 ] DEBUG Engine               - isAndroid: false
13:03:06.268 [FXGL Background Thread 3 ] DEBUG Engine               - isBrowser: false
13:03:06.268 [FXGL Background Thread 3 ] DEBUG Engine               - isClickFeedbackEnabled: false
13:03:06.268 [FXGL Background Thread 3 ] DEBUG Engine               - isCloseConfirmation: false
13:03:06.268 [FXGL Background Thread 3 ] DEBUG Engine               - isDesktop: true
13:03:06.268 [FXGL Background Thread 3 ] DEBUG Engine               - isDeveloperMenuEnabled: false
13:03:06.268 [FXGL Background Thread 3 ] DEBUG Engine               - isEntityPreloadEnabled: true
13:03:06.268 [FXGL Background Thread 3 ] DEBUG Engine               - isExperimentalTiledLargeMap: false
13:03:06.268 [FXGL Background Thread 3 ] DEBUG Engine               - isFileSystemWriteAllowed: true
13:03:06.268 [FXGL Background Thread 3 ] DEBUG Engine               - isFullScreenAllowed: false
13:03:06.268 [FXGL Background Thread 3 ] DEBUG Engine               - isFullScreenFromStart: false
13:03:06.268 [FXGL Background Thread 3 ] DEBUG Engine               - isGameMenuEnabled: true
13:03:06.269 [FXGL Background Thread 3 ] DEBUG Engine               - isIOS: false
13:03:06.269 [FXGL Background Thread 3 ] DEBUG Engine               - isIntroEnabled: false
13:03:06.269 [FXGL Background Thread 3 ] DEBUG Engine               - isLinux: false
13:03:06.269 [FXGL Background Thread 3 ] DEBUG Engine               - isMac: false
13:03:06.269 [FXGL Background Thread 3 ] DEBUG Engine               - isMainMenuEnabled: false
13:03:06.269 [FXGL Background Thread 3 ] DEBUG Engine               - isManualResizeEnabled: false
13:03:06.269 [FXGL Background Thread 3 ] DEBUG Engine               - isMobile: false
13:03:06.269 [FXGL Background Thread 3 ] DEBUG Engine               - isNative: false
13:03:06.269 [FXGL Background Thread 3 ] DEBUG Engine               - isPreserveResizeRatio: false
13:03:06.269 [FXGL Background Thread 3 ] DEBUG Engine               - isProfilingEnabled: false
13:03:06.269 [FXGL Background Thread 3 ] DEBUG Engine               - isScaleAffectedOnResize: true
13:03:06.269 [FXGL Background Thread 3 ] DEBUG Engine               - isSingleStep: false
13:03:06.270 [FXGL Background Thread 3 ] DEBUG Engine               - isUserProfileEnabled: false
13:03:06.270 [FXGL Background Thread 3 ] DEBUG Engine               - isWindows: true
13:03:06.270 [FXGL Background Thread 3 ] DEBUG Engine               - language: ObjectProperty [value: ENGLISH]
13:03:06.270 [FXGL Background Thread 3 ] DEBUG Engine               - menuKey: ESCAPE
13:03:06.270 [FXGL Background Thread 3 ] DEBUG Engine               - mouseSensitivity: 0.2
13:03:06.270 [FXGL Background Thread 3 ] DEBUG Engine               - notificationViewClass: class com.almasb.fxgl.notification.view.XboxNotificationView
13:03:06.270 [FXGL Background Thread 3 ] DEBUG Engine               - pixelsPerMeter: 50.0
13:03:06.270 [FXGL Background Thread 3 ] DEBUG Engine               - platform: WINDOWS
13:03:06.270 [FXGL Background Thread 3 ] DEBUG Engine               - prefHeightProperty: ReadOnlyDoubleProperty [value: 800.0]
13:03:06.270 [FXGL Background Thread 3 ] DEBUG Engine               - prefWidthProperty: ReadOnlyDoubleProperty [value: 1000.0]
13:03:06.270 [FXGL Background Thread 3 ] DEBUG Engine               - profileDir: profiles/
13:03:06.270 [FXGL Background Thread 3 ] DEBUG Engine               - profileName: StringProperty [value: DEFAULT]
13:03:06.270 [FXGL Background Thread 3 ] DEBUG Engine               - randomSeed: -1
13:03:06.270 [FXGL Background Thread 3 ] DEBUG Engine               - runtimeInfo: RuntimeInfo(platform=WINDOWS, version=11.16, build=25.05.2021 08.16)
13:03:06.271 [FXGL Background Thread 3 ] DEBUG Engine               - saveFileExt: sav
13:03:06.271 [FXGL Background Thread 3 ] DEBUG Engine               - scaledHeightProp$fxgl: DoubleProperty [bound, value: 800.0]
13:03:06.271 [FXGL Background Thread 3 ] DEBUG Engine               - scaledWidthProp$fxgl: DoubleProperty [bound, value: 1000.0]
13:03:06.271 [FXGL Background Thread 3 ] DEBUG Engine               - sceneFactory: com.almasb.fxgl.app.scene.SceneFactory@250019fa
13:03:06.271 [FXGL Background Thread 3 ] DEBUG Engine               - secondsIn24h: 60
13:03:06.271 [FXGL Background Thread 3 ] DEBUG Engine               - soundMenuBack: menu/back.wav
13:03:06.271 [FXGL Background Thread 3 ] DEBUG Engine               - soundMenuPress: menu/press.wav
13:03:06.271 [FXGL Background Thread 3 ] DEBUG Engine               - soundMenuSelect: menu/select.wav
13:03:06.271 [FXGL Background Thread 3 ] DEBUG Engine               - soundNotification: core/notification.wav
13:03:06.271 [FXGL Background Thread 3 ] DEBUG Engine               - stageStyle: DECORATED
13:03:06.272 [FXGL Background Thread 3 ] DEBUG Engine               - supportedLanguages: [ENGLISH, FRENCH, GERMAN, HUNGARIAN, RUSSIAN]
13:03:06.272 [FXGL Background Thread 3 ] DEBUG Engine               - ticksPerSecond: -1
13:03:06.272 [FXGL Background Thread 3 ] DEBUG Engine               - title: Cloud Hopper
13:03:06.272 [FXGL Background Thread 3 ] DEBUG Engine               - urlGithub: https://github.com/AlmasB/FXGL
13:03:06.272 [FXGL Background Thread 3 ] DEBUG Engine               - urlLeaderboard: http://fxgl-top.herokuapp.com/
13:03:06.272 [FXGL Background Thread 3 ] DEBUG Engine               - urlPOM: https://raw.githubusercontent.com/AlmasB/FXGL/release/README.md
13:03:06.272 [FXGL Background Thread 3 ] DEBUG Engine               - userAppClass: class com.cloudHopper.PlatformerApp
13:03:06.272 [FXGL Background Thread 3 ] DEBUG Engine               - version: 0.1
13:03:06.272 [FXGL Background Thread 3 ] DEBUG Engine               - versionCheckDays: 7
13:03:06.273 [FXGL Background Thread 3 ] DEBUG Engine               - width: 1000
13:03:06.273 [FXGL Background Thread 3 ] DEBUG Engine               - Logging services
13:03:06.273 [FXGL Background Thread 3 ] DEBUG Engine               - class com.almasb.fxgl.app.services.FXGLAssetLoaderService
13:03:06.273 [FXGL Background Thread 3 ] DEBUG Engine               - class com.almasb.fxgl.app.FXGLApplication$GameApplicationService
13:03:06.273 [FXGL Background Thread 3 ] DEBUG Engine               - class com.almasb.fxgl.app.services.FXGLDialogService
13:03:06.273 [FXGL Background Thread 3 ] DEBUG Engine               - class com.almasb.fxgl.app.services.IOTaskExecutorService
13:03:06.273 [FXGL Background Thread 3 ] DEBUG Engine               - class com.almasb.fxgl.io.FileSystemService
13:03:06.273 [FXGL Background Thread 3 ] DEBUG Engine               - class com.almasb.fxgl.localization.LocalizationService
13:03:06.273 [FXGL Background Thread 3 ] DEBUG Engine               - class com.almasb.fxgl.app.services.SystemBundleService
13:03:06.273 [FXGL Background Thread 3 ] DEBUG Engine               - class com.almasb.fxgl.profile.SaveLoadService
13:03:06.273 [FXGL Background Thread 3 ] DEBUG Engine               - class com.almasb.fxgl.ui.FXGLUIFactoryServiceProvider
13:03:06.273 [FXGL Background Thread 3 ] DEBUG Engine               - class com.almasb.fxgl.ui.FXGLDialogFactoryServiceProvider
13:03:06.273 [FXGL Background Thread 3 ] DEBUG Engine               - class com.almasb.fxgl.audio.AudioPlayer
13:03:06.273 [FXGL Background Thread 3 ] DEBUG Engine               - class com.almasb.fxgl.notification.impl.NotificationServiceProvider
13:03:06.274 [FXGL Background Thread 3 ] DEBUG Engine               - class com.almasb.fxgl.achievement.AchievementService
13:03:06.274 [FXGL Background Thread 3 ] DEBUG Engine               - class com.almasb.fxgl.cutscene.CutsceneService
13:03:06.274 [FXGL Background Thread 3 ] DEBUG Engine               - class com.almasb.fxgl.minigames.MiniGameService
13:03:06.274 [FXGL Background Thread 3 ] DEBUG Engine               - class com.almasb.fxgl.net.NetService
13:03:06.274 [FXGL Background Thread 3 ] DEBUG Engine               - class com.almasb.fxgl.app.services.UpdaterService
13:03:06.274 [FXGL Background Thread 3 ] DEBUG Engine               - class com.almasb.fxgl.dev.DevService
13:03:06.568 [JavaFX Application Thread] DEBUG FXGLAssetLoaderServi - Loading from file system: file:/C:/Users/russl/IdeaProjects/cloudHopper/target/classes/assets/textures/key.png
13:03:26.110 [JavaFX Application Thread] DEBUG FXGLApplication      - Exiting FXGL
13:03:26.110 [JavaFX Application Thread] DEBUG LoopRunner           - Stopping loop
13:03:26.110 [JavaFX Application Thread] DEBUG SystemBundleService  - Saving FXGL system data
13:03:26.112 [JavaFX Application Thread] DEBUG FileSystemAccess     - Writing to: C:\Users\russl\IdeaProjects\cloudHopper\system\fxgl.bundle
13:03:26.114 [JavaFX Application Thread] DEBUG Async                - Shutting down background threads
13:03:26.114 [JavaFX Application Thread] DEBUG PrimaryStageWindow   - Closing main window
13:03:26.123 [JavaFX Application Thread] DEBUG Logger               - Closing Logger
