21:10:44.960 [main                     ] DEBUG Logger               - Configured Logger
21:10:44.965 [main                     ] DEBUG GameApplication      - Logging settings
Title: Cloud Hopper
Version: 0.1
Width: 1000
Height: 800
Fullscreen: false
Intro: false
Profiling: false
Single step:false
App Mode: DEVELOPER
Menu Key: ESCAPE
Stage Style: DECORATED
Scene Factory: class com.almasb.fxgl.app.scene.SceneFactory

21:10:45.488 [JavaFX Application Thread] DEBUG FXGLApplication      - Initializing FXGL
21:10:45.491 [JavaFX Application Thread] INFO  Engine               - FXGL-11.16 (25.05.2021 08.16) on WINDOWS (J:16 FX:16)
21:10:45.491 [JavaFX Application Thread] DEBUG Engine               - JRE Vendor Name: Oracle Corporation
21:10:45.491 [JavaFX Application Thread] DEBUG Engine               - Running on OS: Windows 10 version 10.0
21:10:45.491 [JavaFX Application Thread] DEBUG Engine               - Architecture: amd64
21:10:45.492 [JavaFX Application Thread] INFO  Engine               - Source code and latest versions at: https://github.com/AlmasB/FXGL
21:10:45.492 [JavaFX Application Thread] INFO  Engine               -              Join the FXGL chat at: https://gitter.im/AlmasB/FXGL
21:10:45.658 [JavaFX Application Thread] DEBUG PrimaryStageWindow   - Creating a JavaFX scene
21:10:45.716 [JavaFX Application Thread] DEBUG PrimaryStageWindow   - Target settings size: 1000.0 x 800.0
21:10:45.716 [JavaFX Application Thread] DEBUG PrimaryStageWindow   - Scaled scene size:    1000.0 x 800.0
21:10:45.716 [JavaFX Application Thread] DEBUG PrimaryStageWindow   - Scaled ratio: (1.0, 1.0)
21:10:45.717 [JavaFX Application Thread] DEBUG PrimaryStageWindow   - Set initial scene to FXGLStartupScene
21:10:45.728 [JavaFX Application Thread] DEBUG PrimaryStageWindow   - Opening main window
21:10:45.839 [JavaFX Application Thread] DEBUG PrimaryStageWindow   - Window border size: (16.0, 39.0)
21:10:45.839 [JavaFX Application Thread] DEBUG PrimaryStageWindow   - Scaled size: 1000.0 x 800.0
21:10:45.839 [JavaFX Application Thread] DEBUG PrimaryStageWindow   - Scaled ratio: (1.0, 1.0)
21:10:45.839 [JavaFX Application Thread] DEBUG PrimaryStageWindow   - Scene size: 1000.0 x 800.0
21:10:45.840 [JavaFX Application Thread] DEBUG PrimaryStageWindow   - Stage size: 1016.0 x 839.0
21:10:45.849 [FXGL Background Thread 1 ] DEBUG Engine               - Initializing environment variables
21:10:45.903 [FXGL Background Thread 1 ] DEBUG FXGLAssetLoaderServi - User app class for loading assets: class com.cloudHopper.PlatformerApp
21:10:45.903 [FXGL Background Thread 1 ] DEBUG GameApplicationServi - Applying CSS: fxgl_dark.css
21:10:45.904 [FXGL Background Thread 1 ] DEBUG FXGLAssetLoaderServi - Loading from file system: jar:file:/C:/Users/russl/.m2/repository/com/github/almasb/fxgl/11.16/fxgl-11.16.jar!/fxglassets/ui/css/fxgl_dark.css
21:10:45.959 [FXGL Background Thread 1 ] DEBUG GameApplicationServi - Initializing application scenes
21:10:46.006 [FXGL Background Thread 1 ] DEBUG GameWorld            - Game world initialized
21:10:46.087 [FXGL Background Thread 1 ] DEBUG PhysicsWorld         - Physics world initialized: appHeight=800, physics.ppm=50.0
21:10:46.087 [FXGL Background Thread 1 ] DEBUG PhysicsWorld         - Using strategy: BRUTE_FORCE
21:10:46.090 [FXGL Background Thread 1 ] DEBUG GameScene            - Game scene initialized: 1000x800
21:10:46.104 [FXGL Background Thread 1 ] DEBUG FXGL.DefaultMenu     - createMenuBodyGameMenu()
21:10:46.124 [FXGL Background Thread 1 ] DEBUG FXGL.DefaultMenu     - createOptionsMenu()
21:10:46.139 [FXGL Background Thread 1 ] DEBUG FXGLAssetLoaderServi - Loading from file system: jar:file:/C:/Users/russl/.m2/repository/com/github/almasb/fxgl/11.16/fxgl-11.16.jar!/fxglassets/textures/particles/smoke.png
21:10:46.269 [FXGL Background Thread 1 ] DEBUG FXGLAssetLoaderServi - Loading from file system: jar:file:/C:/Users/russl/.m2/repository/com/github/almasb/fxgl/11.16/fxgl-11.16.jar!/fxglassets/textures/particles/trace_horizontal.png
21:10:46.310 [FXGL Background Thread 1 ] DEBUG GameApplicationServi - Application scenes initialized
21:10:46.323 [FXGL Background Thread 1 ] DEBUG SystemBundleService  - Loading FXGL system data
21:10:46.327 [FXGL Background Thread 1 ] DEBUG FileSystemAccess     - Reading from: C:\Users\russl\IdeaProjects\cloudHopper\system\fxgl.bundle
21:10:46.334 [FXGL Background Thread 1 ] DEBUG SystemBundleService  - Bundle FXGL: {}
21:10:46.334 [FXGL Background Thread 1 ] DEBUG UpdaterService       - Checking for updates
21:10:46.340 [FXGL Background Thread 4 ] DEBUG FXGLApplication      - Loading fonts
21:10:46.340 [FXGL Background Thread 1 ] DEBUG FXGLApplication      - Loading default localization
21:10:46.341 [FXGL Background Thread 4 ] DEBUG FXGLAssetLoaderServi - Loading from file system: jar:file:/C:/Users/russl/.m2/repository/com/github/almasb/fxgl/11.16/fxgl-11.16.jar!/fxglassets/ui/fonts/VarelaRound-Regular.ttf
21:10:46.341 [FXGL Background Thread 1 ] DEBUG FXGLAssetLoaderServi - Loading from file system: jar:file:/C:/Users/russl/.m2/repository/com/github/almasb/fxgl/11.16/fxgl-11.16.jar!/fxglassets/languages/english.lang
21:10:46.363 [FXGL Background Thread 1 ] INFO  FXGLApplication      - FXGL initialization took: 0.514 sec
21:10:46.378 [JavaFX Application Thread] DEBUG Input                - Registered new binding: action0 - A
21:10:46.379 [JavaFX Application Thread] DEBUG Input                - Registered new binding: action1 - D
21:10:46.380 [JavaFX Application Thread] DEBUG Input                - Registered new binding: action2 - Space
21:10:46.381 [JavaFX Application Thread] DEBUG Input                - Registered new binding: action3 - W
21:10:46.381 [JavaFX Application Thread] DEBUG FXGLAssetLoaderServi - Loading from file system: jar:file:/C:/Users/russl/.m2/repository/com/github/almasb/fxgl/11.16/fxgl-11.16.jar!/fxglassets/textures/fxgl_icon.png
21:10:46.391 [FXGL Background Thread 4 ] DEBUG FXGLAssetLoaderServi - Loading from file system: jar:file:/C:/Users/russl/.m2/repository/com/github/almasb/fxgl/11.16/fxgl-11.16.jar!/fxglassets/ui/fonts/Abel-Regular.ttf
21:10:46.395 [FXGL Background Thread 4 ] DEBUG FXGLAssetLoaderServi - Loading from file system: jar:file:/C:/Users/russl/.m2/repository/com/github/almasb/fxgl/11.16/fxgl-11.16.jar!/fxglassets/ui/fonts/lucida_console.ttf
21:10:46.401 [FXGL Background Thread 4 ] DEBUG FXGLAssetLoaderServi - Loading from file system: jar:file:/C:/Users/russl/.m2/repository/com/github/almasb/fxgl/11.16/fxgl-11.16.jar!/fxglassets/ui/fonts/Courier-Prime.ttf
21:10:46.408 [JavaFX Application Thread] DEBUG FXGLAssetLoaderServi - Loading from file system: jar:file:/C:/Users/russl/.m2/repository/com/github/almasb/fxgl/11.16/fxgl-11.16.jar!/fxglassets/textures/fxgl_default_cursor.png
21:10:46.411 [JavaFX Application Thread] DEBUG Input                - Registered new binding: Screenshot - CTRL+8
21:10:46.412 [JavaFX Application Thread] DEBUG Input                - Registered new binding: System info dump - CTRL+9
21:10:46.412 [JavaFX Application Thread] DEBUG Input                - Registered new binding: Restart - CTRL+R
21:10:46.413 [JavaFX Application Thread] DEBUG Input                - Registered new binding: Toggle Debug Camera - CTRL+C
21:10:46.416 [JavaFX Application Thread] DEBUG LoopRunner           - Starting loop
21:10:46.416 [JavaFX Application Thread] DEBUG LoopRunner           - Initializing JavaFX AnimationTimerLoop
21:10:46.419 [JavaFX Application Thread] DEBUG GameApplicationServi - Starting new game
21:10:46.420 [JavaFX Application Thread] DEBUG Input                - Clearing active input actions
21:10:46.433 [JavaFX Application Thread] DEBUG GameApplicationServi - Removing overlay from FXGLStartupScene and adding to FXGLLoadingScene
21:10:46.434 [JavaFX Application Thread] DEBUG PrimaryStageWindow   - FXGLStartupScene -> FXGLLoadingScene
21:10:46.434 [JavaFX Application Thread] DEBUG GameApplicationServi - Clearing previous game
21:10:46.434 [JavaFX Application Thread] DEBUG GameScene            - Clearing game scene
21:10:46.434 [JavaFX Application Thread] DEBUG GameWorld            - Clearing game world
21:10:46.434 [JavaFX Application Thread] DEBUG PhysicsWorld         - Clearing physics world
21:10:46.436 [JavaFX Application Thread] DEBUG FXGLApplication      - Registering font factories with UI factory
21:10:46.436 [FXGL Background Thread 4 ] DEBUG FXGLApplication      - Initializing game
21:10:46.493 [FXGL Background Thread 4 ] WARN  TMXLevelLoader       - TiledMap generated from 1.7.1. Supported version: 1.2.3. Some features may not be parsed fully.
21:10:46.541 [FXGL Background Thread 4 ] DEBUG TMXLevelLoader       - Parsed TiledMap: file:/C:/Users/russl/IdeaProjects/cloudHopper/target/classes/assets/levels/level1.tmx
21:10:46.543 [FXGL Background Thread 4 ] DEBUG TMXLevelLoader       - Creating tile layer entities
21:10:46.543 [FXGL Background Thread 4 ] DEBUG TilesetLoader        - Loading view for layer Tile Layer 1
21:10:46.596 [FXGL Background Thread 4 ] DEBUG TilesetLoader        - Created buffer with size 20480.0x1280.0
21:10:46.699 [FXGL Background Thread 4 ] DEBUG TMXLevelLoader       - Creating object layer entities
21:10:46.723 [FXGL Background Thread 4 ] DEBUG FXGLAssetLoaderServi - Loading from file system: file:/C:/Users/russl/IdeaProjects/cloudHopper/target/classes/assets/textures/crate.png
21:10:46.737 [FXGL Background Thread 4 ] DEBUG FXGLAssetLoaderServi - Loading from file system: file:/C:/Users/russl/IdeaProjects/cloudHopper/target/classes/assets/textures/StoneBlock.png
21:10:46.745 [FXGL Background Thread 4 ] DEBUG FXGLAssetLoaderServi - Loading from file system: file:/C:/Users/russl/IdeaProjects/cloudHopper/target/classes/assets/textures/characters_packed.png
21:10:46.778 [FXGL Background Thread 4 ] DEBUG FXGLAssetLoaderServi - Loading from file system: file:/C:/Users/russl/IdeaProjects/cloudHopper/target/classes/assets/textures/keyAnimation.png
21:10:46.802 [FXGL Background Thread 4 ] DEBUG GameWorld            - Clearing removable entities
21:10:46.803 [FXGL Background Thread 4 ] DEBUG GameWorld            - Setting level: com.almasb.fxgl.entity.level.Level@5c50e59
21:10:46.829 [FXGL Background Thread 4 ] DEBUG FXGLAssetLoaderServi - Loading from file system: file:/C:/Users/russl/IdeaProjects/cloudHopper/target/classes/assets/textures/player_idle.png
21:10:46.831 [FXGL Background Thread 4 ] DEBUG FXGLAssetLoaderServi - Loading from file system: file:/C:/Users/russl/IdeaProjects/cloudHopper/target/classes/assets/textures/player_walking.png
21:10:46.834 [FXGL Background Thread 4 ] DEBUG FXGLAssetLoaderServi - Loading from file system: file:/C:/Users/russl/IdeaProjects/cloudHopper/target/classes/assets/textures/z-7.png
21:10:46.883 [FXGL Background Thread 4 ] WARN  GameWorld            - Entity is already attached to world
21:10:46.884 [FXGL Background Thread 4 ] DEBUG FXGLAssetLoaderServi - Loading from file system: file:/C:/Users/russl/IdeaProjects/cloudHopper/target/classes/assets/textures/z-5.png
21:10:46.926 [FXGL Background Thread 4 ] WARN  GameWorld            - Entity is already attached to world
21:10:46.927 [FXGL Background Thread 4 ] DEBUG FXGLAssetLoaderServi - Loading from file system: file:/C:/Users/russl/IdeaProjects/cloudHopper/target/classes/assets/textures/z-4.png
21:10:46.954 [FXGL Background Thread 2 ] INFO  UpdaterService       - Your current version:  11.16
21:10:46.955 [FXGL Background Thread 2 ] INFO  UpdaterService       - Latest stable version: 11.17
21:10:46.974 [FXGL Background Thread 4 ] WARN  GameWorld            - Entity is already attached to world
21:10:46.975 [FXGL Background Thread 4 ] DEBUG FXGLAssetLoaderServi - Loading from file system: file:/C:/Users/russl/IdeaProjects/cloudHopper/target/classes/assets/textures/z-3.png
21:10:47.021 [FXGL Background Thread 4 ] WARN  GameWorld            - Entity is already attached to world
21:10:47.022 [FXGL Background Thread 4 ] DEBUG FXGLAssetLoaderServi - Loading from file system: file:/C:/Users/russl/IdeaProjects/cloudHopper/target/classes/assets/textures/z-1.png
21:10:47.066 [FXGL Background Thread 4 ] WARN  GameWorld            - Entity is already attached to world
21:10:47.074 [FXGL Background Thread 4 ] INFO  FXGLApplication      - Game initialization took: 0.637 sec
21:10:47.076 [JavaFX Application Thread] DEBUG Input                - Clearing active input actions
21:10:47.088 [JavaFX Application Thread] DEBUG GameApplicationServi - Removing overlay from FXGLLoadingScene and adding to GameScene
21:10:47.088 [JavaFX Application Thread] DEBUG PrimaryStageWindow   - FXGLLoadingScene -> GameScene
21:10:49.339 [FXGL Background Thread 3 ] DEBUG Engine               - Logging environment variables
21:10:49.339 [FXGL Background Thread 3 ] DEBUG Engine               - achievements: []
21:10:49.340 [FXGL Background Thread 3 ] DEBUG Engine               - actualHeight: 800.0
21:10:49.340 [FXGL Background Thread 3 ] DEBUG Engine               - actualHeightProperty: ReadOnlyDoubleProperty [value: 800.0]
21:10:49.340 [FXGL Background Thread 3 ] DEBUG Engine               - actualWidth: 1000.0
21:10:49.340 [FXGL Background Thread 3 ] DEBUG Engine               - actualWidthProperty: ReadOnlyDoubleProperty [value: 1000.0]
21:10:49.340 [FXGL Background Thread 3 ] DEBUG Engine               - appIcon: fxgl_icon.png
21:10:49.340 [FXGL Background Thread 3 ] DEBUG Engine               - applicationMode: DEVELOPER
21:10:49.340 [FXGL Background Thread 3 ] DEBUG Engine               - cSSList: [fxgl_dark.css]
21:10:49.340 [FXGL Background Thread 3 ] DEBUG Engine               - collisionDetectionStrategy: BRUTE_FORCE
21:10:49.340 [FXGL Background Thread 3 ] DEBUG Engine               - configClass: Optional.empty
21:10:49.340 [FXGL Background Thread 3 ] DEBUG Engine               - credits: []
21:10:49.341 [FXGL Background Thread 3 ] DEBUG Engine               - defaultCursor: CursorInfo(imageName=fxgl_default_cursor.png, hotspotX=7.0, hotspotY=6.0)
21:10:49.341 [FXGL Background Thread 3 ] DEBUG Engine               - devBBoxColorProperty: ObjectProperty [value: 0xff0000ff]
21:10:49.341 [FXGL Background Thread 3 ] DEBUG Engine               - devEnableDebugCameraProperty: BooleanProperty [value: false]
21:10:49.341 [FXGL Background Thread 3 ] DEBUG Engine               - devSensorColorProperty: ObjectProperty [value: 0xffff00ff]
21:10:49.342 [FXGL Background Thread 3 ] DEBUG Engine               - devShowBBoxProperty: BooleanProperty [value: false]
21:10:49.342 [FXGL Background Thread 3 ] DEBUG Engine               - devShowPositionProperty: BooleanProperty [value: false]
21:10:49.342 [FXGL Background Thread 3 ] DEBUG Engine               - enabledMenuItems: []
21:10:49.342 [FXGL Background Thread 3 ] DEBUG Engine               - engineServices: [class com.almasb.fxgl.app.services.FXGLAssetLoaderService, class com.almasb.fxgl.app.FXGLApplication$GameApplicationService, class com.almasb.fxgl.app.services.FXGLDialogService, class com.almasb.fxgl.app.services.IOTaskExecutorService, class com.almasb.fxgl.io.FileSystemService, class com.almasb.fxgl.localization.LocalizationService, class com.almasb.fxgl.app.services.SystemBundleService, class com.almasb.fxgl.profile.SaveLoadService, class com.almasb.fxgl.ui.FXGLUIFactoryServiceProvider, class com.almasb.fxgl.ui.FXGLDialogFactoryServiceProvider, class com.almasb.fxgl.audio.AudioPlayer, class com.almasb.fxgl.notification.impl.NotificationServiceProvider, class com.almasb.fxgl.achievement.AchievementService, class com.almasb.fxgl.cutscene.CutsceneService, class com.almasb.fxgl.minigames.MiniGameService, class com.almasb.fxgl.net.NetService, class com.almasb.fxgl.app.services.UpdaterService, class com.almasb.fxgl.dev.DevService]
21:10:49.342 [FXGL Background Thread 3 ] DEBUG Engine               - fontGame: Abel-Regular.ttf
21:10:49.342 [FXGL Background Thread 3 ] DEBUG Engine               - fontMono: lucida_console.ttf
21:10:49.342 [FXGL Background Thread 3 ] DEBUG Engine               - fontText: Courier-Prime.ttf
21:10:49.342 [FXGL Background Thread 3 ] DEBUG Engine               - fontUI: VarelaRound-Regular.ttf
21:10:49.342 [FXGL Background Thread 3 ] DEBUG Engine               - fullScreen: BooleanProperty [value: false]
21:10:49.342 [FXGL Background Thread 3 ] DEBUG Engine               - gameDifficulty: MEDIUM
21:10:49.342 [FXGL Background Thread 3 ] DEBUG Engine               - gameDifficultyProperty: ObjectProperty [value: MEDIUM]
21:10:49.343 [FXGL Background Thread 3 ] DEBUG Engine               - globalMusicVolume: 0.5
21:10:49.343 [FXGL Background Thread 3 ] DEBUG Engine               - globalMusicVolumeProperty: DoubleProperty [value: 0.5]
21:10:49.343 [FXGL Background Thread 3 ] DEBUG Engine               - globalSoundVolume: 0.5
21:10:49.343 [FXGL Background Thread 3 ] DEBUG Engine               - globalSoundVolumeProperty: DoubleProperty [value: 0.5]
21:10:49.343 [FXGL Background Thread 3 ] DEBUG Engine               - height: 800
21:10:49.343 [FXGL Background Thread 3 ] DEBUG Engine               - is3D: false
21:10:49.343 [FXGL Background Thread 3 ] DEBUG Engine               - isAndroid: false
21:10:49.343 [FXGL Background Thread 3 ] DEBUG Engine               - isBrowser: false
21:10:49.343 [FXGL Background Thread 3 ] DEBUG Engine               - isClickFeedbackEnabled: false
21:10:49.344 [FXGL Background Thread 3 ] DEBUG Engine               - isCloseConfirmation: false
21:10:49.344 [FXGL Background Thread 3 ] DEBUG Engine               - isDesktop: true
21:10:49.344 [FXGL Background Thread 3 ] DEBUG Engine               - isDeveloperMenuEnabled: false
21:10:49.344 [FXGL Background Thread 3 ] DEBUG Engine               - isEntityPreloadEnabled: true
21:10:49.344 [FXGL Background Thread 3 ] DEBUG Engine               - isExperimentalTiledLargeMap: false
21:10:49.344 [FXGL Background Thread 3 ] DEBUG Engine               - isFileSystemWriteAllowed: true
21:10:49.344 [FXGL Background Thread 3 ] DEBUG Engine               - isFullScreenAllowed: false
21:10:49.344 [FXGL Background Thread 3 ] DEBUG Engine               - isFullScreenFromStart: false
21:10:49.344 [FXGL Background Thread 3 ] DEBUG Engine               - isGameMenuEnabled: true
21:10:49.344 [FXGL Background Thread 3 ] DEBUG Engine               - isIOS: false
21:10:49.344 [FXGL Background Thread 3 ] DEBUG Engine               - isIntroEnabled: false
21:10:49.345 [FXGL Background Thread 3 ] DEBUG Engine               - isLinux: false
21:10:49.345 [FXGL Background Thread 3 ] DEBUG Engine               - isMac: false
21:10:49.345 [FXGL Background Thread 3 ] DEBUG Engine               - isMainMenuEnabled: false
21:10:49.345 [FXGL Background Thread 3 ] DEBUG Engine               - isManualResizeEnabled: false
21:10:49.345 [FXGL Background Thread 3 ] DEBUG Engine               - isMobile: false
21:10:49.345 [FXGL Background Thread 3 ] DEBUG Engine               - isNative: false
21:10:49.345 [FXGL Background Thread 3 ] DEBUG Engine               - isPreserveResizeRatio: false
21:10:49.345 [FXGL Background Thread 3 ] DEBUG Engine               - isProfilingEnabled: false
21:10:49.345 [FXGL Background Thread 3 ] DEBUG Engine               - isScaleAffectedOnResize: true
21:10:49.345 [FXGL Background Thread 3 ] DEBUG Engine               - isSingleStep: false
21:10:49.345 [FXGL Background Thread 3 ] DEBUG Engine               - isUserProfileEnabled: false
21:10:49.345 [FXGL Background Thread 3 ] DEBUG Engine               - isWindows: true
21:10:49.345 [FXGL Background Thread 3 ] DEBUG Engine               - language: ObjectProperty [value: ENGLISH]
21:10:49.345 [FXGL Background Thread 3 ] DEBUG Engine               - menuKey: ESCAPE
21:10:49.346 [FXGL Background Thread 3 ] DEBUG Engine               - mouseSensitivity: 0.2
21:10:49.346 [FXGL Background Thread 3 ] DEBUG Engine               - notificationViewClass: class com.almasb.fxgl.notification.view.XboxNotificationView
21:10:49.346 [FXGL Background Thread 3 ] DEBUG Engine               - pixelsPerMeter: 50.0
21:10:49.346 [FXGL Background Thread 3 ] DEBUG Engine               - platform: WINDOWS
21:10:49.346 [FXGL Background Thread 3 ] DEBUG Engine               - prefHeightProperty: ReadOnlyDoubleProperty [value: 800.0]
21:10:49.346 [FXGL Background Thread 3 ] DEBUG Engine               - prefWidthProperty: ReadOnlyDoubleProperty [value: 1000.0]
21:10:49.346 [FXGL Background Thread 3 ] DEBUG Engine               - profileDir: profiles/
21:10:49.346 [FXGL Background Thread 3 ] DEBUG Engine               - profileName: StringProperty [value: DEFAULT]
21:10:49.346 [FXGL Background Thread 3 ] DEBUG Engine               - randomSeed: -1
21:10:49.347 [FXGL Background Thread 3 ] DEBUG Engine               - runtimeInfo: RuntimeInfo(platform=WINDOWS, version=11.16, build=25.05.2021 08.16)
21:10:49.347 [FXGL Background Thread 3 ] DEBUG Engine               - saveFileExt: sav
21:10:49.347 [FXGL Background Thread 3 ] DEBUG Engine               - scaledHeightProp$fxgl: DoubleProperty [bound, value: 800.0]
21:10:49.347 [FXGL Background Thread 3 ] DEBUG Engine               - scaledWidthProp$fxgl: DoubleProperty [bound, value: 1000.0]
21:10:49.347 [FXGL Background Thread 3 ] DEBUG Engine               - sceneFactory: com.almasb.fxgl.app.scene.SceneFactory@250019fa
21:10:49.347 [FXGL Background Thread 3 ] DEBUG Engine               - secondsIn24h: 60
21:10:49.347 [FXGL Background Thread 3 ] DEBUG Engine               - soundMenuBack: menu/back.wav
21:10:49.347 [FXGL Background Thread 3 ] DEBUG Engine               - soundMenuPress: menu/press.wav
21:10:49.347 [FXGL Background Thread 3 ] DEBUG Engine               - soundMenuSelect: menu/select.wav
21:10:49.347 [FXGL Background Thread 3 ] DEBUG Engine               - soundNotification: core/notification.wav
21:10:49.348 [FXGL Background Thread 3 ] DEBUG Engine               - stageStyle: DECORATED
21:10:49.348 [FXGL Background Thread 3 ] DEBUG Engine               - supportedLanguages: [ENGLISH, FRENCH, GERMAN, HUNGARIAN, RUSSIAN]
21:10:49.348 [FXGL Background Thread 3 ] DEBUG Engine               - ticksPerSecond: -1
21:10:49.348 [FXGL Background Thread 3 ] DEBUG Engine               - title: Cloud Hopper
21:10:49.348 [FXGL Background Thread 3 ] DEBUG Engine               - urlGithub: https://github.com/AlmasB/FXGL
21:10:49.348 [FXGL Background Thread 3 ] DEBUG Engine               - urlLeaderboard: http://fxgl-top.herokuapp.com/
21:10:49.348 [FXGL Background Thread 3 ] DEBUG Engine               - urlPOM: https://raw.githubusercontent.com/AlmasB/FXGL/release/README.md
21:10:49.348 [FXGL Background Thread 3 ] DEBUG Engine               - userAppClass: class com.cloudHopper.PlatformerApp
21:10:49.348 [FXGL Background Thread 3 ] DEBUG Engine               - version: 0.1
21:10:49.348 [FXGL Background Thread 3 ] DEBUG Engine               - versionCheckDays: 7
21:10:49.348 [FXGL Background Thread 3 ] DEBUG Engine               - width: 1000
21:10:49.348 [FXGL Background Thread 3 ] DEBUG Engine               - Logging services
21:10:49.348 [FXGL Background Thread 3 ] DEBUG Engine               - class com.almasb.fxgl.app.services.FXGLAssetLoaderService
21:10:49.349 [FXGL Background Thread 3 ] DEBUG Engine               - class com.almasb.fxgl.app.FXGLApplication$GameApplicationService
21:10:49.349 [FXGL Background Thread 3 ] DEBUG Engine               - class com.almasb.fxgl.app.services.FXGLDialogService
21:10:49.349 [FXGL Background Thread 3 ] DEBUG Engine               - class com.almasb.fxgl.app.services.IOTaskExecutorService
21:10:49.349 [FXGL Background Thread 3 ] DEBUG Engine               - class com.almasb.fxgl.io.FileSystemService
21:10:49.349 [FXGL Background Thread 3 ] DEBUG Engine               - class com.almasb.fxgl.localization.LocalizationService
21:10:49.349 [FXGL Background Thread 3 ] DEBUG Engine               - class com.almasb.fxgl.app.services.SystemBundleService
21:10:49.349 [FXGL Background Thread 3 ] DEBUG Engine               - class com.almasb.fxgl.profile.SaveLoadService
21:10:49.349 [FXGL Background Thread 3 ] DEBUG Engine               - class com.almasb.fxgl.ui.FXGLUIFactoryServiceProvider
21:10:49.349 [FXGL Background Thread 3 ] DEBUG Engine               - class com.almasb.fxgl.ui.FXGLDialogFactoryServiceProvider
21:10:49.349 [FXGL Background Thread 3 ] DEBUG Engine               - class com.almasb.fxgl.audio.AudioPlayer
21:10:49.349 [FXGL Background Thread 3 ] DEBUG Engine               - class com.almasb.fxgl.notification.impl.NotificationServiceProvider
21:10:49.350 [FXGL Background Thread 3 ] DEBUG Engine               - class com.almasb.fxgl.achievement.AchievementService
21:10:49.350 [FXGL Background Thread 3 ] DEBUG Engine               - class com.almasb.fxgl.cutscene.CutsceneService
21:10:49.350 [FXGL Background Thread 3 ] DEBUG Engine               - class com.almasb.fxgl.minigames.MiniGameService
21:10:49.350 [FXGL Background Thread 3 ] DEBUG Engine               - class com.almasb.fxgl.net.NetService
21:10:49.350 [FXGL Background Thread 3 ] DEBUG Engine               - class com.almasb.fxgl.app.services.UpdaterService
21:10:49.350 [FXGL Background Thread 3 ] DEBUG Engine               - class com.almasb.fxgl.dev.DevService
21:10:55.449 [JavaFX Application Thread] DEBUG FXGLApplication      - Exiting FXGL
21:10:55.449 [JavaFX Application Thread] DEBUG LoopRunner           - Stopping loop
21:10:55.449 [JavaFX Application Thread] DEBUG SystemBundleService  - Saving FXGL system data
21:10:55.451 [JavaFX Application Thread] DEBUG FileSystemAccess     - Writing to: C:\Users\russl\IdeaProjects\cloudHopper\system\fxgl.bundle
21:10:55.453 [JavaFX Application Thread] DEBUG Async                - Shutting down background threads
21:10:55.453 [JavaFX Application Thread] DEBUG PrimaryStageWindow   - Closing main window
21:10:55.464 [JavaFX Application Thread] DEBUG Logger               - Closing Logger
