06:37:45.206 [main                     ] DEBUG Logger               - Configured Logger
06:37:45.236 [main                     ] DEBUG GameApplication      - Logging settings
Title: Cloud Hopper
Version: 0.1
Width: 1000
Height: 800
Fullscreen: false
Intro: false
Profiling: false
Single step:false
App Mode: DEVELOPER
Menu Key: ESCAPE
Stage Style: DECORATED
Scene Factory: class com.almasb.fxgl.app.scene.SceneFactory

06:37:46.456 [JavaFX Application Thread] DEBUG FXGLApplication      - Initializing FXGL
06:37:46.459 [JavaFX Application Thread] INFO  Engine               - FXGL-11.16 (25.05.2021 08.16) on WINDOWS (J:16 FX:16)
06:37:46.459 [JavaFX Application Thread] DEBUG Engine               - JRE Vendor Name: Oracle Corporation
06:37:46.459 [JavaFX Application Thread] DEBUG Engine               - Running on OS: Windows 10 version 10.0
06:37:46.459 [JavaFX Application Thread] DEBUG Engine               - Architecture: amd64
06:37:46.460 [JavaFX Application Thread] INFO  Engine               - Source code and latest versions at: https://github.com/AlmasB/FXGL
06:37:46.460 [JavaFX Application Thread] INFO  Engine               -              Join the FXGL chat at: https://gitter.im/AlmasB/FXGL
06:37:46.599 [JavaFX Application Thread] DEBUG PrimaryStageWindow   - Creating a JavaFX scene
06:37:46.656 [JavaFX Application Thread] DEBUG PrimaryStageWindow   - Target settings size: 1000.0 x 800.0
06:37:46.657 [JavaFX Application Thread] DEBUG PrimaryStageWindow   - Scaled scene size:    1000.0 x 800.0
06:37:46.657 [JavaFX Application Thread] DEBUG PrimaryStageWindow   - Scaled ratio: (1.0, 1.0)
06:37:46.659 [JavaFX Application Thread] DEBUG PrimaryStageWindow   - Set initial scene to FXGLStartupScene
06:37:46.676 [JavaFX Application Thread] DEBUG PrimaryStageWindow   - Opening main window
06:37:46.791 [JavaFX Application Thread] DEBUG PrimaryStageWindow   - Window border size: (16.0, 39.0)
06:37:46.792 [JavaFX Application Thread] DEBUG PrimaryStageWindow   - Scaled size: 1000.0 x 800.0
06:37:46.792 [JavaFX Application Thread] DEBUG PrimaryStageWindow   - Scaled ratio: (1.0, 1.0)
06:37:46.792 [JavaFX Application Thread] DEBUG PrimaryStageWindow   - Scene size: 1000.0 x 800.0
06:37:46.792 [JavaFX Application Thread] DEBUG PrimaryStageWindow   - Stage size: 1016.0 x 839.0
06:37:46.804 [FXGL Background Thread 1 ] DEBUG Engine               - Initializing environment variables
06:37:46.908 [FXGL Background Thread 1 ] DEBUG FXGLAssetLoaderServi - User app class for loading assets: class com.cloudHopper.PlatformerApp
06:37:46.909 [FXGL Background Thread 1 ] DEBUG GameApplicationServi - Applying CSS: fxgl_dark.css
06:37:46.909 [FXGL Background Thread 1 ] DEBUG FXGLAssetLoaderServi - Loading from file system: jar:file:/C:/Users/russl/.m2/repository/com/github/almasb/fxgl/11.16/fxgl-11.16.jar!/fxglassets/ui/css/fxgl_dark.css
06:37:46.954 [FXGL Background Thread 1 ] DEBUG GameApplicationServi - Initializing application scenes
06:37:47.000 [FXGL Background Thread 1 ] DEBUG GameWorld            - Game world initialized
06:37:47.073 [FXGL Background Thread 1 ] DEBUG PhysicsWorld         - Physics world initialized: appHeight=800, physics.ppm=50.0
06:37:47.074 [FXGL Background Thread 1 ] DEBUG PhysicsWorld         - Using strategy: BRUTE_FORCE
06:37:47.077 [FXGL Background Thread 1 ] DEBUG GameScene            - Game scene initialized: 1000x800
06:37:47.091 [FXGL Background Thread 1 ] DEBUG FXGL.DefaultMenu     - createMenuBodyGameMenu()
06:37:47.109 [FXGL Background Thread 1 ] DEBUG FXGL.DefaultMenu     - createOptionsMenu()
06:37:47.119 [FXGL Background Thread 1 ] DEBUG FXGLAssetLoaderServi - Loading from file system: jar:file:/C:/Users/russl/.m2/repository/com/github/almasb/fxgl/11.16/fxgl-11.16.jar!/fxglassets/textures/particles/smoke.png
06:37:47.325 [FXGL Background Thread 1 ] DEBUG FXGLAssetLoaderServi - Loading from file system: jar:file:/C:/Users/russl/.m2/repository/com/github/almasb/fxgl/11.16/fxgl-11.16.jar!/fxglassets/textures/particles/trace_horizontal.png
06:37:47.371 [FXGL Background Thread 1 ] DEBUG GameApplicationServi - Application scenes initialized
06:37:47.385 [FXGL Background Thread 1 ] DEBUG SystemBundleService  - Loading FXGL system data
06:37:47.424 [FXGL Background Thread 1 ] DEBUG FileSystemAccess     - Reading from: C:\Users\russl\IdeaProjects\cloudHopper\system\fxgl.bundle
06:37:47.437 [FXGL Background Thread 1 ] DEBUG SystemBundleService  - Bundle FXGL: {}
06:37:47.437 [FXGL Background Thread 1 ] DEBUG UpdaterService       - Checking for updates
06:37:47.441 [FXGL Background Thread 4 ] DEBUG FXGLApplication      - Loading fonts
06:37:47.442 [FXGL Background Thread 1 ] DEBUG FXGLApplication      - Loading default localization
06:37:47.442 [FXGL Background Thread 4 ] DEBUG FXGLAssetLoaderServi - Loading from file system: jar:file:/C:/Users/russl/.m2/repository/com/github/almasb/fxgl/11.16/fxgl-11.16.jar!/fxglassets/ui/fonts/VarelaRound-Regular.ttf
06:37:47.450 [FXGL Background Thread 1 ] DEBUG FXGLAssetLoaderServi - Loading from file system: jar:file:/C:/Users/russl/.m2/repository/com/github/almasb/fxgl/11.16/fxgl-11.16.jar!/fxglassets/languages/english.lang
06:37:47.468 [FXGL Background Thread 1 ] INFO  FXGLApplication      - FXGL initialization took: 0.664 sec
06:37:47.479 [JavaFX Application Thread] DEBUG Input                - Registered new binding: action0 - A
06:37:47.480 [JavaFX Application Thread] DEBUG Input                - Registered new binding: action1 - D
06:37:47.481 [JavaFX Application Thread] DEBUG Input                - Registered new binding: action2 - Space
06:37:47.482 [JavaFX Application Thread] DEBUG Input                - Registered new binding: action3 - W
06:37:47.483 [JavaFX Application Thread] DEBUG FXGLAssetLoaderServi - Loading from file system: jar:file:/C:/Users/russl/.m2/repository/com/github/almasb/fxgl/11.16/fxgl-11.16.jar!/fxglassets/textures/fxgl_icon.png
06:37:47.513 [JavaFX Application Thread] DEBUG FXGLAssetLoaderServi - Loading from file system: jar:file:/C:/Users/russl/.m2/repository/com/github/almasb/fxgl/11.16/fxgl-11.16.jar!/fxglassets/textures/fxgl_default_cursor.png
06:37:47.516 [JavaFX Application Thread] DEBUG Input                - Registered new binding: Screenshot - CTRL+8
06:37:47.517 [JavaFX Application Thread] DEBUG Input                - Registered new binding: System info dump - CTRL+9
06:37:47.518 [JavaFX Application Thread] DEBUG Input                - Registered new binding: Restart - CTRL+R
06:37:47.518 [JavaFX Application Thread] DEBUG Input                - Registered new binding: Toggle Debug Camera - CTRL+C
06:37:47.521 [JavaFX Application Thread] DEBUG LoopRunner           - Starting loop
06:37:47.521 [JavaFX Application Thread] DEBUG LoopRunner           - Initializing JavaFX AnimationTimerLoop
06:37:47.523 [JavaFX Application Thread] DEBUG GameApplicationServi - Starting new game
06:37:47.523 [JavaFX Application Thread] DEBUG Input                - Clearing active input actions
06:37:47.538 [JavaFX Application Thread] DEBUG GameApplicationServi - Removing overlay from FXGLStartupScene and adding to FXGLLoadingScene
06:37:47.539 [JavaFX Application Thread] DEBUG PrimaryStageWindow   - FXGLStartupScene -> FXGLLoadingScene
06:37:47.539 [JavaFX Application Thread] DEBUG GameApplicationServi - Clearing previous game
06:37:47.539 [JavaFX Application Thread] DEBUG GameScene            - Clearing game scene
06:37:47.539 [JavaFX Application Thread] DEBUG GameWorld            - Clearing game world
06:37:47.540 [JavaFX Application Thread] DEBUG PhysicsWorld         - Clearing physics world
06:37:47.541 [FXGL Background Thread 1 ] DEBUG FXGLApplication      - Initializing game
06:37:47.544 [FXGL Background Thread 4 ] DEBUG FXGLAssetLoaderServi - Loading from file system: jar:file:/C:/Users/russl/.m2/repository/com/github/almasb/fxgl/11.16/fxgl-11.16.jar!/fxglassets/ui/fonts/Abel-Regular.ttf
06:37:47.547 [FXGL Background Thread 4 ] DEBUG FXGLAssetLoaderServi - Loading from file system: jar:file:/C:/Users/russl/.m2/repository/com/github/almasb/fxgl/11.16/fxgl-11.16.jar!/fxglassets/ui/fonts/lucida_console.ttf
06:37:47.552 [FXGL Background Thread 4 ] DEBUG FXGLAssetLoaderServi - Loading from file system: jar:file:/C:/Users/russl/.m2/repository/com/github/almasb/fxgl/11.16/fxgl-11.16.jar!/fxglassets/ui/fonts/Courier-Prime.ttf
06:37:47.583 [JavaFX Application Thread] DEBUG FXGLApplication      - Registering font factories with UI factory
06:37:47.716 [FXGL Background Thread 1 ] WARN  TMXLevelLoader       - TiledMap generated from 1.7.1. Supported version: 1.2.3. Some features may not be parsed fully.
06:37:47.766 [FXGL Background Thread 1 ] DEBUG TMXLevelLoader       - Parsed TiledMap: file:/C:/Users/russl/IdeaProjects/cloudHopper/target/classes/assets/levels/level1.tmx
06:37:47.768 [FXGL Background Thread 1 ] DEBUG TMXLevelLoader       - Creating tile layer entities
06:37:47.769 [FXGL Background Thread 1 ] DEBUG TilesetLoader        - Loading view for layer Tile Layer 1
06:37:47.815 [FXGL Background Thread 1 ] DEBUG TilesetLoader        - Created buffer with size 20480.0x1280.0
06:37:47.886 [FXGL Background Thread 1 ] DEBUG TMXLevelLoader       - Creating object layer entities
06:37:47.944 [FXGL Background Thread 1 ] DEBUG FXGLAssetLoaderServi - Loading from file system: file:/C:/Users/russl/IdeaProjects/cloudHopper/target/classes/assets/textures/crate.png
06:37:47.974 [FXGL Background Thread 1 ] DEBUG FXGLAssetLoaderServi - Loading from file system: file:/C:/Users/russl/IdeaProjects/cloudHopper/target/classes/assets/textures/StoneBlock.png
06:37:47.983 [FXGL Background Thread 1 ] DEBUG FXGLAssetLoaderServi - Loading from file system: file:/C:/Users/russl/IdeaProjects/cloudHopper/target/classes/assets/textures/characters_packed.png
06:37:48.009 [FXGL Background Thread 1 ] DEBUG FXGLAssetLoaderServi - Loading from file system: file:/C:/Users/russl/IdeaProjects/cloudHopper/target/classes/assets/textures/keyAnimation.png
06:37:48.032 [FXGL Background Thread 1 ] DEBUG GameWorld            - Clearing removable entities
06:37:48.032 [FXGL Background Thread 1 ] DEBUG GameWorld            - Setting level: com.almasb.fxgl.entity.level.Level@2b6c06c0
06:37:48.060 [FXGL Background Thread 1 ] DEBUG FXGLAssetLoaderServi - Loading from file system: file:/C:/Users/russl/IdeaProjects/cloudHopper/target/classes/assets/textures/single.png
06:37:48.063 [FXGL Background Thread 1 ] DEBUG FXGLAssetLoaderServi - Loading from file system: file:/C:/Users/russl/IdeaProjects/cloudHopper/target/classes/assets/textures/singlePushing.png
06:37:48.070 [FXGL Background Thread 1 ] DEBUG FXGLAssetLoaderServi - Loading from file system: file:/C:/Users/russl/IdeaProjects/cloudHopper/target/classes/assets/textures/z-2.png
06:37:48.127 [FXGL Background Thread 1 ] WARN  GameWorld            - Entity is already attached to world
06:37:48.127 [FXGL Background Thread 1 ] DEBUG FXGLAssetLoaderServi - Loading from file system: file:/C:/Users/russl/IdeaProjects/cloudHopper/target/classes/assets/textures/z-1.png
06:37:48.178 [FXGL Background Thread 1 ] WARN  GameWorld            - Entity is already attached to world
06:37:48.186 [FXGL Background Thread 1 ] INFO  FXGLApplication      - Game initialization took: 0.645 sec
06:37:48.197 [JavaFX Application Thread] DEBUG Input                - Clearing active input actions
06:37:48.209 [JavaFX Application Thread] DEBUG GameApplicationServi - Removing overlay from FXGLLoadingScene and adding to GameScene
06:37:48.210 [JavaFX Application Thread] DEBUG PrimaryStageWindow   - FXGLLoadingScene -> GameScene
06:37:49.008 [FXGL Background Thread 2 ] INFO  UpdaterService       - Your current version:  11.16
06:37:49.008 [FXGL Background Thread 2 ] INFO  UpdaterService       - Latest stable version: 11.17
06:37:50.450 [FXGL Background Thread 3 ] DEBUG Engine               - Logging environment variables
06:37:50.450 [FXGL Background Thread 3 ] DEBUG Engine               - achievements: []
06:37:50.450 [FXGL Background Thread 3 ] DEBUG Engine               - actualHeight: 800.0
06:37:50.450 [FXGL Background Thread 3 ] DEBUG Engine               - actualHeightProperty: ReadOnlyDoubleProperty [value: 800.0]
06:37:50.451 [FXGL Background Thread 3 ] DEBUG Engine               - actualWidth: 1000.0
06:37:50.451 [FXGL Background Thread 3 ] DEBUG Engine               - actualWidthProperty: ReadOnlyDoubleProperty [value: 1000.0]
06:37:50.451 [FXGL Background Thread 3 ] DEBUG Engine               - appIcon: fxgl_icon.png
06:37:50.451 [FXGL Background Thread 3 ] DEBUG Engine               - applicationMode: DEVELOPER
06:37:50.451 [FXGL Background Thread 3 ] DEBUG Engine               - cSSList: [fxgl_dark.css]
06:37:50.451 [FXGL Background Thread 3 ] DEBUG Engine               - collisionDetectionStrategy: BRUTE_FORCE
06:37:50.451 [FXGL Background Thread 3 ] DEBUG Engine               - configClass: Optional.empty
06:37:50.451 [FXGL Background Thread 3 ] DEBUG Engine               - credits: []
06:37:50.452 [FXGL Background Thread 3 ] DEBUG Engine               - defaultCursor: CursorInfo(imageName=fxgl_default_cursor.png, hotspotX=7.0, hotspotY=6.0)
06:37:50.452 [FXGL Background Thread 3 ] DEBUG Engine               - devBBoxColorProperty: ObjectProperty [value: 0xff0000ff]
06:37:50.452 [FXGL Background Thread 3 ] DEBUG Engine               - devEnableDebugCameraProperty: BooleanProperty [value: false]
06:37:50.452 [FXGL Background Thread 3 ] DEBUG Engine               - devSensorColorProperty: ObjectProperty [value: 0xffff00ff]
06:37:50.452 [FXGL Background Thread 3 ] DEBUG Engine               - devShowBBoxProperty: BooleanProperty [value: false]
06:37:50.452 [FXGL Background Thread 3 ] DEBUG Engine               - devShowPositionProperty: BooleanProperty [value: false]
06:37:50.452 [FXGL Background Thread 3 ] DEBUG Engine               - enabledMenuItems: []
06:37:50.452 [FXGL Background Thread 3 ] DEBUG Engine               - engineServices: [class com.almasb.fxgl.app.services.FXGLAssetLoaderService, class com.almasb.fxgl.app.FXGLApplication$GameApplicationService, class com.almasb.fxgl.app.services.FXGLDialogService, class com.almasb.fxgl.app.services.IOTaskExecutorService, class com.almasb.fxgl.io.FileSystemService, class com.almasb.fxgl.localization.LocalizationService, class com.almasb.fxgl.app.services.SystemBundleService, class com.almasb.fxgl.profile.SaveLoadService, class com.almasb.fxgl.ui.FXGLUIFactoryServiceProvider, class com.almasb.fxgl.ui.FXGLDialogFactoryServiceProvider, class com.almasb.fxgl.audio.AudioPlayer, class com.almasb.fxgl.notification.impl.NotificationServiceProvider, class com.almasb.fxgl.achievement.AchievementService, class com.almasb.fxgl.cutscene.CutsceneService, class com.almasb.fxgl.minigames.MiniGameService, class com.almasb.fxgl.net.NetService, class com.almasb.fxgl.app.services.UpdaterService, class com.almasb.fxgl.dev.DevService]
06:37:50.452 [FXGL Background Thread 3 ] DEBUG Engine               - fontGame: Abel-Regular.ttf
06:37:50.453 [FXGL Background Thread 3 ] DEBUG Engine               - fontMono: lucida_console.ttf
06:37:50.453 [FXGL Background Thread 3 ] DEBUG Engine               - fontText: Courier-Prime.ttf
06:37:50.453 [FXGL Background Thread 3 ] DEBUG Engine               - fontUI: VarelaRound-Regular.ttf
06:37:50.453 [FXGL Background Thread 3 ] DEBUG Engine               - fullScreen: BooleanProperty [value: false]
06:37:50.453 [FXGL Background Thread 3 ] DEBUG Engine               - gameDifficulty: MEDIUM
06:37:50.453 [FXGL Background Thread 3 ] DEBUG Engine               - gameDifficultyProperty: ObjectProperty [value: MEDIUM]
06:37:50.453 [FXGL Background Thread 3 ] DEBUG Engine               - globalMusicVolume: 0.5
06:37:50.453 [FXGL Background Thread 3 ] DEBUG Engine               - globalMusicVolumeProperty: DoubleProperty [value: 0.5]
06:37:50.453 [FXGL Background Thread 3 ] DEBUG Engine               - globalSoundVolume: 0.5
06:37:50.453 [FXGL Background Thread 3 ] DEBUG Engine               - globalSoundVolumeProperty: DoubleProperty [value: 0.5]
06:37:50.454 [FXGL Background Thread 3 ] DEBUG Engine               - height: 800
06:37:50.454 [FXGL Background Thread 3 ] DEBUG Engine               - is3D: false
06:37:50.454 [FXGL Background Thread 3 ] DEBUG Engine               - isAndroid: false
06:37:50.454 [FXGL Background Thread 3 ] DEBUG Engine               - isBrowser: false
06:37:50.454 [FXGL Background Thread 3 ] DEBUG Engine               - isClickFeedbackEnabled: false
06:37:50.454 [FXGL Background Thread 3 ] DEBUG Engine               - isCloseConfirmation: false
06:37:50.454 [FXGL Background Thread 3 ] DEBUG Engine               - isDesktop: true
06:37:50.454 [FXGL Background Thread 3 ] DEBUG Engine               - isDeveloperMenuEnabled: false
06:37:50.454 [FXGL Background Thread 3 ] DEBUG Engine               - isEntityPreloadEnabled: true
06:37:50.455 [FXGL Background Thread 3 ] DEBUG Engine               - isExperimentalTiledLargeMap: false
06:37:50.455 [FXGL Background Thread 3 ] DEBUG Engine               - isFileSystemWriteAllowed: true
06:37:50.455 [FXGL Background Thread 3 ] DEBUG Engine               - isFullScreenAllowed: false
06:37:50.455 [FXGL Background Thread 3 ] DEBUG Engine               - isFullScreenFromStart: false
06:37:50.455 [FXGL Background Thread 3 ] DEBUG Engine               - isGameMenuEnabled: true
06:37:50.455 [FXGL Background Thread 3 ] DEBUG Engine               - isIOS: false
06:37:50.455 [FXGL Background Thread 3 ] DEBUG Engine               - isIntroEnabled: false
06:37:50.455 [FXGL Background Thread 3 ] DEBUG Engine               - isLinux: false
06:37:50.455 [FXGL Background Thread 3 ] DEBUG Engine               - isMac: false
06:37:50.455 [FXGL Background Thread 3 ] DEBUG Engine               - isMainMenuEnabled: false
06:37:50.455 [FXGL Background Thread 3 ] DEBUG Engine               - isManualResizeEnabled: false
06:37:50.455 [FXGL Background Thread 3 ] DEBUG Engine               - isMobile: false
06:37:50.455 [FXGL Background Thread 3 ] DEBUG Engine               - isNative: false
06:37:50.456 [FXGL Background Thread 3 ] DEBUG Engine               - isPreserveResizeRatio: false
06:37:50.456 [FXGL Background Thread 3 ] DEBUG Engine               - isProfilingEnabled: false
06:37:50.456 [FXGL Background Thread 3 ] DEBUG Engine               - isScaleAffectedOnResize: true
06:37:50.456 [FXGL Background Thread 3 ] DEBUG Engine               - isSingleStep: false
06:37:50.456 [FXGL Background Thread 3 ] DEBUG Engine               - isUserProfileEnabled: false
06:37:50.456 [FXGL Background Thread 3 ] DEBUG Engine               - isWindows: true
06:37:50.456 [FXGL Background Thread 3 ] DEBUG Engine               - language: ObjectProperty [value: ENGLISH]
06:37:50.456 [FXGL Background Thread 3 ] DEBUG Engine               - menuKey: ESCAPE
06:37:50.456 [FXGL Background Thread 3 ] DEBUG Engine               - mouseSensitivity: 0.2
06:37:50.456 [FXGL Background Thread 3 ] DEBUG Engine               - notificationViewClass: class com.almasb.fxgl.notification.view.XboxNotificationView
06:37:50.457 [FXGL Background Thread 3 ] DEBUG Engine               - pixelsPerMeter: 50.0
06:37:50.457 [FXGL Background Thread 3 ] DEBUG Engine               - platform: WINDOWS
06:37:50.457 [FXGL Background Thread 3 ] DEBUG Engine               - prefHeightProperty: ReadOnlyDoubleProperty [value: 800.0]
06:37:50.457 [FXGL Background Thread 3 ] DEBUG Engine               - prefWidthProperty: ReadOnlyDoubleProperty [value: 1000.0]
06:37:50.457 [FXGL Background Thread 3 ] DEBUG Engine               - profileDir: profiles/
06:37:50.457 [FXGL Background Thread 3 ] DEBUG Engine               - profileName: StringProperty [value: DEFAULT]
06:37:50.457 [FXGL Background Thread 3 ] DEBUG Engine               - randomSeed: -1
06:37:50.457 [FXGL Background Thread 3 ] DEBUG Engine               - runtimeInfo: RuntimeInfo(platform=WINDOWS, version=11.16, build=25.05.2021 08.16)
06:37:50.458 [FXGL Background Thread 3 ] DEBUG Engine               - saveFileExt: sav
06:37:50.458 [FXGL Background Thread 3 ] DEBUG Engine               - scaledHeightProp$fxgl: DoubleProperty [bound, value: 800.0]
06:37:50.458 [FXGL Background Thread 3 ] DEBUG Engine               - scaledWidthProp$fxgl: DoubleProperty [bound, value: 1000.0]
06:37:50.458 [FXGL Background Thread 3 ] DEBUG Engine               - sceneFactory: com.almasb.fxgl.app.scene.SceneFactory@132412b4
06:37:50.458 [FXGL Background Thread 3 ] DEBUG Engine               - secondsIn24h: 60
06:37:50.458 [FXGL Background Thread 3 ] DEBUG Engine               - soundMenuBack: menu/back.wav
06:37:50.458 [FXGL Background Thread 3 ] DEBUG Engine               - soundMenuPress: menu/press.wav
06:37:50.458 [FXGL Background Thread 3 ] DEBUG Engine               - soundMenuSelect: menu/select.wav
06:37:50.458 [FXGL Background Thread 3 ] DEBUG Engine               - soundNotification: core/notification.wav
06:37:50.458 [FXGL Background Thread 3 ] DEBUG Engine               - stageStyle: DECORATED
06:37:50.458 [FXGL Background Thread 3 ] DEBUG Engine               - supportedLanguages: [ENGLISH, FRENCH, GERMAN, HUNGARIAN, RUSSIAN]
06:37:50.458 [FXGL Background Thread 3 ] DEBUG Engine               - ticksPerSecond: -1
06:37:50.459 [FXGL Background Thread 3 ] DEBUG Engine               - title: Cloud Hopper
06:37:50.459 [FXGL Background Thread 3 ] DEBUG Engine               - urlGithub: https://github.com/AlmasB/FXGL
06:37:50.459 [FXGL Background Thread 3 ] DEBUG Engine               - urlLeaderboard: http://fxgl-top.herokuapp.com/
06:37:50.459 [FXGL Background Thread 3 ] DEBUG Engine               - urlPOM: https://raw.githubusercontent.com/AlmasB/FXGL/release/README.md
06:37:50.459 [FXGL Background Thread 3 ] DEBUG Engine               - userAppClass: class com.cloudHopper.PlatformerApp
06:37:50.459 [FXGL Background Thread 3 ] DEBUG Engine               - version: 0.1
06:37:50.459 [FXGL Background Thread 3 ] DEBUG Engine               - versionCheckDays: 7
06:37:50.459 [FXGL Background Thread 3 ] DEBUG Engine               - width: 1000
06:37:50.459 [FXGL Background Thread 3 ] DEBUG Engine               - Logging services
06:37:50.459 [FXGL Background Thread 3 ] DEBUG Engine               - class com.almasb.fxgl.app.services.FXGLAssetLoaderService
06:37:50.459 [FXGL Background Thread 3 ] DEBUG Engine               - class com.almasb.fxgl.app.FXGLApplication$GameApplicationService
06:37:50.460 [FXGL Background Thread 3 ] DEBUG Engine               - class com.almasb.fxgl.app.services.FXGLDialogService
06:37:50.460 [FXGL Background Thread 3 ] DEBUG Engine               - class com.almasb.fxgl.app.services.IOTaskExecutorService
06:37:50.460 [FXGL Background Thread 3 ] DEBUG Engine               - class com.almasb.fxgl.io.FileSystemService
06:37:50.460 [FXGL Background Thread 3 ] DEBUG Engine               - class com.almasb.fxgl.localization.LocalizationService
06:37:50.460 [FXGL Background Thread 3 ] DEBUG Engine               - class com.almasb.fxgl.app.services.SystemBundleService
06:37:50.460 [FXGL Background Thread 3 ] DEBUG Engine               - class com.almasb.fxgl.profile.SaveLoadService
06:37:50.460 [FXGL Background Thread 3 ] DEBUG Engine               - class com.almasb.fxgl.ui.FXGLUIFactoryServiceProvider
06:37:50.460 [FXGL Background Thread 3 ] DEBUG Engine               - class com.almasb.fxgl.ui.FXGLDialogFactoryServiceProvider
06:37:50.460 [FXGL Background Thread 3 ] DEBUG Engine               - class com.almasb.fxgl.audio.AudioPlayer
06:37:50.460 [FXGL Background Thread 3 ] DEBUG Engine               - class com.almasb.fxgl.notification.impl.NotificationServiceProvider
06:37:50.460 [FXGL Background Thread 3 ] DEBUG Engine               - class com.almasb.fxgl.achievement.AchievementService
06:37:50.461 [FXGL Background Thread 3 ] DEBUG Engine               - class com.almasb.fxgl.cutscene.CutsceneService
06:37:50.461 [FXGL Background Thread 3 ] DEBUG Engine               - class com.almasb.fxgl.minigames.MiniGameService
06:37:50.461 [FXGL Background Thread 3 ] DEBUG Engine               - class com.almasb.fxgl.net.NetService
06:37:50.461 [FXGL Background Thread 3 ] DEBUG Engine               - class com.almasb.fxgl.app.services.UpdaterService
06:37:50.461 [FXGL Background Thread 3 ] DEBUG Engine               - class com.almasb.fxgl.dev.DevService
06:38:05.041 [JavaFX Application Thread] DEBUG FXGLAssetLoaderServi - Loading from file system: file:/C:/Users/russl/IdeaProjects/cloudHopper/target/classes/assets/textures/key.png
06:38:12.506 [JavaFX Application Thread] DEBUG FXGLAssetLoaderServi - Loading from file system: file:/C:/Users/russl/IdeaProjects/cloudHopper/target/classes/assets/textures/floatingPlatform.png
06:39:01.095 [JavaFX Application Thread] DEBUG FXGLAssetLoaderServi - Loading from file system: file:/C:/Users/russl/IdeaProjects/cloudHopper/target/classes/assets/textures/stone.png
06:43:26.724 [JavaFX Application Thread] DEBUG FXGLApplication      - Exiting FXGL
06:43:26.724 [JavaFX Application Thread] DEBUG LoopRunner           - Stopping loop
06:43:26.724 [JavaFX Application Thread] DEBUG SystemBundleService  - Saving FXGL system data
06:43:26.739 [JavaFX Application Thread] DEBUG FileSystemAccess     - Writing to: C:\Users\russl\IdeaProjects\cloudHopper\system\fxgl.bundle
06:43:26.740 [JavaFX Application Thread] DEBUG Async                - Shutting down background threads
06:43:26.741 [JavaFX Application Thread] DEBUG PrimaryStageWindow   - Closing main window
06:43:26.750 [JavaFX Application Thread] DEBUG Logger               - Closing Logger
