13:39:48.595 [main                     ] DEBUG Logger               - Configured Logger
13:39:48.599 [main                     ] DEBUG GameApplication      - Logging settings
Title: Cloud Hopper
Version: 0.1
Width: 1000
Height: 800
Fullscreen: false
Intro: false
Profiling: false
Single step:false
App Mode: DEVELOPER
Menu Key: ESCAPE
Stage Style: DECORATED
Scene Factory: class com.almasb.fxgl.app.scene.SceneFactory

13:39:49.188 [JavaFX Application Thread] DEBUG FXGLApplication      - Initializing FXGL
13:39:49.191 [JavaFX Application Thread] INFO  Engine               - FXGL-11.16 (25.05.2021 08.16) on WINDOWS (J:16 FX:16)
13:39:49.191 [JavaFX Application Thread] DEBUG Engine               - JRE Vendor Name: Oracle Corporation
13:39:49.191 [JavaFX Application Thread] DEBUG Engine               - Running on OS: Windows 10 version 10.0
13:39:49.191 [JavaFX Application Thread] DEBUG Engine               - Architecture: amd64
13:39:49.191 [JavaFX Application Thread] INFO  Engine               - Source code and latest versions at: https://github.com/AlmasB/FXGL
13:39:49.192 [JavaFX Application Thread] INFO  Engine               -              Join the FXGL chat at: https://gitter.im/AlmasB/FXGL
13:39:49.370 [JavaFX Application Thread] DEBUG PrimaryStageWindow   - Creating a JavaFX scene
13:39:49.432 [JavaFX Application Thread] DEBUG PrimaryStageWindow   - Target settings size: 1000.0 x 800.0
13:39:49.432 [JavaFX Application Thread] DEBUG PrimaryStageWindow   - Scaled scene size:    1000.0 x 800.0
13:39:49.432 [JavaFX Application Thread] DEBUG PrimaryStageWindow   - Scaled ratio: (1.0, 1.0)
13:39:49.433 [JavaFX Application Thread] DEBUG PrimaryStageWindow   - Set initial scene to FXGLStartupScene
13:39:49.442 [JavaFX Application Thread] DEBUG PrimaryStageWindow   - Opening main window
13:39:49.551 [JavaFX Application Thread] DEBUG PrimaryStageWindow   - Window border size: (16.0, 39.0)
13:39:49.551 [JavaFX Application Thread] DEBUG PrimaryStageWindow   - Scaled size: 1000.0 x 800.0
13:39:49.551 [JavaFX Application Thread] DEBUG PrimaryStageWindow   - Scaled ratio: (1.0, 1.0)
13:39:49.552 [JavaFX Application Thread] DEBUG PrimaryStageWindow   - Scene size: 1000.0 x 800.0
13:39:49.552 [JavaFX Application Thread] DEBUG PrimaryStageWindow   - Stage size: 1016.0 x 839.0
13:39:49.560 [FXGL Background Thread 1 ] DEBUG Engine               - Initializing environment variables
13:39:49.610 [FXGL Background Thread 1 ] DEBUG FXGLAssetLoaderServi - User app class for loading assets: class com.cloudHopper.PlatformerApp
13:39:49.610 [FXGL Background Thread 1 ] DEBUG GameApplicationServi - Applying CSS: fxgl_dark.css
13:39:49.611 [FXGL Background Thread 1 ] DEBUG FXGLAssetLoaderServi - Loading from file system: jar:file:/C:/Users/russl/.m2/repository/com/github/almasb/fxgl/11.16/fxgl-11.16.jar!/fxglassets/ui/css/fxgl_dark.css
13:39:49.668 [FXGL Background Thread 1 ] DEBUG GameApplicationServi - Initializing application scenes
13:39:49.712 [FXGL Background Thread 1 ] DEBUG GameWorld            - Game world initialized
13:39:49.778 [FXGL Background Thread 1 ] DEBUG PhysicsWorld         - Physics world initialized: appHeight=800, physics.ppm=50.0
13:39:49.779 [FXGL Background Thread 1 ] DEBUG PhysicsWorld         - Using strategy: BRUTE_FORCE
13:39:49.782 [FXGL Background Thread 1 ] DEBUG GameScene            - Game scene initialized: 1000x800
13:39:49.797 [FXGL Background Thread 1 ] DEBUG FXGL.DefaultMenu     - createMenuBodyGameMenu()
13:39:49.816 [FXGL Background Thread 1 ] DEBUG FXGL.DefaultMenu     - createOptionsMenu()
13:39:49.829 [FXGL Background Thread 1 ] DEBUG FXGLAssetLoaderServi - Loading from file system: jar:file:/C:/Users/russl/.m2/repository/com/github/almasb/fxgl/11.16/fxgl-11.16.jar!/fxglassets/textures/particles/smoke.png
13:39:49.947 [FXGL Background Thread 1 ] DEBUG FXGLAssetLoaderServi - Loading from file system: jar:file:/C:/Users/russl/.m2/repository/com/github/almasb/fxgl/11.16/fxgl-11.16.jar!/fxglassets/textures/particles/trace_horizontal.png
13:39:49.988 [FXGL Background Thread 1 ] DEBUG GameApplicationServi - Application scenes initialized
13:39:49.999 [FXGL Background Thread 1 ] DEBUG SystemBundleService  - Loading FXGL system data
13:39:50.003 [FXGL Background Thread 1 ] DEBUG FileSystemAccess     - Reading from: C:\Users\russl\IdeaProjects\cloudHopper\system\fxgl.bundle
13:39:50.009 [FXGL Background Thread 1 ] DEBUG SystemBundleService  - Bundle FXGL: {}
13:39:50.009 [FXGL Background Thread 1 ] DEBUG UpdaterService       - Checking for updates
13:39:50.013 [FXGL Background Thread 4 ] DEBUG FXGLApplication      - Loading fonts
13:39:50.014 [FXGL Background Thread 4 ] DEBUG FXGLAssetLoaderServi - Loading from file system: jar:file:/C:/Users/russl/.m2/repository/com/github/almasb/fxgl/11.16/fxgl-11.16.jar!/fxglassets/ui/fonts/VarelaRound-Regular.ttf
13:39:50.014 [FXGL Background Thread 1 ] DEBUG FXGLApplication      - Loading default localization
13:39:50.015 [FXGL Background Thread 1 ] DEBUG FXGLAssetLoaderServi - Loading from file system: jar:file:/C:/Users/russl/.m2/repository/com/github/almasb/fxgl/11.16/fxgl-11.16.jar!/fxglassets/languages/english.lang
13:39:50.037 [FXGL Background Thread 1 ] INFO  FXGLApplication      - FXGL initialization took: 0.476 sec
13:39:50.050 [JavaFX Application Thread] DEBUG Input                - Registered new binding: action0 - A
13:39:50.051 [JavaFX Application Thread] DEBUG Input                - Registered new binding: action1 - D
13:39:50.052 [JavaFX Application Thread] DEBUG Input                - Registered new binding: action2 - Space
13:39:50.052 [JavaFX Application Thread] DEBUG Input                - Registered new binding: action3 - W
13:39:50.053 [JavaFX Application Thread] DEBUG Input                - Registered new binding: action4 - S
13:39:50.054 [JavaFX Application Thread] DEBUG FXGLAssetLoaderServi - Loading from file system: jar:file:/C:/Users/russl/.m2/repository/com/github/almasb/fxgl/11.16/fxgl-11.16.jar!/fxglassets/textures/fxgl_icon.png
13:39:50.070 [FXGL Background Thread 4 ] DEBUG FXGLAssetLoaderServi - Loading from file system: jar:file:/C:/Users/russl/.m2/repository/com/github/almasb/fxgl/11.16/fxgl-11.16.jar!/fxglassets/ui/fonts/Abel-Regular.ttf
13:39:50.074 [FXGL Background Thread 4 ] DEBUG FXGLAssetLoaderServi - Loading from file system: jar:file:/C:/Users/russl/.m2/repository/com/github/almasb/fxgl/11.16/fxgl-11.16.jar!/fxglassets/ui/fonts/lucida_console.ttf
13:39:50.080 [FXGL Background Thread 4 ] DEBUG FXGLAssetLoaderServi - Loading from file system: jar:file:/C:/Users/russl/.m2/repository/com/github/almasb/fxgl/11.16/fxgl-11.16.jar!/fxglassets/ui/fonts/Courier-Prime.ttf
13:39:50.082 [JavaFX Application Thread] DEBUG FXGLAssetLoaderServi - Loading from file system: jar:file:/C:/Users/russl/.m2/repository/com/github/almasb/fxgl/11.16/fxgl-11.16.jar!/fxglassets/textures/fxgl_default_cursor.png
13:39:50.085 [JavaFX Application Thread] DEBUG Input                - Registered new binding: Screenshot - CTRL+8
13:39:50.085 [JavaFX Application Thread] DEBUG Input                - Registered new binding: System info dump - CTRL+9
13:39:50.086 [JavaFX Application Thread] DEBUG Input                - Registered new binding: Restart - CTRL+R
13:39:50.087 [JavaFX Application Thread] DEBUG Input                - Registered new binding: Toggle Debug Camera - CTRL+C
13:39:50.091 [JavaFX Application Thread] DEBUG LoopRunner           - Starting loop
13:39:50.091 [JavaFX Application Thread] DEBUG LoopRunner           - Initializing JavaFX AnimationTimerLoop
13:39:50.093 [JavaFX Application Thread] DEBUG GameApplicationServi - Starting new game
13:39:50.094 [JavaFX Application Thread] DEBUG Input                - Clearing active input actions
13:39:50.111 [JavaFX Application Thread] DEBUG GameApplicationServi - Removing overlay from FXGLStartupScene and adding to FXGLLoadingScene
13:39:50.112 [JavaFX Application Thread] DEBUG PrimaryStageWindow   - FXGLStartupScene -> FXGLLoadingScene
13:39:50.112 [JavaFX Application Thread] DEBUG GameApplicationServi - Clearing previous game
13:39:50.112 [JavaFX Application Thread] DEBUG GameScene            - Clearing game scene
13:39:50.112 [JavaFX Application Thread] DEBUG GameWorld            - Clearing game world
13:39:50.112 [JavaFX Application Thread] DEBUG PhysicsWorld         - Clearing physics world
13:39:50.115 [JavaFX Application Thread] DEBUG FXGLApplication      - Registering font factories with UI factory
13:39:50.115 [FXGL Background Thread 4 ] DEBUG FXGLApplication      - Initializing game
13:39:50.157 [FXGL Background Thread 4 ] WARN  TMXLevelLoader       - TiledMap generated from 1.7.1. Supported version: 1.2.3. Some features may not be parsed fully.
13:39:50.207 [FXGL Background Thread 4 ] DEBUG TMXLevelLoader       - Parsed TiledMap: file:/C:/Users/russl/IdeaProjects/cloudHopper/target/classes/assets/levels/level1.tmx
13:39:50.207 [FXGL Background Thread 4 ] DEBUG TMXLevelLoader       - Creating tile layer entities
13:39:50.208 [FXGL Background Thread 4 ] DEBUG TilesetLoader        - Loading view for layer Tile Layer 1
13:39:50.254 [FXGL Background Thread 4 ] DEBUG TilesetLoader        - Created buffer with size 20480.0x1280.0
13:39:50.353 [FXGL Background Thread 4 ] DEBUG TMXLevelLoader       - Creating object layer entities
13:39:50.379 [FXGL Background Thread 4 ] DEBUG FXGLAssetLoaderServi - Loading from file system: file:/C:/Users/russl/IdeaProjects/cloudHopper/target/classes/assets/textures/crate.png
13:39:50.399 [FXGL Background Thread 4 ] DEBUG FXGLAssetLoaderServi - Loading from file system: file:/C:/Users/russl/IdeaProjects/cloudHopper/target/classes/assets/textures/StoneBlock.png
13:39:50.409 [FXGL Background Thread 4 ] DEBUG FXGLAssetLoaderServi - Loading from file system: file:/C:/Users/russl/IdeaProjects/cloudHopper/target/classes/assets/textures/characters_packed.png
13:39:50.436 [FXGL Background Thread 4 ] DEBUG FXGLAssetLoaderServi - Loading from file system: file:/C:/Users/russl/IdeaProjects/cloudHopper/target/classes/assets/textures/keyAnimation.png
13:39:50.460 [FXGL Background Thread 4 ] DEBUG FXGLAssetLoaderServi - Loading from file system: file:/C:/Users/russl/IdeaProjects/cloudHopper/target/classes/assets/textures/starAnimation.png
13:39:50.481 [FXGL Background Thread 4 ] DEBUG FXGLAssetLoaderServi - Loading from file system: file:/C:/Users/russl/IdeaProjects/cloudHopper/target/classes/assets/textures/button_pressed.png
13:39:50.482 [FXGL Background Thread 4 ] DEBUG FXGLAssetLoaderServi - Loading from file system: file:/C:/Users/russl/IdeaProjects/cloudHopper/target/classes/assets/textures/button.png
13:39:50.492 [FXGL Background Thread 4 ] DEBUG GameWorld            - Clearing removable entities
13:39:50.493 [FXGL Background Thread 4 ] DEBUG GameWorld            - Setting level: com.almasb.fxgl.entity.level.Level@2be3d9e3
13:39:50.521 [FXGL Background Thread 4 ] DEBUG FXGLAssetLoaderServi - Loading from file system: file:/C:/Users/russl/IdeaProjects/cloudHopper/target/classes/assets/textures/single.png
13:39:50.527 [FXGL Background Thread 4 ] DEBUG FXGLAssetLoaderServi - Loading from file system: file:/C:/Users/russl/IdeaProjects/cloudHopper/target/classes/assets/textures/singlePushing.png
13:39:50.529 [FXGL Background Thread 4 ] WARN  Entity               - Entity already has component: com.almasb.fxgl.entity.components.CollidableComponent
13:39:50.530 [FXGL Background Thread 4 ] DEBUG FXGLAssetLoaderServi - Loading from file system: file:/C:/Users/russl/IdeaProjects/cloudHopper/target/classes/assets/textures/z-2.png
13:39:50.561 [FXGL Background Thread 4 ] WARN  GameWorld            - Entity is already attached to world
13:39:50.562 [FXGL Background Thread 4 ] DEBUG FXGLAssetLoaderServi - Loading from file system: file:/C:/Users/russl/IdeaProjects/cloudHopper/target/classes/assets/textures/z-1.png
13:39:50.591 [FXGL Background Thread 2 ] INFO  UpdaterService       - Your current version:  11.16
13:39:50.592 [FXGL Background Thread 2 ] INFO  UpdaterService       - Latest stable version: 11.17
13:39:50.597 [FXGL Background Thread 4 ] WARN  GameWorld            - Entity is already attached to world
13:39:50.606 [FXGL Background Thread 4 ] DEBUG FXGLAssetLoaderServi - Loading from file system: file:/C:/Users/russl/IdeaProjects/cloudHopper/target/classes/assets/textures/hearts.png
13:39:50.609 [FXGL Background Thread 4 ] INFO  FXGLApplication      - Game initialization took: 0.493 sec
13:39:50.613 [JavaFX Application Thread] DEBUG Input                - Clearing active input actions
13:39:50.631 [JavaFX Application Thread] DEBUG GameApplicationServi - Removing overlay from FXGLLoadingScene and adding to GameScene
13:39:50.631 [JavaFX Application Thread] DEBUG PrimaryStageWindow   - FXGLLoadingScene -> GameScene
13:39:53.013 [FXGL Background Thread 3 ] DEBUG Engine               - Logging environment variables
13:39:53.015 [FXGL Background Thread 3 ] DEBUG Engine               - achievements: []
13:39:53.016 [FXGL Background Thread 3 ] DEBUG Engine               - actualHeight: 800.0
13:39:53.017 [FXGL Background Thread 3 ] DEBUG Engine               - actualHeightProperty: ReadOnlyDoubleProperty [value: 800.0]
13:39:53.017 [FXGL Background Thread 3 ] DEBUG Engine               - actualWidth: 1000.0
13:39:53.019 [FXGL Background Thread 3 ] DEBUG Engine               - actualWidthProperty: ReadOnlyDoubleProperty [value: 1000.0]
13:39:53.019 [FXGL Background Thread 3 ] DEBUG Engine               - appIcon: fxgl_icon.png
13:39:53.019 [FXGL Background Thread 3 ] DEBUG Engine               - applicationMode: DEVELOPER
13:39:53.020 [FXGL Background Thread 3 ] DEBUG Engine               - cSSList: [fxgl_dark.css]
13:39:53.020 [FXGL Background Thread 3 ] DEBUG Engine               - collisionDetectionStrategy: BRUTE_FORCE
13:39:53.021 [FXGL Background Thread 3 ] DEBUG Engine               - configClass: Optional.empty
13:39:53.021 [FXGL Background Thread 3 ] DEBUG Engine               - credits: []
13:39:53.022 [FXGL Background Thread 3 ] DEBUG Engine               - defaultCursor: CursorInfo(imageName=fxgl_default_cursor.png, hotspotX=7.0, hotspotY=6.0)
13:39:53.023 [FXGL Background Thread 3 ] DEBUG Engine               - devBBoxColorProperty: ObjectProperty [value: 0xff0000ff]
13:39:53.023 [FXGL Background Thread 3 ] DEBUG Engine               - devEnableDebugCameraProperty: BooleanProperty [value: false]
13:39:53.024 [FXGL Background Thread 3 ] DEBUG Engine               - devSensorColorProperty: ObjectProperty [value: 0xffff00ff]
13:39:53.024 [FXGL Background Thread 3 ] DEBUG Engine               - devShowBBoxProperty: BooleanProperty [value: false]
13:39:53.025 [FXGL Background Thread 3 ] DEBUG Engine               - devShowPositionProperty: BooleanProperty [value: false]
13:39:53.025 [FXGL Background Thread 3 ] DEBUG Engine               - enabledMenuItems: []
13:39:53.026 [FXGL Background Thread 3 ] DEBUG Engine               - engineServices: [class com.almasb.fxgl.app.services.FXGLAssetLoaderService, class com.almasb.fxgl.app.FXGLApplication$GameApplicationService, class com.almasb.fxgl.app.services.FXGLDialogService, class com.almasb.fxgl.app.services.IOTaskExecutorService, class com.almasb.fxgl.io.FileSystemService, class com.almasb.fxgl.localization.LocalizationService, class com.almasb.fxgl.app.services.SystemBundleService, class com.almasb.fxgl.profile.SaveLoadService, class com.almasb.fxgl.ui.FXGLUIFactoryServiceProvider, class com.almasb.fxgl.ui.FXGLDialogFactoryServiceProvider, class com.almasb.fxgl.audio.AudioPlayer, class com.almasb.fxgl.notification.impl.NotificationServiceProvider, class com.almasb.fxgl.achievement.AchievementService, class com.almasb.fxgl.cutscene.CutsceneService, class com.almasb.fxgl.minigames.MiniGameService, class com.almasb.fxgl.net.NetService, class com.almasb.fxgl.app.services.UpdaterService, class com.almasb.fxgl.dev.DevService]
13:39:53.026 [FXGL Background Thread 3 ] DEBUG Engine               - fontGame: Abel-Regular.ttf
13:39:53.027 [FXGL Background Thread 3 ] DEBUG Engine               - fontMono: lucida_console.ttf
13:39:53.027 [FXGL Background Thread 3 ] DEBUG Engine               - fontText: Courier-Prime.ttf
13:39:53.027 [FXGL Background Thread 3 ] DEBUG Engine               - fontUI: VarelaRound-Regular.ttf
13:39:53.028 [FXGL Background Thread 3 ] DEBUG Engine               - fullScreen: BooleanProperty [value: false]
13:39:53.028 [FXGL Background Thread 3 ] DEBUG Engine               - gameDifficulty: MEDIUM
13:39:53.029 [FXGL Background Thread 3 ] DEBUG Engine               - gameDifficultyProperty: ObjectProperty [value: MEDIUM]
13:39:53.029 [FXGL Background Thread 3 ] DEBUG Engine               - globalMusicVolume: 0.5
13:39:53.029 [FXGL Background Thread 3 ] DEBUG Engine               - globalMusicVolumeProperty: DoubleProperty [value: 0.5]
13:39:53.030 [FXGL Background Thread 3 ] DEBUG Engine               - globalSoundVolume: 0.5
13:39:53.030 [FXGL Background Thread 3 ] DEBUG Engine               - globalSoundVolumeProperty: DoubleProperty [value: 0.5]
13:39:53.030 [FXGL Background Thread 3 ] DEBUG Engine               - height: 800
13:39:53.030 [FXGL Background Thread 3 ] DEBUG Engine               - is3D: false
13:39:53.031 [FXGL Background Thread 3 ] DEBUG Engine               - isAndroid: false
13:39:53.031 [FXGL Background Thread 3 ] DEBUG Engine               - isBrowser: false
13:39:53.031 [FXGL Background Thread 3 ] DEBUG Engine               - isClickFeedbackEnabled: false
13:39:53.031 [FXGL Background Thread 3 ] DEBUG Engine               - isCloseConfirmation: false
13:39:53.032 [FXGL Background Thread 3 ] DEBUG Engine               - isDesktop: true
13:39:53.032 [FXGL Background Thread 3 ] DEBUG Engine               - isDeveloperMenuEnabled: false
13:39:53.032 [FXGL Background Thread 3 ] DEBUG Engine               - isEntityPreloadEnabled: true
13:39:53.032 [FXGL Background Thread 3 ] DEBUG Engine               - isExperimentalTiledLargeMap: false
13:39:53.033 [FXGL Background Thread 3 ] DEBUG Engine               - isFileSystemWriteAllowed: true
13:39:53.033 [FXGL Background Thread 3 ] DEBUG Engine               - isFullScreenAllowed: false
13:39:53.033 [FXGL Background Thread 3 ] DEBUG Engine               - isFullScreenFromStart: false
13:39:53.033 [FXGL Background Thread 3 ] DEBUG Engine               - isGameMenuEnabled: true
13:39:53.033 [FXGL Background Thread 3 ] DEBUG Engine               - isIOS: false
13:39:53.033 [FXGL Background Thread 3 ] DEBUG Engine               - isIntroEnabled: false
13:39:53.034 [FXGL Background Thread 3 ] DEBUG Engine               - isLinux: false
13:39:53.034 [FXGL Background Thread 3 ] DEBUG Engine               - isMac: false
13:39:53.034 [FXGL Background Thread 3 ] DEBUG Engine               - isMainMenuEnabled: false
13:39:53.034 [FXGL Background Thread 3 ] DEBUG Engine               - isManualResizeEnabled: false
13:39:53.035 [FXGL Background Thread 3 ] DEBUG Engine               - isMobile: false
13:39:53.035 [FXGL Background Thread 3 ] DEBUG Engine               - isNative: false
13:39:53.035 [FXGL Background Thread 3 ] DEBUG Engine               - isPreserveResizeRatio: false
13:39:53.035 [FXGL Background Thread 3 ] DEBUG Engine               - isProfilingEnabled: false
13:39:53.035 [FXGL Background Thread 3 ] DEBUG Engine               - isScaleAffectedOnResize: true
13:39:53.036 [FXGL Background Thread 3 ] DEBUG Engine               - isSingleStep: false
13:39:53.036 [FXGL Background Thread 3 ] DEBUG Engine               - isUserProfileEnabled: false
13:39:53.036 [FXGL Background Thread 3 ] DEBUG Engine               - isWindows: true
13:39:53.036 [FXGL Background Thread 3 ] DEBUG Engine               - language: ObjectProperty [value: ENGLISH]
13:39:53.036 [FXGL Background Thread 3 ] DEBUG Engine               - menuKey: ESCAPE
13:39:53.037 [FXGL Background Thread 3 ] DEBUG Engine               - mouseSensitivity: 0.2
13:39:53.037 [FXGL Background Thread 3 ] DEBUG Engine               - notificationViewClass: class com.almasb.fxgl.notification.view.XboxNotificationView
13:39:53.037 [FXGL Background Thread 3 ] DEBUG Engine               - pixelsPerMeter: 50.0
13:39:53.037 [FXGL Background Thread 3 ] DEBUG Engine               - platform: WINDOWS
13:39:53.037 [FXGL Background Thread 3 ] DEBUG Engine               - prefHeightProperty: ReadOnlyDoubleProperty [value: 800.0]
13:39:53.038 [FXGL Background Thread 3 ] DEBUG Engine               - prefWidthProperty: ReadOnlyDoubleProperty [value: 1000.0]
13:39:53.038 [FXGL Background Thread 3 ] DEBUG Engine               - profileDir: profiles/
13:39:53.038 [FXGL Background Thread 3 ] DEBUG Engine               - profileName: StringProperty [value: DEFAULT]
13:39:53.039 [FXGL Background Thread 3 ] DEBUG Engine               - randomSeed: -1
13:39:53.039 [FXGL Background Thread 3 ] DEBUG Engine               - runtimeInfo: RuntimeInfo(platform=WINDOWS, version=11.16, build=25.05.2021 08.16)
13:39:53.039 [FXGL Background Thread 3 ] DEBUG Engine               - saveFileExt: sav
13:39:53.039 [FXGL Background Thread 3 ] DEBUG Engine               - scaledHeightProp$fxgl: DoubleProperty [bound, value: 800.0]
13:39:53.039 [FXGL Background Thread 3 ] DEBUG Engine               - scaledWidthProp$fxgl: DoubleProperty [bound, value: 1000.0]
13:39:53.040 [FXGL Background Thread 3 ] DEBUG Engine               - sceneFactory: com.almasb.fxgl.app.scene.SceneFactory@5e3de641
13:39:53.040 [FXGL Background Thread 3 ] DEBUG Engine               - secondsIn24h: 60
13:39:53.040 [FXGL Background Thread 3 ] DEBUG Engine               - soundMenuBack: menu/back.wav
13:39:53.040 [FXGL Background Thread 3 ] DEBUG Engine               - soundMenuPress: menu/press.wav
13:39:53.040 [FXGL Background Thread 3 ] DEBUG Engine               - soundMenuSelect: menu/select.wav
13:39:53.041 [FXGL Background Thread 3 ] DEBUG Engine               - soundNotification: core/notification.wav
13:39:53.041 [FXGL Background Thread 3 ] DEBUG Engine               - stageStyle: DECORATED
13:39:53.041 [FXGL Background Thread 3 ] DEBUG Engine               - supportedLanguages: [ENGLISH, FRENCH, GERMAN, HUNGARIAN, RUSSIAN]
13:39:53.041 [FXGL Background Thread 3 ] DEBUG Engine               - ticksPerSecond: -1
13:39:53.042 [FXGL Background Thread 3 ] DEBUG Engine               - title: Cloud Hopper
13:39:53.042 [FXGL Background Thread 3 ] DEBUG Engine               - urlGithub: https://github.com/AlmasB/FXGL
13:39:53.042 [FXGL Background Thread 3 ] DEBUG Engine               - urlLeaderboard: http://fxgl-top.herokuapp.com/
13:39:53.042 [FXGL Background Thread 3 ] DEBUG Engine               - urlPOM: https://raw.githubusercontent.com/AlmasB/FXGL/release/README.md
13:39:53.042 [FXGL Background Thread 3 ] DEBUG Engine               - userAppClass: class com.cloudHopper.PlatformerApp
13:39:53.043 [FXGL Background Thread 3 ] DEBUG Engine               - version: 0.1
13:39:53.043 [FXGL Background Thread 3 ] DEBUG Engine               - versionCheckDays: 7
13:39:53.043 [FXGL Background Thread 3 ] DEBUG Engine               - width: 1000
13:39:53.043 [FXGL Background Thread 3 ] DEBUG Engine               - Logging services
13:39:53.043 [FXGL Background Thread 3 ] DEBUG Engine               - class com.almasb.fxgl.app.services.FXGLAssetLoaderService
13:39:53.044 [FXGL Background Thread 3 ] DEBUG Engine               - class com.almasb.fxgl.app.FXGLApplication$GameApplicationService
13:39:53.044 [FXGL Background Thread 3 ] DEBUG Engine               - class com.almasb.fxgl.app.services.FXGLDialogService
13:39:53.044 [FXGL Background Thread 3 ] DEBUG Engine               - class com.almasb.fxgl.app.services.IOTaskExecutorService
13:39:53.044 [FXGL Background Thread 3 ] DEBUG Engine               - class com.almasb.fxgl.io.FileSystemService
13:39:53.044 [FXGL Background Thread 3 ] DEBUG Engine               - class com.almasb.fxgl.localization.LocalizationService
13:39:53.045 [FXGL Background Thread 3 ] DEBUG Engine               - class com.almasb.fxgl.app.services.SystemBundleService
13:39:53.045 [FXGL Background Thread 3 ] DEBUG Engine               - class com.almasb.fxgl.profile.SaveLoadService
13:39:53.045 [FXGL Background Thread 3 ] DEBUG Engine               - class com.almasb.fxgl.ui.FXGLUIFactoryServiceProvider
13:39:53.045 [FXGL Background Thread 3 ] DEBUG Engine               - class com.almasb.fxgl.ui.FXGLDialogFactoryServiceProvider
13:39:53.045 [FXGL Background Thread 3 ] DEBUG Engine               - class com.almasb.fxgl.audio.AudioPlayer
13:39:53.046 [FXGL Background Thread 3 ] DEBUG Engine               - class com.almasb.fxgl.notification.impl.NotificationServiceProvider
13:39:53.046 [FXGL Background Thread 3 ] DEBUG Engine               - class com.almasb.fxgl.achievement.AchievementService
13:39:53.046 [FXGL Background Thread 3 ] DEBUG Engine               - class com.almasb.fxgl.cutscene.CutsceneService
13:39:53.046 [FXGL Background Thread 3 ] DEBUG Engine               - class com.almasb.fxgl.minigames.MiniGameService
13:39:53.046 [FXGL Background Thread 3 ] DEBUG Engine               - class com.almasb.fxgl.net.NetService
13:39:53.046 [FXGL Background Thread 3 ] DEBUG Engine               - class com.almasb.fxgl.app.services.UpdaterService
13:39:53.047 [FXGL Background Thread 3 ] DEBUG Engine               - class com.almasb.fxgl.dev.DevService
13:39:54.111 [JavaFX Application Thread] DEBUG FXGLAssetLoaderServi - Loading from file system: file:/C:/Users/russl/IdeaProjects/cloudHopper/target/classes/assets/textures/key.png
13:40:18.904 [JavaFX Application Thread] DEBUG FXGLApplication      - Exiting FXGL
13:40:18.905 [JavaFX Application Thread] DEBUG LoopRunner           - Stopping loop
13:40:18.905 [JavaFX Application Thread] DEBUG SystemBundleService  - Saving FXGL system data
13:40:18.906 [JavaFX Application Thread] DEBUG FileSystemAccess     - Writing to: C:\Users\russl\IdeaProjects\cloudHopper\system\fxgl.bundle
13:40:18.908 [JavaFX Application Thread] DEBUG Async                - Shutting down background threads
13:40:18.908 [JavaFX Application Thread] DEBUG PrimaryStageWindow   - Closing main window
13:40:18.917 [JavaFX Application Thread] DEBUG Logger               - Closing Logger
