15:28:11.231 [main                     ] DEBUG Logger               - Configured Logger
15:28:11.237 [main                     ] DEBUG GameApplication      - Logging settings
Title: Cloud Hopper
Version: 0.1
Width: 1000
Height: 800
Fullscreen: false
Intro: false
Profiling: false
Single step:false
App Mode: DEVELOPER
Menu Key: ESCAPE
Stage Style: DECORATED
Scene Factory: class com.almasb.fxgl.app.scene.SceneFactory

15:28:11.798 [JavaFX Application Thread] DEBUG FXGLApplication      - Initializing FXGL
15:28:11.801 [JavaFX Application Thread] INFO  Engine               - FXGL-11.16 (25.05.2021 08.16) on WINDOWS (J:16 FX:16)
15:28:11.802 [JavaFX Application Thread] DEBUG Engine               - JRE Vendor Name: Oracle Corporation
15:28:11.802 [JavaFX Application Thread] DEBUG Engine               - Running on OS: Windows 10 version 10.0
15:28:11.802 [JavaFX Application Thread] DEBUG Engine               - Architecture: amd64
15:28:11.802 [JavaFX Application Thread] INFO  Engine               - Source code and latest versions at: https://github.com/AlmasB/FXGL
15:28:11.803 [JavaFX Application Thread] INFO  Engine               -              Join the FXGL chat at: https://gitter.im/AlmasB/FXGL
15:28:11.959 [JavaFX Application Thread] DEBUG PrimaryStageWindow   - Creating a JavaFX scene
15:28:12.029 [JavaFX Application Thread] DEBUG PrimaryStageWindow   - Target settings size: 1000.0 x 800.0
15:28:12.030 [JavaFX Application Thread] DEBUG PrimaryStageWindow   - Scaled scene size:    1000.0 x 800.0
15:28:12.030 [JavaFX Application Thread] DEBUG PrimaryStageWindow   - Scaled ratio: (1.0, 1.0)
15:28:12.032 [JavaFX Application Thread] DEBUG PrimaryStageWindow   - Set initial scene to FXGLStartupScene
15:28:12.043 [JavaFX Application Thread] DEBUG PrimaryStageWindow   - Opening main window
15:28:12.145 [JavaFX Application Thread] DEBUG PrimaryStageWindow   - Window border size: (16.0, 39.0)
15:28:12.145 [JavaFX Application Thread] DEBUG PrimaryStageWindow   - Scaled size: 1000.0 x 800.0
15:28:12.145 [JavaFX Application Thread] DEBUG PrimaryStageWindow   - Scaled ratio: (1.0, 1.0)
15:28:12.146 [JavaFX Application Thread] DEBUG PrimaryStageWindow   - Scene size: 1000.0 x 800.0
15:28:12.146 [JavaFX Application Thread] DEBUG PrimaryStageWindow   - Stage size: 1016.0 x 839.0
15:28:12.154 [FXGL Background Thread 1 ] DEBUG Engine               - Initializing environment variables
15:28:12.208 [FXGL Background Thread 1 ] DEBUG FXGLAssetLoaderServi - User app class for loading assets: class com.cloudHopper.PlatformerApp
15:28:12.209 [FXGL Background Thread 1 ] DEBUG GameApplicationServi - Applying CSS: fxgl_dark.css
15:28:12.210 [FXGL Background Thread 1 ] DEBUG FXGLAssetLoaderServi - Loading from file system: jar:file:/C:/Users/russl/.m2/repository/com/github/almasb/fxgl/11.16/fxgl-11.16.jar!/fxglassets/ui/css/fxgl_dark.css
15:28:12.257 [FXGL Background Thread 1 ] DEBUG GameApplicationServi - Initializing application scenes
15:28:12.299 [FXGL Background Thread 1 ] DEBUG GameWorld            - Game world initialized
15:28:12.368 [FXGL Background Thread 1 ] DEBUG PhysicsWorld         - Physics world initialized: appHeight=800, physics.ppm=50.0
15:28:12.368 [FXGL Background Thread 1 ] DEBUG PhysicsWorld         - Using strategy: BRUTE_FORCE
15:28:12.372 [FXGL Background Thread 1 ] DEBUG GameScene            - Game scene initialized: 1000x800
15:28:12.386 [FXGL Background Thread 1 ] DEBUG FXGL.DefaultMenu     - createMenuBodyGameMenu()
15:28:12.404 [FXGL Background Thread 1 ] DEBUG FXGL.DefaultMenu     - createOptionsMenu()
15:28:12.417 [FXGL Background Thread 1 ] DEBUG FXGLAssetLoaderServi - Loading from file system: jar:file:/C:/Users/russl/.m2/repository/com/github/almasb/fxgl/11.16/fxgl-11.16.jar!/fxglassets/textures/particles/smoke.png
15:28:12.528 [FXGL Background Thread 1 ] DEBUG FXGLAssetLoaderServi - Loading from file system: jar:file:/C:/Users/russl/.m2/repository/com/github/almasb/fxgl/11.16/fxgl-11.16.jar!/fxglassets/textures/particles/trace_horizontal.png
15:28:12.566 [FXGL Background Thread 1 ] DEBUG GameApplicationServi - Application scenes initialized
15:28:12.576 [FXGL Background Thread 1 ] DEBUG SystemBundleService  - Loading FXGL system data
15:28:12.580 [FXGL Background Thread 1 ] DEBUG FileSystemAccess     - Reading from: C:\Users\russl\IdeaProjects\cloudHopper\system\fxgl.bundle
15:28:12.586 [FXGL Background Thread 1 ] DEBUG SystemBundleService  - Bundle FXGL: {}
15:28:12.586 [FXGL Background Thread 1 ] DEBUG UpdaterService       - Checking for updates
15:28:12.590 [FXGL Background Thread 4 ] DEBUG FXGLApplication      - Loading fonts
15:28:12.591 [FXGL Background Thread 1 ] DEBUG FXGLApplication      - Loading default localization
15:28:12.592 [FXGL Background Thread 1 ] DEBUG FXGLAssetLoaderServi - Loading from file system: jar:file:/C:/Users/russl/.m2/repository/com/github/almasb/fxgl/11.16/fxgl-11.16.jar!/fxglassets/languages/english.lang
15:28:12.592 [FXGL Background Thread 4 ] DEBUG FXGLAssetLoaderServi - Loading from file system: jar:file:/C:/Users/russl/.m2/repository/com/github/almasb/fxgl/11.16/fxgl-11.16.jar!/fxglassets/ui/fonts/VarelaRound-Regular.ttf
15:28:12.615 [FXGL Background Thread 1 ] INFO  FXGLApplication      - FXGL initialization took: 0.461 sec
15:28:12.628 [JavaFX Application Thread] DEBUG Input                - Registered new binding: action0 - A
15:28:12.629 [JavaFX Application Thread] DEBUG Input                - Registered new binding: action1 - D
15:28:12.630 [JavaFX Application Thread] DEBUG Input                - Registered new binding: action2 - Space
15:28:12.631 [JavaFX Application Thread] DEBUG Input                - Registered new binding: action3 - W
15:28:12.631 [JavaFX Application Thread] DEBUG Input                - Registered new binding: action4 - S
15:28:12.632 [JavaFX Application Thread] DEBUG Input                - Registered new binding: action5 - E
15:28:12.633 [JavaFX Application Thread] DEBUG FXGLAssetLoaderServi - Loading from file system: jar:file:/C:/Users/russl/.m2/repository/com/github/almasb/fxgl/11.16/fxgl-11.16.jar!/fxglassets/textures/fxgl_icon.png
15:28:12.637 [FXGL Background Thread 4 ] DEBUG FXGLAssetLoaderServi - Loading from file system: jar:file:/C:/Users/russl/.m2/repository/com/github/almasb/fxgl/11.16/fxgl-11.16.jar!/fxglassets/ui/fonts/Abel-Regular.ttf
15:28:12.641 [FXGL Background Thread 4 ] DEBUG FXGLAssetLoaderServi - Loading from file system: jar:file:/C:/Users/russl/.m2/repository/com/github/almasb/fxgl/11.16/fxgl-11.16.jar!/fxglassets/ui/fonts/lucida_console.ttf
15:28:12.646 [FXGL Background Thread 4 ] DEBUG FXGLAssetLoaderServi - Loading from file system: jar:file:/C:/Users/russl/.m2/repository/com/github/almasb/fxgl/11.16/fxgl-11.16.jar!/fxglassets/ui/fonts/Courier-Prime.ttf
15:28:12.658 [JavaFX Application Thread] DEBUG FXGLAssetLoaderServi - Loading from file system: jar:file:/C:/Users/russl/.m2/repository/com/github/almasb/fxgl/11.16/fxgl-11.16.jar!/fxglassets/textures/fxgl_default_cursor.png
15:28:12.661 [JavaFX Application Thread] DEBUG Input                - Registered new binding: Screenshot - CTRL+8
15:28:12.661 [JavaFX Application Thread] DEBUG Input                - Registered new binding: System info dump - CTRL+9
15:28:12.662 [JavaFX Application Thread] DEBUG Input                - Registered new binding: Restart - CTRL+R
15:28:12.663 [JavaFX Application Thread] DEBUG Input                - Registered new binding: Toggle Debug Camera - CTRL+C
15:28:12.666 [JavaFX Application Thread] DEBUG LoopRunner           - Starting loop
15:28:12.667 [JavaFX Application Thread] DEBUG LoopRunner           - Initializing JavaFX AnimationTimerLoop
15:28:12.668 [JavaFX Application Thread] DEBUG GameApplicationServi - Starting new game
15:28:12.669 [JavaFX Application Thread] DEBUG Input                - Clearing active input actions
15:28:12.682 [JavaFX Application Thread] DEBUG GameApplicationServi - Removing overlay from FXGLStartupScene and adding to FXGLLoadingScene
15:28:12.683 [JavaFX Application Thread] DEBUG PrimaryStageWindow   - FXGLStartupScene -> FXGLLoadingScene
15:28:12.683 [JavaFX Application Thread] DEBUG GameApplicationServi - Clearing previous game
15:28:12.683 [JavaFX Application Thread] DEBUG GameScene            - Clearing game scene
15:28:12.683 [JavaFX Application Thread] DEBUG GameWorld            - Clearing game world
15:28:12.683 [JavaFX Application Thread] DEBUG PhysicsWorld         - Clearing physics world
15:28:12.685 [FXGL Background Thread 4 ] DEBUG FXGLApplication      - Initializing game
15:28:12.687 [JavaFX Application Thread] DEBUG FXGLApplication      - Registering font factories with UI factory
15:28:12.752 [FXGL Background Thread 4 ] WARN  TMXLevelLoader       - TiledMap generated from 1.7.1. Supported version: 1.2.3. Some features may not be parsed fully.
15:28:12.805 [FXGL Background Thread 4 ] DEBUG TMXLevelLoader       - Parsed TiledMap: file:/C:/Users/russl/IdeaProjects/cloudHopper/target/classes/assets/levels/level1.tmx
15:28:12.806 [FXGL Background Thread 4 ] DEBUG TMXLevelLoader       - Creating tile layer entities
15:28:12.807 [FXGL Background Thread 4 ] DEBUG TilesetLoader        - Loading view for layer Tile Layer 1
15:28:12.860 [FXGL Background Thread 4 ] DEBUG TilesetLoader        - Created buffer with size 20480.0x1280.0
15:28:12.960 [FXGL Background Thread 4 ] DEBUG TMXLevelLoader       - Creating object layer entities
15:28:12.987 [FXGL Background Thread 4 ] DEBUG FXGLAssetLoaderServi - Loading from file system: file:/C:/Users/russl/IdeaProjects/cloudHopper/target/classes/assets/textures/crate.png
15:28:13.006 [FXGL Background Thread 4 ] DEBUG FXGLAssetLoaderServi - Loading from file system: file:/C:/Users/russl/IdeaProjects/cloudHopper/target/classes/assets/textures/StoneBlock.png
15:28:13.012 [FXGL Background Thread 4 ] DEBUG FXGLAssetLoaderServi - Loading from file system: file:/C:/Users/russl/IdeaProjects/cloudHopper/target/classes/assets/textures/characters_packed.png
15:28:13.053 [FXGL Background Thread 4 ] DEBUG FXGLAssetLoaderServi - Loading from file system: file:/C:/Users/russl/IdeaProjects/cloudHopper/target/classes/assets/textures/keyAnimation.png
15:28:13.078 [FXGL Background Thread 4 ] DEBUG FXGLAssetLoaderServi - Loading from file system: file:/C:/Users/russl/IdeaProjects/cloudHopper/target/classes/assets/textures/starAnimation.png
15:28:13.093 [FXGL Background Thread 4 ] DEBUG FXGLAssetLoaderServi - Loading from file system: file:/C:/Users/russl/IdeaProjects/cloudHopper/target/classes/assets/textures/button_pressed.png
15:28:13.094 [FXGL Background Thread 4 ] DEBUG FXGLAssetLoaderServi - Loading from file system: file:/C:/Users/russl/IdeaProjects/cloudHopper/target/classes/assets/textures/button.png
15:28:13.100 [FXGL Background Thread 4 ] DEBUG FXGLAssetLoaderServi - Loading from file system: file:/C:/Users/russl/IdeaProjects/cloudHopper/target/classes/assets/textures/leverRight.png
15:28:13.101 [FXGL Background Thread 4 ] DEBUG FXGLAssetLoaderServi - Loading from file system: file:/C:/Users/russl/IdeaProjects/cloudHopper/target/classes/assets/textures/leverLeft.png
15:28:13.103 [FXGL Background Thread 4 ] DEBUG GameWorld            - Clearing removable entities
15:28:13.103 [FXGL Background Thread 4 ] DEBUG GameWorld            - Setting level: com.almasb.fxgl.entity.level.Level@562590e7
15:28:13.104 [FXGL Background Thread 2 ] INFO  UpdaterService       - Your current version:  11.16
15:28:13.104 [FXGL Background Thread 2 ] INFO  UpdaterService       - Latest stable version: 11.17
15:28:13.126 [FXGL Background Thread 4 ] DEBUG FXGLAssetLoaderServi - Loading from file system: file:/C:/Users/russl/IdeaProjects/cloudHopper/target/classes/assets/textures/single.png
15:28:13.129 [FXGL Background Thread 4 ] DEBUG FXGLAssetLoaderServi - Loading from file system: file:/C:/Users/russl/IdeaProjects/cloudHopper/target/classes/assets/textures/singlePushing.png
15:28:13.130 [FXGL Background Thread 4 ] WARN  Entity               - Entity already has component: com.almasb.fxgl.entity.components.CollidableComponent
15:28:13.132 [FXGL Background Thread 4 ] DEBUG FXGLAssetLoaderServi - Loading from file system: file:/C:/Users/russl/IdeaProjects/cloudHopper/target/classes/assets/textures/z-2.png
15:28:13.155 [FXGL Background Thread 4 ] WARN  GameWorld            - Entity is already attached to world
15:28:13.156 [FXGL Background Thread 4 ] DEBUG FXGLAssetLoaderServi - Loading from file system: file:/C:/Users/russl/IdeaProjects/cloudHopper/target/classes/assets/textures/z-1.png
15:28:13.181 [FXGL Background Thread 4 ] WARN  GameWorld            - Entity is already attached to world
15:28:13.191 [FXGL Background Thread 4 ] DEBUG FXGLAssetLoaderServi - Loading from file system: file:/C:/Users/russl/IdeaProjects/cloudHopper/target/classes/assets/textures/hearts.png
15:28:13.194 [FXGL Background Thread 4 ] INFO  FXGLApplication      - Game initialization took: 0.509 sec
15:28:13.199 [JavaFX Application Thread] DEBUG Input                - Clearing active input actions
15:28:13.218 [JavaFX Application Thread] DEBUG GameApplicationServi - Removing overlay from FXGLLoadingScene and adding to GameScene
15:28:13.219 [JavaFX Application Thread] DEBUG PrimaryStageWindow   - FXGLLoadingScene -> GameScene
15:28:14.917 [JavaFX Application Thread] DEBUG FXGLAssetLoaderServi - Loading from file system: file:/C:/Users/russl/IdeaProjects/cloudHopper/target/classes/assets/textures/key.png
15:28:15.589 [FXGL Background Thread 3 ] DEBUG Engine               - Logging environment variables
15:28:15.589 [FXGL Background Thread 3 ] DEBUG Engine               - achievements: []
15:28:15.589 [FXGL Background Thread 3 ] DEBUG Engine               - actualHeight: 800.0
15:28:15.590 [FXGL Background Thread 3 ] DEBUG Engine               - actualHeightProperty: ReadOnlyDoubleProperty [value: 800.0]
15:28:15.590 [FXGL Background Thread 3 ] DEBUG Engine               - actualWidth: 1000.0
15:28:15.590 [FXGL Background Thread 3 ] DEBUG Engine               - actualWidthProperty: ReadOnlyDoubleProperty [value: 1000.0]
15:28:15.590 [FXGL Background Thread 3 ] DEBUG Engine               - appIcon: fxgl_icon.png
15:28:15.590 [FXGL Background Thread 3 ] DEBUG Engine               - applicationMode: DEVELOPER
15:28:15.590 [FXGL Background Thread 3 ] DEBUG Engine               - cSSList: [fxgl_dark.css]
15:28:15.591 [FXGL Background Thread 3 ] DEBUG Engine               - collisionDetectionStrategy: BRUTE_FORCE
15:28:15.591 [FXGL Background Thread 3 ] DEBUG Engine               - configClass: Optional.empty
15:28:15.591 [FXGL Background Thread 3 ] DEBUG Engine               - credits: []
15:28:15.591 [FXGL Background Thread 3 ] DEBUG Engine               - defaultCursor: CursorInfo(imageName=fxgl_default_cursor.png, hotspotX=7.0, hotspotY=6.0)
15:28:15.591 [FXGL Background Thread 3 ] DEBUG Engine               - devBBoxColorProperty: ObjectProperty [value: 0xff0000ff]
15:28:15.591 [FXGL Background Thread 3 ] DEBUG Engine               - devEnableDebugCameraProperty: BooleanProperty [value: false]
15:28:15.591 [FXGL Background Thread 3 ] DEBUG Engine               - devSensorColorProperty: ObjectProperty [value: 0xffff00ff]
15:28:15.591 [FXGL Background Thread 3 ] DEBUG Engine               - devShowBBoxProperty: BooleanProperty [value: false]
15:28:15.591 [FXGL Background Thread 3 ] DEBUG Engine               - devShowPositionProperty: BooleanProperty [value: false]
15:28:15.591 [FXGL Background Thread 3 ] DEBUG Engine               - enabledMenuItems: []
15:28:15.592 [FXGL Background Thread 3 ] DEBUG Engine               - engineServices: [class com.almasb.fxgl.app.services.FXGLAssetLoaderService, class com.almasb.fxgl.app.FXGLApplication$GameApplicationService, class com.almasb.fxgl.app.services.FXGLDialogService, class com.almasb.fxgl.app.services.IOTaskExecutorService, class com.almasb.fxgl.io.FileSystemService, class com.almasb.fxgl.localization.LocalizationService, class com.almasb.fxgl.app.services.SystemBundleService, class com.almasb.fxgl.profile.SaveLoadService, class com.almasb.fxgl.ui.FXGLUIFactoryServiceProvider, class com.almasb.fxgl.ui.FXGLDialogFactoryServiceProvider, class com.almasb.fxgl.audio.AudioPlayer, class com.almasb.fxgl.notification.impl.NotificationServiceProvider, class com.almasb.fxgl.achievement.AchievementService, class com.almasb.fxgl.cutscene.CutsceneService, class com.almasb.fxgl.minigames.MiniGameService, class com.almasb.fxgl.net.NetService, class com.almasb.fxgl.app.services.UpdaterService, class com.almasb.fxgl.dev.DevService]
15:28:15.592 [FXGL Background Thread 3 ] DEBUG Engine               - fontGame: Abel-Regular.ttf
15:28:15.592 [FXGL Background Thread 3 ] DEBUG Engine               - fontMono: lucida_console.ttf
15:28:15.592 [FXGL Background Thread 3 ] DEBUG Engine               - fontText: Courier-Prime.ttf
15:28:15.592 [FXGL Background Thread 3 ] DEBUG Engine               - fontUI: VarelaRound-Regular.ttf
15:28:15.592 [FXGL Background Thread 3 ] DEBUG Engine               - fullScreen: BooleanProperty [value: false]
15:28:15.592 [FXGL Background Thread 3 ] DEBUG Engine               - gameDifficulty: MEDIUM
15:28:15.593 [FXGL Background Thread 3 ] DEBUG Engine               - gameDifficultyProperty: ObjectProperty [value: MEDIUM]
15:28:15.593 [FXGL Background Thread 3 ] DEBUG Engine               - globalMusicVolume: 0.5
15:28:15.593 [FXGL Background Thread 3 ] DEBUG Engine               - globalMusicVolumeProperty: DoubleProperty [value: 0.5]
15:28:15.593 [FXGL Background Thread 3 ] DEBUG Engine               - globalSoundVolume: 0.5
15:28:15.593 [FXGL Background Thread 3 ] DEBUG Engine               - globalSoundVolumeProperty: DoubleProperty [value: 0.5]
15:28:15.593 [FXGL Background Thread 3 ] DEBUG Engine               - height: 800
15:28:15.593 [FXGL Background Thread 3 ] DEBUG Engine               - is3D: false
15:28:15.593 [FXGL Background Thread 3 ] DEBUG Engine               - isAndroid: false
15:28:15.593 [FXGL Background Thread 3 ] DEBUG Engine               - isBrowser: false
15:28:15.593 [FXGL Background Thread 3 ] DEBUG Engine               - isClickFeedbackEnabled: false
15:28:15.594 [FXGL Background Thread 3 ] DEBUG Engine               - isCloseConfirmation: false
15:28:15.594 [FXGL Background Thread 3 ] DEBUG Engine               - isDesktop: true
15:28:15.594 [FXGL Background Thread 3 ] DEBUG Engine               - isDeveloperMenuEnabled: false
15:28:15.594 [FXGL Background Thread 3 ] DEBUG Engine               - isEntityPreloadEnabled: true
15:28:15.594 [FXGL Background Thread 3 ] DEBUG Engine               - isExperimentalTiledLargeMap: false
15:28:15.594 [FXGL Background Thread 3 ] DEBUG Engine               - isFileSystemWriteAllowed: true
15:28:15.594 [FXGL Background Thread 3 ] DEBUG Engine               - isFullScreenAllowed: false
15:28:15.594 [FXGL Background Thread 3 ] DEBUG Engine               - isFullScreenFromStart: false
15:28:15.594 [FXGL Background Thread 3 ] DEBUG Engine               - isGameMenuEnabled: true
15:28:15.595 [FXGL Background Thread 3 ] DEBUG Engine               - isIOS: false
15:28:15.595 [FXGL Background Thread 3 ] DEBUG Engine               - isIntroEnabled: false
15:28:15.595 [FXGL Background Thread 3 ] DEBUG Engine               - isLinux: false
15:28:15.595 [FXGL Background Thread 3 ] DEBUG Engine               - isMac: false
15:28:15.595 [FXGL Background Thread 3 ] DEBUG Engine               - isMainMenuEnabled: false
15:28:15.595 [FXGL Background Thread 3 ] DEBUG Engine               - isManualResizeEnabled: false
15:28:15.595 [FXGL Background Thread 3 ] DEBUG Engine               - isMobile: false
15:28:15.595 [FXGL Background Thread 3 ] DEBUG Engine               - isNative: false
15:28:15.595 [FXGL Background Thread 3 ] DEBUG Engine               - isPreserveResizeRatio: false
15:28:15.596 [FXGL Background Thread 3 ] DEBUG Engine               - isProfilingEnabled: false
15:28:15.596 [FXGL Background Thread 3 ] DEBUG Engine               - isScaleAffectedOnResize: true
15:28:15.596 [FXGL Background Thread 3 ] DEBUG Engine               - isSingleStep: false
15:28:15.596 [FXGL Background Thread 3 ] DEBUG Engine               - isUserProfileEnabled: false
15:28:15.596 [FXGL Background Thread 3 ] DEBUG Engine               - isWindows: true
15:28:15.596 [FXGL Background Thread 3 ] DEBUG Engine               - language: ObjectProperty [value: ENGLISH]
15:28:15.596 [FXGL Background Thread 3 ] DEBUG Engine               - menuKey: ESCAPE
15:28:15.596 [FXGL Background Thread 3 ] DEBUG Engine               - mouseSensitivity: 0.2
15:28:15.596 [FXGL Background Thread 3 ] DEBUG Engine               - notificationViewClass: class com.almasb.fxgl.notification.view.XboxNotificationView
15:28:15.596 [FXGL Background Thread 3 ] DEBUG Engine               - pixelsPerMeter: 50.0
15:28:15.596 [FXGL Background Thread 3 ] DEBUG Engine               - platform: WINDOWS
15:28:15.596 [FXGL Background Thread 3 ] DEBUG Engine               - prefHeightProperty: ReadOnlyDoubleProperty [value: 800.0]
15:28:15.597 [FXGL Background Thread 3 ] DEBUG Engine               - prefWidthProperty: ReadOnlyDoubleProperty [value: 1000.0]
15:28:15.597 [FXGL Background Thread 3 ] DEBUG Engine               - profileDir: profiles/
15:28:15.597 [FXGL Background Thread 3 ] DEBUG Engine               - profileName: StringProperty [value: DEFAULT]
15:28:15.597 [FXGL Background Thread 3 ] DEBUG Engine               - randomSeed: -1
15:28:15.597 [FXGL Background Thread 3 ] DEBUG Engine               - runtimeInfo: RuntimeInfo(platform=WINDOWS, version=11.16, build=25.05.2021 08.16)
15:28:15.597 [FXGL Background Thread 3 ] DEBUG Engine               - saveFileExt: sav
15:28:15.597 [FXGL Background Thread 3 ] DEBUG Engine               - scaledHeightProp$fxgl: DoubleProperty [bound, value: 800.0]
15:28:15.597 [FXGL Background Thread 3 ] DEBUG Engine               - scaledWidthProp$fxgl: DoubleProperty [bound, value: 1000.0]
15:28:15.597 [FXGL Background Thread 3 ] DEBUG Engine               - sceneFactory: com.almasb.fxgl.app.scene.SceneFactory@521b3ef7
15:28:15.597 [FXGL Background Thread 3 ] DEBUG Engine               - secondsIn24h: 60
15:28:15.597 [FXGL Background Thread 3 ] DEBUG Engine               - soundMenuBack: menu/back.wav
15:28:15.598 [FXGL Background Thread 3 ] DEBUG Engine               - soundMenuPress: menu/press.wav
15:28:15.598 [FXGL Background Thread 3 ] DEBUG Engine               - soundMenuSelect: menu/select.wav
15:28:15.598 [FXGL Background Thread 3 ] DEBUG Engine               - soundNotification: core/notification.wav
15:28:15.598 [FXGL Background Thread 3 ] DEBUG Engine               - stageStyle: DECORATED
15:28:15.598 [FXGL Background Thread 3 ] DEBUG Engine               - supportedLanguages: [ENGLISH, FRENCH, GERMAN, HUNGARIAN, RUSSIAN]
15:28:15.598 [FXGL Background Thread 3 ] DEBUG Engine               - ticksPerSecond: -1
15:28:15.598 [FXGL Background Thread 3 ] DEBUG Engine               - title: Cloud Hopper
15:28:15.598 [FXGL Background Thread 3 ] DEBUG Engine               - urlGithub: https://github.com/AlmasB/FXGL
15:28:15.598 [FXGL Background Thread 3 ] DEBUG Engine               - urlLeaderboard: http://fxgl-top.herokuapp.com/
15:28:15.598 [FXGL Background Thread 3 ] DEBUG Engine               - urlPOM: https://raw.githubusercontent.com/AlmasB/FXGL/release/README.md
15:28:15.598 [FXGL Background Thread 3 ] DEBUG Engine               - userAppClass: class com.cloudHopper.PlatformerApp
15:28:15.598 [FXGL Background Thread 3 ] DEBUG Engine               - version: 0.1
15:28:15.598 [FXGL Background Thread 3 ] DEBUG Engine               - versionCheckDays: 7
15:28:15.599 [FXGL Background Thread 3 ] DEBUG Engine               - width: 1000
15:28:15.599 [FXGL Background Thread 3 ] DEBUG Engine               - Logging services
15:28:15.599 [FXGL Background Thread 3 ] DEBUG Engine               - class com.almasb.fxgl.app.services.FXGLAssetLoaderService
15:28:15.599 [FXGL Background Thread 3 ] DEBUG Engine               - class com.almasb.fxgl.app.FXGLApplication$GameApplicationService
15:28:15.599 [FXGL Background Thread 3 ] DEBUG Engine               - class com.almasb.fxgl.app.services.FXGLDialogService
15:28:15.599 [FXGL Background Thread 3 ] DEBUG Engine               - class com.almasb.fxgl.app.services.IOTaskExecutorService
15:28:15.599 [FXGL Background Thread 3 ] DEBUG Engine               - class com.almasb.fxgl.io.FileSystemService
15:28:15.599 [FXGL Background Thread 3 ] DEBUG Engine               - class com.almasb.fxgl.localization.LocalizationService
15:28:15.599 [FXGL Background Thread 3 ] DEBUG Engine               - class com.almasb.fxgl.app.services.SystemBundleService
15:28:15.599 [FXGL Background Thread 3 ] DEBUG Engine               - class com.almasb.fxgl.profile.SaveLoadService
15:28:15.599 [FXGL Background Thread 3 ] DEBUG Engine               - class com.almasb.fxgl.ui.FXGLUIFactoryServiceProvider
15:28:15.599 [FXGL Background Thread 3 ] DEBUG Engine               - class com.almasb.fxgl.ui.FXGLDialogFactoryServiceProvider
15:28:15.600 [FXGL Background Thread 3 ] DEBUG Engine               - class com.almasb.fxgl.audio.AudioPlayer
15:28:15.600 [FXGL Background Thread 3 ] DEBUG Engine               - class com.almasb.fxgl.notification.impl.NotificationServiceProvider
15:28:15.600 [FXGL Background Thread 3 ] DEBUG Engine               - class com.almasb.fxgl.achievement.AchievementService
15:28:15.600 [FXGL Background Thread 3 ] DEBUG Engine               - class com.almasb.fxgl.cutscene.CutsceneService
15:28:15.600 [FXGL Background Thread 3 ] DEBUG Engine               - class com.almasb.fxgl.minigames.MiniGameService
15:28:15.600 [FXGL Background Thread 3 ] DEBUG Engine               - class com.almasb.fxgl.net.NetService
15:28:15.600 [FXGL Background Thread 3 ] DEBUG Engine               - class com.almasb.fxgl.app.services.UpdaterService
15:28:15.600 [FXGL Background Thread 3 ] DEBUG Engine               - class com.almasb.fxgl.dev.DevService
15:28:16.731 [JavaFX Application Thread] DEBUG FXGLAssetLoaderServi - Loading from file system: file:/C:/Users/russl/IdeaProjects/cloudHopper/target/classes/assets/textures/star.png
15:28:20.205 [JavaFX Application Thread] DEBUG FXGLAssetLoaderServi - Loading from file system: file:/C:/Users/russl/IdeaProjects/cloudHopper/target/classes/assets/textures/floatingPlatform.png
15:28:50.806 [JavaFX Application Thread] DEBUG FXGLAssetLoaderServi - Loading from file system: file:/C:/Users/russl/IdeaProjects/cloudHopper/target/classes/assets/textures/stone.png
15:28:50.808 [JavaFX Application Thread] WARN  Entity               - Entity already has component: com.almasb.fxgl.entity.components.CollidableComponent
15:28:51.656 [JavaFX Application Thread] WARN  Entity               - Entity already has component: com.almasb.fxgl.entity.components.CollidableComponent
15:28:52.297 [JavaFX Application Thread] WARN  Entity               - Entity already has component: com.almasb.fxgl.entity.components.CollidableComponent
15:28:52.776 [JavaFX Application Thread] WARN  Entity               - Entity already has component: com.almasb.fxgl.entity.components.CollidableComponent
15:28:53.290 [JavaFX Application Thread] WARN  Entity               - Entity already has component: com.almasb.fxgl.entity.components.CollidableComponent
15:28:53.775 [JavaFX Application Thread] WARN  Entity               - Entity already has component: com.almasb.fxgl.entity.components.CollidableComponent
15:28:54.264 [JavaFX Application Thread] WARN  Entity               - Entity already has component: com.almasb.fxgl.entity.components.CollidableComponent
15:30:01.223 [JavaFX Application Thread] WARN  Entity               - Entity already has component: com.almasb.fxgl.entity.components.CollidableComponent
15:30:09.806 [JavaFX Application Thread] DEBUG FXGLApplication      - Exiting FXGL
15:30:09.806 [JavaFX Application Thread] DEBUG LoopRunner           - Stopping loop
15:30:09.806 [JavaFX Application Thread] DEBUG SystemBundleService  - Saving FXGL system data
15:30:09.808 [JavaFX Application Thread] DEBUG FileSystemAccess     - Writing to: C:\Users\russl\IdeaProjects\cloudHopper\system\fxgl.bundle
15:30:09.809 [JavaFX Application Thread] DEBUG Async                - Shutting down background threads
15:30:09.809 [JavaFX Application Thread] DEBUG PrimaryStageWindow   - Closing main window
15:30:09.819 [JavaFX Application Thread] DEBUG Logger               - Closing Logger
