21:20:55.117 [main                     ] DEBUG Logger               - Configured Logger
21:20:55.123 [main                     ] DEBUG GameApplication      - Logging settings
Title: Cloud Hopper
Version: 0.1
Width: 1000
Height: 800
Fullscreen: false
Intro: false
Profiling: false
Single step:false
App Mode: DEVELOPER
Menu Key: ESCAPE
Stage Style: DECORATED
Scene Factory: class com.almasb.fxgl.app.scene.SceneFactory

21:20:55.684 [JavaFX Application Thread] DEBUG FXGLApplication      - Initializing FXGL
21:20:55.687 [JavaFX Application Thread] INFO  Engine               - FXGL-11.16 (25.05.2021 08.16) on WINDOWS (J:16 FX:16)
21:20:55.687 [JavaFX Application Thread] DEBUG Engine               - JRE Vendor Name: Oracle Corporation
21:20:55.688 [JavaFX Application Thread] DEBUG Engine               - Running on OS: Windows 10 version 10.0
21:20:55.688 [JavaFX Application Thread] DEBUG Engine               - Architecture: amd64
21:20:55.688 [JavaFX Application Thread] INFO  Engine               - Source code and latest versions at: https://github.com/AlmasB/FXGL
21:20:55.688 [JavaFX Application Thread] INFO  Engine               -              Join the FXGL chat at: https://gitter.im/AlmasB/FXGL
21:20:55.861 [JavaFX Application Thread] DEBUG PrimaryStageWindow   - Creating a JavaFX scene
21:20:55.923 [JavaFX Application Thread] DEBUG PrimaryStageWindow   - Target settings size: 1000.0 x 800.0
21:20:55.924 [JavaFX Application Thread] DEBUG PrimaryStageWindow   - Scaled scene size:    1000.0 x 800.0
21:20:55.924 [JavaFX Application Thread] DEBUG PrimaryStageWindow   - Scaled ratio: (1.0, 1.0)
21:20:55.925 [JavaFX Application Thread] DEBUG PrimaryStageWindow   - Set initial scene to FXGLStartupScene
21:20:55.936 [JavaFX Application Thread] DEBUG PrimaryStageWindow   - Opening main window
21:20:56.048 [JavaFX Application Thread] DEBUG PrimaryStageWindow   - Window border size: (16.0, 39.0)
21:20:56.049 [JavaFX Application Thread] DEBUG PrimaryStageWindow   - Scaled size: 1000.0 x 800.0
21:20:56.049 [JavaFX Application Thread] DEBUG PrimaryStageWindow   - Scaled ratio: (1.0, 1.0)
21:20:56.049 [JavaFX Application Thread] DEBUG PrimaryStageWindow   - Scene size: 1000.0 x 800.0
21:20:56.049 [JavaFX Application Thread] DEBUG PrimaryStageWindow   - Stage size: 1016.0 x 839.0
21:20:56.058 [FXGL Background Thread 1 ] DEBUG Engine               - Initializing environment variables
21:20:56.106 [FXGL Background Thread 1 ] DEBUG FXGLAssetLoaderServi - User app class for loading assets: class com.cloudHopper.PlatformerApp
21:20:56.106 [FXGL Background Thread 1 ] DEBUG GameApplicationServi - Applying CSS: fxgl_dark.css
21:20:56.107 [FXGL Background Thread 1 ] DEBUG FXGLAssetLoaderServi - Loading from file system: jar:file:/C:/Users/russl/.m2/repository/com/github/almasb/fxgl/11.16/fxgl-11.16.jar!/fxglassets/ui/css/fxgl_dark.css
21:20:56.165 [FXGL Background Thread 1 ] DEBUG GameApplicationServi - Initializing application scenes
21:20:56.214 [FXGL Background Thread 1 ] DEBUG GameWorld            - Game world initialized
21:20:56.290 [FXGL Background Thread 1 ] DEBUG PhysicsWorld         - Physics world initialized: appHeight=800, physics.ppm=50.0
21:20:56.291 [FXGL Background Thread 1 ] DEBUG PhysicsWorld         - Using strategy: BRUTE_FORCE
21:20:56.294 [FXGL Background Thread 1 ] DEBUG GameScene            - Game scene initialized: 1000x800
21:20:56.308 [FXGL Background Thread 1 ] DEBUG FXGL.DefaultMenu     - createMenuBodyGameMenu()
21:20:56.328 [FXGL Background Thread 1 ] DEBUG FXGL.DefaultMenu     - createOptionsMenu()
21:20:56.341 [FXGL Background Thread 1 ] DEBUG FXGLAssetLoaderServi - Loading from file system: jar:file:/C:/Users/russl/.m2/repository/com/github/almasb/fxgl/11.16/fxgl-11.16.jar!/fxglassets/textures/particles/smoke.png
21:20:56.474 [FXGL Background Thread 1 ] DEBUG FXGLAssetLoaderServi - Loading from file system: jar:file:/C:/Users/russl/.m2/repository/com/github/almasb/fxgl/11.16/fxgl-11.16.jar!/fxglassets/textures/particles/trace_horizontal.png
21:20:56.510 [FXGL Background Thread 1 ] DEBUG GameApplicationServi - Application scenes initialized
21:20:56.522 [FXGL Background Thread 1 ] DEBUG SystemBundleService  - Loading FXGL system data
21:20:56.527 [FXGL Background Thread 1 ] DEBUG FileSystemAccess     - Reading from: C:\Users\russl\IdeaProjects\cloudHopper\system\fxgl.bundle
21:20:56.534 [FXGL Background Thread 1 ] DEBUG SystemBundleService  - Bundle FXGL: {}
21:20:56.534 [FXGL Background Thread 1 ] DEBUG UpdaterService       - Checking for updates
21:20:56.538 [FXGL Background Thread 4 ] DEBUG FXGLApplication      - Loading fonts
21:20:56.539 [FXGL Background Thread 4 ] DEBUG FXGLAssetLoaderServi - Loading from file system: jar:file:/C:/Users/russl/.m2/repository/com/github/almasb/fxgl/11.16/fxgl-11.16.jar!/fxglassets/ui/fonts/VarelaRound-Regular.ttf
21:20:56.539 [FXGL Background Thread 1 ] DEBUG FXGLApplication      - Loading default localization
21:20:56.540 [FXGL Background Thread 1 ] DEBUG FXGLAssetLoaderServi - Loading from file system: jar:file:/C:/Users/russl/.m2/repository/com/github/almasb/fxgl/11.16/fxgl-11.16.jar!/fxglassets/languages/english.lang
21:20:56.566 [FXGL Background Thread 1 ] INFO  FXGLApplication      - FXGL initialization took: 0.507 sec
21:20:56.581 [JavaFX Application Thread] DEBUG Input                - Registered new binding: action0 - A
21:20:56.582 [JavaFX Application Thread] DEBUG Input                - Registered new binding: action1 - D
21:20:56.583 [JavaFX Application Thread] DEBUG Input                - Registered new binding: action2 - Space
21:20:56.584 [JavaFX Application Thread] DEBUG Input                - Registered new binding: action3 - W
21:20:56.585 [JavaFX Application Thread] DEBUG FXGLAssetLoaderServi - Loading from file system: jar:file:/C:/Users/russl/.m2/repository/com/github/almasb/fxgl/11.16/fxgl-11.16.jar!/fxglassets/textures/fxgl_icon.png
21:20:56.595 [FXGL Background Thread 4 ] DEBUG FXGLAssetLoaderServi - Loading from file system: jar:file:/C:/Users/russl/.m2/repository/com/github/almasb/fxgl/11.16/fxgl-11.16.jar!/fxglassets/ui/fonts/Abel-Regular.ttf
21:20:56.600 [FXGL Background Thread 4 ] DEBUG FXGLAssetLoaderServi - Loading from file system: jar:file:/C:/Users/russl/.m2/repository/com/github/almasb/fxgl/11.16/fxgl-11.16.jar!/fxglassets/ui/fonts/lucida_console.ttf
21:20:56.607 [FXGL Background Thread 4 ] DEBUG FXGLAssetLoaderServi - Loading from file system: jar:file:/C:/Users/russl/.m2/repository/com/github/almasb/fxgl/11.16/fxgl-11.16.jar!/fxglassets/ui/fonts/Courier-Prime.ttf
21:20:56.615 [JavaFX Application Thread] DEBUG FXGLAssetLoaderServi - Loading from file system: jar:file:/C:/Users/russl/.m2/repository/com/github/almasb/fxgl/11.16/fxgl-11.16.jar!/fxglassets/textures/fxgl_default_cursor.png
21:20:56.618 [JavaFX Application Thread] DEBUG Input                - Registered new binding: Screenshot - CTRL+8
21:20:56.619 [JavaFX Application Thread] DEBUG Input                - Registered new binding: System info dump - CTRL+9
21:20:56.620 [JavaFX Application Thread] DEBUG Input                - Registered new binding: Restart - CTRL+R
21:20:56.621 [JavaFX Application Thread] DEBUG Input                - Registered new binding: Toggle Debug Camera - CTRL+C
21:20:56.624 [JavaFX Application Thread] DEBUG LoopRunner           - Starting loop
21:20:56.625 [JavaFX Application Thread] DEBUG LoopRunner           - Initializing JavaFX AnimationTimerLoop
21:20:56.627 [JavaFX Application Thread] DEBUG GameApplicationServi - Starting new game
21:20:56.628 [JavaFX Application Thread] DEBUG Input                - Clearing active input actions
21:20:56.641 [JavaFX Application Thread] DEBUG GameApplicationServi - Removing overlay from FXGLStartupScene and adding to FXGLLoadingScene
21:20:56.642 [JavaFX Application Thread] DEBUG PrimaryStageWindow   - FXGLStartupScene -> FXGLLoadingScene
21:20:56.642 [JavaFX Application Thread] DEBUG GameApplicationServi - Clearing previous game
21:20:56.642 [JavaFX Application Thread] DEBUG GameScene            - Clearing game scene
21:20:56.642 [JavaFX Application Thread] DEBUG GameWorld            - Clearing game world
21:20:56.643 [JavaFX Application Thread] DEBUG PhysicsWorld         - Clearing physics world
21:20:56.645 [JavaFX Application Thread] DEBUG FXGLApplication      - Registering font factories with UI factory
21:20:56.645 [FXGL Background Thread 4 ] DEBUG FXGLApplication      - Initializing game
21:20:56.717 [FXGL Background Thread 4 ] WARN  TMXLevelLoader       - TiledMap generated from 1.7.1. Supported version: 1.2.3. Some features may not be parsed fully.
21:20:56.768 [FXGL Background Thread 4 ] DEBUG TMXLevelLoader       - Parsed TiledMap: file:/C:/Users/russl/IdeaProjects/cloudHopper/target/classes/assets/levels/level1.tmx
21:20:56.769 [FXGL Background Thread 4 ] DEBUG TMXLevelLoader       - Creating tile layer entities
21:20:56.770 [FXGL Background Thread 4 ] DEBUG TilesetLoader        - Loading view for layer Tile Layer 1
21:20:56.818 [FXGL Background Thread 4 ] DEBUG TilesetLoader        - Created buffer with size 20480.0x1280.0
21:20:56.902 [FXGL Background Thread 4 ] DEBUG TMXLevelLoader       - Creating object layer entities
21:20:56.925 [FXGL Background Thread 4 ] DEBUG FXGLAssetLoaderServi - Loading from file system: file:/C:/Users/russl/IdeaProjects/cloudHopper/target/classes/assets/textures/crate.png
21:20:56.941 [FXGL Background Thread 4 ] DEBUG FXGLAssetLoaderServi - Loading from file system: file:/C:/Users/russl/IdeaProjects/cloudHopper/target/classes/assets/textures/StoneBlock.png
21:20:56.950 [FXGL Background Thread 4 ] DEBUG FXGLAssetLoaderServi - Loading from file system: file:/C:/Users/russl/IdeaProjects/cloudHopper/target/classes/assets/textures/characters_packed.png
21:20:56.978 [FXGL Background Thread 4 ] DEBUG FXGLAssetLoaderServi - Loading from file system: file:/C:/Users/russl/IdeaProjects/cloudHopper/target/classes/assets/textures/keyAnimation.png
21:20:57.000 [FXGL Background Thread 4 ] DEBUG GameWorld            - Clearing removable entities
21:20:57.001 [FXGL Background Thread 4 ] DEBUG GameWorld            - Setting level: com.almasb.fxgl.entity.level.Level@5c50e59
21:20:57.024 [FXGL Background Thread 4 ] DEBUG FXGLAssetLoaderServi - Loading from file system: file:/C:/Users/russl/IdeaProjects/cloudHopper/target/classes/assets/textures/player_idle.png
21:20:57.025 [FXGL Background Thread 4 ] DEBUG FXGLAssetLoaderServi - Loading from file system: file:/C:/Users/russl/IdeaProjects/cloudHopper/target/classes/assets/textures/player_walking.png
21:20:57.029 [FXGL Background Thread 4 ] DEBUG FXGLAssetLoaderServi - Loading from file system: file:/C:/Users/russl/IdeaProjects/cloudHopper/target/classes/assets/textures/z-8.png
21:20:57.098 [FXGL Background Thread 4 ] WARN  GameWorld            - Entity is already attached to world
21:20:57.099 [FXGL Background Thread 4 ] DEBUG FXGLAssetLoaderServi - Loading from file system: file:/C:/Users/russl/IdeaProjects/cloudHopper/target/classes/assets/textures/z-7.png
21:20:57.143 [FXGL Background Thread 4 ] WARN  GameWorld            - Entity is already attached to world
21:20:57.144 [FXGL Background Thread 4 ] DEBUG FXGLAssetLoaderServi - Loading from file system: file:/C:/Users/russl/IdeaProjects/cloudHopper/target/classes/assets/textures/z-5.png
21:20:57.189 [FXGL Background Thread 4 ] WARN  GameWorld            - Entity is already attached to world
21:20:57.190 [FXGL Background Thread 4 ] DEBUG FXGLAssetLoaderServi - Loading from file system: file:/C:/Users/russl/IdeaProjects/cloudHopper/target/classes/assets/textures/z-4.png
21:20:57.237 [FXGL Background Thread 4 ] WARN  GameWorld            - Entity is already attached to world
21:20:57.238 [FXGL Background Thread 4 ] DEBUG FXGLAssetLoaderServi - Loading from file system: file:/C:/Users/russl/IdeaProjects/cloudHopper/target/classes/assets/textures/z-3.png
21:20:57.286 [FXGL Background Thread 4 ] WARN  GameWorld            - Entity is already attached to world
21:20:57.287 [FXGL Background Thread 4 ] DEBUG FXGLAssetLoaderServi - Loading from file system: file:/C:/Users/russl/IdeaProjects/cloudHopper/target/classes/assets/textures/z-1.png
21:20:57.331 [FXGL Background Thread 4 ] WARN  GameWorld            - Entity is already attached to world
21:20:57.339 [FXGL Background Thread 4 ] INFO  FXGLApplication      - Game initialization took: 0.695 sec
21:20:57.340 [JavaFX Application Thread] DEBUG Input                - Clearing active input actions
21:20:57.355 [JavaFX Application Thread] DEBUG GameApplicationServi - Removing overlay from FXGLLoadingScene and adding to GameScene
21:20:57.356 [JavaFX Application Thread] DEBUG PrimaryStageWindow   - FXGLLoadingScene -> GameScene
21:20:57.657 [FXGL Background Thread 2 ] INFO  UpdaterService       - Your current version:  11.16
21:20:57.658 [FXGL Background Thread 2 ] INFO  UpdaterService       - Latest stable version: 11.17
21:20:59.537 [FXGL Background Thread 3 ] DEBUG Engine               - Logging environment variables
21:20:59.537 [FXGL Background Thread 3 ] DEBUG Engine               - achievements: []
21:20:59.537 [FXGL Background Thread 3 ] DEBUG Engine               - actualHeight: 800.0
21:20:59.537 [FXGL Background Thread 3 ] DEBUG Engine               - actualHeightProperty: ReadOnlyDoubleProperty [value: 800.0]
21:20:59.538 [FXGL Background Thread 3 ] DEBUG Engine               - actualWidth: 1000.0
21:20:59.538 [FXGL Background Thread 3 ] DEBUG Engine               - actualWidthProperty: ReadOnlyDoubleProperty [value: 1000.0]
21:20:59.538 [FXGL Background Thread 3 ] DEBUG Engine               - appIcon: fxgl_icon.png
21:20:59.538 [FXGL Background Thread 3 ] DEBUG Engine               - applicationMode: DEVELOPER
21:20:59.538 [FXGL Background Thread 3 ] DEBUG Engine               - cSSList: [fxgl_dark.css]
21:20:59.538 [FXGL Background Thread 3 ] DEBUG Engine               - collisionDetectionStrategy: BRUTE_FORCE
21:20:59.538 [FXGL Background Thread 3 ] DEBUG Engine               - configClass: Optional.empty
21:20:59.538 [FXGL Background Thread 3 ] DEBUG Engine               - credits: []
21:20:59.538 [FXGL Background Thread 3 ] DEBUG Engine               - defaultCursor: CursorInfo(imageName=fxgl_default_cursor.png, hotspotX=7.0, hotspotY=6.0)
21:20:59.538 [FXGL Background Thread 3 ] DEBUG Engine               - devBBoxColorProperty: ObjectProperty [value: 0xff0000ff]
21:20:59.539 [FXGL Background Thread 3 ] DEBUG Engine               - devEnableDebugCameraProperty: BooleanProperty [value: false]
21:20:59.539 [FXGL Background Thread 3 ] DEBUG Engine               - devSensorColorProperty: ObjectProperty [value: 0xffff00ff]
21:20:59.539 [FXGL Background Thread 3 ] DEBUG Engine               - devShowBBoxProperty: BooleanProperty [value: false]
21:20:59.539 [FXGL Background Thread 3 ] DEBUG Engine               - devShowPositionProperty: BooleanProperty [value: false]
21:20:59.539 [FXGL Background Thread 3 ] DEBUG Engine               - enabledMenuItems: []
21:20:59.539 [FXGL Background Thread 3 ] DEBUG Engine               - engineServices: [class com.almasb.fxgl.app.services.FXGLAssetLoaderService, class com.almasb.fxgl.app.FXGLApplication$GameApplicationService, class com.almasb.fxgl.app.services.FXGLDialogService, class com.almasb.fxgl.app.services.IOTaskExecutorService, class com.almasb.fxgl.io.FileSystemService, class com.almasb.fxgl.localization.LocalizationService, class com.almasb.fxgl.app.services.SystemBundleService, class com.almasb.fxgl.profile.SaveLoadService, class com.almasb.fxgl.ui.FXGLUIFactoryServiceProvider, class com.almasb.fxgl.ui.FXGLDialogFactoryServiceProvider, class com.almasb.fxgl.audio.AudioPlayer, class com.almasb.fxgl.notification.impl.NotificationServiceProvider, class com.almasb.fxgl.achievement.AchievementService, class com.almasb.fxgl.cutscene.CutsceneService, class com.almasb.fxgl.minigames.MiniGameService, class com.almasb.fxgl.net.NetService, class com.almasb.fxgl.app.services.UpdaterService, class com.almasb.fxgl.dev.DevService]
21:20:59.539 [FXGL Background Thread 3 ] DEBUG Engine               - fontGame: Abel-Regular.ttf
21:20:59.539 [FXGL Background Thread 3 ] DEBUG Engine               - fontMono: lucida_console.ttf
21:20:59.540 [FXGL Background Thread 3 ] DEBUG Engine               - fontText: Courier-Prime.ttf
21:20:59.540 [FXGL Background Thread 3 ] DEBUG Engine               - fontUI: VarelaRound-Regular.ttf
21:20:59.540 [FXGL Background Thread 3 ] DEBUG Engine               - fullScreen: BooleanProperty [value: false]
21:20:59.540 [FXGL Background Thread 3 ] DEBUG Engine               - gameDifficulty: MEDIUM
21:20:59.540 [FXGL Background Thread 3 ] DEBUG Engine               - gameDifficultyProperty: ObjectProperty [value: MEDIUM]
21:20:59.540 [FXGL Background Thread 3 ] DEBUG Engine               - globalMusicVolume: 0.5
21:20:59.540 [FXGL Background Thread 3 ] DEBUG Engine               - globalMusicVolumeProperty: DoubleProperty [value: 0.5]
21:20:59.540 [FXGL Background Thread 3 ] DEBUG Engine               - globalSoundVolume: 0.5
21:20:59.541 [FXGL Background Thread 3 ] DEBUG Engine               - globalSoundVolumeProperty: DoubleProperty [value: 0.5]
21:20:59.541 [FXGL Background Thread 3 ] DEBUG Engine               - height: 800
21:20:59.541 [FXGL Background Thread 3 ] DEBUG Engine               - is3D: false
21:20:59.541 [FXGL Background Thread 3 ] DEBUG Engine               - isAndroid: false
21:20:59.541 [FXGL Background Thread 3 ] DEBUG Engine               - isBrowser: false
21:20:59.541 [FXGL Background Thread 3 ] DEBUG Engine               - isClickFeedbackEnabled: false
21:20:59.541 [FXGL Background Thread 3 ] DEBUG Engine               - isCloseConfirmation: false
21:20:59.541 [FXGL Background Thread 3 ] DEBUG Engine               - isDesktop: true
21:20:59.541 [FXGL Background Thread 3 ] DEBUG Engine               - isDeveloperMenuEnabled: false
21:20:59.541 [FXGL Background Thread 3 ] DEBUG Engine               - isEntityPreloadEnabled: true
21:20:59.541 [FXGL Background Thread 3 ] DEBUG Engine               - isExperimentalTiledLargeMap: false
21:20:59.541 [FXGL Background Thread 3 ] DEBUG Engine               - isFileSystemWriteAllowed: true
21:20:59.541 [FXGL Background Thread 3 ] DEBUG Engine               - isFullScreenAllowed: false
21:20:59.541 [FXGL Background Thread 3 ] DEBUG Engine               - isFullScreenFromStart: false
21:20:59.542 [FXGL Background Thread 3 ] DEBUG Engine               - isGameMenuEnabled: true
21:20:59.542 [FXGL Background Thread 3 ] DEBUG Engine               - isIOS: false
21:20:59.542 [FXGL Background Thread 3 ] DEBUG Engine               - isIntroEnabled: false
21:20:59.542 [FXGL Background Thread 3 ] DEBUG Engine               - isLinux: false
21:20:59.542 [FXGL Background Thread 3 ] DEBUG Engine               - isMac: false
21:20:59.542 [FXGL Background Thread 3 ] DEBUG Engine               - isMainMenuEnabled: false
21:20:59.542 [FXGL Background Thread 3 ] DEBUG Engine               - isManualResizeEnabled: false
21:20:59.542 [FXGL Background Thread 3 ] DEBUG Engine               - isMobile: false
21:20:59.542 [FXGL Background Thread 3 ] DEBUG Engine               - isNative: false
21:20:59.542 [FXGL Background Thread 3 ] DEBUG Engine               - isPreserveResizeRatio: false
21:20:59.542 [FXGL Background Thread 3 ] DEBUG Engine               - isProfilingEnabled: false
21:20:59.543 [FXGL Background Thread 3 ] DEBUG Engine               - isScaleAffectedOnResize: true
21:20:59.543 [FXGL Background Thread 3 ] DEBUG Engine               - isSingleStep: false
21:20:59.543 [FXGL Background Thread 3 ] DEBUG Engine               - isUserProfileEnabled: false
21:20:59.543 [FXGL Background Thread 3 ] DEBUG Engine               - isWindows: true
21:20:59.543 [FXGL Background Thread 3 ] DEBUG Engine               - language: ObjectProperty [value: ENGLISH]
21:20:59.543 [FXGL Background Thread 3 ] DEBUG Engine               - menuKey: ESCAPE
21:20:59.543 [FXGL Background Thread 3 ] DEBUG Engine               - mouseSensitivity: 0.2
21:20:59.543 [FXGL Background Thread 3 ] DEBUG Engine               - notificationViewClass: class com.almasb.fxgl.notification.view.XboxNotificationView
21:20:59.543 [FXGL Background Thread 3 ] DEBUG Engine               - pixelsPerMeter: 50.0
21:20:59.543 [FXGL Background Thread 3 ] DEBUG Engine               - platform: WINDOWS
21:20:59.543 [FXGL Background Thread 3 ] DEBUG Engine               - prefHeightProperty: ReadOnlyDoubleProperty [value: 800.0]
21:20:59.543 [FXGL Background Thread 3 ] DEBUG Engine               - prefWidthProperty: ReadOnlyDoubleProperty [value: 1000.0]
21:20:59.544 [FXGL Background Thread 3 ] DEBUG Engine               - profileDir: profiles/
21:20:59.544 [FXGL Background Thread 3 ] DEBUG Engine               - profileName: StringProperty [value: DEFAULT]
21:20:59.544 [FXGL Background Thread 3 ] DEBUG Engine               - randomSeed: -1
21:20:59.544 [FXGL Background Thread 3 ] DEBUG Engine               - runtimeInfo: RuntimeInfo(platform=WINDOWS, version=11.16, build=25.05.2021 08.16)
21:20:59.544 [FXGL Background Thread 3 ] DEBUG Engine               - saveFileExt: sav
21:20:59.544 [FXGL Background Thread 3 ] DEBUG Engine               - scaledHeightProp$fxgl: DoubleProperty [bound, value: 800.0]
21:20:59.544 [FXGL Background Thread 3 ] DEBUG Engine               - scaledWidthProp$fxgl: DoubleProperty [bound, value: 1000.0]
21:20:59.544 [FXGL Background Thread 3 ] DEBUG Engine               - sceneFactory: com.almasb.fxgl.app.scene.SceneFactory@1e5a85f2
21:20:59.544 [FXGL Background Thread 3 ] DEBUG Engine               - secondsIn24h: 60
21:20:59.544 [FXGL Background Thread 3 ] DEBUG Engine               - soundMenuBack: menu/back.wav
21:20:59.544 [FXGL Background Thread 3 ] DEBUG Engine               - soundMenuPress: menu/press.wav
21:20:59.545 [FXGL Background Thread 3 ] DEBUG Engine               - soundMenuSelect: menu/select.wav
21:20:59.545 [FXGL Background Thread 3 ] DEBUG Engine               - soundNotification: core/notification.wav
21:20:59.545 [FXGL Background Thread 3 ] DEBUG Engine               - stageStyle: DECORATED
21:20:59.545 [FXGL Background Thread 3 ] DEBUG Engine               - supportedLanguages: [ENGLISH, FRENCH, GERMAN, HUNGARIAN, RUSSIAN]
21:20:59.545 [FXGL Background Thread 3 ] DEBUG Engine               - ticksPerSecond: -1
21:20:59.545 [FXGL Background Thread 3 ] DEBUG Engine               - title: Cloud Hopper
21:20:59.545 [FXGL Background Thread 3 ] DEBUG Engine               - urlGithub: https://github.com/AlmasB/FXGL
21:20:59.545 [FXGL Background Thread 3 ] DEBUG Engine               - urlLeaderboard: http://fxgl-top.herokuapp.com/
21:20:59.545 [FXGL Background Thread 3 ] DEBUG Engine               - urlPOM: https://raw.githubusercontent.com/AlmasB/FXGL/release/README.md
21:20:59.545 [FXGL Background Thread 3 ] DEBUG Engine               - userAppClass: class com.cloudHopper.PlatformerApp
21:20:59.545 [FXGL Background Thread 3 ] DEBUG Engine               - version: 0.1
21:20:59.545 [FXGL Background Thread 3 ] DEBUG Engine               - versionCheckDays: 7
21:20:59.545 [FXGL Background Thread 3 ] DEBUG Engine               - width: 1000
21:20:59.545 [FXGL Background Thread 3 ] DEBUG Engine               - Logging services
21:20:59.546 [FXGL Background Thread 3 ] DEBUG Engine               - class com.almasb.fxgl.app.services.FXGLAssetLoaderService
21:20:59.546 [FXGL Background Thread 3 ] DEBUG Engine               - class com.almasb.fxgl.app.FXGLApplication$GameApplicationService
21:20:59.546 [FXGL Background Thread 3 ] DEBUG Engine               - class com.almasb.fxgl.app.services.FXGLDialogService
21:20:59.546 [FXGL Background Thread 3 ] DEBUG Engine               - class com.almasb.fxgl.app.services.IOTaskExecutorService
21:20:59.546 [FXGL Background Thread 3 ] DEBUG Engine               - class com.almasb.fxgl.io.FileSystemService
21:20:59.546 [FXGL Background Thread 3 ] DEBUG Engine               - class com.almasb.fxgl.localization.LocalizationService
21:20:59.546 [FXGL Background Thread 3 ] DEBUG Engine               - class com.almasb.fxgl.app.services.SystemBundleService
21:20:59.546 [FXGL Background Thread 3 ] DEBUG Engine               - class com.almasb.fxgl.profile.SaveLoadService
21:20:59.546 [FXGL Background Thread 3 ] DEBUG Engine               - class com.almasb.fxgl.ui.FXGLUIFactoryServiceProvider
21:20:59.546 [FXGL Background Thread 3 ] DEBUG Engine               - class com.almasb.fxgl.ui.FXGLDialogFactoryServiceProvider
21:20:59.546 [FXGL Background Thread 3 ] DEBUG Engine               - class com.almasb.fxgl.audio.AudioPlayer
21:20:59.546 [FXGL Background Thread 3 ] DEBUG Engine               - class com.almasb.fxgl.notification.impl.NotificationServiceProvider
21:20:59.547 [FXGL Background Thread 3 ] DEBUG Engine               - class com.almasb.fxgl.achievement.AchievementService
21:20:59.547 [FXGL Background Thread 3 ] DEBUG Engine               - class com.almasb.fxgl.cutscene.CutsceneService
21:20:59.547 [FXGL Background Thread 3 ] DEBUG Engine               - class com.almasb.fxgl.minigames.MiniGameService
21:20:59.547 [FXGL Background Thread 3 ] DEBUG Engine               - class com.almasb.fxgl.net.NetService
21:20:59.547 [FXGL Background Thread 3 ] DEBUG Engine               - class com.almasb.fxgl.app.services.UpdaterService
21:20:59.547 [FXGL Background Thread 3 ] DEBUG Engine               - class com.almasb.fxgl.dev.DevService
21:21:02.015 [JavaFX Application Thread] DEBUG PrimaryStageWindow   - Push state: DialogSubScene
21:21:02.015 [JavaFX Application Thread] DEBUG Input                - Clearing active input actions
21:21:02.019 [JavaFX Application Thread] DEBUG GameApplicationServi - Removing overlay from GameScene and adding to DialogSubScene
21:21:02.020 [JavaFX Application Thread] DEBUG PrimaryStageWindow   - GameScene -> DialogSubScene
21:21:02.020 [JavaFX Application Thread] DEBUG FXGLAssetLoaderServi - Loading from file system: file:/C:/Users/russl/IdeaProjects/cloudHopper/target/classes/assets/textures/key.png
21:21:03.922 [JavaFX Application Thread] DEBUG PrimaryStageWindow   - Pop state: DialogSubScene
21:21:03.923 [JavaFX Application Thread] DEBUG Input                - Clearing active input actions
21:21:03.923 [JavaFX Application Thread] DEBUG GameApplicationServi - Removing overlay from DialogSubScene and adding to GameScene
21:21:03.924 [JavaFX Application Thread] DEBUG PrimaryStageWindow   - GameScene <- DialogSubScene
21:21:06.622 [JavaFX Application Thread] DEBUG FXGLAssetLoaderServi - Loading from file system: file:/C:/Users/russl/IdeaProjects/cloudHopper/target/classes/assets/textures/floatingPlatform.png
21:21:06.626 [JavaFX Application Thread] DEBUG PrimaryStageWindow   - Push state: DialogSubScene
21:21:06.626 [JavaFX Application Thread] DEBUG Input                - Clearing active input actions
21:21:06.626 [JavaFX Application Thread] DEBUG GameApplicationServi - Removing overlay from GameScene and adding to DialogSubScene
21:21:06.626 [JavaFX Application Thread] DEBUG PrimaryStageWindow   - GameScene -> DialogSubScene
21:21:08.308 [JavaFX Application Thread] DEBUG PrimaryStageWindow   - Pop state: DialogSubScene
21:21:08.308 [JavaFX Application Thread] DEBUG Input                - Clearing active input actions
21:21:08.309 [JavaFX Application Thread] DEBUG GameApplicationServi - Removing overlay from DialogSubScene and adding to GameScene
21:21:08.309 [JavaFX Application Thread] DEBUG PrimaryStageWindow   - GameScene <- DialogSubScene
21:21:21.098 [JavaFX Application Thread] DEBUG FXGLApplication      - Exiting FXGL
21:21:21.098 [JavaFX Application Thread] DEBUG LoopRunner           - Stopping loop
21:21:21.098 [JavaFX Application Thread] DEBUG SystemBundleService  - Saving FXGL system data
21:21:21.100 [JavaFX Application Thread] DEBUG FileSystemAccess     - Writing to: C:\Users\russl\IdeaProjects\cloudHopper\system\fxgl.bundle
21:21:21.102 [JavaFX Application Thread] DEBUG Async                - Shutting down background threads
21:21:21.102 [JavaFX Application Thread] DEBUG PrimaryStageWindow   - Closing main window
21:21:21.114 [JavaFX Application Thread] DEBUG Logger               - Closing Logger
