13:03:55.286 [main                     ] DEBUG Logger               - Configured Logger
13:03:55.291 [main                     ] DEBUG GameApplication      - Logging settings
Title: Cloud Hopper
Version: 0.1
Width: 1000
Height: 800
Fullscreen: false
Intro: false
Profiling: false
Single step:false
App Mode: DEVELOPER
Menu Key: ESCAPE
Stage Style: DECORATED
Scene Factory: class com.almasb.fxgl.app.scene.SceneFactory

13:03:55.865 [JavaFX Application Thread] DEBUG FXGLApplication      - Initializing FXGL
13:03:55.869 [JavaFX Application Thread] INFO  Engine               - FXGL-11.16 (25.05.2021 08.16) on WINDOWS (J:16 FX:16)
13:03:55.870 [JavaFX Application Thread] DEBUG Engine               - JRE Vendor Name: Oracle Corporation
13:03:55.870 [JavaFX Application Thread] DEBUG Engine               - Running on OS: Windows 10 version 10.0
13:03:55.870 [JavaFX Application Thread] DEBUG Engine               - Architecture: amd64
13:03:55.870 [JavaFX Application Thread] INFO  Engine               - Source code and latest versions at: https://github.com/AlmasB/FXGL
13:03:55.871 [JavaFX Application Thread] INFO  Engine               -              Join the FXGL chat at: https://gitter.im/AlmasB/FXGL
13:03:56.040 [JavaFX Application Thread] DEBUG PrimaryStageWindow   - Creating a JavaFX scene
13:03:56.104 [JavaFX Application Thread] DEBUG PrimaryStageWindow   - Target settings size: 1000.0 x 800.0
13:03:56.105 [JavaFX Application Thread] DEBUG PrimaryStageWindow   - Scaled scene size:    1000.0 x 800.0
13:03:56.105 [JavaFX Application Thread] DEBUG PrimaryStageWindow   - Scaled ratio: (1.0, 1.0)
13:03:56.106 [JavaFX Application Thread] DEBUG PrimaryStageWindow   - Set initial scene to FXGLStartupScene
13:03:56.117 [JavaFX Application Thread] DEBUG PrimaryStageWindow   - Opening main window
13:03:56.223 [JavaFX Application Thread] DEBUG PrimaryStageWindow   - Window border size: (16.0, 39.0)
13:03:56.223 [JavaFX Application Thread] DEBUG PrimaryStageWindow   - Scaled size: 1000.0 x 800.0
13:03:56.224 [JavaFX Application Thread] DEBUG PrimaryStageWindow   - Scaled ratio: (1.0, 1.0)
13:03:56.224 [JavaFX Application Thread] DEBUG PrimaryStageWindow   - Scene size: 1000.0 x 800.0
13:03:56.224 [JavaFX Application Thread] DEBUG PrimaryStageWindow   - Stage size: 1016.0 x 839.0
13:03:56.234 [FXGL Background Thread 1 ] DEBUG Engine               - Initializing environment variables
13:03:56.282 [FXGL Background Thread 1 ] DEBUG FXGLAssetLoaderServi - User app class for loading assets: class com.cloudHopper.PlatformerApp
13:03:56.283 [FXGL Background Thread 1 ] DEBUG GameApplicationServi - Applying CSS: fxgl_dark.css
13:03:56.284 [FXGL Background Thread 1 ] DEBUG FXGLAssetLoaderServi - Loading from file system: jar:file:/C:/Users/russl/.m2/repository/com/github/almasb/fxgl/11.16/fxgl-11.16.jar!/fxglassets/ui/css/fxgl_dark.css
13:03:56.336 [FXGL Background Thread 1 ] DEBUG GameApplicationServi - Initializing application scenes
13:03:56.377 [FXGL Background Thread 1 ] DEBUG GameWorld            - Game world initialized
13:03:56.450 [FXGL Background Thread 1 ] DEBUG PhysicsWorld         - Physics world initialized: appHeight=800, physics.ppm=50.0
13:03:56.451 [FXGL Background Thread 1 ] DEBUG PhysicsWorld         - Using strategy: BRUTE_FORCE
13:03:56.454 [FXGL Background Thread 1 ] DEBUG GameScene            - Game scene initialized: 1000x800
13:03:56.467 [FXGL Background Thread 1 ] DEBUG FXGL.DefaultMenu     - createMenuBodyGameMenu()
13:03:56.487 [FXGL Background Thread 1 ] DEBUG FXGL.DefaultMenu     - createOptionsMenu()
13:03:56.496 [FXGL Background Thread 1 ] DEBUG FXGLAssetLoaderServi - Loading from file system: jar:file:/C:/Users/russl/.m2/repository/com/github/almasb/fxgl/11.16/fxgl-11.16.jar!/fxglassets/textures/particles/smoke.png
13:03:56.604 [FXGL Background Thread 1 ] DEBUG FXGLAssetLoaderServi - Loading from file system: jar:file:/C:/Users/russl/.m2/repository/com/github/almasb/fxgl/11.16/fxgl-11.16.jar!/fxglassets/textures/particles/trace_horizontal.png
13:03:56.643 [FXGL Background Thread 1 ] DEBUG GameApplicationServi - Application scenes initialized
13:03:56.654 [FXGL Background Thread 1 ] DEBUG SystemBundleService  - Loading FXGL system data
13:03:56.658 [FXGL Background Thread 1 ] DEBUG FileSystemAccess     - Reading from: C:\Users\russl\IdeaProjects\cloudHopper\system\fxgl.bundle
13:03:56.664 [FXGL Background Thread 1 ] DEBUG SystemBundleService  - Bundle FXGL: {}
13:03:56.664 [FXGL Background Thread 1 ] DEBUG UpdaterService       - Checking for updates
13:03:56.669 [FXGL Background Thread 4 ] DEBUG FXGLApplication      - Loading fonts
13:03:56.669 [FXGL Background Thread 1 ] DEBUG FXGLApplication      - Loading default localization
13:03:56.670 [FXGL Background Thread 4 ] DEBUG FXGLAssetLoaderServi - Loading from file system: jar:file:/C:/Users/russl/.m2/repository/com/github/almasb/fxgl/11.16/fxgl-11.16.jar!/fxglassets/ui/fonts/VarelaRound-Regular.ttf
13:03:56.670 [FXGL Background Thread 1 ] DEBUG FXGLAssetLoaderServi - Loading from file system: jar:file:/C:/Users/russl/.m2/repository/com/github/almasb/fxgl/11.16/fxgl-11.16.jar!/fxglassets/languages/english.lang
13:03:56.693 [FXGL Background Thread 1 ] INFO  FXGLApplication      - FXGL initialization took: 0.458 sec
13:03:56.708 [JavaFX Application Thread] DEBUG Input                - Registered new binding: action0 - A
13:03:56.709 [JavaFX Application Thread] DEBUG Input                - Registered new binding: action1 - D
13:03:56.710 [JavaFX Application Thread] DEBUG Input                - Registered new binding: action2 - Space
13:03:56.710 [JavaFX Application Thread] DEBUG Input                - Registered new binding: action3 - W
13:03:56.711 [JavaFX Application Thread] DEBUG Input                - Registered new binding: action4 - S
13:03:56.712 [JavaFX Application Thread] DEBUG FXGLAssetLoaderServi - Loading from file system: jar:file:/C:/Users/russl/.m2/repository/com/github/almasb/fxgl/11.16/fxgl-11.16.jar!/fxglassets/textures/fxgl_icon.png
13:03:56.718 [FXGL Background Thread 4 ] DEBUG FXGLAssetLoaderServi - Loading from file system: jar:file:/C:/Users/russl/.m2/repository/com/github/almasb/fxgl/11.16/fxgl-11.16.jar!/fxglassets/ui/fonts/Abel-Regular.ttf
13:03:56.721 [FXGL Background Thread 4 ] DEBUG FXGLAssetLoaderServi - Loading from file system: jar:file:/C:/Users/russl/.m2/repository/com/github/almasb/fxgl/11.16/fxgl-11.16.jar!/fxglassets/ui/fonts/lucida_console.ttf
13:03:56.726 [FXGL Background Thread 4 ] DEBUG FXGLAssetLoaderServi - Loading from file system: jar:file:/C:/Users/russl/.m2/repository/com/github/almasb/fxgl/11.16/fxgl-11.16.jar!/fxglassets/ui/fonts/Courier-Prime.ttf
13:03:56.740 [JavaFX Application Thread] DEBUG FXGLAssetLoaderServi - Loading from file system: jar:file:/C:/Users/russl/.m2/repository/com/github/almasb/fxgl/11.16/fxgl-11.16.jar!/fxglassets/textures/fxgl_default_cursor.png
13:03:56.744 [JavaFX Application Thread] DEBUG Input                - Registered new binding: Screenshot - CTRL+8
13:03:56.745 [JavaFX Application Thread] DEBUG Input                - Registered new binding: System info dump - CTRL+9
13:03:56.745 [JavaFX Application Thread] DEBUG Input                - Registered new binding: Restart - CTRL+R
13:03:56.746 [JavaFX Application Thread] DEBUG Input                - Registered new binding: Toggle Debug Camera - CTRL+C
13:03:56.750 [JavaFX Application Thread] DEBUG LoopRunner           - Starting loop
13:03:56.750 [JavaFX Application Thread] DEBUG LoopRunner           - Initializing JavaFX AnimationTimerLoop
13:03:56.752 [JavaFX Application Thread] DEBUG GameApplicationServi - Starting new game
13:03:56.753 [JavaFX Application Thread] DEBUG Input                - Clearing active input actions
13:03:56.765 [JavaFX Application Thread] DEBUG GameApplicationServi - Removing overlay from FXGLStartupScene and adding to FXGLLoadingScene
13:03:56.765 [JavaFX Application Thread] DEBUG PrimaryStageWindow   - FXGLStartupScene -> FXGLLoadingScene
13:03:56.765 [JavaFX Application Thread] DEBUG GameApplicationServi - Clearing previous game
13:03:56.765 [JavaFX Application Thread] DEBUG GameScene            - Clearing game scene
13:03:56.766 [JavaFX Application Thread] DEBUG GameWorld            - Clearing game world
13:03:56.766 [JavaFX Application Thread] DEBUG PhysicsWorld         - Clearing physics world
13:03:56.767 [FXGL Background Thread 4 ] DEBUG FXGLApplication      - Initializing game
13:03:56.810 [FXGL Background Thread 4 ] WARN  TMXLevelLoader       - TiledMap generated from 1.7.1. Supported version: 1.2.3. Some features may not be parsed fully.
13:03:56.868 [FXGL Background Thread 4 ] DEBUG TMXLevelLoader       - Parsed TiledMap: file:/C:/Users/russl/IdeaProjects/cloudHopper/target/classes/assets/levels/level1.tmx
13:03:56.869 [FXGL Background Thread 4 ] DEBUG TMXLevelLoader       - Creating tile layer entities
13:03:56.870 [FXGL Background Thread 4 ] DEBUG TilesetLoader        - Loading view for layer Tile Layer 1
13:03:56.928 [FXGL Background Thread 4 ] DEBUG TilesetLoader        - Created buffer with size 20480.0x1280.0
13:03:57.031 [FXGL Background Thread 4 ] DEBUG TMXLevelLoader       - Creating object layer entities
13:03:57.057 [FXGL Background Thread 4 ] DEBUG FXGLAssetLoaderServi - Loading from file system: file:/C:/Users/russl/IdeaProjects/cloudHopper/target/classes/assets/textures/crate.png
13:03:57.075 [FXGL Background Thread 4 ] DEBUG FXGLAssetLoaderServi - Loading from file system: file:/C:/Users/russl/IdeaProjects/cloudHopper/target/classes/assets/textures/StoneBlock.png
13:03:57.087 [FXGL Background Thread 4 ] DEBUG FXGLAssetLoaderServi - Loading from file system: file:/C:/Users/russl/IdeaProjects/cloudHopper/target/classes/assets/textures/characters_packed.png
13:03:57.123 [FXGL Background Thread 4 ] DEBUG FXGLAssetLoaderServi - Loading from file system: file:/C:/Users/russl/IdeaProjects/cloudHopper/target/classes/assets/textures/keyAnimation.png
13:03:57.150 [FXGL Background Thread 4 ] DEBUG FXGLAssetLoaderServi - Loading from file system: file:/C:/Users/russl/IdeaProjects/cloudHopper/target/classes/assets/textures/starAnimation.png
13:03:57.166 [FXGL Background Thread 4 ] DEBUG FXGLAssetLoaderServi - Loading from file system: file:/C:/Users/russl/IdeaProjects/cloudHopper/target/classes/assets/textures/button_pressed.png
13:03:57.167 [FXGL Background Thread 4 ] DEBUG FXGLAssetLoaderServi - Loading from file system: file:/C:/Users/russl/IdeaProjects/cloudHopper/target/classes/assets/textures/button.png
13:03:57.175 [FXGL Background Thread 2 ] INFO  UpdaterService       - Your current version:  11.16
13:03:57.176 [FXGL Background Thread 2 ] INFO  UpdaterService       - Latest stable version: 11.17
13:03:57.177 [FXGL Background Thread 4 ] DEBUG GameWorld            - Clearing removable entities
13:03:57.178 [FXGL Background Thread 4 ] DEBUG GameWorld            - Setting level: com.almasb.fxgl.entity.level.Level@4d3d1af5
13:03:57.200 [FXGL Background Thread 4 ] DEBUG FXGLAssetLoaderServi - Loading from file system: file:/C:/Users/russl/IdeaProjects/cloudHopper/target/classes/assets/textures/single.png
13:03:57.202 [FXGL Background Thread 4 ] DEBUG FXGLAssetLoaderServi - Loading from file system: file:/C:/Users/russl/IdeaProjects/cloudHopper/target/classes/assets/textures/singlePushing.png
13:03:57.204 [FXGL Background Thread 4 ] WARN  Entity               - Entity already has component: com.almasb.fxgl.entity.components.CollidableComponent
13:03:57.205 [FXGL Background Thread 4 ] DEBUG FXGLAssetLoaderServi - Loading from file system: file:/C:/Users/russl/IdeaProjects/cloudHopper/target/classes/assets/textures/z-2.png
13:03:57.227 [FXGL Background Thread 4 ] WARN  GameWorld            - Entity is already attached to world
13:03:57.227 [FXGL Background Thread 4 ] DEBUG FXGLAssetLoaderServi - Loading from file system: file:/C:/Users/russl/IdeaProjects/cloudHopper/target/classes/assets/textures/z-1.png
13:03:57.252 [FXGL Background Thread 4 ] WARN  GameWorld            - Entity is already attached to world
13:03:57.263 [FXGL Background Thread 4 ] DEBUG FXGLAssetLoaderServi - Loading from file system: file:/C:/Users/russl/IdeaProjects/cloudHopper/target/classes/assets/textures/hearts.png
13:03:57.265 [FXGL Background Thread 4 ] INFO  FXGLApplication      - Game initialization took: 0.498 sec
13:03:57.269 [JavaFX Application Thread] DEBUG Input                - Clearing active input actions
13:03:57.288 [JavaFX Application Thread] DEBUG GameApplicationServi - Removing overlay from FXGLLoadingScene and adding to GameScene
13:03:57.288 [JavaFX Application Thread] DEBUG PrimaryStageWindow   - FXGLLoadingScene -> GameScene
13:03:58.808 [JavaFX Application Thread] DEBUG FXGLAssetLoaderServi - Loading from file system: file:/C:/Users/russl/IdeaProjects/cloudHopper/target/classes/assets/textures/key.png
13:03:59.668 [FXGL Background Thread 3 ] DEBUG Engine               - Logging environment variables
13:03:59.669 [FXGL Background Thread 3 ] DEBUG Engine               - achievements: []
13:03:59.669 [FXGL Background Thread 3 ] DEBUG Engine               - actualHeight: 800.0
13:03:59.669 [FXGL Background Thread 3 ] DEBUG Engine               - actualHeightProperty: ReadOnlyDoubleProperty [value: 800.0]
13:03:59.669 [FXGL Background Thread 3 ] DEBUG Engine               - actualWidth: 1000.0
13:03:59.670 [FXGL Background Thread 3 ] DEBUG Engine               - actualWidthProperty: ReadOnlyDoubleProperty [value: 1000.0]
13:03:59.670 [FXGL Background Thread 3 ] DEBUG Engine               - appIcon: fxgl_icon.png
13:03:59.670 [FXGL Background Thread 3 ] DEBUG Engine               - applicationMode: DEVELOPER
13:03:59.670 [FXGL Background Thread 3 ] DEBUG Engine               - cSSList: [fxgl_dark.css]
13:03:59.670 [FXGL Background Thread 3 ] DEBUG Engine               - collisionDetectionStrategy: BRUTE_FORCE
13:03:59.671 [FXGL Background Thread 3 ] DEBUG Engine               - configClass: Optional.empty
13:03:59.671 [FXGL Background Thread 3 ] DEBUG Engine               - credits: []
13:03:59.671 [FXGL Background Thread 3 ] DEBUG Engine               - defaultCursor: CursorInfo(imageName=fxgl_default_cursor.png, hotspotX=7.0, hotspotY=6.0)
13:03:59.672 [FXGL Background Thread 3 ] DEBUG Engine               - devBBoxColorProperty: ObjectProperty [value: 0xff0000ff]
13:03:59.673 [FXGL Background Thread 3 ] DEBUG Engine               - devEnableDebugCameraProperty: BooleanProperty [value: false]
13:03:59.673 [FXGL Background Thread 3 ] DEBUG Engine               - devSensorColorProperty: ObjectProperty [value: 0xffff00ff]
13:03:59.673 [FXGL Background Thread 3 ] DEBUG Engine               - devShowBBoxProperty: BooleanProperty [value: false]
13:03:59.674 [FXGL Background Thread 3 ] DEBUG Engine               - devShowPositionProperty: BooleanProperty [value: false]
13:03:59.674 [FXGL Background Thread 3 ] DEBUG Engine               - enabledMenuItems: []
13:03:59.674 [FXGL Background Thread 3 ] DEBUG Engine               - engineServices: [class com.almasb.fxgl.app.services.FXGLAssetLoaderService, class com.almasb.fxgl.app.FXGLApplication$GameApplicationService, class com.almasb.fxgl.app.services.FXGLDialogService, class com.almasb.fxgl.app.services.IOTaskExecutorService, class com.almasb.fxgl.io.FileSystemService, class com.almasb.fxgl.localization.LocalizationService, class com.almasb.fxgl.app.services.SystemBundleService, class com.almasb.fxgl.profile.SaveLoadService, class com.almasb.fxgl.ui.FXGLUIFactoryServiceProvider, class com.almasb.fxgl.ui.FXGLDialogFactoryServiceProvider, class com.almasb.fxgl.audio.AudioPlayer, class com.almasb.fxgl.notification.impl.NotificationServiceProvider, class com.almasb.fxgl.achievement.AchievementService, class com.almasb.fxgl.cutscene.CutsceneService, class com.almasb.fxgl.minigames.MiniGameService, class com.almasb.fxgl.net.NetService, class com.almasb.fxgl.app.services.UpdaterService, class com.almasb.fxgl.dev.DevService]
13:03:59.674 [FXGL Background Thread 3 ] DEBUG Engine               - fontGame: Abel-Regular.ttf
13:03:59.674 [FXGL Background Thread 3 ] DEBUG Engine               - fontMono: lucida_console.ttf
13:03:59.674 [FXGL Background Thread 3 ] DEBUG Engine               - fontText: Courier-Prime.ttf
13:03:59.675 [FXGL Background Thread 3 ] DEBUG Engine               - fontUI: VarelaRound-Regular.ttf
13:03:59.675 [FXGL Background Thread 3 ] DEBUG Engine               - fullScreen: BooleanProperty [value: false]
13:03:59.675 [FXGL Background Thread 3 ] DEBUG Engine               - gameDifficulty: MEDIUM
13:03:59.675 [FXGL Background Thread 3 ] DEBUG Engine               - gameDifficultyProperty: ObjectProperty [value: MEDIUM]
13:03:59.675 [FXGL Background Thread 3 ] DEBUG Engine               - globalMusicVolume: 0.5
13:03:59.676 [FXGL Background Thread 3 ] DEBUG Engine               - globalMusicVolumeProperty: DoubleProperty [value: 0.5]
13:03:59.676 [FXGL Background Thread 3 ] DEBUG Engine               - globalSoundVolume: 0.5
13:03:59.676 [FXGL Background Thread 3 ] DEBUG Engine               - globalSoundVolumeProperty: DoubleProperty [value: 0.5]
13:03:59.677 [FXGL Background Thread 3 ] DEBUG Engine               - height: 800
13:03:59.677 [FXGL Background Thread 3 ] DEBUG Engine               - is3D: false
13:03:59.677 [FXGL Background Thread 3 ] DEBUG Engine               - isAndroid: false
13:03:59.677 [FXGL Background Thread 3 ] DEBUG Engine               - isBrowser: false
13:03:59.677 [FXGL Background Thread 3 ] DEBUG Engine               - isClickFeedbackEnabled: false
13:03:59.677 [FXGL Background Thread 3 ] DEBUG Engine               - isCloseConfirmation: false
13:03:59.678 [FXGL Background Thread 3 ] DEBUG Engine               - isDesktop: true
13:03:59.678 [FXGL Background Thread 3 ] DEBUG Engine               - isDeveloperMenuEnabled: false
13:03:59.678 [FXGL Background Thread 3 ] DEBUG Engine               - isEntityPreloadEnabled: true
13:03:59.678 [FXGL Background Thread 3 ] DEBUG Engine               - isExperimentalTiledLargeMap: false
13:03:59.678 [FXGL Background Thread 3 ] DEBUG Engine               - isFileSystemWriteAllowed: true
13:03:59.678 [FXGL Background Thread 3 ] DEBUG Engine               - isFullScreenAllowed: false
13:03:59.679 [FXGL Background Thread 3 ] DEBUG Engine               - isFullScreenFromStart: false
13:03:59.679 [FXGL Background Thread 3 ] DEBUG Engine               - isGameMenuEnabled: true
13:03:59.679 [FXGL Background Thread 3 ] DEBUG Engine               - isIOS: false
13:03:59.679 [FXGL Background Thread 3 ] DEBUG Engine               - isIntroEnabled: false
13:03:59.679 [FXGL Background Thread 3 ] DEBUG Engine               - isLinux: false
13:03:59.680 [FXGL Background Thread 3 ] DEBUG Engine               - isMac: false
13:03:59.680 [FXGL Background Thread 3 ] DEBUG Engine               - isMainMenuEnabled: false
13:03:59.680 [FXGL Background Thread 3 ] DEBUG Engine               - isManualResizeEnabled: false
13:03:59.680 [FXGL Background Thread 3 ] DEBUG Engine               - isMobile: false
13:03:59.680 [FXGL Background Thread 3 ] DEBUG Engine               - isNative: false
13:03:59.680 [FXGL Background Thread 3 ] DEBUG Engine               - isPreserveResizeRatio: false
13:03:59.681 [FXGL Background Thread 3 ] DEBUG Engine               - isProfilingEnabled: false
13:03:59.681 [FXGL Background Thread 3 ] DEBUG Engine               - isScaleAffectedOnResize: true
13:03:59.681 [FXGL Background Thread 3 ] DEBUG Engine               - isSingleStep: false
13:03:59.681 [FXGL Background Thread 3 ] DEBUG Engine               - isUserProfileEnabled: false
13:03:59.681 [FXGL Background Thread 3 ] DEBUG Engine               - isWindows: true
13:03:59.681 [FXGL Background Thread 3 ] DEBUG Engine               - language: ObjectProperty [value: ENGLISH]
13:03:59.682 [FXGL Background Thread 3 ] DEBUG Engine               - menuKey: ESCAPE
13:03:59.682 [FXGL Background Thread 3 ] DEBUG Engine               - mouseSensitivity: 0.2
13:03:59.682 [FXGL Background Thread 3 ] DEBUG Engine               - notificationViewClass: class com.almasb.fxgl.notification.view.XboxNotificationView
13:03:59.682 [FXGL Background Thread 3 ] DEBUG Engine               - pixelsPerMeter: 50.0
13:03:59.682 [FXGL Background Thread 3 ] DEBUG Engine               - platform: WINDOWS
13:03:59.683 [FXGL Background Thread 3 ] DEBUG Engine               - prefHeightProperty: ReadOnlyDoubleProperty [value: 800.0]
13:03:59.683 [FXGL Background Thread 3 ] DEBUG Engine               - prefWidthProperty: ReadOnlyDoubleProperty [value: 1000.0]
13:03:59.683 [FXGL Background Thread 3 ] DEBUG Engine               - profileDir: profiles/
13:03:59.683 [FXGL Background Thread 3 ] DEBUG Engine               - profileName: StringProperty [value: DEFAULT]
13:03:59.683 [FXGL Background Thread 3 ] DEBUG Engine               - randomSeed: -1
13:03:59.683 [FXGL Background Thread 3 ] DEBUG Engine               - runtimeInfo: RuntimeInfo(platform=WINDOWS, version=11.16, build=25.05.2021 08.16)
13:03:59.684 [FXGL Background Thread 3 ] DEBUG Engine               - saveFileExt: sav
13:03:59.684 [FXGL Background Thread 3 ] DEBUG Engine               - scaledHeightProp$fxgl: DoubleProperty [bound, value: 800.0]
13:03:59.684 [FXGL Background Thread 3 ] DEBUG Engine               - scaledWidthProp$fxgl: DoubleProperty [bound, value: 1000.0]
13:03:59.684 [FXGL Background Thread 3 ] DEBUG Engine               - sceneFactory: com.almasb.fxgl.app.scene.SceneFactory@18901a76
13:03:59.684 [FXGL Background Thread 3 ] DEBUG Engine               - secondsIn24h: 60
13:03:59.685 [FXGL Background Thread 3 ] DEBUG Engine               - soundMenuBack: menu/back.wav
13:03:59.685 [FXGL Background Thread 3 ] DEBUG Engine               - soundMenuPress: menu/press.wav
13:03:59.685 [FXGL Background Thread 3 ] DEBUG Engine               - soundMenuSelect: menu/select.wav
13:03:59.685 [FXGL Background Thread 3 ] DEBUG Engine               - soundNotification: core/notification.wav
13:03:59.685 [FXGL Background Thread 3 ] DEBUG Engine               - stageStyle: DECORATED
13:03:59.686 [FXGL Background Thread 3 ] DEBUG Engine               - supportedLanguages: [ENGLISH, FRENCH, GERMAN, HUNGARIAN, RUSSIAN]
13:03:59.686 [FXGL Background Thread 3 ] DEBUG Engine               - ticksPerSecond: -1
13:03:59.686 [FXGL Background Thread 3 ] DEBUG Engine               - title: Cloud Hopper
13:03:59.686 [FXGL Background Thread 3 ] DEBUG Engine               - urlGithub: https://github.com/AlmasB/FXGL
13:03:59.686 [FXGL Background Thread 3 ] DEBUG Engine               - urlLeaderboard: http://fxgl-top.herokuapp.com/
13:03:59.686 [FXGL Background Thread 3 ] DEBUG Engine               - urlPOM: https://raw.githubusercontent.com/AlmasB/FXGL/release/README.md
13:03:59.687 [FXGL Background Thread 3 ] DEBUG Engine               - userAppClass: class com.cloudHopper.PlatformerApp
13:03:59.687 [FXGL Background Thread 3 ] DEBUG Engine               - version: 0.1
13:03:59.687 [FXGL Background Thread 3 ] DEBUG Engine               - versionCheckDays: 7
13:03:59.687 [FXGL Background Thread 3 ] DEBUG Engine               - width: 1000
13:03:59.687 [FXGL Background Thread 3 ] DEBUG Engine               - Logging services
13:03:59.688 [FXGL Background Thread 3 ] DEBUG Engine               - class com.almasb.fxgl.app.services.FXGLAssetLoaderService
13:03:59.688 [FXGL Background Thread 3 ] DEBUG Engine               - class com.almasb.fxgl.app.FXGLApplication$GameApplicationService
13:03:59.688 [FXGL Background Thread 3 ] DEBUG Engine               - class com.almasb.fxgl.app.services.FXGLDialogService
13:03:59.689 [FXGL Background Thread 3 ] DEBUG Engine               - class com.almasb.fxgl.app.services.IOTaskExecutorService
13:03:59.689 [FXGL Background Thread 3 ] DEBUG Engine               - class com.almasb.fxgl.io.FileSystemService
13:03:59.689 [FXGL Background Thread 3 ] DEBUG Engine               - class com.almasb.fxgl.localization.LocalizationService
13:03:59.689 [FXGL Background Thread 3 ] DEBUG Engine               - class com.almasb.fxgl.app.services.SystemBundleService
13:03:59.689 [FXGL Background Thread 3 ] DEBUG Engine               - class com.almasb.fxgl.profile.SaveLoadService
13:03:59.690 [FXGL Background Thread 3 ] DEBUG Engine               - class com.almasb.fxgl.ui.FXGLUIFactoryServiceProvider
13:03:59.690 [FXGL Background Thread 3 ] DEBUG Engine               - class com.almasb.fxgl.ui.FXGLDialogFactoryServiceProvider
13:03:59.690 [FXGL Background Thread 3 ] DEBUG Engine               - class com.almasb.fxgl.audio.AudioPlayer
13:03:59.690 [FXGL Background Thread 3 ] DEBUG Engine               - class com.almasb.fxgl.notification.impl.NotificationServiceProvider
13:03:59.690 [FXGL Background Thread 3 ] DEBUG Engine               - class com.almasb.fxgl.achievement.AchievementService
13:03:59.690 [FXGL Background Thread 3 ] DEBUG Engine               - class com.almasb.fxgl.cutscene.CutsceneService
13:03:59.690 [FXGL Background Thread 3 ] DEBUG Engine               - class com.almasb.fxgl.minigames.MiniGameService
13:03:59.691 [FXGL Background Thread 3 ] DEBUG Engine               - class com.almasb.fxgl.net.NetService
13:03:59.691 [FXGL Background Thread 3 ] DEBUG Engine               - class com.almasb.fxgl.app.services.UpdaterService
13:03:59.691 [FXGL Background Thread 3 ] DEBUG Engine               - class com.almasb.fxgl.dev.DevService
13:04:00.582 [JavaFX Application Thread] DEBUG FXGLAssetLoaderServi - Loading from file system: file:/C:/Users/russl/IdeaProjects/cloudHopper/target/classes/assets/textures/star.png
13:04:03.959 [JavaFX Application Thread] DEBUG FXGLApplication      - Exiting FXGL
13:04:03.959 [JavaFX Application Thread] DEBUG LoopRunner           - Stopping loop
13:04:03.960 [JavaFX Application Thread] DEBUG SystemBundleService  - Saving FXGL system data
13:04:03.961 [JavaFX Application Thread] DEBUG FileSystemAccess     - Writing to: C:\Users\russl\IdeaProjects\cloudHopper\system\fxgl.bundle
13:04:03.963 [JavaFX Application Thread] DEBUG Async                - Shutting down background threads
13:04:03.963 [JavaFX Application Thread] DEBUG PrimaryStageWindow   - Closing main window
13:04:03.972 [JavaFX Application Thread] DEBUG Logger               - Closing Logger
