14:27:57.715 [main                     ] DEBUG Logger               - Configured Logger
14:27:57.721 [main                     ] DEBUG GameApplication      - Logging settings
Title: Cloud Hopper
Version: 0.1
Width: 1000
Height: 800
Fullscreen: false
Intro: false
Profiling: false
Single step:false
App Mode: DEVELOPER
Menu Key: ESCAPE
Stage Style: DECORATED
Scene Factory: class com.almasb.fxgl.app.scene.SceneFactory

14:27:58.282 [JavaFX Application Thread] DEBUG FXGLApplication      - Initializing FXGL
14:27:58.287 [JavaFX Application Thread] INFO  Engine               - FXGL-11.16 (25.05.2021 08.16) on WINDOWS (J:16 FX:16)
14:27:58.287 [JavaFX Application Thread] DEBUG Engine               - JRE Vendor Name: Oracle Corporation
14:27:58.287 [JavaFX Application Thread] DEBUG Engine               - Running on OS: Windows 10 version 10.0
14:27:58.288 [JavaFX Application Thread] DEBUG Engine               - Architecture: amd64
14:27:58.288 [JavaFX Application Thread] INFO  Engine               - Source code and latest versions at: https://github.com/AlmasB/FXGL
14:27:58.288 [JavaFX Application Thread] INFO  Engine               -              Join the FXGL chat at: https://gitter.im/AlmasB/FXGL
14:27:58.453 [JavaFX Application Thread] DEBUG PrimaryStageWindow   - Creating a JavaFX scene
14:27:58.520 [JavaFX Application Thread] DEBUG PrimaryStageWindow   - Target settings size: 1000.0 x 800.0
14:27:58.521 [JavaFX Application Thread] DEBUG PrimaryStageWindow   - Scaled scene size:    1000.0 x 800.0
14:27:58.521 [JavaFX Application Thread] DEBUG PrimaryStageWindow   - Scaled ratio: (1.0, 1.0)
14:27:58.522 [JavaFX Application Thread] DEBUG PrimaryStageWindow   - Set initial scene to FXGLStartupScene
14:27:58.531 [JavaFX Application Thread] DEBUG PrimaryStageWindow   - Opening main window
14:27:58.633 [JavaFX Application Thread] DEBUG PrimaryStageWindow   - Window border size: (16.0, 39.0)
14:27:58.633 [JavaFX Application Thread] DEBUG PrimaryStageWindow   - Scaled size: 1000.0 x 800.0
14:27:58.633 [JavaFX Application Thread] DEBUG PrimaryStageWindow   - Scaled ratio: (1.0, 1.0)
14:27:58.633 [JavaFX Application Thread] DEBUG PrimaryStageWindow   - Scene size: 1000.0 x 800.0
14:27:58.634 [JavaFX Application Thread] DEBUG PrimaryStageWindow   - Stage size: 1016.0 x 839.0
14:27:58.643 [FXGL Background Thread 1 ] DEBUG Engine               - Initializing environment variables
14:27:58.691 [FXGL Background Thread 1 ] DEBUG FXGLAssetLoaderServi - User app class for loading assets: class com.cloudHopper.PlatformerApp
14:27:58.691 [FXGL Background Thread 1 ] DEBUG GameApplicationServi - Applying CSS: fxgl_dark.css
14:27:58.693 [FXGL Background Thread 1 ] DEBUG FXGLAssetLoaderServi - Loading from file system: jar:file:/C:/Users/russl/.m2/repository/com/github/almasb/fxgl/11.16/fxgl-11.16.jar!/fxglassets/ui/css/fxgl_dark.css
14:27:58.746 [FXGL Background Thread 1 ] DEBUG GameApplicationServi - Initializing application scenes
14:27:58.789 [FXGL Background Thread 1 ] DEBUG GameWorld            - Game world initialized
14:27:58.865 [FXGL Background Thread 1 ] DEBUG PhysicsWorld         - Physics world initialized: appHeight=800, physics.ppm=50.0
14:27:58.865 [FXGL Background Thread 1 ] DEBUG PhysicsWorld         - Using strategy: BRUTE_FORCE
14:27:58.869 [FXGL Background Thread 1 ] DEBUG GameScene            - Game scene initialized: 1000x800
14:27:58.884 [FXGL Background Thread 1 ] DEBUG FXGL.DefaultMenu     - createMenuBodyGameMenu()
14:27:58.905 [FXGL Background Thread 1 ] DEBUG FXGL.DefaultMenu     - createOptionsMenu()
14:27:58.916 [FXGL Background Thread 1 ] DEBUG FXGLAssetLoaderServi - Loading from file system: jar:file:/C:/Users/russl/.m2/repository/com/github/almasb/fxgl/11.16/fxgl-11.16.jar!/fxglassets/textures/particles/smoke.png
14:27:59.034 [FXGL Background Thread 1 ] DEBUG FXGLAssetLoaderServi - Loading from file system: jar:file:/C:/Users/russl/.m2/repository/com/github/almasb/fxgl/11.16/fxgl-11.16.jar!/fxglassets/textures/particles/trace_horizontal.png
14:27:59.072 [FXGL Background Thread 1 ] DEBUG GameApplicationServi - Application scenes initialized
14:27:59.083 [FXGL Background Thread 1 ] DEBUG SystemBundleService  - Loading FXGL system data
14:27:59.087 [FXGL Background Thread 1 ] DEBUG FileSystemAccess     - Reading from: C:\Users\russl\IdeaProjects\cloudHopper\system\fxgl.bundle
14:27:59.093 [FXGL Background Thread 1 ] DEBUG SystemBundleService  - Bundle FXGL: {}
14:27:59.093 [FXGL Background Thread 1 ] DEBUG UpdaterService       - Checking for updates
14:27:59.097 [FXGL Background Thread 4 ] DEBUG FXGLApplication      - Loading fonts
14:27:59.098 [FXGL Background Thread 1 ] DEBUG FXGLApplication      - Loading default localization
14:27:59.098 [FXGL Background Thread 4 ] DEBUG FXGLAssetLoaderServi - Loading from file system: jar:file:/C:/Users/russl/.m2/repository/com/github/almasb/fxgl/11.16/fxgl-11.16.jar!/fxglassets/ui/fonts/VarelaRound-Regular.ttf
14:27:59.099 [FXGL Background Thread 1 ] DEBUG FXGLAssetLoaderServi - Loading from file system: jar:file:/C:/Users/russl/.m2/repository/com/github/almasb/fxgl/11.16/fxgl-11.16.jar!/fxglassets/languages/english.lang
14:27:59.127 [FXGL Background Thread 1 ] INFO  FXGLApplication      - FXGL initialization took: 0.485 sec
14:27:59.141 [JavaFX Application Thread] DEBUG Input                - Registered new binding: action0 - A
14:27:59.142 [JavaFX Application Thread] DEBUG Input                - Registered new binding: action1 - D
14:27:59.143 [JavaFX Application Thread] DEBUG Input                - Registered new binding: action2 - Space
14:27:59.144 [JavaFX Application Thread] DEBUG Input                - Registered new binding: action3 - W
14:27:59.144 [JavaFX Application Thread] DEBUG Input                - Registered new binding: action4 - S
14:27:59.145 [JavaFX Application Thread] DEBUG FXGLAssetLoaderServi - Loading from file system: jar:file:/C:/Users/russl/.m2/repository/com/github/almasb/fxgl/11.16/fxgl-11.16.jar!/fxglassets/textures/fxgl_icon.png
14:27:59.146 [FXGL Background Thread 4 ] DEBUG FXGLAssetLoaderServi - Loading from file system: jar:file:/C:/Users/russl/.m2/repository/com/github/almasb/fxgl/11.16/fxgl-11.16.jar!/fxglassets/ui/fonts/Abel-Regular.ttf
14:27:59.151 [FXGL Background Thread 4 ] DEBUG FXGLAssetLoaderServi - Loading from file system: jar:file:/C:/Users/russl/.m2/repository/com/github/almasb/fxgl/11.16/fxgl-11.16.jar!/fxglassets/ui/fonts/lucida_console.ttf
14:27:59.157 [FXGL Background Thread 4 ] DEBUG FXGLAssetLoaderServi - Loading from file system: jar:file:/C:/Users/russl/.m2/repository/com/github/almasb/fxgl/11.16/fxgl-11.16.jar!/fxglassets/ui/fonts/Courier-Prime.ttf
14:27:59.170 [JavaFX Application Thread] DEBUG FXGLAssetLoaderServi - Loading from file system: jar:file:/C:/Users/russl/.m2/repository/com/github/almasb/fxgl/11.16/fxgl-11.16.jar!/fxglassets/textures/fxgl_default_cursor.png
14:27:59.173 [JavaFX Application Thread] DEBUG Input                - Registered new binding: Screenshot - CTRL+8
14:27:59.173 [JavaFX Application Thread] DEBUG Input                - Registered new binding: System info dump - CTRL+9
14:27:59.174 [JavaFX Application Thread] DEBUG Input                - Registered new binding: Restart - CTRL+R
14:27:59.175 [JavaFX Application Thread] DEBUG Input                - Registered new binding: Toggle Debug Camera - CTRL+C
14:27:59.177 [JavaFX Application Thread] DEBUG LoopRunner           - Starting loop
14:27:59.178 [JavaFX Application Thread] DEBUG LoopRunner           - Initializing JavaFX AnimationTimerLoop
14:27:59.180 [JavaFX Application Thread] DEBUG GameApplicationServi - Starting new game
14:27:59.181 [JavaFX Application Thread] DEBUG Input                - Clearing active input actions
14:27:59.195 [JavaFX Application Thread] DEBUG GameApplicationServi - Removing overlay from FXGLStartupScene and adding to FXGLLoadingScene
14:27:59.195 [JavaFX Application Thread] DEBUG PrimaryStageWindow   - FXGLStartupScene -> FXGLLoadingScene
14:27:59.195 [JavaFX Application Thread] DEBUG GameApplicationServi - Clearing previous game
14:27:59.196 [JavaFX Application Thread] DEBUG GameScene            - Clearing game scene
14:27:59.196 [JavaFX Application Thread] DEBUG GameWorld            - Clearing game world
14:27:59.196 [JavaFX Application Thread] DEBUG PhysicsWorld         - Clearing physics world
14:27:59.198 [FXGL Background Thread 4 ] DEBUG FXGLApplication      - Initializing game
14:27:59.198 [JavaFX Application Thread] DEBUG FXGLApplication      - Registering font factories with UI factory
14:27:59.250 [FXGL Background Thread 4 ] WARN  TMXLevelLoader       - TiledMap generated from 1.7.1. Supported version: 1.2.3. Some features may not be parsed fully.
14:27:59.303 [FXGL Background Thread 4 ] DEBUG TMXLevelLoader       - Parsed TiledMap: file:/C:/Users/russl/IdeaProjects/cloudHopper/target/classes/assets/levels/level1.tmx
14:27:59.304 [FXGL Background Thread 4 ] DEBUG TMXLevelLoader       - Creating tile layer entities
14:27:59.304 [FXGL Background Thread 4 ] DEBUG TilesetLoader        - Loading view for layer Tile Layer 1
14:27:59.354 [FXGL Background Thread 4 ] DEBUG TilesetLoader        - Created buffer with size 20480.0x1280.0
14:27:59.463 [FXGL Background Thread 4 ] DEBUG TMXLevelLoader       - Creating object layer entities
14:27:59.492 [FXGL Background Thread 4 ] DEBUG FXGLAssetLoaderServi - Loading from file system: file:/C:/Users/russl/IdeaProjects/cloudHopper/target/classes/assets/textures/crate.png
14:27:59.509 [FXGL Background Thread 4 ] DEBUG FXGLAssetLoaderServi - Loading from file system: file:/C:/Users/russl/IdeaProjects/cloudHopper/target/classes/assets/textures/StoneBlock.png
14:27:59.517 [FXGL Background Thread 4 ] DEBUG FXGLAssetLoaderServi - Loading from file system: file:/C:/Users/russl/IdeaProjects/cloudHopper/target/classes/assets/textures/characters_packed.png
14:27:59.551 [FXGL Background Thread 4 ] DEBUG FXGLAssetLoaderServi - Loading from file system: file:/C:/Users/russl/IdeaProjects/cloudHopper/target/classes/assets/textures/keyAnimation.png
14:27:59.577 [FXGL Background Thread 4 ] DEBUG FXGLAssetLoaderServi - Loading from file system: file:/C:/Users/russl/IdeaProjects/cloudHopper/target/classes/assets/textures/starAnimation.png
14:27:59.595 [FXGL Background Thread 2 ] INFO  UpdaterService       - Your current version:  11.16
14:27:59.595 [FXGL Background Thread 2 ] INFO  UpdaterService       - Latest stable version: 11.17
14:27:59.596 [FXGL Background Thread 4 ] DEBUG FXGLAssetLoaderServi - Loading from file system: file:/C:/Users/russl/IdeaProjects/cloudHopper/target/classes/assets/textures/button_pressed.png
14:27:59.597 [FXGL Background Thread 4 ] DEBUG FXGLAssetLoaderServi - Loading from file system: file:/C:/Users/russl/IdeaProjects/cloudHopper/target/classes/assets/textures/button.png
14:27:59.607 [FXGL Background Thread 4 ] DEBUG GameWorld            - Clearing removable entities
14:27:59.608 [FXGL Background Thread 4 ] DEBUG GameWorld            - Setting level: com.almasb.fxgl.entity.level.Level@599feb33
14:27:59.633 [FXGL Background Thread 4 ] DEBUG FXGLAssetLoaderServi - Loading from file system: file:/C:/Users/russl/IdeaProjects/cloudHopper/target/classes/assets/textures/single.png
14:27:59.638 [FXGL Background Thread 4 ] DEBUG FXGLAssetLoaderServi - Loading from file system: file:/C:/Users/russl/IdeaProjects/cloudHopper/target/classes/assets/textures/singlePushing.png
14:27:59.639 [FXGL Background Thread 4 ] WARN  Entity               - Entity already has component: com.almasb.fxgl.entity.components.CollidableComponent
14:27:59.641 [FXGL Background Thread 4 ] DEBUG FXGLAssetLoaderServi - Loading from file system: file:/C:/Users/russl/IdeaProjects/cloudHopper/target/classes/assets/textures/z-2.png
14:27:59.670 [FXGL Background Thread 4 ] WARN  GameWorld            - Entity is already attached to world
14:27:59.671 [FXGL Background Thread 4 ] DEBUG FXGLAssetLoaderServi - Loading from file system: file:/C:/Users/russl/IdeaProjects/cloudHopper/target/classes/assets/textures/z-1.png
14:27:59.704 [FXGL Background Thread 4 ] WARN  GameWorld            - Entity is already attached to world
14:27:59.714 [FXGL Background Thread 4 ] DEBUG FXGLAssetLoaderServi - Loading from file system: file:/C:/Users/russl/IdeaProjects/cloudHopper/target/classes/assets/textures/hearts.png
14:27:59.716 [FXGL Background Thread 4 ] INFO  FXGLApplication      - Game initialization took: 0.518 sec
14:27:59.721 [JavaFX Application Thread] DEBUG Input                - Clearing active input actions
14:27:59.741 [JavaFX Application Thread] DEBUG GameApplicationServi - Removing overlay from FXGLLoadingScene and adding to GameScene
14:27:59.742 [JavaFX Application Thread] DEBUG PrimaryStageWindow   - FXGLLoadingScene -> GameScene
14:28:02.097 [FXGL Background Thread 3 ] DEBUG Engine               - Logging environment variables
14:28:02.097 [FXGL Background Thread 3 ] DEBUG Engine               - achievements: []
14:28:02.097 [FXGL Background Thread 3 ] DEBUG Engine               - actualHeight: 800.0
14:28:02.097 [FXGL Background Thread 3 ] DEBUG Engine               - actualHeightProperty: ReadOnlyDoubleProperty [value: 800.0]
14:28:02.098 [FXGL Background Thread 3 ] DEBUG Engine               - actualWidth: 1000.0
14:28:02.098 [FXGL Background Thread 3 ] DEBUG Engine               - actualWidthProperty: ReadOnlyDoubleProperty [value: 1000.0]
14:28:02.098 [FXGL Background Thread 3 ] DEBUG Engine               - appIcon: fxgl_icon.png
14:28:02.098 [FXGL Background Thread 3 ] DEBUG Engine               - applicationMode: DEVELOPER
14:28:02.098 [FXGL Background Thread 3 ] DEBUG Engine               - cSSList: [fxgl_dark.css]
14:28:02.098 [FXGL Background Thread 3 ] DEBUG Engine               - collisionDetectionStrategy: BRUTE_FORCE
14:28:02.098 [FXGL Background Thread 3 ] DEBUG Engine               - configClass: Optional.empty
14:28:02.098 [FXGL Background Thread 3 ] DEBUG Engine               - credits: []
14:28:02.098 [FXGL Background Thread 3 ] DEBUG Engine               - defaultCursor: CursorInfo(imageName=fxgl_default_cursor.png, hotspotX=7.0, hotspotY=6.0)
14:28:02.098 [FXGL Background Thread 3 ] DEBUG Engine               - devBBoxColorProperty: ObjectProperty [value: 0xff0000ff]
14:28:02.099 [FXGL Background Thread 3 ] DEBUG Engine               - devEnableDebugCameraProperty: BooleanProperty [value: false]
14:28:02.099 [FXGL Background Thread 3 ] DEBUG Engine               - devSensorColorProperty: ObjectProperty [value: 0xffff00ff]
14:28:02.099 [FXGL Background Thread 3 ] DEBUG Engine               - devShowBBoxProperty: BooleanProperty [value: false]
14:28:02.099 [FXGL Background Thread 3 ] DEBUG Engine               - devShowPositionProperty: BooleanProperty [value: false]
14:28:02.099 [FXGL Background Thread 3 ] DEBUG Engine               - enabledMenuItems: []
14:28:02.099 [FXGL Background Thread 3 ] DEBUG Engine               - engineServices: [class com.almasb.fxgl.app.services.FXGLAssetLoaderService, class com.almasb.fxgl.app.FXGLApplication$GameApplicationService, class com.almasb.fxgl.app.services.FXGLDialogService, class com.almasb.fxgl.app.services.IOTaskExecutorService, class com.almasb.fxgl.io.FileSystemService, class com.almasb.fxgl.localization.LocalizationService, class com.almasb.fxgl.app.services.SystemBundleService, class com.almasb.fxgl.profile.SaveLoadService, class com.almasb.fxgl.ui.FXGLUIFactoryServiceProvider, class com.almasb.fxgl.ui.FXGLDialogFactoryServiceProvider, class com.almasb.fxgl.audio.AudioPlayer, class com.almasb.fxgl.notification.impl.NotificationServiceProvider, class com.almasb.fxgl.achievement.AchievementService, class com.almasb.fxgl.cutscene.CutsceneService, class com.almasb.fxgl.minigames.MiniGameService, class com.almasb.fxgl.net.NetService, class com.almasb.fxgl.app.services.UpdaterService, class com.almasb.fxgl.dev.DevService]
14:28:02.099 [FXGL Background Thread 3 ] DEBUG Engine               - fontGame: Abel-Regular.ttf
14:28:02.100 [FXGL Background Thread 3 ] DEBUG Engine               - fontMono: lucida_console.ttf
14:28:02.100 [FXGL Background Thread 3 ] DEBUG Engine               - fontText: Courier-Prime.ttf
14:28:02.100 [FXGL Background Thread 3 ] DEBUG Engine               - fontUI: VarelaRound-Regular.ttf
14:28:02.100 [FXGL Background Thread 3 ] DEBUG Engine               - fullScreen: BooleanProperty [value: false]
14:28:02.100 [FXGL Background Thread 3 ] DEBUG Engine               - gameDifficulty: MEDIUM
14:28:02.100 [FXGL Background Thread 3 ] DEBUG Engine               - gameDifficultyProperty: ObjectProperty [value: MEDIUM]
14:28:02.100 [FXGL Background Thread 3 ] DEBUG Engine               - globalMusicVolume: 0.5
14:28:02.101 [FXGL Background Thread 3 ] DEBUG Engine               - globalMusicVolumeProperty: DoubleProperty [value: 0.5]
14:28:02.101 [FXGL Background Thread 3 ] DEBUG Engine               - globalSoundVolume: 0.5
14:28:02.102 [FXGL Background Thread 3 ] DEBUG Engine               - globalSoundVolumeProperty: DoubleProperty [value: 0.5]
14:28:02.102 [FXGL Background Thread 3 ] DEBUG Engine               - height: 800
14:28:02.102 [FXGL Background Thread 3 ] DEBUG Engine               - is3D: false
14:28:02.102 [FXGL Background Thread 3 ] DEBUG Engine               - isAndroid: false
14:28:02.102 [FXGL Background Thread 3 ] DEBUG Engine               - isBrowser: false
14:28:02.102 [FXGL Background Thread 3 ] DEBUG Engine               - isClickFeedbackEnabled: false
14:28:02.102 [FXGL Background Thread 3 ] DEBUG Engine               - isCloseConfirmation: false
14:28:02.102 [FXGL Background Thread 3 ] DEBUG Engine               - isDesktop: true
14:28:02.102 [FXGL Background Thread 3 ] DEBUG Engine               - isDeveloperMenuEnabled: false
14:28:02.102 [FXGL Background Thread 3 ] DEBUG Engine               - isEntityPreloadEnabled: true
14:28:02.102 [FXGL Background Thread 3 ] DEBUG Engine               - isExperimentalTiledLargeMap: false
14:28:02.103 [FXGL Background Thread 3 ] DEBUG Engine               - isFileSystemWriteAllowed: true
14:28:02.103 [FXGL Background Thread 3 ] DEBUG Engine               - isFullScreenAllowed: false
14:28:02.103 [FXGL Background Thread 3 ] DEBUG Engine               - isFullScreenFromStart: false
14:28:02.103 [FXGL Background Thread 3 ] DEBUG Engine               - isGameMenuEnabled: true
14:28:02.103 [FXGL Background Thread 3 ] DEBUG Engine               - isIOS: false
14:28:02.103 [FXGL Background Thread 3 ] DEBUG Engine               - isIntroEnabled: false
14:28:02.103 [FXGL Background Thread 3 ] DEBUG Engine               - isLinux: false
14:28:02.103 [FXGL Background Thread 3 ] DEBUG Engine               - isMac: false
14:28:02.103 [FXGL Background Thread 3 ] DEBUG Engine               - isMainMenuEnabled: false
14:28:02.103 [FXGL Background Thread 3 ] DEBUG Engine               - isManualResizeEnabled: false
14:28:02.103 [FXGL Background Thread 3 ] DEBUG Engine               - isMobile: false
14:28:02.103 [FXGL Background Thread 3 ] DEBUG Engine               - isNative: false
14:28:02.103 [FXGL Background Thread 3 ] DEBUG Engine               - isPreserveResizeRatio: false
14:28:02.104 [FXGL Background Thread 3 ] DEBUG Engine               - isProfilingEnabled: false
14:28:02.104 [FXGL Background Thread 3 ] DEBUG Engine               - isScaleAffectedOnResize: true
14:28:02.104 [FXGL Background Thread 3 ] DEBUG Engine               - isSingleStep: false
14:28:02.104 [FXGL Background Thread 3 ] DEBUG Engine               - isUserProfileEnabled: false
14:28:02.104 [FXGL Background Thread 3 ] DEBUG Engine               - isWindows: true
14:28:02.104 [FXGL Background Thread 3 ] DEBUG Engine               - language: ObjectProperty [value: ENGLISH]
14:28:02.104 [FXGL Background Thread 3 ] DEBUG Engine               - menuKey: ESCAPE
14:28:02.104 [FXGL Background Thread 3 ] DEBUG Engine               - mouseSensitivity: 0.2
14:28:02.104 [FXGL Background Thread 3 ] DEBUG Engine               - notificationViewClass: class com.almasb.fxgl.notification.view.XboxNotificationView
14:28:02.104 [FXGL Background Thread 3 ] DEBUG Engine               - pixelsPerMeter: 50.0
14:28:02.104 [FXGL Background Thread 3 ] DEBUG Engine               - platform: WINDOWS
14:28:02.105 [FXGL Background Thread 3 ] DEBUG Engine               - prefHeightProperty: ReadOnlyDoubleProperty [value: 800.0]
14:28:02.105 [FXGL Background Thread 3 ] DEBUG Engine               - prefWidthProperty: ReadOnlyDoubleProperty [value: 1000.0]
14:28:02.105 [FXGL Background Thread 3 ] DEBUG Engine               - profileDir: profiles/
14:28:02.105 [FXGL Background Thread 3 ] DEBUG Engine               - profileName: StringProperty [value: DEFAULT]
14:28:02.105 [FXGL Background Thread 3 ] DEBUG Engine               - randomSeed: -1
14:28:02.105 [FXGL Background Thread 3 ] DEBUG Engine               - runtimeInfo: RuntimeInfo(platform=WINDOWS, version=11.16, build=25.05.2021 08.16)
14:28:02.105 [FXGL Background Thread 3 ] DEBUG Engine               - saveFileExt: sav
14:28:02.105 [FXGL Background Thread 3 ] DEBUG Engine               - scaledHeightProp$fxgl: DoubleProperty [bound, value: 800.0]
14:28:02.106 [FXGL Background Thread 3 ] DEBUG Engine               - scaledWidthProp$fxgl: DoubleProperty [bound, value: 1000.0]
14:28:02.106 [FXGL Background Thread 3 ] DEBUG Engine               - sceneFactory: com.almasb.fxgl.app.scene.SceneFactory@45b8ab6b
14:28:02.106 [FXGL Background Thread 3 ] DEBUG Engine               - secondsIn24h: 60
14:28:02.106 [FXGL Background Thread 3 ] DEBUG Engine               - soundMenuBack: menu/back.wav
14:28:02.106 [FXGL Background Thread 3 ] DEBUG Engine               - soundMenuPress: menu/press.wav
14:28:02.106 [FXGL Background Thread 3 ] DEBUG Engine               - soundMenuSelect: menu/select.wav
14:28:02.106 [FXGL Background Thread 3 ] DEBUG Engine               - soundNotification: core/notification.wav
14:28:02.106 [FXGL Background Thread 3 ] DEBUG Engine               - stageStyle: DECORATED
14:28:02.106 [FXGL Background Thread 3 ] DEBUG Engine               - supportedLanguages: [ENGLISH, FRENCH, GERMAN, HUNGARIAN, RUSSIAN]
14:28:02.106 [FXGL Background Thread 3 ] DEBUG Engine               - ticksPerSecond: -1
14:28:02.106 [FXGL Background Thread 3 ] DEBUG Engine               - title: Cloud Hopper
14:28:02.106 [FXGL Background Thread 3 ] DEBUG Engine               - urlGithub: https://github.com/AlmasB/FXGL
14:28:02.107 [FXGL Background Thread 3 ] DEBUG Engine               - urlLeaderboard: http://fxgl-top.herokuapp.com/
14:28:02.107 [FXGL Background Thread 3 ] DEBUG Engine               - urlPOM: https://raw.githubusercontent.com/AlmasB/FXGL/release/README.md
14:28:02.107 [FXGL Background Thread 3 ] DEBUG Engine               - userAppClass: class com.cloudHopper.PlatformerApp
14:28:02.107 [FXGL Background Thread 3 ] DEBUG Engine               - version: 0.1
14:28:02.107 [FXGL Background Thread 3 ] DEBUG Engine               - versionCheckDays: 7
14:28:02.107 [FXGL Background Thread 3 ] DEBUG Engine               - width: 1000
14:28:02.107 [FXGL Background Thread 3 ] DEBUG Engine               - Logging services
14:28:02.107 [FXGL Background Thread 3 ] DEBUG Engine               - class com.almasb.fxgl.app.services.FXGLAssetLoaderService
14:28:02.107 [FXGL Background Thread 3 ] DEBUG Engine               - class com.almasb.fxgl.app.FXGLApplication$GameApplicationService
14:28:02.107 [FXGL Background Thread 3 ] DEBUG Engine               - class com.almasb.fxgl.app.services.FXGLDialogService
14:28:02.108 [FXGL Background Thread 3 ] DEBUG Engine               - class com.almasb.fxgl.app.services.IOTaskExecutorService
14:28:02.108 [FXGL Background Thread 3 ] DEBUG Engine               - class com.almasb.fxgl.io.FileSystemService
14:28:02.108 [FXGL Background Thread 3 ] DEBUG Engine               - class com.almasb.fxgl.localization.LocalizationService
14:28:02.108 [FXGL Background Thread 3 ] DEBUG Engine               - class com.almasb.fxgl.app.services.SystemBundleService
14:28:02.108 [FXGL Background Thread 3 ] DEBUG Engine               - class com.almasb.fxgl.profile.SaveLoadService
14:28:02.108 [FXGL Background Thread 3 ] DEBUG Engine               - class com.almasb.fxgl.ui.FXGLUIFactoryServiceProvider
14:28:02.108 [FXGL Background Thread 3 ] DEBUG Engine               - class com.almasb.fxgl.ui.FXGLDialogFactoryServiceProvider
14:28:02.108 [FXGL Background Thread 3 ] DEBUG Engine               - class com.almasb.fxgl.audio.AudioPlayer
14:28:02.108 [FXGL Background Thread 3 ] DEBUG Engine               - class com.almasb.fxgl.notification.impl.NotificationServiceProvider
14:28:02.108 [FXGL Background Thread 3 ] DEBUG Engine               - class com.almasb.fxgl.achievement.AchievementService
14:28:02.108 [FXGL Background Thread 3 ] DEBUG Engine               - class com.almasb.fxgl.cutscene.CutsceneService
14:28:02.108 [FXGL Background Thread 3 ] DEBUG Engine               - class com.almasb.fxgl.minigames.MiniGameService
14:28:02.108 [FXGL Background Thread 3 ] DEBUG Engine               - class com.almasb.fxgl.net.NetService
14:28:02.108 [FXGL Background Thread 3 ] DEBUG Engine               - class com.almasb.fxgl.app.services.UpdaterService
14:28:02.109 [FXGL Background Thread 3 ] DEBUG Engine               - class com.almasb.fxgl.dev.DevService
14:28:02.725 [JavaFX Application Thread] DEBUG FXGLAssetLoaderServi - Loading from file system: file:/C:/Users/russl/IdeaProjects/cloudHopper/target/classes/assets/textures/key.png
14:28:12.560 [JavaFX Application Thread] DEBUG FXGLApplication      - Exiting FXGL
14:28:12.560 [JavaFX Application Thread] DEBUG LoopRunner           - Stopping loop
14:28:12.560 [JavaFX Application Thread] DEBUG SystemBundleService  - Saving FXGL system data
14:28:12.562 [JavaFX Application Thread] DEBUG FileSystemAccess     - Writing to: C:\Users\russl\IdeaProjects\cloudHopper\system\fxgl.bundle
14:28:12.563 [JavaFX Application Thread] DEBUG Async                - Shutting down background threads
14:28:12.564 [JavaFX Application Thread] DEBUG PrimaryStageWindow   - Closing main window
14:28:12.573 [JavaFX Application Thread] DEBUG Logger               - Closing Logger
