20:49:36.029 [main                     ] DEBUG Logger               - Configured Logger
20:49:36.035 [main                     ] DEBUG GameApplication      - Logging settings
Title: Cloud Hopper
Version: 0.1
Width: 1000
Height: 800
Fullscreen: false
Intro: false
Profiling: false
Single step:false
App Mode: DEVELOPER
Menu Key: ESCAPE
Stage Style: DECORATED
Scene Factory: class com.almasb.fxgl.app.scene.SceneFactory

20:49:36.618 [JavaFX Application Thread] DEBUG FXGLApplication      - Initializing FXGL
20:49:36.622 [JavaFX Application Thread] INFO  Engine               - FXGL-11.16 (25.05.2021 08.16) on WINDOWS (J:16 FX:16)
20:49:36.623 [JavaFX Application Thread] DEBUG Engine               - JRE Vendor Name: Oracle Corporation
20:49:36.623 [JavaFX Application Thread] DEBUG Engine               - Running on OS: Windows 10 version 10.0
20:49:36.624 [JavaFX Application Thread] DEBUG Engine               - Architecture: amd64
20:49:36.624 [JavaFX Application Thread] INFO  Engine               - Source code and latest versions at: https://github.com/AlmasB/FXGL
20:49:36.624 [JavaFX Application Thread] INFO  Engine               -              Join the FXGL chat at: https://gitter.im/AlmasB/FXGL
20:49:36.781 [JavaFX Application Thread] DEBUG PrimaryStageWindow   - Creating a JavaFX scene
20:49:36.849 [JavaFX Application Thread] DEBUG PrimaryStageWindow   - Target settings size: 1000.0 x 800.0
20:49:36.849 [JavaFX Application Thread] DEBUG PrimaryStageWindow   - Scaled scene size:    1000.0 x 800.0
20:49:36.849 [JavaFX Application Thread] DEBUG PrimaryStageWindow   - Scaled ratio: (1.0, 1.0)
20:49:36.851 [JavaFX Application Thread] DEBUG PrimaryStageWindow   - Set initial scene to FXGLStartupScene
20:49:36.860 [JavaFX Application Thread] DEBUG PrimaryStageWindow   - Opening main window
20:49:36.964 [JavaFX Application Thread] DEBUG PrimaryStageWindow   - Window border size: (16.0, 39.0)
20:49:36.964 [JavaFX Application Thread] DEBUG PrimaryStageWindow   - Scaled size: 1000.0 x 800.0
20:49:36.965 [JavaFX Application Thread] DEBUG PrimaryStageWindow   - Scaled ratio: (1.0, 1.0)
20:49:36.965 [JavaFX Application Thread] DEBUG PrimaryStageWindow   - Scene size: 1000.0 x 800.0
20:49:36.965 [JavaFX Application Thread] DEBUG PrimaryStageWindow   - Stage size: 1016.0 x 839.0
20:49:36.974 [FXGL Background Thread 1 ] DEBUG Engine               - Initializing environment variables
20:49:37.022 [FXGL Background Thread 1 ] DEBUG FXGLAssetLoaderServi - User app class for loading assets: class com.cloudHopper.PlatformerApp
20:49:37.023 [FXGL Background Thread 1 ] DEBUG GameApplicationServi - Applying CSS: fxgl_dark.css
20:49:37.024 [FXGL Background Thread 1 ] DEBUG FXGLAssetLoaderServi - Loading from file system: jar:file:/C:/Users/russl/.m2/repository/com/github/almasb/fxgl/11.16/fxgl-11.16.jar!/fxglassets/ui/css/fxgl_dark.css
20:49:37.075 [FXGL Background Thread 1 ] DEBUG GameApplicationServi - Initializing application scenes
20:49:37.117 [FXGL Background Thread 1 ] DEBUG GameWorld            - Game world initialized
20:49:37.197 [FXGL Background Thread 1 ] DEBUG PhysicsWorld         - Physics world initialized: appHeight=800, physics.ppm=50.0
20:49:37.197 [FXGL Background Thread 1 ] DEBUG PhysicsWorld         - Using strategy: BRUTE_FORCE
20:49:37.201 [FXGL Background Thread 1 ] DEBUG GameScene            - Game scene initialized: 1000x800
20:49:37.216 [FXGL Background Thread 1 ] DEBUG FXGL.DefaultMenu     - createMenuBodyGameMenu()
20:49:37.235 [FXGL Background Thread 1 ] DEBUG FXGL.DefaultMenu     - createOptionsMenu()
20:49:37.245 [FXGL Background Thread 1 ] DEBUG FXGLAssetLoaderServi - Loading from file system: jar:file:/C:/Users/russl/.m2/repository/com/github/almasb/fxgl/11.16/fxgl-11.16.jar!/fxglassets/textures/particles/smoke.png
20:49:37.363 [FXGL Background Thread 1 ] DEBUG FXGLAssetLoaderServi - Loading from file system: jar:file:/C:/Users/russl/.m2/repository/com/github/almasb/fxgl/11.16/fxgl-11.16.jar!/fxglassets/textures/particles/trace_horizontal.png
20:49:37.404 [FXGL Background Thread 1 ] DEBUG GameApplicationServi - Application scenes initialized
20:49:37.414 [FXGL Background Thread 1 ] DEBUG SystemBundleService  - Loading FXGL system data
20:49:37.418 [FXGL Background Thread 1 ] DEBUG FileSystemAccess     - Reading from: C:\Users\russl\IdeaProjects\cloudHopper\system\fxgl.bundle
20:49:37.423 [FXGL Background Thread 1 ] DEBUG SystemBundleService  - Bundle FXGL: {}
20:49:37.424 [FXGL Background Thread 1 ] DEBUG UpdaterService       - Checking for updates
20:49:37.428 [FXGL Background Thread 4 ] DEBUG FXGLApplication      - Loading fonts
20:49:37.428 [FXGL Background Thread 1 ] DEBUG FXGLApplication      - Loading default localization
20:49:37.429 [FXGL Background Thread 4 ] DEBUG FXGLAssetLoaderServi - Loading from file system: jar:file:/C:/Users/russl/.m2/repository/com/github/almasb/fxgl/11.16/fxgl-11.16.jar!/fxglassets/ui/fonts/VarelaRound-Regular.ttf
20:49:37.429 [FXGL Background Thread 1 ] DEBUG FXGLAssetLoaderServi - Loading from file system: jar:file:/C:/Users/russl/.m2/repository/com/github/almasb/fxgl/11.16/fxgl-11.16.jar!/fxglassets/languages/english.lang
20:49:37.455 [FXGL Background Thread 1 ] INFO  FXGLApplication      - FXGL initialization took: 0.481 sec
20:49:37.468 [JavaFX Application Thread] DEBUG Input                - Registered new binding: action0 - A
20:49:37.469 [JavaFX Application Thread] DEBUG Input                - Registered new binding: action1 - D
20:49:37.470 [JavaFX Application Thread] DEBUG Input                - Registered new binding: action2 - Space
20:49:37.470 [JavaFX Application Thread] DEBUG Input                - Registered new binding: action3 - W
20:49:37.471 [JavaFX Application Thread] DEBUG FXGLAssetLoaderServi - Loading from file system: jar:file:/C:/Users/russl/.m2/repository/com/github/almasb/fxgl/11.16/fxgl-11.16.jar!/fxglassets/textures/fxgl_icon.png
20:49:37.478 [FXGL Background Thread 4 ] DEBUG FXGLAssetLoaderServi - Loading from file system: jar:file:/C:/Users/russl/.m2/repository/com/github/almasb/fxgl/11.16/fxgl-11.16.jar!/fxglassets/ui/fonts/Abel-Regular.ttf
20:49:37.482 [FXGL Background Thread 4 ] DEBUG FXGLAssetLoaderServi - Loading from file system: jar:file:/C:/Users/russl/.m2/repository/com/github/almasb/fxgl/11.16/fxgl-11.16.jar!/fxglassets/ui/fonts/lucida_console.ttf
20:49:37.487 [FXGL Background Thread 4 ] DEBUG FXGLAssetLoaderServi - Loading from file system: jar:file:/C:/Users/russl/.m2/repository/com/github/almasb/fxgl/11.16/fxgl-11.16.jar!/fxglassets/ui/fonts/Courier-Prime.ttf
20:49:37.503 [JavaFX Application Thread] DEBUG FXGLAssetLoaderServi - Loading from file system: jar:file:/C:/Users/russl/.m2/repository/com/github/almasb/fxgl/11.16/fxgl-11.16.jar!/fxglassets/textures/fxgl_default_cursor.png
20:49:37.506 [JavaFX Application Thread] DEBUG Input                - Registered new binding: Screenshot - CTRL+8
20:49:37.507 [JavaFX Application Thread] DEBUG Input                - Registered new binding: System info dump - CTRL+9
20:49:37.507 [JavaFX Application Thread] DEBUG Input                - Registered new binding: Restart - CTRL+R
20:49:37.508 [JavaFX Application Thread] DEBUG Input                - Registered new binding: Toggle Debug Camera - CTRL+C
20:49:37.511 [JavaFX Application Thread] DEBUG LoopRunner           - Starting loop
20:49:37.512 [JavaFX Application Thread] DEBUG LoopRunner           - Initializing JavaFX AnimationTimerLoop
20:49:37.514 [JavaFX Application Thread] DEBUG GameApplicationServi - Starting new game
20:49:37.514 [JavaFX Application Thread] DEBUG Input                - Clearing active input actions
20:49:37.528 [JavaFX Application Thread] DEBUG GameApplicationServi - Removing overlay from FXGLStartupScene and adding to FXGLLoadingScene
20:49:37.528 [JavaFX Application Thread] DEBUG PrimaryStageWindow   - FXGLStartupScene -> FXGLLoadingScene
20:49:37.529 [JavaFX Application Thread] DEBUG GameApplicationServi - Clearing previous game
20:49:37.529 [JavaFX Application Thread] DEBUG GameScene            - Clearing game scene
20:49:37.529 [JavaFX Application Thread] DEBUG GameWorld            - Clearing game world
20:49:37.529 [JavaFX Application Thread] DEBUG PhysicsWorld         - Clearing physics world
20:49:37.531 [FXGL Background Thread 4 ] DEBUG FXGLApplication      - Initializing game
20:49:37.531 [JavaFX Application Thread] DEBUG FXGLApplication      - Registering font factories with UI factory
20:49:37.582 [FXGL Background Thread 4 ] WARN  TMXLevelLoader       - TiledMap generated from 1.7.1. Supported version: 1.2.3. Some features may not be parsed fully.
20:49:37.634 [FXGL Background Thread 4 ] DEBUG TMXLevelLoader       - Parsed TiledMap: file:/C:/Users/russl/IdeaProjects/cloudHopper/target/classes/assets/levels/level1.tmx
20:49:37.635 [FXGL Background Thread 4 ] DEBUG TMXLevelLoader       - Creating tile layer entities
20:49:37.636 [FXGL Background Thread 4 ] DEBUG TilesetLoader        - Loading view for layer Tile Layer 1
20:49:37.688 [FXGL Background Thread 4 ] DEBUG TilesetLoader        - Created buffer with size 20480.0x1280.0
20:49:37.796 [FXGL Background Thread 4 ] DEBUG TMXLevelLoader       - Creating object layer entities
20:49:37.822 [FXGL Background Thread 4 ] DEBUG FXGLAssetLoaderServi - Loading from file system: file:/C:/Users/russl/IdeaProjects/cloudHopper/target/classes/assets/textures/crate.png
20:49:37.838 [FXGL Background Thread 4 ] DEBUG FXGLAssetLoaderServi - Loading from file system: file:/C:/Users/russl/IdeaProjects/cloudHopper/target/classes/assets/textures/StoneBlock.png
20:49:37.848 [FXGL Background Thread 4 ] DEBUG FXGLAssetLoaderServi - Loading from file system: file:/C:/Users/russl/IdeaProjects/cloudHopper/target/classes/assets/textures/characters_packed.png
20:49:37.884 [FXGL Background Thread 4 ] DEBUG FXGLAssetLoaderServi - Loading from file system: file:/C:/Users/russl/IdeaProjects/cloudHopper/target/classes/assets/textures/keyAnimation.png
20:49:37.913 [FXGL Background Thread 4 ] DEBUG FXGLAssetLoaderServi - Loading from file system: file:/C:/Users/russl/IdeaProjects/cloudHopper/target/classes/assets/textures/starAnimation.png
20:49:37.917 [FXGL Background Thread 4 ] DEBUG GameWorld            - Clearing removable entities
20:49:37.918 [FXGL Background Thread 4 ] DEBUG GameWorld            - Setting level: com.almasb.fxgl.entity.level.Level@309ac1d6
20:49:37.940 [FXGL Background Thread 2 ] INFO  UpdaterService       - Your current version:  11.16
20:49:37.940 [FXGL Background Thread 2 ] INFO  UpdaterService       - Latest stable version: 11.17
20:49:37.940 [FXGL Background Thread 4 ] DEBUG FXGLAssetLoaderServi - Loading from file system: file:/C:/Users/russl/IdeaProjects/cloudHopper/target/classes/assets/textures/single.png
20:49:37.943 [FXGL Background Thread 4 ] DEBUG FXGLAssetLoaderServi - Loading from file system: file:/C:/Users/russl/IdeaProjects/cloudHopper/target/classes/assets/textures/singlePushing.png
20:49:37.945 [FXGL Background Thread 4 ] DEBUG FXGLAssetLoaderServi - Loading from file system: file:/C:/Users/russl/IdeaProjects/cloudHopper/target/classes/assets/textures/z-2.png
20:49:37.972 [FXGL Background Thread 4 ] WARN  GameWorld            - Entity is already attached to world
20:49:37.973 [FXGL Background Thread 4 ] DEBUG FXGLAssetLoaderServi - Loading from file system: file:/C:/Users/russl/IdeaProjects/cloudHopper/target/classes/assets/textures/z-1.png
20:49:37.998 [FXGL Background Thread 4 ] WARN  GameWorld            - Entity is already attached to world
20:49:38.007 [FXGL Background Thread 4 ] DEBUG FXGLAssetLoaderServi - Loading from file system: file:/C:/Users/russl/IdeaProjects/cloudHopper/target/classes/assets/textures/hearts.png
20:49:38.008 [FXGL Background Thread 4 ] INFO  FXGLApplication      - Game initialization took: 0.476 sec
20:49:38.008 [JavaFX Application Thread] DEBUG Input                - Clearing active input actions
20:49:38.022 [JavaFX Application Thread] DEBUG GameApplicationServi - Removing overlay from FXGLLoadingScene and adding to GameScene
20:49:38.022 [JavaFX Application Thread] DEBUG PrimaryStageWindow   - FXGLLoadingScene -> GameScene
20:49:40.429 [FXGL Background Thread 3 ] DEBUG Engine               - Logging environment variables
20:49:40.429 [FXGL Background Thread 3 ] DEBUG Engine               - achievements: []
20:49:40.429 [FXGL Background Thread 3 ] DEBUG Engine               - actualHeight: 800.0
20:49:40.430 [FXGL Background Thread 3 ] DEBUG Engine               - actualHeightProperty: ReadOnlyDoubleProperty [value: 800.0]
20:49:40.430 [FXGL Background Thread 3 ] DEBUG Engine               - actualWidth: 1000.0
20:49:40.430 [FXGL Background Thread 3 ] DEBUG Engine               - actualWidthProperty: ReadOnlyDoubleProperty [value: 1000.0]
20:49:40.430 [FXGL Background Thread 3 ] DEBUG Engine               - appIcon: fxgl_icon.png
20:49:40.431 [FXGL Background Thread 3 ] DEBUG Engine               - applicationMode: DEVELOPER
20:49:40.431 [FXGL Background Thread 3 ] DEBUG Engine               - cSSList: [fxgl_dark.css]
20:49:40.431 [FXGL Background Thread 3 ] DEBUG Engine               - collisionDetectionStrategy: BRUTE_FORCE
20:49:40.431 [FXGL Background Thread 3 ] DEBUG Engine               - configClass: Optional.empty
20:49:40.431 [FXGL Background Thread 3 ] DEBUG Engine               - credits: []
20:49:40.431 [FXGL Background Thread 3 ] DEBUG Engine               - defaultCursor: CursorInfo(imageName=fxgl_default_cursor.png, hotspotX=7.0, hotspotY=6.0)
20:49:40.431 [FXGL Background Thread 3 ] DEBUG Engine               - devBBoxColorProperty: ObjectProperty [value: 0xff0000ff]
20:49:40.431 [FXGL Background Thread 3 ] DEBUG Engine               - devEnableDebugCameraProperty: BooleanProperty [value: false]
20:49:40.431 [FXGL Background Thread 3 ] DEBUG Engine               - devSensorColorProperty: ObjectProperty [value: 0xffff00ff]
20:49:40.432 [FXGL Background Thread 3 ] DEBUG Engine               - devShowBBoxProperty: BooleanProperty [value: false]
20:49:40.432 [FXGL Background Thread 3 ] DEBUG Engine               - devShowPositionProperty: BooleanProperty [value: false]
20:49:40.432 [FXGL Background Thread 3 ] DEBUG Engine               - enabledMenuItems: []
20:49:40.432 [FXGL Background Thread 3 ] DEBUG Engine               - engineServices: [class com.almasb.fxgl.app.services.FXGLAssetLoaderService, class com.almasb.fxgl.app.FXGLApplication$GameApplicationService, class com.almasb.fxgl.app.services.FXGLDialogService, class com.almasb.fxgl.app.services.IOTaskExecutorService, class com.almasb.fxgl.io.FileSystemService, class com.almasb.fxgl.localization.LocalizationService, class com.almasb.fxgl.app.services.SystemBundleService, class com.almasb.fxgl.profile.SaveLoadService, class com.almasb.fxgl.ui.FXGLUIFactoryServiceProvider, class com.almasb.fxgl.ui.FXGLDialogFactoryServiceProvider, class com.almasb.fxgl.audio.AudioPlayer, class com.almasb.fxgl.notification.impl.NotificationServiceProvider, class com.almasb.fxgl.achievement.AchievementService, class com.almasb.fxgl.cutscene.CutsceneService, class com.almasb.fxgl.minigames.MiniGameService, class com.almasb.fxgl.net.NetService, class com.almasb.fxgl.app.services.UpdaterService, class com.almasb.fxgl.dev.DevService]
20:49:40.432 [FXGL Background Thread 3 ] DEBUG Engine               - fontGame: Abel-Regular.ttf
20:49:40.432 [FXGL Background Thread 3 ] DEBUG Engine               - fontMono: lucida_console.ttf
20:49:40.432 [FXGL Background Thread 3 ] DEBUG Engine               - fontText: Courier-Prime.ttf
20:49:40.432 [FXGL Background Thread 3 ] DEBUG Engine               - fontUI: VarelaRound-Regular.ttf
20:49:40.432 [FXGL Background Thread 3 ] DEBUG Engine               - fullScreen: BooleanProperty [value: false]
20:49:40.432 [FXGL Background Thread 3 ] DEBUG Engine               - gameDifficulty: MEDIUM
20:49:40.433 [FXGL Background Thread 3 ] DEBUG Engine               - gameDifficultyProperty: ObjectProperty [value: MEDIUM]
20:49:40.433 [FXGL Background Thread 3 ] DEBUG Engine               - globalMusicVolume: 0.5
20:49:40.433 [FXGL Background Thread 3 ] DEBUG Engine               - globalMusicVolumeProperty: DoubleProperty [value: 0.5]
20:49:40.433 [FXGL Background Thread 3 ] DEBUG Engine               - globalSoundVolume: 0.5
20:49:40.433 [FXGL Background Thread 3 ] DEBUG Engine               - globalSoundVolumeProperty: DoubleProperty [value: 0.5]
20:49:40.433 [FXGL Background Thread 3 ] DEBUG Engine               - height: 800
20:49:40.433 [FXGL Background Thread 3 ] DEBUG Engine               - is3D: false
20:49:40.433 [FXGL Background Thread 3 ] DEBUG Engine               - isAndroid: false
20:49:40.434 [FXGL Background Thread 3 ] DEBUG Engine               - isBrowser: false
20:49:40.434 [FXGL Background Thread 3 ] DEBUG Engine               - isClickFeedbackEnabled: false
20:49:40.434 [FXGL Background Thread 3 ] DEBUG Engine               - isCloseConfirmation: false
20:49:40.434 [FXGL Background Thread 3 ] DEBUG Engine               - isDesktop: true
20:49:40.434 [FXGL Background Thread 3 ] DEBUG Engine               - isDeveloperMenuEnabled: false
20:49:40.434 [FXGL Background Thread 3 ] DEBUG Engine               - isEntityPreloadEnabled: true
20:49:40.434 [FXGL Background Thread 3 ] DEBUG Engine               - isExperimentalTiledLargeMap: false
20:49:40.434 [FXGL Background Thread 3 ] DEBUG Engine               - isFileSystemWriteAllowed: true
20:49:40.434 [FXGL Background Thread 3 ] DEBUG Engine               - isFullScreenAllowed: false
20:49:40.434 [FXGL Background Thread 3 ] DEBUG Engine               - isFullScreenFromStart: false
20:49:40.435 [FXGL Background Thread 3 ] DEBUG Engine               - isGameMenuEnabled: true
20:49:40.435 [FXGL Background Thread 3 ] DEBUG Engine               - isIOS: false
20:49:40.435 [FXGL Background Thread 3 ] DEBUG Engine               - isIntroEnabled: false
20:49:40.435 [FXGL Background Thread 3 ] DEBUG Engine               - isLinux: false
20:49:40.435 [FXGL Background Thread 3 ] DEBUG Engine               - isMac: false
20:49:40.435 [FXGL Background Thread 3 ] DEBUG Engine               - isMainMenuEnabled: false
20:49:40.435 [FXGL Background Thread 3 ] DEBUG Engine               - isManualResizeEnabled: false
20:49:40.435 [FXGL Background Thread 3 ] DEBUG Engine               - isMobile: false
20:49:40.435 [FXGL Background Thread 3 ] DEBUG Engine               - isNative: false
20:49:40.435 [FXGL Background Thread 3 ] DEBUG Engine               - isPreserveResizeRatio: false
20:49:40.435 [FXGL Background Thread 3 ] DEBUG Engine               - isProfilingEnabled: false
20:49:40.435 [FXGL Background Thread 3 ] DEBUG Engine               - isScaleAffectedOnResize: true
20:49:40.436 [FXGL Background Thread 3 ] DEBUG Engine               - isSingleStep: false
20:49:40.436 [FXGL Background Thread 3 ] DEBUG Engine               - isUserProfileEnabled: false
20:49:40.436 [FXGL Background Thread 3 ] DEBUG Engine               - isWindows: true
20:49:40.436 [FXGL Background Thread 3 ] DEBUG Engine               - language: ObjectProperty [value: ENGLISH]
20:49:40.436 [FXGL Background Thread 3 ] DEBUG Engine               - menuKey: ESCAPE
20:49:40.436 [FXGL Background Thread 3 ] DEBUG Engine               - mouseSensitivity: 0.2
20:49:40.436 [FXGL Background Thread 3 ] DEBUG Engine               - notificationViewClass: class com.almasb.fxgl.notification.view.XboxNotificationView
20:49:40.436 [FXGL Background Thread 3 ] DEBUG Engine               - pixelsPerMeter: 50.0
20:49:40.436 [FXGL Background Thread 3 ] DEBUG Engine               - platform: WINDOWS
20:49:40.437 [FXGL Background Thread 3 ] DEBUG Engine               - prefHeightProperty: ReadOnlyDoubleProperty [value: 800.0]
20:49:40.437 [FXGL Background Thread 3 ] DEBUG Engine               - prefWidthProperty: ReadOnlyDoubleProperty [value: 1000.0]
20:49:40.437 [FXGL Background Thread 3 ] DEBUG Engine               - profileDir: profiles/
20:49:40.437 [FXGL Background Thread 3 ] DEBUG Engine               - profileName: StringProperty [value: DEFAULT]
20:49:40.437 [FXGL Background Thread 3 ] DEBUG Engine               - randomSeed: -1
20:49:40.437 [FXGL Background Thread 3 ] DEBUG Engine               - runtimeInfo: RuntimeInfo(platform=WINDOWS, version=11.16, build=25.05.2021 08.16)
20:49:40.437 [FXGL Background Thread 3 ] DEBUG Engine               - saveFileExt: sav
20:49:40.437 [FXGL Background Thread 3 ] DEBUG Engine               - scaledHeightProp$fxgl: DoubleProperty [bound, value: 800.0]
20:49:40.437 [FXGL Background Thread 3 ] DEBUG Engine               - scaledWidthProp$fxgl: DoubleProperty [bound, value: 1000.0]
20:49:40.437 [FXGL Background Thread 3 ] DEBUG Engine               - sceneFactory: com.almasb.fxgl.app.scene.SceneFactory@23c0dc21
20:49:40.438 [FXGL Background Thread 3 ] DEBUG Engine               - secondsIn24h: 60
20:49:40.438 [FXGL Background Thread 3 ] DEBUG Engine               - soundMenuBack: menu/back.wav
20:49:40.438 [FXGL Background Thread 3 ] DEBUG Engine               - soundMenuPress: menu/press.wav
20:49:40.438 [FXGL Background Thread 3 ] DEBUG Engine               - soundMenuSelect: menu/select.wav
20:49:40.438 [FXGL Background Thread 3 ] DEBUG Engine               - soundNotification: core/notification.wav
20:49:40.438 [FXGL Background Thread 3 ] DEBUG Engine               - stageStyle: DECORATED
20:49:40.438 [FXGL Background Thread 3 ] DEBUG Engine               - supportedLanguages: [ENGLISH, FRENCH, GERMAN, HUNGARIAN, RUSSIAN]
20:49:40.438 [FXGL Background Thread 3 ] DEBUG Engine               - ticksPerSecond: -1
20:49:40.438 [FXGL Background Thread 3 ] DEBUG Engine               - title: Cloud Hopper
20:49:40.438 [FXGL Background Thread 3 ] DEBUG Engine               - urlGithub: https://github.com/AlmasB/FXGL
20:49:40.438 [FXGL Background Thread 3 ] DEBUG Engine               - urlLeaderboard: http://fxgl-top.herokuapp.com/
20:49:40.439 [FXGL Background Thread 3 ] DEBUG Engine               - urlPOM: https://raw.githubusercontent.com/AlmasB/FXGL/release/README.md
20:49:40.439 [FXGL Background Thread 3 ] DEBUG Engine               - userAppClass: class com.cloudHopper.PlatformerApp
20:49:40.439 [FXGL Background Thread 3 ] DEBUG Engine               - version: 0.1
20:49:40.439 [FXGL Background Thread 3 ] DEBUG Engine               - versionCheckDays: 7
20:49:40.439 [FXGL Background Thread 3 ] DEBUG Engine               - width: 1000
20:49:40.439 [FXGL Background Thread 3 ] DEBUG Engine               - Logging services
20:49:40.439 [FXGL Background Thread 3 ] DEBUG Engine               - class com.almasb.fxgl.app.services.FXGLAssetLoaderService
20:49:40.439 [FXGL Background Thread 3 ] DEBUG Engine               - class com.almasb.fxgl.app.FXGLApplication$GameApplicationService
20:49:40.439 [FXGL Background Thread 3 ] DEBUG Engine               - class com.almasb.fxgl.app.services.FXGLDialogService
20:49:40.439 [FXGL Background Thread 3 ] DEBUG Engine               - class com.almasb.fxgl.app.services.IOTaskExecutorService
20:49:40.439 [FXGL Background Thread 3 ] DEBUG Engine               - class com.almasb.fxgl.io.FileSystemService
20:49:40.439 [FXGL Background Thread 3 ] DEBUG Engine               - class com.almasb.fxgl.localization.LocalizationService
20:49:40.439 [FXGL Background Thread 3 ] DEBUG Engine               - class com.almasb.fxgl.app.services.SystemBundleService
20:49:40.440 [FXGL Background Thread 3 ] DEBUG Engine               - class com.almasb.fxgl.profile.SaveLoadService
20:49:40.440 [FXGL Background Thread 3 ] DEBUG Engine               - class com.almasb.fxgl.ui.FXGLUIFactoryServiceProvider
20:49:40.441 [FXGL Background Thread 3 ] DEBUG Engine               - class com.almasb.fxgl.ui.FXGLDialogFactoryServiceProvider
20:49:40.441 [FXGL Background Thread 3 ] DEBUG Engine               - class com.almasb.fxgl.audio.AudioPlayer
20:49:40.441 [FXGL Background Thread 3 ] DEBUG Engine               - class com.almasb.fxgl.notification.impl.NotificationServiceProvider
20:49:40.441 [FXGL Background Thread 3 ] DEBUG Engine               - class com.almasb.fxgl.achievement.AchievementService
20:49:40.441 [FXGL Background Thread 3 ] DEBUG Engine               - class com.almasb.fxgl.cutscene.CutsceneService
20:49:40.441 [FXGL Background Thread 3 ] DEBUG Engine               - class com.almasb.fxgl.minigames.MiniGameService
20:49:40.441 [FXGL Background Thread 3 ] DEBUG Engine               - class com.almasb.fxgl.net.NetService
20:49:40.441 [FXGL Background Thread 3 ] DEBUG Engine               - class com.almasb.fxgl.app.services.UpdaterService
20:49:40.441 [FXGL Background Thread 3 ] DEBUG Engine               - class com.almasb.fxgl.dev.DevService
20:49:44.949 [JavaFX Application Thread] DEBUG FXGLApplication      - Exiting FXGL
20:49:44.949 [JavaFX Application Thread] DEBUG LoopRunner           - Stopping loop
20:49:44.949 [JavaFX Application Thread] DEBUG SystemBundleService  - Saving FXGL system data
20:49:44.951 [JavaFX Application Thread] DEBUG FileSystemAccess     - Writing to: C:\Users\russl\IdeaProjects\cloudHopper\system\fxgl.bundle
20:49:44.953 [JavaFX Application Thread] DEBUG Async                - Shutting down background threads
20:49:44.953 [JavaFX Application Thread] DEBUG PrimaryStageWindow   - Closing main window
20:49:44.962 [JavaFX Application Thread] DEBUG Logger               - Closing Logger
