20:48:04.351 [main                     ] DEBUG Logger               - Configured Logger
20:48:04.357 [main                     ] DEBUG GameApplication      - Logging settings
Title: Cloud Hopper
Version: 0.1
Width: 1000
Height: 800
Fullscreen: false
Intro: false
Profiling: false
Single step:false
App Mode: DEVELOPER
Menu Key: ESCAPE
Stage Style: DECORATED
Scene Factory: class com.almasb.fxgl.app.scene.SceneFactory

20:48:04.895 [JavaFX Application Thread] DEBUG FXGLApplication      - Initializing FXGL
20:48:04.899 [JavaFX Application Thread] INFO  Engine               - FXGL-11.16 (25.05.2021 08.16) on WINDOWS (J:16 FX:16)
20:48:04.900 [JavaFX Application Thread] DEBUG Engine               - JRE Vendor Name: Oracle Corporation
20:48:04.900 [JavaFX Application Thread] DEBUG Engine               - Running on OS: Windows 10 version 10.0
20:48:04.900 [JavaFX Application Thread] DEBUG Engine               - Architecture: amd64
20:48:04.900 [JavaFX Application Thread] INFO  Engine               - Source code and latest versions at: https://github.com/AlmasB/FXGL
20:48:04.900 [JavaFX Application Thread] INFO  Engine               -              Join the FXGL chat at: https://gitter.im/AlmasB/FXGL
20:48:05.071 [JavaFX Application Thread] DEBUG PrimaryStageWindow   - Creating a JavaFX scene
20:48:05.140 [JavaFX Application Thread] DEBUG PrimaryStageWindow   - Target settings size: 1000.0 x 800.0
20:48:05.140 [JavaFX Application Thread] DEBUG PrimaryStageWindow   - Scaled scene size:    1000.0 x 800.0
20:48:05.141 [JavaFX Application Thread] DEBUG PrimaryStageWindow   - Scaled ratio: (1.0, 1.0)
20:48:05.143 [JavaFX Application Thread] DEBUG PrimaryStageWindow   - Set initial scene to FXGLStartupScene
20:48:05.155 [JavaFX Application Thread] DEBUG PrimaryStageWindow   - Opening main window
20:48:05.263 [JavaFX Application Thread] DEBUG PrimaryStageWindow   - Window border size: (16.0, 39.0)
20:48:05.263 [JavaFX Application Thread] DEBUG PrimaryStageWindow   - Scaled size: 1000.0 x 800.0
20:48:05.264 [JavaFX Application Thread] DEBUG PrimaryStageWindow   - Scaled ratio: (1.0, 1.0)
20:48:05.264 [JavaFX Application Thread] DEBUG PrimaryStageWindow   - Scene size: 1000.0 x 800.0
20:48:05.264 [JavaFX Application Thread] DEBUG PrimaryStageWindow   - Stage size: 1016.0 x 839.0
20:48:05.273 [FXGL Background Thread 1 ] DEBUG Engine               - Initializing environment variables
20:48:05.323 [FXGL Background Thread 1 ] DEBUG FXGLAssetLoaderServi - User app class for loading assets: class com.cloudHopper.PlatformerApp
20:48:05.323 [FXGL Background Thread 1 ] DEBUG GameApplicationServi - Applying CSS: fxgl_dark.css
20:48:05.325 [FXGL Background Thread 1 ] DEBUG FXGLAssetLoaderServi - Loading from file system: jar:file:/C:/Users/russl/.m2/repository/com/github/almasb/fxgl/11.16/fxgl-11.16.jar!/fxglassets/ui/css/fxgl_dark.css
20:48:05.384 [FXGL Background Thread 1 ] DEBUG GameApplicationServi - Initializing application scenes
20:48:05.437 [FXGL Background Thread 1 ] DEBUG GameWorld            - Game world initialized
20:48:05.511 [FXGL Background Thread 1 ] DEBUG PhysicsWorld         - Physics world initialized: appHeight=800, physics.ppm=50.0
20:48:05.511 [FXGL Background Thread 1 ] DEBUG PhysicsWorld         - Using strategy: BRUTE_FORCE
20:48:05.516 [FXGL Background Thread 1 ] DEBUG GameScene            - Game scene initialized: 1000x800
20:48:05.533 [FXGL Background Thread 1 ] DEBUG FXGL.DefaultMenu     - createMenuBodyGameMenu()
20:48:05.555 [FXGL Background Thread 1 ] DEBUG FXGL.DefaultMenu     - createOptionsMenu()
20:48:05.567 [FXGL Background Thread 1 ] DEBUG FXGLAssetLoaderServi - Loading from file system: jar:file:/C:/Users/russl/.m2/repository/com/github/almasb/fxgl/11.16/fxgl-11.16.jar!/fxglassets/textures/particles/smoke.png
20:48:05.695 [FXGL Background Thread 1 ] DEBUG FXGLAssetLoaderServi - Loading from file system: jar:file:/C:/Users/russl/.m2/repository/com/github/almasb/fxgl/11.16/fxgl-11.16.jar!/fxglassets/textures/particles/trace_horizontal.png
20:48:05.739 [FXGL Background Thread 1 ] DEBUG GameApplicationServi - Application scenes initialized
20:48:05.752 [FXGL Background Thread 1 ] DEBUG SystemBundleService  - Loading FXGL system data
20:48:05.756 [FXGL Background Thread 1 ] DEBUG FileSystemAccess     - Reading from: C:\Users\russl\IdeaProjects\cloudHopper\system\fxgl.bundle
20:48:05.763 [FXGL Background Thread 1 ] DEBUG SystemBundleService  - Bundle FXGL: {}
20:48:05.763 [FXGL Background Thread 1 ] DEBUG UpdaterService       - Checking for updates
20:48:05.769 [FXGL Background Thread 4 ] DEBUG FXGLApplication      - Loading fonts
20:48:05.770 [FXGL Background Thread 1 ] DEBUG FXGLApplication      - Loading default localization
20:48:05.770 [FXGL Background Thread 4 ] DEBUG FXGLAssetLoaderServi - Loading from file system: jar:file:/C:/Users/russl/.m2/repository/com/github/almasb/fxgl/11.16/fxgl-11.16.jar!/fxglassets/ui/fonts/VarelaRound-Regular.ttf
20:48:05.770 [FXGL Background Thread 1 ] DEBUG FXGLAssetLoaderServi - Loading from file system: jar:file:/C:/Users/russl/.m2/repository/com/github/almasb/fxgl/11.16/fxgl-11.16.jar!/fxglassets/languages/english.lang
20:48:05.799 [FXGL Background Thread 1 ] INFO  FXGLApplication      - FXGL initialization took: 0.525 sec
20:48:05.814 [JavaFX Application Thread] DEBUG Input                - Registered new binding: action0 - A
20:48:05.815 [JavaFX Application Thread] DEBUG Input                - Registered new binding: action1 - D
20:48:05.816 [JavaFX Application Thread] DEBUG Input                - Registered new binding: action2 - Space
20:48:05.817 [JavaFX Application Thread] DEBUG Input                - Registered new binding: action3 - W
20:48:05.818 [JavaFX Application Thread] DEBUG FXGLAssetLoaderServi - Loading from file system: jar:file:/C:/Users/russl/.m2/repository/com/github/almasb/fxgl/11.16/fxgl-11.16.jar!/fxglassets/textures/fxgl_icon.png
20:48:05.834 [FXGL Background Thread 4 ] DEBUG FXGLAssetLoaderServi - Loading from file system: jar:file:/C:/Users/russl/.m2/repository/com/github/almasb/fxgl/11.16/fxgl-11.16.jar!/fxglassets/ui/fonts/Abel-Regular.ttf
20:48:05.838 [FXGL Background Thread 4 ] DEBUG FXGLAssetLoaderServi - Loading from file system: jar:file:/C:/Users/russl/.m2/repository/com/github/almasb/fxgl/11.16/fxgl-11.16.jar!/fxglassets/ui/fonts/lucida_console.ttf
20:48:05.844 [FXGL Background Thread 4 ] DEBUG FXGLAssetLoaderServi - Loading from file system: jar:file:/C:/Users/russl/.m2/repository/com/github/almasb/fxgl/11.16/fxgl-11.16.jar!/fxglassets/ui/fonts/Courier-Prime.ttf
20:48:05.856 [JavaFX Application Thread] DEBUG FXGLAssetLoaderServi - Loading from file system: jar:file:/C:/Users/russl/.m2/repository/com/github/almasb/fxgl/11.16/fxgl-11.16.jar!/fxglassets/textures/fxgl_default_cursor.png
20:48:05.861 [JavaFX Application Thread] DEBUG Input                - Registered new binding: Screenshot - CTRL+8
20:48:05.863 [JavaFX Application Thread] DEBUG Input                - Registered new binding: System info dump - CTRL+9
20:48:05.863 [JavaFX Application Thread] DEBUG Input                - Registered new binding: Restart - CTRL+R
20:48:05.865 [JavaFX Application Thread] DEBUG Input                - Registered new binding: Toggle Debug Camera - CTRL+C
20:48:05.870 [JavaFX Application Thread] DEBUG LoopRunner           - Starting loop
20:48:05.870 [JavaFX Application Thread] DEBUG LoopRunner           - Initializing JavaFX AnimationTimerLoop
20:48:05.873 [JavaFX Application Thread] DEBUG GameApplicationServi - Starting new game
20:48:05.875 [JavaFX Application Thread] DEBUG Input                - Clearing active input actions
20:48:05.889 [JavaFX Application Thread] DEBUG GameApplicationServi - Removing overlay from FXGLStartupScene and adding to FXGLLoadingScene
20:48:05.889 [JavaFX Application Thread] DEBUG PrimaryStageWindow   - FXGLStartupScene -> FXGLLoadingScene
20:48:05.890 [JavaFX Application Thread] DEBUG GameApplicationServi - Clearing previous game
20:48:05.890 [JavaFX Application Thread] DEBUG GameScene            - Clearing game scene
20:48:05.890 [JavaFX Application Thread] DEBUG GameWorld            - Clearing game world
20:48:05.891 [JavaFX Application Thread] DEBUG PhysicsWorld         - Clearing physics world
20:48:05.893 [FXGL Background Thread 4 ] DEBUG FXGLApplication      - Initializing game
20:48:05.893 [JavaFX Application Thread] DEBUG FXGLApplication      - Registering font factories with UI factory
20:48:05.955 [FXGL Background Thread 4 ] WARN  TMXLevelLoader       - TiledMap generated from 1.7.1. Supported version: 1.2.3. Some features may not be parsed fully.
20:48:06.007 [FXGL Background Thread 4 ] DEBUG TMXLevelLoader       - Parsed TiledMap: file:/C:/Users/russl/IdeaProjects/cloudHopper/target/classes/assets/levels/level1.tmx
20:48:06.008 [FXGL Background Thread 4 ] DEBUG TMXLevelLoader       - Creating tile layer entities
20:48:06.009 [FXGL Background Thread 4 ] DEBUG TilesetLoader        - Loading view for layer Tile Layer 1
20:48:06.060 [FXGL Background Thread 4 ] DEBUG TilesetLoader        - Created buffer with size 20480.0x1280.0
20:48:06.145 [FXGL Background Thread 4 ] DEBUG TMXLevelLoader       - Creating object layer entities
20:48:06.171 [FXGL Background Thread 4 ] DEBUG FXGLAssetLoaderServi - Loading from file system: file:/C:/Users/russl/IdeaProjects/cloudHopper/target/classes/assets/textures/crate.png
20:48:06.188 [FXGL Background Thread 4 ] DEBUG FXGLAssetLoaderServi - Loading from file system: file:/C:/Users/russl/IdeaProjects/cloudHopper/target/classes/assets/textures/StoneBlock.png
20:48:06.196 [FXGL Background Thread 4 ] DEBUG FXGLAssetLoaderServi - Loading from file system: file:/C:/Users/russl/IdeaProjects/cloudHopper/target/classes/assets/textures/characters_packed.png
20:48:06.223 [FXGL Background Thread 4 ] DEBUG FXGLAssetLoaderServi - Loading from file system: file:/C:/Users/russl/IdeaProjects/cloudHopper/target/classes/assets/textures/keyAnimation.png
20:48:06.245 [FXGL Background Thread 4 ] DEBUG FXGLAssetLoaderServi - Loading from file system: file:/C:/Users/russl/IdeaProjects/cloudHopper/target/classes/assets/textures/starAnimation.png
20:48:06.249 [FXGL Background Thread 4 ] DEBUG GameWorld            - Clearing removable entities
20:48:06.249 [FXGL Background Thread 4 ] DEBUG GameWorld            - Setting level: com.almasb.fxgl.entity.level.Level@15dc15ea
20:48:06.271 [FXGL Background Thread 4 ] DEBUG FXGLAssetLoaderServi - Loading from file system: file:/C:/Users/russl/IdeaProjects/cloudHopper/target/classes/assets/textures/single.png
20:48:06.274 [FXGL Background Thread 4 ] DEBUG FXGLAssetLoaderServi - Loading from file system: file:/C:/Users/russl/IdeaProjects/cloudHopper/target/classes/assets/textures/singlePushing.png
20:48:06.277 [FXGL Background Thread 4 ] DEBUG FXGLAssetLoaderServi - Loading from file system: file:/C:/Users/russl/IdeaProjects/cloudHopper/target/classes/assets/textures/z-2.png
20:48:06.304 [FXGL Background Thread 4 ] WARN  GameWorld            - Entity is already attached to world
20:48:06.305 [FXGL Background Thread 4 ] DEBUG FXGLAssetLoaderServi - Loading from file system: file:/C:/Users/russl/IdeaProjects/cloudHopper/target/classes/assets/textures/z-1.png
20:48:06.340 [FXGL Background Thread 4 ] WARN  GameWorld            - Entity is already attached to world
20:48:06.351 [FXGL Background Thread 4 ] DEBUG FXGLAssetLoaderServi - Loading from file system: file:/C:/Users/russl/IdeaProjects/cloudHopper/target/classes/assets/textures/hearts.png
20:48:06.353 [FXGL Background Thread 4 ] INFO  FXGLApplication      - Game initialization took: 0.460 sec
20:48:06.353 [JavaFX Application Thread] DEBUG Input                - Clearing active input actions
20:48:06.370 [JavaFX Application Thread] DEBUG GameApplicationServi - Removing overlay from FXGLLoadingScene and adding to GameScene
20:48:06.371 [JavaFX Application Thread] DEBUG PrimaryStageWindow   - FXGLLoadingScene -> GameScene
20:48:06.566 [FXGL Background Thread 2 ] INFO  UpdaterService       - Your current version:  11.16
20:48:06.567 [FXGL Background Thread 2 ] INFO  UpdaterService       - Latest stable version: 11.17
20:48:08.583 [JavaFX Application Thread] DEBUG FXGLApplication      - Exiting FXGL
20:48:08.583 [JavaFX Application Thread] DEBUG LoopRunner           - Stopping loop
20:48:08.583 [JavaFX Application Thread] DEBUG SystemBundleService  - Saving FXGL system data
20:48:08.585 [JavaFX Application Thread] DEBUG FileSystemAccess     - Writing to: C:\Users\russl\IdeaProjects\cloudHopper\system\fxgl.bundle
20:48:08.586 [JavaFX Application Thread] DEBUG Async                - Shutting down background threads
20:48:08.587 [JavaFX Application Thread] DEBUG PrimaryStageWindow   - Closing main window
20:48:08.597 [JavaFX Application Thread] DEBUG Logger               - Closing Logger
