21:47:17.538 [main                     ] DEBUG Logger               - Configured Logger
21:47:17.543 [main                     ] DEBUG GameApplication      - Logging settings
Title: Cloud Hopper
Version: 0.1
Width: 1000
Height: 800
Fullscreen: false
Intro: false
Profiling: false
Single step:false
App Mode: DEVELOPER
Menu Key: ESCAPE
Stage Style: DECORATED
Scene Factory: class com.almasb.fxgl.app.scene.SceneFactory

21:47:18.131 [JavaFX Application Thread] DEBUG FXGLApplication      - Initializing FXGL
21:47:18.134 [JavaFX Application Thread] INFO  Engine               - FXGL-11.16 (25.05.2021 08.16) on WINDOWS (J:16 FX:16)
21:47:18.135 [JavaFX Application Thread] DEBUG Engine               - JRE Vendor Name: Oracle Corporation
21:47:18.135 [JavaFX Application Thread] DEBUG Engine               - Running on OS: Windows 10 version 10.0
21:47:18.135 [JavaFX Application Thread] DEBUG Engine               - Architecture: amd64
21:47:18.136 [JavaFX Application Thread] INFO  Engine               - Source code and latest versions at: https://github.com/AlmasB/FXGL
21:47:18.136 [JavaFX Application Thread] INFO  Engine               -              Join the FXGL chat at: https://gitter.im/AlmasB/FXGL
21:47:18.305 [JavaFX Application Thread] DEBUG PrimaryStageWindow   - Creating a JavaFX scene
21:47:18.373 [JavaFX Application Thread] DEBUG PrimaryStageWindow   - Target settings size: 1000.0 x 800.0
21:47:18.373 [JavaFX Application Thread] DEBUG PrimaryStageWindow   - Scaled scene size:    1000.0 x 800.0
21:47:18.374 [JavaFX Application Thread] DEBUG PrimaryStageWindow   - Scaled ratio: (1.0, 1.0)
21:47:18.375 [JavaFX Application Thread] DEBUG PrimaryStageWindow   - Set initial scene to FXGLStartupScene
21:47:18.386 [JavaFX Application Thread] DEBUG PrimaryStageWindow   - Opening main window
21:47:18.496 [JavaFX Application Thread] DEBUG PrimaryStageWindow   - Window border size: (16.0, 39.0)
21:47:18.496 [JavaFX Application Thread] DEBUG PrimaryStageWindow   - Scaled size: 1000.0 x 800.0
21:47:18.496 [JavaFX Application Thread] DEBUG PrimaryStageWindow   - Scaled ratio: (1.0, 1.0)
21:47:18.497 [JavaFX Application Thread] DEBUG PrimaryStageWindow   - Scene size: 1000.0 x 800.0
21:47:18.497 [JavaFX Application Thread] DEBUG PrimaryStageWindow   - Stage size: 1016.0 x 839.0
21:47:18.505 [FXGL Background Thread 1 ] DEBUG Engine               - Initializing environment variables
21:47:18.561 [FXGL Background Thread 1 ] DEBUG FXGLAssetLoaderServi - User app class for loading assets: class com.cloudHopper.PlatformerApp
21:47:18.561 [FXGL Background Thread 1 ] DEBUG GameApplicationServi - Applying CSS: fxgl_dark.css
21:47:18.562 [FXGL Background Thread 1 ] DEBUG FXGLAssetLoaderServi - Loading from file system: jar:file:/C:/Users/russl/.m2/repository/com/github/almasb/fxgl/11.16/fxgl-11.16.jar!/fxglassets/ui/css/fxgl_dark.css
21:47:18.612 [FXGL Background Thread 1 ] DEBUG GameApplicationServi - Initializing application scenes
21:47:18.654 [FXGL Background Thread 1 ] DEBUG GameWorld            - Game world initialized
21:47:18.724 [FXGL Background Thread 1 ] DEBUG PhysicsWorld         - Physics world initialized: appHeight=800, physics.ppm=50.0
21:47:18.724 [FXGL Background Thread 1 ] DEBUG PhysicsWorld         - Using strategy: BRUTE_FORCE
21:47:18.728 [FXGL Background Thread 1 ] DEBUG GameScene            - Game scene initialized: 1000x800
21:47:18.742 [FXGL Background Thread 1 ] DEBUG FXGL.DefaultMenu     - createMenuBodyGameMenu()
21:47:18.759 [FXGL Background Thread 1 ] DEBUG FXGL.DefaultMenu     - createOptionsMenu()
21:47:18.768 [FXGL Background Thread 1 ] DEBUG FXGLAssetLoaderServi - Loading from file system: jar:file:/C:/Users/russl/.m2/repository/com/github/almasb/fxgl/11.16/fxgl-11.16.jar!/fxglassets/textures/particles/smoke.png
21:47:18.883 [FXGL Background Thread 1 ] DEBUG FXGLAssetLoaderServi - Loading from file system: jar:file:/C:/Users/russl/.m2/repository/com/github/almasb/fxgl/11.16/fxgl-11.16.jar!/fxglassets/textures/particles/trace_horizontal.png
21:47:18.932 [FXGL Background Thread 1 ] DEBUG GameApplicationServi - Application scenes initialized
21:47:18.944 [FXGL Background Thread 1 ] DEBUG SystemBundleService  - Loading FXGL system data
21:47:18.947 [FXGL Background Thread 1 ] DEBUG FileSystemAccess     - Reading from: C:\Users\russl\IdeaProjects\TestProject2\system\fxgl.bundle
21:47:18.954 [FXGL Background Thread 1 ] DEBUG SystemBundleService  - Bundle FXGL: {}
21:47:18.954 [FXGL Background Thread 1 ] DEBUG UpdaterService       - Checking for updates
21:47:18.959 [FXGL Background Thread 4 ] DEBUG FXGLApplication      - Loading fonts
21:47:18.959 [FXGL Background Thread 1 ] DEBUG FXGLApplication      - Loading default localization
21:47:18.959 [FXGL Background Thread 4 ] DEBUG FXGLAssetLoaderServi - Loading from file system: jar:file:/C:/Users/russl/.m2/repository/com/github/almasb/fxgl/11.16/fxgl-11.16.jar!/fxglassets/ui/fonts/VarelaRound-Regular.ttf
21:47:18.960 [FXGL Background Thread 1 ] DEBUG FXGLAssetLoaderServi - Loading from file system: jar:file:/C:/Users/russl/.m2/repository/com/github/almasb/fxgl/11.16/fxgl-11.16.jar!/fxglassets/languages/english.lang
21:47:18.986 [FXGL Background Thread 1 ] INFO  FXGLApplication      - FXGL initialization took: 0.482 sec
21:47:19.001 [JavaFX Application Thread] DEBUG Input                - Registered new binding: action0 - A
21:47:19.002 [JavaFX Application Thread] DEBUG Input                - Registered new binding: action1 - D
21:47:19.003 [JavaFX Application Thread] DEBUG Input                - Registered new binding: action2 - Space
21:47:19.004 [JavaFX Application Thread] DEBUG Input                - Registered new binding: action3 - W
21:47:19.004 [JavaFX Application Thread] DEBUG FXGLAssetLoaderServi - Loading from file system: jar:file:/C:/Users/russl/.m2/repository/com/github/almasb/fxgl/11.16/fxgl-11.16.jar!/fxglassets/textures/fxgl_icon.png
21:47:19.013 [FXGL Background Thread 4 ] DEBUG FXGLAssetLoaderServi - Loading from file system: jar:file:/C:/Users/russl/.m2/repository/com/github/almasb/fxgl/11.16/fxgl-11.16.jar!/fxglassets/ui/fonts/Abel-Regular.ttf
21:47:19.016 [FXGL Background Thread 4 ] DEBUG FXGLAssetLoaderServi - Loading from file system: jar:file:/C:/Users/russl/.m2/repository/com/github/almasb/fxgl/11.16/fxgl-11.16.jar!/fxglassets/ui/fonts/lucida_console.ttf
21:47:19.022 [FXGL Background Thread 4 ] DEBUG FXGLAssetLoaderServi - Loading from file system: jar:file:/C:/Users/russl/.m2/repository/com/github/almasb/fxgl/11.16/fxgl-11.16.jar!/fxglassets/ui/fonts/Courier-Prime.ttf
21:47:19.036 [JavaFX Application Thread] DEBUG FXGLAssetLoaderServi - Loading from file system: jar:file:/C:/Users/russl/.m2/repository/com/github/almasb/fxgl/11.16/fxgl-11.16.jar!/fxglassets/textures/fxgl_default_cursor.png
21:47:19.039 [JavaFX Application Thread] DEBUG Input                - Registered new binding: Screenshot - CTRL+8
21:47:19.040 [JavaFX Application Thread] DEBUG Input                - Registered new binding: System info dump - CTRL+9
21:47:19.040 [JavaFX Application Thread] DEBUG Input                - Registered new binding: Restart - CTRL+R
21:47:19.041 [JavaFX Application Thread] DEBUG Input                - Registered new binding: Toggle Debug Camera - CTRL+C
21:47:19.044 [JavaFX Application Thread] DEBUG LoopRunner           - Starting loop
21:47:19.045 [JavaFX Application Thread] DEBUG LoopRunner           - Initializing JavaFX AnimationTimerLoop
21:47:19.047 [JavaFX Application Thread] DEBUG GameApplicationServi - Starting new game
21:47:19.048 [JavaFX Application Thread] DEBUG Input                - Clearing active input actions
21:47:19.060 [JavaFX Application Thread] DEBUG GameApplicationServi - Removing overlay from FXGLStartupScene and adding to FXGLLoadingScene
21:47:19.061 [JavaFX Application Thread] DEBUG PrimaryStageWindow   - FXGLStartupScene -> FXGLLoadingScene
21:47:19.061 [JavaFX Application Thread] DEBUG GameApplicationServi - Clearing previous game
21:47:19.061 [JavaFX Application Thread] DEBUG GameScene            - Clearing game scene
21:47:19.061 [JavaFX Application Thread] DEBUG GameWorld            - Clearing game world
21:47:19.061 [JavaFX Application Thread] DEBUG PhysicsWorld         - Clearing physics world
21:47:19.063 [FXGL Background Thread 4 ] DEBUG FXGLApplication      - Initializing game
21:47:19.065 [JavaFX Application Thread] DEBUG FXGLApplication      - Registering font factories with UI factory
21:47:19.113 [FXGL Background Thread 4 ] WARN  TMXLevelLoader       - TiledMap generated from 1.7.1. Supported version: 1.2.3. Some features may not be parsed fully.
21:47:19.162 [FXGL Background Thread 4 ] DEBUG TMXLevelLoader       - Parsed TiledMap: file:/C:/Users/russl/IdeaProjects/TestProject2/target/classes/assets/levels/level1.tmx
21:47:19.163 [FXGL Background Thread 4 ] DEBUG TMXLevelLoader       - Creating tile layer entities
21:47:19.164 [FXGL Background Thread 4 ] DEBUG TilesetLoader        - Loading view for layer Tile Layer 1
21:47:19.217 [FXGL Background Thread 4 ] DEBUG TilesetLoader        - Created buffer with size 20480.0x1280.0
21:47:19.311 [FXGL Background Thread 4 ] DEBUG TMXLevelLoader       - Creating object layer entities
21:47:19.337 [FXGL Background Thread 4 ] DEBUG FXGLAssetLoaderServi - Loading from file system: file:/C:/Users/russl/IdeaProjects/TestProject2/target/classes/assets/textures/crate.png
21:47:19.354 [FXGL Background Thread 4 ] DEBUG FXGLAssetLoaderServi - Loading from file system: file:/C:/Users/russl/IdeaProjects/TestProject2/target/classes/assets/textures/StoneBlock.png
21:47:19.361 [FXGL Background Thread 4 ] DEBUG FXGLAssetLoaderServi - Loading from file system: file:/C:/Users/russl/IdeaProjects/TestProject2/target/classes/assets/textures/characters_packed.png
21:47:19.393 [FXGL Background Thread 4 ] DEBUG FXGLAssetLoaderServi - Loading from file system: file:/C:/Users/russl/IdeaProjects/TestProject2/target/classes/assets/textures/keyAnimation.png
21:47:19.403 [FXGL Background Thread 4 ] DEBUG GameWorld            - Clearing removable entities
21:47:19.404 [FXGL Background Thread 4 ] DEBUG GameWorld            - Setting level: com.almasb.fxgl.entity.level.Level@76104dab
21:47:19.423 [FXGL Background Thread 4 ] DEBUG FXGLAssetLoaderServi - Loading from file system: file:/C:/Users/russl/IdeaProjects/TestProject2/target/classes/assets/textures/player_idle.png
21:47:19.424 [FXGL Background Thread 4 ] DEBUG FXGLAssetLoaderServi - Loading from file system: file:/C:/Users/russl/IdeaProjects/TestProject2/target/classes/assets/textures/player_walking.png
21:47:19.427 [FXGL Background Thread 4 ] DEBUG FXGLAssetLoaderServi - Loading from file system: file:/C:/Users/russl/IdeaProjects/TestProject2/target/classes/assets/textures/bgPyramid.png
21:47:19.477 [FXGL Background Thread 4 ] WARN  GameWorld            - Entity is already attached to world
21:47:19.478 [FXGL Background Thread 4 ] DEBUG FXGLAssetLoaderServi - Loading from file system: file:/C:/Users/russl/IdeaProjects/TestProject2/target/classes/assets/textures/bgTower.png
21:47:19.522 [FXGL Background Thread 4 ] WARN  GameWorld            - Entity is already attached to world
21:47:19.523 [FXGL Background Thread 4 ] DEBUG FXGLAssetLoaderServi - Loading from file system: file:/C:/Users/russl/IdeaProjects/TestProject2/target/classes/assets/textures/BG.png
21:47:19.576 [FXGL Background Thread 4 ] WARN  GameWorld            - Entity is already attached to world
21:47:19.586 [FXGL Background Thread 4 ] INFO  FXGLApplication      - Game initialization took: 0.523 sec
21:47:19.597 [JavaFX Application Thread] DEBUG Input                - Clearing active input actions
21:47:19.616 [JavaFX Application Thread] DEBUG GameApplicationServi - Removing overlay from FXGLLoadingScene and adding to GameScene
21:47:19.617 [JavaFX Application Thread] DEBUG PrimaryStageWindow   - FXGLLoadingScene -> GameScene
21:47:19.726 [FXGL Background Thread 2 ] INFO  UpdaterService       - Your current version:  11.16
21:47:19.727 [FXGL Background Thread 2 ] INFO  UpdaterService       - Latest stable version: 11.17
21:47:21.215 [JavaFX Application Thread] DEBUG FXGLApplication      - Exiting FXGL
21:47:21.215 [JavaFX Application Thread] DEBUG LoopRunner           - Stopping loop
21:47:21.216 [JavaFX Application Thread] DEBUG SystemBundleService  - Saving FXGL system data
21:47:21.218 [JavaFX Application Thread] DEBUG FileSystemAccess     - Writing to: C:\Users\russl\IdeaProjects\TestProject2\system\fxgl.bundle
21:47:21.219 [JavaFX Application Thread] DEBUG Async                - Shutting down background threads
21:47:21.220 [JavaFX Application Thread] DEBUG PrimaryStageWindow   - Closing main window
21:47:21.230 [JavaFX Application Thread] DEBUG Logger               - Closing Logger
