15:09:55.747 [main                     ] DEBUG Logger               - Configured Logger
15:09:55.752 [main                     ] DEBUG GameApplication      - Logging settings
Title: Cloud Hopper
Version: 0.1
Width: 1000
Height: 800
Fullscreen: false
Intro: false
Profiling: false
Single step:false
App Mode: DEVELOPER
Menu Key: ESCAPE
Stage Style: DECORATED
Scene Factory: class com.almasb.fxgl.app.scene.SceneFactory

15:09:56.322 [JavaFX Application Thread] DEBUG FXGLApplication      - Initializing FXGL
15:09:56.325 [JavaFX Application Thread] INFO  Engine               - FXGL-11.16 (25.05.2021 08.16) on WINDOWS (J:16 FX:16)
15:09:56.325 [JavaFX Application Thread] DEBUG Engine               - JRE Vendor Name: Oracle Corporation
15:09:56.326 [JavaFX Application Thread] DEBUG Engine               - Running on OS: Windows 10 version 10.0
15:09:56.326 [JavaFX Application Thread] DEBUG Engine               - Architecture: amd64
15:09:56.326 [JavaFX Application Thread] INFO  Engine               - Source code and latest versions at: https://github.com/AlmasB/FXGL
15:09:56.326 [JavaFX Application Thread] INFO  Engine               -              Join the FXGL chat at: https://gitter.im/AlmasB/FXGL
15:09:56.499 [JavaFX Application Thread] DEBUG PrimaryStageWindow   - Creating a JavaFX scene
15:09:56.567 [JavaFX Application Thread] DEBUG PrimaryStageWindow   - Target settings size: 1000.0 x 800.0
15:09:56.567 [JavaFX Application Thread] DEBUG PrimaryStageWindow   - Scaled scene size:    1000.0 x 800.0
15:09:56.567 [JavaFX Application Thread] DEBUG PrimaryStageWindow   - Scaled ratio: (1.0, 1.0)
15:09:56.569 [JavaFX Application Thread] DEBUG PrimaryStageWindow   - Set initial scene to FXGLStartupScene
15:09:56.577 [JavaFX Application Thread] DEBUG PrimaryStageWindow   - Opening main window
15:09:56.685 [JavaFX Application Thread] DEBUG PrimaryStageWindow   - Window border size: (16.0, 39.0)
15:09:56.685 [JavaFX Application Thread] DEBUG PrimaryStageWindow   - Scaled size: 1000.0 x 800.0
15:09:56.685 [JavaFX Application Thread] DEBUG PrimaryStageWindow   - Scaled ratio: (1.0, 1.0)
15:09:56.685 [JavaFX Application Thread] DEBUG PrimaryStageWindow   - Scene size: 1000.0 x 800.0
15:09:56.685 [JavaFX Application Thread] DEBUG PrimaryStageWindow   - Stage size: 1016.0 x 839.0
15:09:56.695 [FXGL Background Thread 1 ] DEBUG Engine               - Initializing environment variables
15:09:56.746 [FXGL Background Thread 1 ] DEBUG FXGLAssetLoaderServi - User app class for loading assets: class com.cloudHopper.PlatformerApp
15:09:56.746 [FXGL Background Thread 1 ] DEBUG GameApplicationServi - Applying CSS: fxgl_dark.css
15:09:56.748 [FXGL Background Thread 1 ] DEBUG FXGLAssetLoaderServi - Loading from file system: jar:file:/C:/Users/russl/.m2/repository/com/github/almasb/fxgl/11.16/fxgl-11.16.jar!/fxglassets/ui/css/fxgl_dark.css
15:09:56.812 [FXGL Background Thread 1 ] DEBUG GameApplicationServi - Initializing application scenes
15:09:56.869 [FXGL Background Thread 1 ] DEBUG GameWorld            - Game world initialized
15:09:56.946 [FXGL Background Thread 1 ] DEBUG PhysicsWorld         - Physics world initialized: appHeight=800, physics.ppm=50.0
15:09:56.947 [FXGL Background Thread 1 ] DEBUG PhysicsWorld         - Using strategy: BRUTE_FORCE
15:09:56.950 [FXGL Background Thread 1 ] DEBUG GameScene            - Game scene initialized: 1000x800
15:09:56.966 [FXGL Background Thread 1 ] DEBUG FXGL.DefaultMenu     - createMenuBodyGameMenu()
15:09:56.987 [FXGL Background Thread 1 ] DEBUG FXGL.DefaultMenu     - createOptionsMenu()
15:09:56.995 [FXGL Background Thread 1 ] DEBUG FXGLAssetLoaderServi - Loading from file system: jar:file:/C:/Users/russl/.m2/repository/com/github/almasb/fxgl/11.16/fxgl-11.16.jar!/fxglassets/textures/particles/smoke.png
15:09:57.109 [FXGL Background Thread 1 ] DEBUG FXGLAssetLoaderServi - Loading from file system: jar:file:/C:/Users/russl/.m2/repository/com/github/almasb/fxgl/11.16/fxgl-11.16.jar!/fxglassets/textures/particles/trace_horizontal.png
15:09:57.147 [FXGL Background Thread 1 ] DEBUG GameApplicationServi - Application scenes initialized
15:09:57.158 [FXGL Background Thread 1 ] DEBUG SystemBundleService  - Loading FXGL system data
15:09:57.162 [FXGL Background Thread 1 ] DEBUG FileSystemAccess     - Reading from: C:\Users\russl\IdeaProjects\cloudHopper\system\fxgl.bundle
15:09:57.168 [FXGL Background Thread 1 ] DEBUG SystemBundleService  - Bundle FXGL: {}
15:09:57.169 [FXGL Background Thread 1 ] DEBUG UpdaterService       - Checking for updates
15:09:57.173 [FXGL Background Thread 4 ] DEBUG FXGLApplication      - Loading fonts
15:09:57.174 [FXGL Background Thread 1 ] DEBUG FXGLApplication      - Loading default localization
15:09:57.174 [FXGL Background Thread 4 ] DEBUG FXGLAssetLoaderServi - Loading from file system: jar:file:/C:/Users/russl/.m2/repository/com/github/almasb/fxgl/11.16/fxgl-11.16.jar!/fxglassets/ui/fonts/VarelaRound-Regular.ttf
15:09:57.175 [FXGL Background Thread 1 ] DEBUG FXGLAssetLoaderServi - Loading from file system: jar:file:/C:/Users/russl/.m2/repository/com/github/almasb/fxgl/11.16/fxgl-11.16.jar!/fxglassets/languages/english.lang
15:09:57.197 [FXGL Background Thread 1 ] INFO  FXGLApplication      - FXGL initialization took: 0.502 sec
15:09:57.210 [JavaFX Application Thread] DEBUG Input                - Registered new binding: action0 - A
15:09:57.210 [JavaFX Application Thread] DEBUG Input                - Registered new binding: action1 - D
15:09:57.211 [JavaFX Application Thread] DEBUG Input                - Registered new binding: action2 - Space
15:09:57.212 [JavaFX Application Thread] DEBUG Input                - Registered new binding: action3 - W
15:09:57.212 [JavaFX Application Thread] DEBUG Input                - Registered new binding: action4 - S
15:09:57.213 [JavaFX Application Thread] DEBUG Input                - Registered new binding: action5 - E
15:09:57.213 [JavaFX Application Thread] DEBUG FXGLAssetLoaderServi - Loading from file system: jar:file:/C:/Users/russl/.m2/repository/com/github/almasb/fxgl/11.16/fxgl-11.16.jar!/fxglassets/textures/fxgl_icon.png
15:09:57.224 [FXGL Background Thread 4 ] DEBUG FXGLAssetLoaderServi - Loading from file system: jar:file:/C:/Users/russl/.m2/repository/com/github/almasb/fxgl/11.16/fxgl-11.16.jar!/fxglassets/ui/fonts/Abel-Regular.ttf
15:09:57.228 [FXGL Background Thread 4 ] DEBUG FXGLAssetLoaderServi - Loading from file system: jar:file:/C:/Users/russl/.m2/repository/com/github/almasb/fxgl/11.16/fxgl-11.16.jar!/fxglassets/ui/fonts/lucida_console.ttf
15:09:57.235 [FXGL Background Thread 4 ] DEBUG FXGLAssetLoaderServi - Loading from file system: jar:file:/C:/Users/russl/.m2/repository/com/github/almasb/fxgl/11.16/fxgl-11.16.jar!/fxglassets/ui/fonts/Courier-Prime.ttf
15:09:57.239 [JavaFX Application Thread] DEBUG FXGLAssetLoaderServi - Loading from file system: jar:file:/C:/Users/russl/.m2/repository/com/github/almasb/fxgl/11.16/fxgl-11.16.jar!/fxglassets/textures/fxgl_default_cursor.png
15:09:57.242 [JavaFX Application Thread] DEBUG Input                - Registered new binding: Screenshot - CTRL+8
15:09:57.243 [JavaFX Application Thread] DEBUG Input                - Registered new binding: System info dump - CTRL+9
15:09:57.243 [JavaFX Application Thread] DEBUG Input                - Registered new binding: Restart - CTRL+R
15:09:57.245 [JavaFX Application Thread] DEBUG Input                - Registered new binding: Toggle Debug Camera - CTRL+C
15:09:57.248 [JavaFX Application Thread] DEBUG LoopRunner           - Starting loop
15:09:57.248 [JavaFX Application Thread] DEBUG LoopRunner           - Initializing JavaFX AnimationTimerLoop
15:09:57.251 [JavaFX Application Thread] DEBUG GameApplicationServi - Starting new game
15:09:57.252 [JavaFX Application Thread] DEBUG Input                - Clearing active input actions
15:09:57.264 [JavaFX Application Thread] DEBUG GameApplicationServi - Removing overlay from FXGLStartupScene and adding to FXGLLoadingScene
15:09:57.265 [JavaFX Application Thread] DEBUG PrimaryStageWindow   - FXGLStartupScene -> FXGLLoadingScene
15:09:57.265 [JavaFX Application Thread] DEBUG GameApplicationServi - Clearing previous game
15:09:57.265 [JavaFX Application Thread] DEBUG GameScene            - Clearing game scene
15:09:57.265 [JavaFX Application Thread] DEBUG GameWorld            - Clearing game world
15:09:57.265 [JavaFX Application Thread] DEBUG PhysicsWorld         - Clearing physics world
15:09:57.268 [FXGL Background Thread 4 ] DEBUG FXGLApplication      - Initializing game
15:09:57.268 [JavaFX Application Thread] DEBUG FXGLApplication      - Registering font factories with UI factory
15:09:57.320 [FXGL Background Thread 4 ] WARN  TMXLevelLoader       - TiledMap generated from 1.7.1. Supported version: 1.2.3. Some features may not be parsed fully.
15:09:57.376 [FXGL Background Thread 4 ] DEBUG TMXLevelLoader       - Parsed TiledMap: file:/C:/Users/russl/IdeaProjects/cloudHopper/target/classes/assets/levels/level1.tmx
15:09:57.377 [FXGL Background Thread 4 ] DEBUG TMXLevelLoader       - Creating tile layer entities
15:09:57.379 [FXGL Background Thread 4 ] DEBUG TilesetLoader        - Loading view for layer Tile Layer 1
15:09:57.438 [FXGL Background Thread 4 ] DEBUG TilesetLoader        - Created buffer with size 20480.0x1280.0
15:09:57.542 [FXGL Background Thread 4 ] DEBUG TMXLevelLoader       - Creating object layer entities
15:09:57.566 [FXGL Background Thread 4 ] DEBUG FXGLAssetLoaderServi - Loading from file system: file:/C:/Users/russl/IdeaProjects/cloudHopper/target/classes/assets/textures/crate.png
15:09:57.584 [FXGL Background Thread 4 ] DEBUG FXGLAssetLoaderServi - Loading from file system: file:/C:/Users/russl/IdeaProjects/cloudHopper/target/classes/assets/textures/StoneBlock.png
15:09:57.592 [FXGL Background Thread 4 ] DEBUG FXGLAssetLoaderServi - Loading from file system: file:/C:/Users/russl/IdeaProjects/cloudHopper/target/classes/assets/textures/characters_packed.png
15:09:57.629 [FXGL Background Thread 4 ] DEBUG FXGLAssetLoaderServi - Loading from file system: file:/C:/Users/russl/IdeaProjects/cloudHopper/target/classes/assets/textures/keyAnimation.png
15:09:57.661 [FXGL Background Thread 4 ] DEBUG FXGLAssetLoaderServi - Loading from file system: file:/C:/Users/russl/IdeaProjects/cloudHopper/target/classes/assets/textures/starAnimation.png
15:09:57.683 [FXGL Background Thread 4 ] DEBUG FXGLAssetLoaderServi - Loading from file system: file:/C:/Users/russl/IdeaProjects/cloudHopper/target/classes/assets/textures/button_pressed.png
15:09:57.684 [FXGL Background Thread 4 ] DEBUG FXGLAssetLoaderServi - Loading from file system: file:/C:/Users/russl/IdeaProjects/cloudHopper/target/classes/assets/textures/button.png
15:09:57.691 [FXGL Background Thread 4 ] WARN  TMXLevelLoader       - Parse error
java.lang.ClassCastException: class java.lang.Integer cannot be cast to class java.lang.Double (java.lang.Integer and java.lang.Double are in module java.base of loader 'bootstrap')
	at com.cloudHopper.GameEntityFactory.newLever(GameEntityFactory.java:274)
	at java.base/jdk.internal.reflect.NativeMethodAccessorImpl.invoke0(Native Method)
	at java.base/jdk.internal.reflect.NativeMethodAccessorImpl.invoke(NativeMethodAccessorImpl.java:78)
	at java.base/jdk.internal.reflect.DelegatingMethodAccessorImpl.invoke(DelegatingMethodAccessorImpl.java:43)
	at java.base/java.lang.reflect.Method.invoke(Method.java:567)
	at com.almasb.fxgl.core.reflect.ReflectionUtils.call(ReflectionUtils.java:104)
	at com.almasb.fxgl.core.reflect.ReflectionUtils.lambda$mapToFunction$3(ReflectionUtils.java:111)
	at com.almasb.fxgl.entity.GameWorld$create$2.invoke(GameWorld.kt:430)
	at com.almasb.fxgl.entity.GameWorld$create$2.invoke(GameWorld.kt:35)
	at com.almasb.fxgl.core.util.DSLKt.tryCatchRoot(DSL.kt:34)
	at com.almasb.fxgl.entity.GameWorld.create(GameWorld.kt:430)
	at com.almasb.fxgl.entity.level.tiled.TMXLevelLoader.createObjectLayerEntities(TMXLevelLoader.kt:132)
	at com.almasb.fxgl.entity.level.tiled.TMXLevelLoader.load(TMXLevelLoader.kt:50)
	at com.almasb.fxgl.app.services.FXGLAssetLoaderService.loadLevel(FXGLAssetLoaderService.kt:446)
	at com.almasb.fxgl.dsl.FXGL$Companion.setLevelFromMap(FXGL.kt:521)
	at com.almasb.fxgl.dsl.FXGL.setLevelFromMap(FXGL.kt)
	at com.cloudHopper.PlatformerApp.initGame(PlatformerApp.java:84)
	at com.almasb.fxgl.app.FXGLApplication$InitAppTask.initGame(FXGLApplication.kt:339)
	at com.almasb.fxgl.app.FXGLApplication$InitAppTask.call(FXGLApplication.kt:319)
	at com.almasb.fxgl.app.FXGLApplication$InitAppTask.call(FXGLApplication.kt:311)
	at javafx.concurrent.Task$TaskCallable.call(Task.java:1425)
	at java.base/java.util.concurrent.FutureTask.run(FutureTask.java:264)
	at java.base/java.util.concurrent.Executors$RunnableAdapter.call(Executors.java:515)
	at java.base/java.util.concurrent.FutureTask.run(FutureTask.java:264)
	at java.base/java.util.concurrent.ThreadPoolExecutor.runWorker(ThreadPoolExecutor.java:1130)
	at java.base/java.util.concurrent.ThreadPoolExecutor$Worker.run(ThreadPoolExecutor.java:630)
	at java.base/java.lang.Thread.run(Thread.java:831)

15:09:57.693 [JavaFX Application Thread] DEBUG LoopRunner           - Stopping loop
15:09:57.694 [JavaFX Application Thread] FATAL FXGLApplication      - Uncaught Exception:
java.lang.RuntimeException: Initialization failed
	at com.almasb.fxgl.app.FXGLApplication$InitAppTask.failed(FXGLApplication.kt:343)
	at javafx.concurrent.Task.setState(Task.java:710)
	at javafx.concurrent.Task$TaskCallable.lambda$call$2(Task.java:1455)
	at com.sun.javafx.application.PlatformImpl.lambda$runLater$10(PlatformImpl.java:447)
	at java.base/java.security.AccessController.doPrivileged(AccessController.java:391)
	at com.sun.javafx.application.PlatformImpl.lambda$runLater$11(PlatformImpl.java:446)
	at com.sun.glass.ui.InvokeLaterDispatcher$Future.run(InvokeLaterDispatcher.java:96)
	at com.sun.glass.ui.win.WinApplication._runLoop(Native Method)
	at com.sun.glass.ui.win.WinApplication.lambda$runLoop$3(WinApplication.java:174)
	at java.base/java.lang.Thread.run(Thread.java:831)
Caused by: com.almasb.fxgl.entity.level.LevelLoadingException: class java.lang.Integer cannot be cast to class java.lang.Double (java.lang.Integer and java.lang.Double are in module java.base of loader 'bootstrap')
	at com.almasb.fxgl.entity.level.tiled.TMXLevelLoader.load(TMXLevelLoader.kt:68)
	at com.almasb.fxgl.app.services.FXGLAssetLoaderService.loadLevel(FXGLAssetLoaderService.kt:446)
	at com.almasb.fxgl.dsl.FXGL$Companion.setLevelFromMap(FXGL.kt:521)
	at com.almasb.fxgl.dsl.FXGL.setLevelFromMap(FXGL.kt)
	at com.cloudHopper.PlatformerApp.initGame(PlatformerApp.java:84)
	at com.almasb.fxgl.app.FXGLApplication$InitAppTask.initGame(FXGLApplication.kt:339)
	at com.almasb.fxgl.app.FXGLApplication$InitAppTask.call(FXGLApplication.kt:319)
	at com.almasb.fxgl.app.FXGLApplication$InitAppTask.call(FXGLApplication.kt:311)
	at javafx.concurrent.Task$TaskCallable.call(Task.java:1425)
	at java.base/java.util.concurrent.FutureTask.run(FutureTask.java:264)
	at java.base/java.util.concurrent.Executors$RunnableAdapter.call(Executors.java:515)
	at java.base/java.util.concurrent.FutureTask.run(FutureTask.java:264)
	at java.base/java.util.concurrent.ThreadPoolExecutor.runWorker(ThreadPoolExecutor.java:1130)
	at java.base/java.util.concurrent.ThreadPoolExecutor$Worker.run(ThreadPoolExecutor.java:630)
	... 1 more
Caused by: java.lang.ClassCastException: class java.lang.Integer cannot be cast to class java.lang.Double (java.lang.Integer and java.lang.Double are in module java.base of loader 'bootstrap')
	at com.cloudHopper.GameEntityFactory.newLever(GameEntityFactory.java:274)
	at java.base/jdk.internal.reflect.NativeMethodAccessorImpl.invoke0(Native Method)
	at java.base/jdk.internal.reflect.NativeMethodAccessorImpl.invoke(NativeMethodAccessorImpl.java:78)
	at java.base/jdk.internal.reflect.DelegatingMethodAccessorImpl.invoke(DelegatingMethodAccessorImpl.java:43)
	at java.base/java.lang.reflect.Method.invoke(Method.java:567)
	at com.almasb.fxgl.core.reflect.ReflectionUtils.call(ReflectionUtils.java:104)
	at com.almasb.fxgl.core.reflect.ReflectionUtils.lambda$mapToFunction$3(ReflectionUtils.java:111)
	at com.almasb.fxgl.entity.GameWorld$create$2.invoke(GameWorld.kt:430)
	at com.almasb.fxgl.entity.GameWorld$create$2.invoke(GameWorld.kt:35)
	at com.almasb.fxgl.core.util.DSLKt.tryCatchRoot(DSL.kt:34)
	at com.almasb.fxgl.entity.GameWorld.create(GameWorld.kt:430)
	at com.almasb.fxgl.entity.level.tiled.TMXLevelLoader.createObjectLayerEntities(TMXLevelLoader.kt:132)
	at com.almasb.fxgl.entity.level.tiled.TMXLevelLoader.load(TMXLevelLoader.kt:50)
	... 14 more

15:09:57.694 [JavaFX Application Thread] FATAL FXGLApplication      - Application will now exit
15:09:57.744 [JavaFX Application Thread] DEBUG PrimaryStageWindow   - Push state: ErrorSubScene
15:09:57.744 [JavaFX Application Thread] DEBUG Input                - Clearing active input actions
15:09:57.750 [JavaFX Application Thread] DEBUG GameApplicationServi - Removing overlay from FXGLLoadingScene and adding to ErrorSubScene
15:09:57.751 [JavaFX Application Thread] DEBUG PrimaryStageWindow   - FXGLLoadingScene -> ErrorSubScene
15:09:57.787 [FXGL Background Thread 2 ] INFO  UpdaterService       - Your current version:  11.16
15:09:57.788 [FXGL Background Thread 2 ] INFO  UpdaterService       - Latest stable version: 11.17
15:10:00.008 [JavaFX Application Thread] DEBUG FXGLApplication      - Exiting FXGL
15:10:00.008 [JavaFX Application Thread] DEBUG Async                - Shutting down background threads
15:10:00.009 [JavaFX Application Thread] DEBUG PrimaryStageWindow   - Closing main window
15:10:00.018 [JavaFX Application Thread] DEBUG Logger               - Closing Logger
